Building DAG of jobs...
Using shell: /usr/bin/bash
Provided cores: 6
Rules claiming more threads will be scaled down.
Singularity containers: ignored
Job counts:
	count	jobs
	1	all
	96	featureExtract
	97

[Sun Jul 26 21:10:38 2020]
rule featureExtract:
    input: /media/veracrypt6/projects/autofids/data/OASIS/deriv/mni_space/sub-0010/anat/sub-0010_space-MNI152NLin2009cAsym_T1w.nii.gz, /media/veracrypt6/projects/autofids/data/OASIS/deriv/mni_space/sub-0010/anat/sub-0010_space-MNI152NLin2009cAsym_desc-ras_afids.fcsv, /media/veracrypt6/projects/autofids/data/OASIS/deriv/mni_space/sub-0010/anat/sub-0010_registration.done
    output: /media/veracrypt6/projects/autofids/data/OASIS/deriv/features/afid-01_sub-0010_desc-coarse_features.npy
    jobid: 2
    wildcards: afid_num=01, subject=0010, train_level=coarse

[Sun Jul 26 21:10:38 2020]
rule featureExtract:
    input: /media/veracrypt6/projects/autofids/data/OASIS/deriv/mni_space/sub-0010/anat/sub-0010_space-MNI152NLin2009cAsym_T1w.nii.gz, /media/veracrypt6/projects/autofids/data/OASIS/deriv/mni_space/sub-0010/anat/sub-0010_space-MNI152NLin2009cAsym_desc-ras_afids.fcsv, /media/veracrypt6/projects/autofids/data/OASIS/deriv/mni_space/sub-0010/anat/sub-0010_registration.done
    output: /media/veracrypt6/projects/autofids/data/OASIS/deriv/features/afid-14_sub-0010_desc-coarse_features.npy
    jobid: 15
    wildcards: afid_num=14, subject=0010, train_level=coarse

[Sun Jul 26 21:10:38 2020]
rule featureExtract:
    input: /media/veracrypt6/projects/autofids/data/OASIS/deriv/mni_space/sub-0010/anat/sub-0010_space-MNI152NLin2009cAsym_T1w.nii.gz, /media/veracrypt6/projects/autofids/data/OASIS/deriv/mni_space/sub-0010/anat/sub-0010_space-MNI152NLin2009cAsym_desc-ras_afids.fcsv, /media/veracrypt6/projects/autofids/data/OASIS/deriv/mni_space/sub-0010/anat/sub-0010_registration.done
    output: /media/veracrypt6/projects/autofids/data/OASIS/deriv/features/afid-29_sub-0010_desc-coarse_features.npy
    jobid: 30
    wildcards: afid_num=29, subject=0010, train_level=coarse

[Sun Jul 26 21:10:38 2020]
rule featureExtract:
    input: /media/veracrypt6/projects/autofids/data/OASIS/deriv/mni_space/sub-0010/anat/sub-0010_space-MNI152NLin2009cAsym_T1w.nii.gz, /media/veracrypt6/projects/autofids/data/OASIS/deriv/mni_space/sub-0010/anat/sub-0010_space-MNI152NLin2009cAsym_desc-ras_afids.fcsv, /media/veracrypt6/projects/autofids/data/OASIS/deriv/mni_space/sub-0010/anat/sub-0010_registration.done
    output: /media/veracrypt6/projects/autofids/data/OASIS/deriv/features/afid-27_sub-0010_desc-medium_features.npy
    jobid: 60
    wildcards: afid_num=27, subject=0010, train_level=medium

[Sun Jul 26 21:10:38 2020]
rule featureExtract:
    input: /media/veracrypt6/projects/autofids/data/OASIS/deriv/mni_space/sub-0010/anat/sub-0010_space-MNI152NLin2009cAsym_T1w.nii.gz, /media/veracrypt6/projects/autofids/data/OASIS/deriv/mni_space/sub-0010/anat/sub-0010_space-MNI152NLin2009cAsym_desc-ras_afids.fcsv, /media/veracrypt6/projects/autofids/data/OASIS/deriv/mni_space/sub-0010/anat/sub-0010_registration.done
    output: /media/veracrypt6/projects/autofids/data/OASIS/deriv/features/afid-02_sub-0010_desc-coarse_features.npy
    jobid: 3
    wildcards: afid_num=02, subject=0010, train_level=coarse

[Sun Jul 26 21:10:38 2020]
rule featureExtract:
    input: /media/veracrypt6/projects/autofids/data/OASIS/deriv/mni_space/sub-0010/anat/sub-0010_space-MNI152NLin2009cAsym_T1w.nii.gz, /media/veracrypt6/projects/autofids/data/OASIS/deriv/mni_space/sub-0010/anat/sub-0010_space-MNI152NLin2009cAsym_desc-ras_afids.fcsv, /media/veracrypt6/projects/autofids/data/OASIS/deriv/mni_space/sub-0010/anat/sub-0010_registration.done
    output: /media/veracrypt6/projects/autofids/data/OASIS/deriv/features/afid-15_sub-0010_desc-coarse_features.npy
    jobid: 16
    wildcards: afid_num=15, subject=0010, train_level=coarse

[Sun Jul 26 21:10:45 2020]
Finished job 2.
1 of 97 steps (1%) done

[Sun Jul 26 21:10:45 2020]
rule featureExtract:
    input: /media/veracrypt6/projects/autofids/data/OASIS/deriv/mni_space/sub-0010/anat/sub-0010_space-MNI152NLin2009cAsym_T1w.nii.gz, /media/veracrypt6/projects/autofids/data/OASIS/deriv/mni_space/sub-0010/anat/sub-0010_space-MNI152NLin2009cAsym_desc-ras_afids.fcsv, /media/veracrypt6/projects/autofids/data/OASIS/deriv/mni_space/sub-0010/anat/sub-0010_registration.done
    output: /media/veracrypt6/projects/autofids/data/OASIS/deriv/features/afid-30_sub-0010_desc-coarse_features.npy
    jobid: 31
    wildcards: afid_num=30, subject=0010, train_level=coarse

[Sun Jul 26 21:10:46 2020]
Finished job 16.
2 of 97 steps (2%) done

[Sun Jul 26 21:10:46 2020]
rule featureExtract:
    input: /media/veracrypt6/projects/autofids/data/OASIS/deriv/mni_space/sub-0010/anat/sub-0010_space-MNI152NLin2009cAsym_T1w.nii.gz, /media/veracrypt6/projects/autofids/data/OASIS/deriv/mni_space/sub-0010/anat/sub-0010_space-MNI152NLin2009cAsym_desc-ras_afids.fcsv, /media/veracrypt6/projects/autofids/data/OASIS/deriv/mni_space/sub-0010/anat/sub-0010_registration.done
    output: /media/veracrypt6/projects/autofids/data/OASIS/deriv/features/afid-28_sub-0010_desc-medium_features.npy
    jobid: 61
    wildcards: afid_num=28, subject=0010, train_level=medium

[Sun Jul 26 21:10:47 2020]
Finished job 30.
3 of 97 steps (3%) done

[Sun Jul 26 21:10:47 2020]
rule featureExtract:
    input: /media/veracrypt6/projects/autofids/data/OASIS/deriv/mni_space/sub-0010/anat/sub-0010_space-MNI152NLin2009cAsym_T1w.nii.gz, /media/veracrypt6/projects/autofids/data/OASIS/deriv/mni_space/sub-0010/anat/sub-0010_space-MNI152NLin2009cAsym_desc-ras_afids.fcsv, /media/veracrypt6/projects/autofids/data/OASIS/deriv/mni_space/sub-0010/anat/sub-0010_registration.done
    output: /media/veracrypt6/projects/autofids/data/OASIS/deriv/features/afid-16_sub-0010_desc-coarse_features.npy
    jobid: 17
    wildcards: afid_num=16, subject=0010, train_level=coarse

[Sun Jul 26 21:10:47 2020]
Finished job 60.
4 of 97 steps (4%) done

[Sun Jul 26 21:10:47 2020]
rule featureExtract:
    input: /media/veracrypt6/projects/autofids/data/OASIS/deriv/mni_space/sub-0010/anat/sub-0010_space-MNI152NLin2009cAsym_T1w.nii.gz, /media/veracrypt6/projects/autofids/data/OASIS/deriv/mni_space/sub-0010/anat/sub-0010_space-MNI152NLin2009cAsym_desc-ras_afids.fcsv, /media/veracrypt6/projects/autofids/data/OASIS/deriv/mni_space/sub-0010/anat/sub-0010_registration.done
    output: /media/veracrypt6/projects/autofids/data/OASIS/deriv/features/afid-31_sub-0010_desc-coarse_features.npy
    jobid: 32
    wildcards: afid_num=31, subject=0010, train_level=coarse

[Sun Jul 26 21:10:47 2020]
Finished job 15.
5 of 97 steps (5%) done

[Sun Jul 26 21:10:47 2020]
rule featureExtract:
    input: /media/veracrypt6/projects/autofids/data/OASIS/deriv/mni_space/sub-0010/anat/sub-0010_space-MNI152NLin2009cAsym_T1w.nii.gz, /media/veracrypt6/projects/autofids/data/OASIS/deriv/mni_space/sub-0010/anat/sub-0010_space-MNI152NLin2009cAsym_desc-ras_afids.fcsv, /media/veracrypt6/projects/autofids/data/OASIS/deriv/mni_space/sub-0010/anat/sub-0010_registration.done
    output: /media/veracrypt6/projects/autofids/data/OASIS/deriv/features/afid-29_sub-0010_desc-medium_features.npy
    jobid: 62
    wildcards: afid_num=29, subject=0010, train_level=medium

[Sun Jul 26 21:10:48 2020]
Finished job 3.
6 of 97 steps (6%) done

[Sun Jul 26 21:10:48 2020]
rule featureExtract:
    input: /media/veracrypt6/projects/autofids/data/OASIS/deriv/mni_space/sub-0010/anat/sub-0010_space-MNI152NLin2009cAsym_T1w.nii.gz, /media/veracrypt6/projects/autofids/data/OASIS/deriv/mni_space/sub-0010/anat/sub-0010_space-MNI152NLin2009cAsym_desc-ras_afids.fcsv, /media/veracrypt6/projects/autofids/data/OASIS/deriv/mni_space/sub-0010/anat/sub-0010_registration.done
    output: /media/veracrypt6/projects/autofids/data/OASIS/deriv/features/afid-17_sub-0010_desc-coarse_features.npy
    jobid: 18
    wildcards: afid_num=17, subject=0010, train_level=coarse

[Sun Jul 26 21:10:54 2020]
Finished job 61.
7 of 97 steps (7%) done

[Sun Jul 26 21:10:54 2020]
rule featureExtract:
    input: /media/veracrypt6/projects/autofids/data/OASIS/deriv/mni_space/sub-0010/anat/sub-0010_space-MNI152NLin2009cAsym_T1w.nii.gz, /media/veracrypt6/projects/autofids/data/OASIS/deriv/mni_space/sub-0010/anat/sub-0010_space-MNI152NLin2009cAsym_desc-ras_afids.fcsv, /media/veracrypt6/projects/autofids/data/OASIS/deriv/mni_space/sub-0010/anat/sub-0010_registration.done
    output: /media/veracrypt6/projects/autofids/data/OASIS/deriv/features/afid-32_sub-0010_desc-coarse_features.npy
    jobid: 33
    wildcards: afid_num=32, subject=0010, train_level=coarse

[Sun Jul 26 21:10:54 2020]
Finished job 31.
8 of 97 steps (8%) done

[Sun Jul 26 21:10:54 2020]
rule featureExtract:
    input: /media/veracrypt6/projects/autofids/data/OASIS/deriv/mni_space/sub-0010/anat/sub-0010_space-MNI152NLin2009cAsym_T1w.nii.gz, /media/veracrypt6/projects/autofids/data/OASIS/deriv/mni_space/sub-0010/anat/sub-0010_space-MNI152NLin2009cAsym_desc-ras_afids.fcsv, /media/veracrypt6/projects/autofids/data/OASIS/deriv/mni_space/sub-0010/anat/sub-0010_registration.done
    output: /media/veracrypt6/projects/autofids/data/OASIS/deriv/features/afid-30_sub-0010_desc-medium_features.npy
    jobid: 63
    wildcards: afid_num=30, subject=0010, train_level=medium

[Sun Jul 26 21:10:55 2020]
Finished job 17.
9 of 97 steps (9%) done

[Sun Jul 26 21:10:55 2020]
rule featureExtract:
    input: /media/veracrypt6/projects/autofids/data/OASIS/deriv/mni_space/sub-0010/anat/sub-0010_space-MNI152NLin2009cAsym_T1w.nii.gz, /media/veracrypt6/projects/autofids/data/OASIS/deriv/mni_space/sub-0010/anat/sub-0010_space-MNI152NLin2009cAsym_desc-ras_afids.fcsv, /media/veracrypt6/projects/autofids/data/OASIS/deriv/mni_space/sub-0010/anat/sub-0010_registration.done
    output: /media/veracrypt6/projects/autofids/data/OASIS/deriv/features/afid-03_sub-0010_desc-coarse_features.npy
    jobid: 4
    wildcards: afid_num=03, subject=0010, train_level=coarse

[Sun Jul 26 21:10:56 2020]
Finished job 62.
10 of 97 steps (10%) done

[Sun Jul 26 21:10:56 2020]
rule featureExtract:
    input: /media/veracrypt6/projects/autofids/data/OASIS/deriv/mni_space/sub-0010/anat/sub-0010_space-MNI152NLin2009cAsym_T1w.nii.gz, /media/veracrypt6/projects/autofids/data/OASIS/deriv/mni_space/sub-0010/anat/sub-0010_space-MNI152NLin2009cAsym_desc-ras_afids.fcsv, /media/veracrypt6/projects/autofids/data/OASIS/deriv/mni_space/sub-0010/anat/sub-0010_registration.done
    output: /media/veracrypt6/projects/autofids/data/OASIS/deriv/features/afid-18_sub-0010_desc-coarse_features.npy
    jobid: 19
    wildcards: afid_num=18, subject=0010, train_level=coarse

[Sun Jul 26 21:10:56 2020]
Finished job 18.
11 of 97 steps (11%) done

[Sun Jul 26 21:10:56 2020]
rule featureExtract:
    input: /media/veracrypt6/projects/autofids/data/OASIS/deriv/mni_space/sub-0010/anat/sub-0010_space-MNI152NLin2009cAsym_T1w.nii.gz, /media/veracrypt6/projects/autofids/data/OASIS/deriv/mni_space/sub-0010/anat/sub-0010_space-MNI152NLin2009cAsym_desc-ras_afids.fcsv, /media/veracrypt6/projects/autofids/data/OASIS/deriv/mni_space/sub-0010/anat/sub-0010_registration.done
    output: /media/veracrypt6/projects/autofids/data/OASIS/deriv/features/afid-01_sub-0010_desc-medium_features.npy
    jobid: 34
    wildcards: afid_num=01, subject=0010, train_level=medium

[Sun Jul 26 21:10:57 2020]
Finished job 32.
12 of 97 steps (12%) done

[Sun Jul 26 21:10:57 2020]
rule featureExtract:
    input: /media/veracrypt6/projects/autofids/data/OASIS/deriv/mni_space/sub-0010/anat/sub-0010_space-MNI152NLin2009cAsym_T1w.nii.gz, /media/veracrypt6/projects/autofids/data/OASIS/deriv/mni_space/sub-0010/anat/sub-0010_space-MNI152NLin2009cAsym_desc-ras_afids.fcsv, /media/veracrypt6/projects/autofids/data/OASIS/deriv/mni_space/sub-0010/anat/sub-0010_registration.done
    output: /media/veracrypt6/projects/autofids/data/OASIS/deriv/features/afid-31_sub-0010_desc-medium_features.npy
    jobid: 64
    wildcards: afid_num=31, subject=0010, train_level=medium

[Sun Jul 26 21:11:03 2020]
Finished job 4.
13 of 97 steps (13%) done

[Sun Jul 26 21:11:03 2020]
rule featureExtract:
    input: /media/veracrypt6/projects/autofids/data/OASIS/deriv/mni_space/sub-0010/anat/sub-0010_space-MNI152NLin2009cAsym_T1w.nii.gz, /media/veracrypt6/projects/autofids/data/OASIS/deriv/mni_space/sub-0010/anat/sub-0010_space-MNI152NLin2009cAsym_desc-ras_afids.fcsv, /media/veracrypt6/projects/autofids/data/OASIS/deriv/mni_space/sub-0010/anat/sub-0010_registration.done
    output: /media/veracrypt6/projects/autofids/data/OASIS/deriv/features/afid-04_sub-0010_desc-coarse_features.npy
    jobid: 5
    wildcards: afid_num=04, subject=0010, train_level=coarse

[Sun Jul 26 21:11:03 2020]
Finished job 63.
14 of 97 steps (14%) done

[Sun Jul 26 21:11:03 2020]
rule featureExtract:
    input: /media/veracrypt6/projects/autofids/data/OASIS/deriv/mni_space/sub-0010/anat/sub-0010_space-MNI152NLin2009cAsym_T1w.nii.gz, /media/veracrypt6/projects/autofids/data/OASIS/deriv/mni_space/sub-0010/anat/sub-0010_space-MNI152NLin2009cAsym_desc-ras_afids.fcsv, /media/veracrypt6/projects/autofids/data/OASIS/deriv/mni_space/sub-0010/anat/sub-0010_registration.done
    output: /media/veracrypt6/projects/autofids/data/OASIS/deriv/features/afid-19_sub-0010_desc-coarse_features.npy
    jobid: 20
    wildcards: afid_num=19, subject=0010, train_level=coarse

[Sun Jul 26 21:11:04 2020]
Finished job 33.
15 of 97 steps (15%) done

[Sun Jul 26 21:11:04 2020]
rule featureExtract:
    input: /media/veracrypt6/projects/autofids/data/OASIS/deriv/mni_space/sub-0010/anat/sub-0010_space-MNI152NLin2009cAsym_T1w.nii.gz, /media/veracrypt6/projects/autofids/data/OASIS/deriv/mni_space/sub-0010/anat/sub-0010_space-MNI152NLin2009cAsym_desc-ras_afids.fcsv, /media/veracrypt6/projects/autofids/data/OASIS/deriv/mni_space/sub-0010/anat/sub-0010_registration.done
    output: /media/veracrypt6/projects/autofids/data/OASIS/deriv/features/afid-02_sub-0010_desc-medium_features.npy
    jobid: 35
    wildcards: afid_num=02, subject=0010, train_level=medium

[Sun Jul 26 21:11:04 2020]
Finished job 19.
16 of 97 steps (16%) done

[Sun Jul 26 21:11:04 2020]
rule featureExtract:
    input: /media/veracrypt6/projects/autofids/data/OASIS/deriv/mni_space/sub-0010/anat/sub-0010_space-MNI152NLin2009cAsym_T1w.nii.gz, /media/veracrypt6/projects/autofids/data/OASIS/deriv/mni_space/sub-0010/anat/sub-0010_space-MNI152NLin2009cAsym_desc-ras_afids.fcsv, /media/veracrypt6/projects/autofids/data/OASIS/deriv/mni_space/sub-0010/anat/sub-0010_registration.done
    output: /media/veracrypt6/projects/autofids/data/OASIS/deriv/features/afid-32_sub-0010_desc-medium_features.npy
    jobid: 65
    wildcards: afid_num=32, subject=0010, train_level=medium

[Sun Jul 26 21:11:05 2020]
Finished job 34.
17 of 97 steps (18%) done

[Sun Jul 26 21:11:05 2020]
rule featureExtract:
    input: /media/veracrypt6/projects/autofids/data/OASIS/deriv/mni_space/sub-0010/anat/sub-0010_space-MNI152NLin2009cAsym_T1w.nii.gz, /media/veracrypt6/projects/autofids/data/OASIS/deriv/mni_space/sub-0010/anat/sub-0010_space-MNI152NLin2009cAsym_desc-ras_afids.fcsv, /media/veracrypt6/projects/autofids/data/OASIS/deriv/mni_space/sub-0010/anat/sub-0010_registration.done
    output: /media/veracrypt6/projects/autofids/data/OASIS/deriv/features/afid-05_sub-0010_desc-coarse_features.npy
    jobid: 6
    wildcards: afid_num=05, subject=0010, train_level=coarse

[Sun Jul 26 21:11:06 2020]
Finished job 64.
18 of 97 steps (19%) done

[Sun Jul 26 21:11:06 2020]
rule featureExtract:
    input: /media/veracrypt6/projects/autofids/data/OASIS/deriv/mni_space/sub-0010/anat/sub-0010_space-MNI152NLin2009cAsym_T1w.nii.gz, /media/veracrypt6/projects/autofids/data/OASIS/deriv/mni_space/sub-0010/anat/sub-0010_space-MNI152NLin2009cAsym_desc-ras_afids.fcsv, /media/veracrypt6/projects/autofids/data/OASIS/deriv/mni_space/sub-0010/anat/sub-0010_registration.done
    output: /media/veracrypt6/projects/autofids/data/OASIS/deriv/features/afid-20_sub-0010_desc-coarse_features.npy
    jobid: 21
    wildcards: afid_num=20, subject=0010, train_level=coarse

[Sun Jul 26 21:11:11 2020]
Finished job 65.
19 of 97 steps (20%) done

[Sun Jul 26 21:11:11 2020]
rule featureExtract:
    input: /media/veracrypt6/projects/autofids/data/OASIS/deriv/mni_space/sub-0010/anat/sub-0010_space-MNI152NLin2009cAsym_T1w.nii.gz, /media/veracrypt6/projects/autofids/data/OASIS/deriv/mni_space/sub-0010/anat/sub-0010_space-MNI152NLin2009cAsym_desc-ras_afids.fcsv, /media/veracrypt6/projects/autofids/data/OASIS/deriv/mni_space/sub-0010/anat/sub-0010_registration.done
    output: /media/veracrypt6/projects/autofids/data/OASIS/deriv/features/afid-03_sub-0010_desc-medium_features.npy
    jobid: 36
    wildcards: afid_num=03, subject=0010, train_level=medium

[Sun Jul 26 21:11:12 2020]
Finished job 5.
20 of 97 steps (21%) done

[Sun Jul 26 21:11:12 2020]
rule featureExtract:
    input: /media/veracrypt6/projects/autofids/data/OASIS/deriv/mni_space/sub-0010/anat/sub-0010_space-MNI152NLin2009cAsym_T1w.nii.gz, /media/veracrypt6/projects/autofids/data/OASIS/deriv/mni_space/sub-0010/anat/sub-0010_space-MNI152NLin2009cAsym_desc-ras_afids.fcsv, /media/veracrypt6/projects/autofids/data/OASIS/deriv/mni_space/sub-0010/anat/sub-0010_registration.done
    output: /media/veracrypt6/projects/autofids/data/OASIS/deriv/features/afid-01_sub-0010_desc-fine_features.npy
    jobid: 66
    wildcards: afid_num=01, subject=0010, train_level=fine

[Sun Jul 26 21:11:12 2020]
Finished job 20.
21 of 97 steps (22%) done

[Sun Jul 26 21:11:12 2020]
rule featureExtract:
    input: /media/veracrypt6/projects/autofids/data/OASIS/deriv/mni_space/sub-0010/anat/sub-0010_space-MNI152NLin2009cAsym_T1w.nii.gz, /media/veracrypt6/projects/autofids/data/OASIS/deriv/mni_space/sub-0010/anat/sub-0010_space-MNI152NLin2009cAsym_desc-ras_afids.fcsv, /media/veracrypt6/projects/autofids/data/OASIS/deriv/mni_space/sub-0010/anat/sub-0010_registration.done
    output: /media/veracrypt6/projects/autofids/data/OASIS/deriv/features/afid-06_sub-0010_desc-coarse_features.npy
    jobid: 7
    wildcards: afid_num=06, subject=0010, train_level=coarse

[Sun Jul 26 21:11:13 2020]
Finished job 35.
22 of 97 steps (23%) done

[Sun Jul 26 21:11:13 2020]
rule featureExtract:
    input: /media/veracrypt6/projects/autofids/data/OASIS/deriv/mni_space/sub-0010/anat/sub-0010_space-MNI152NLin2009cAsym_T1w.nii.gz, /media/veracrypt6/projects/autofids/data/OASIS/deriv/mni_space/sub-0010/anat/sub-0010_space-MNI152NLin2009cAsym_desc-ras_afids.fcsv, /media/veracrypt6/projects/autofids/data/OASIS/deriv/mni_space/sub-0010/anat/sub-0010_registration.done
    output: /media/veracrypt6/projects/autofids/data/OASIS/deriv/features/afid-21_sub-0010_desc-coarse_features.npy
    jobid: 22
    wildcards: afid_num=21, subject=0010, train_level=coarse

[Sun Jul 26 21:11:13 2020]
Finished job 6.
23 of 97 steps (24%) done

[Sun Jul 26 21:11:13 2020]
rule featureExtract:
    input: /media/veracrypt6/projects/autofids/data/OASIS/deriv/mni_space/sub-0010/anat/sub-0010_space-MNI152NLin2009cAsym_T1w.nii.gz, /media/veracrypt6/projects/autofids/data/OASIS/deriv/mni_space/sub-0010/anat/sub-0010_space-MNI152NLin2009cAsym_desc-ras_afids.fcsv, /media/veracrypt6/projects/autofids/data/OASIS/deriv/mni_space/sub-0010/anat/sub-0010_registration.done
    output: /media/veracrypt6/projects/autofids/data/OASIS/deriv/features/afid-04_sub-0010_desc-medium_features.npy
    jobid: 37
    wildcards: afid_num=04, subject=0010, train_level=medium

[Sun Jul 26 21:11:13 2020]
Finished job 21.
24 of 97 steps (25%) done

[Sun Jul 26 21:11:13 2020]
rule featureExtract:
    input: /media/veracrypt6/projects/autofids/data/OASIS/deriv/mni_space/sub-0010/anat/sub-0010_space-MNI152NLin2009cAsym_T1w.nii.gz, /media/veracrypt6/projects/autofids/data/OASIS/deriv/mni_space/sub-0010/anat/sub-0010_space-MNI152NLin2009cAsym_desc-ras_afids.fcsv, /media/veracrypt6/projects/autofids/data/OASIS/deriv/mni_space/sub-0010/anat/sub-0010_registration.done
    output: /media/veracrypt6/projects/autofids/data/OASIS/deriv/features/afid-02_sub-0010_desc-fine_features.npy
    jobid: 67
    wildcards: afid_num=02, subject=0010, train_level=fine

[Sun Jul 26 21:11:18 2020]
Finished job 66.
25 of 97 steps (26%) done

[Sun Jul 26 21:11:18 2020]
rule featureExtract:
    input: /media/veracrypt6/projects/autofids/data/OASIS/deriv/mni_space/sub-0010/anat/sub-0010_space-MNI152NLin2009cAsym_T1w.nii.gz, /media/veracrypt6/projects/autofids/data/OASIS/deriv/mni_space/sub-0010/anat/sub-0010_space-MNI152NLin2009cAsym_desc-ras_afids.fcsv, /media/veracrypt6/projects/autofids/data/OASIS/deriv/mni_space/sub-0010/anat/sub-0010_registration.done
    output: /media/veracrypt6/projects/autofids/data/OASIS/deriv/features/afid-07_sub-0010_desc-coarse_features.npy
    jobid: 8
    wildcards: afid_num=07, subject=0010, train_level=coarse

[Sun Jul 26 21:11:20 2020]
Finished job 67.
26 of 97 steps (27%) done

[Sun Jul 26 21:11:20 2020]
rule featureExtract:
    input: /media/veracrypt6/projects/autofids/data/OASIS/deriv/mni_space/sub-0010/anat/sub-0010_space-MNI152NLin2009cAsym_T1w.nii.gz, /media/veracrypt6/projects/autofids/data/OASIS/deriv/mni_space/sub-0010/anat/sub-0010_space-MNI152NLin2009cAsym_desc-ras_afids.fcsv, /media/veracrypt6/projects/autofids/data/OASIS/deriv/mni_space/sub-0010/anat/sub-0010_registration.done
    output: /media/veracrypt6/projects/autofids/data/OASIS/deriv/features/afid-22_sub-0010_desc-coarse_features.npy
    jobid: 23
    wildcards: afid_num=22, subject=0010, train_level=coarse

[Sun Jul 26 21:11:21 2020]
Finished job 36.
27 of 97 steps (28%) done

[Sun Jul 26 21:11:21 2020]
rule featureExtract:
    input: /media/veracrypt6/projects/autofids/data/OASIS/deriv/mni_space/sub-0010/anat/sub-0010_space-MNI152NLin2009cAsym_T1w.nii.gz, /media/veracrypt6/projects/autofids/data/OASIS/deriv/mni_space/sub-0010/anat/sub-0010_space-MNI152NLin2009cAsym_desc-ras_afids.fcsv, /media/veracrypt6/projects/autofids/data/OASIS/deriv/mni_space/sub-0010/anat/sub-0010_registration.done
    output: /media/veracrypt6/projects/autofids/data/OASIS/deriv/features/afid-05_sub-0010_desc-medium_features.npy
    jobid: 38
    wildcards: afid_num=05, subject=0010, train_level=medium

[Sun Jul 26 21:11:21 2020]
Finished job 37.
28 of 97 steps (29%) done

[Sun Jul 26 21:11:21 2020]
rule featureExtract:
    input: /media/veracrypt6/projects/autofids/data/OASIS/deriv/mni_space/sub-0010/anat/sub-0010_space-MNI152NLin2009cAsym_T1w.nii.gz, /media/veracrypt6/projects/autofids/data/OASIS/deriv/mni_space/sub-0010/anat/sub-0010_space-MNI152NLin2009cAsym_desc-ras_afids.fcsv, /media/veracrypt6/projects/autofids/data/OASIS/deriv/mni_space/sub-0010/anat/sub-0010_registration.done
    output: /media/veracrypt6/projects/autofids/data/OASIS/deriv/features/afid-03_sub-0010_desc-fine_features.npy
    jobid: 68
    wildcards: afid_num=03, subject=0010, train_level=fine

[Sun Jul 26 21:11:22 2020]
Finished job 7.
29 of 97 steps (30%) done

[Sun Jul 26 21:11:22 2020]
rule featureExtract:
    input: /media/veracrypt6/projects/autofids/data/OASIS/deriv/mni_space/sub-0010/anat/sub-0010_space-MNI152NLin2009cAsym_T1w.nii.gz, /media/veracrypt6/projects/autofids/data/OASIS/deriv/mni_space/sub-0010/anat/sub-0010_space-MNI152NLin2009cAsym_desc-ras_afids.fcsv, /media/veracrypt6/projects/autofids/data/OASIS/deriv/mni_space/sub-0010/anat/sub-0010_registration.done
    output: /media/veracrypt6/projects/autofids/data/OASIS/deriv/features/afid-08_sub-0010_desc-coarse_features.npy
    jobid: 9
    wildcards: afid_num=08, subject=0010, train_level=coarse

[Sun Jul 26 21:11:23 2020]
Finished job 22.
30 of 97 steps (31%) done

[Sun Jul 26 21:11:23 2020]
rule featureExtract:
    input: /media/veracrypt6/projects/autofids/data/OASIS/deriv/mni_space/sub-0010/anat/sub-0010_space-MNI152NLin2009cAsym_T1w.nii.gz, /media/veracrypt6/projects/autofids/data/OASIS/deriv/mni_space/sub-0010/anat/sub-0010_space-MNI152NLin2009cAsym_desc-ras_afids.fcsv, /media/veracrypt6/projects/autofids/data/OASIS/deriv/mni_space/sub-0010/anat/sub-0010_registration.done
    output: /media/veracrypt6/projects/autofids/data/OASIS/deriv/features/afid-23_sub-0010_desc-coarse_features.npy
    jobid: 24
    wildcards: afid_num=23, subject=0010, train_level=coarse

[Sun Jul 26 21:11:26 2020]
Finished job 8.
31 of 97 steps (32%) done

[Sun Jul 26 21:11:26 2020]
rule featureExtract:
    input: /media/veracrypt6/projects/autofids/data/OASIS/deriv/mni_space/sub-0010/anat/sub-0010_space-MNI152NLin2009cAsym_T1w.nii.gz, /media/veracrypt6/projects/autofids/data/OASIS/deriv/mni_space/sub-0010/anat/sub-0010_space-MNI152NLin2009cAsym_desc-ras_afids.fcsv, /media/veracrypt6/projects/autofids/data/OASIS/deriv/mni_space/sub-0010/anat/sub-0010_registration.done
    output: /media/veracrypt6/projects/autofids/data/OASIS/deriv/features/afid-06_sub-0010_desc-medium_features.npy
    jobid: 39
    wildcards: afid_num=06, subject=0010, train_level=medium

[Sun Jul 26 21:11:27 2020]
Finished job 23.
32 of 97 steps (33%) done

[Sun Jul 26 21:11:27 2020]
rule featureExtract:
    input: /media/veracrypt6/projects/autofids/data/OASIS/deriv/mni_space/sub-0010/anat/sub-0010_space-MNI152NLin2009cAsym_T1w.nii.gz, /media/veracrypt6/projects/autofids/data/OASIS/deriv/mni_space/sub-0010/anat/sub-0010_space-MNI152NLin2009cAsym_desc-ras_afids.fcsv, /media/veracrypt6/projects/autofids/data/OASIS/deriv/mni_space/sub-0010/anat/sub-0010_registration.done
    output: /media/veracrypt6/projects/autofids/data/OASIS/deriv/features/afid-04_sub-0010_desc-fine_features.npy
    jobid: 69
    wildcards: afid_num=04, subject=0010, train_level=fine

[Sun Jul 26 21:11:30 2020]
Finished job 38.
33 of 97 steps (34%) done

[Sun Jul 26 21:11:30 2020]
rule featureExtract:
    input: /media/veracrypt6/projects/autofids/data/OASIS/deriv/mni_space/sub-0010/anat/sub-0010_space-MNI152NLin2009cAsym_T1w.nii.gz, /media/veracrypt6/projects/autofids/data/OASIS/deriv/mni_space/sub-0010/anat/sub-0010_space-MNI152NLin2009cAsym_desc-ras_afids.fcsv, /media/veracrypt6/projects/autofids/data/OASIS/deriv/mni_space/sub-0010/anat/sub-0010_registration.done
    output: /media/veracrypt6/projects/autofids/data/OASIS/deriv/features/afid-09_sub-0010_desc-coarse_features.npy
    jobid: 10
    wildcards: afid_num=09, subject=0010, train_level=coarse

[Sun Jul 26 21:11:30 2020]
Finished job 68.
34 of 97 steps (35%) done

[Sun Jul 26 21:11:30 2020]
rule featureExtract:
    input: /media/veracrypt6/projects/autofids/data/OASIS/deriv/mni_space/sub-0010/anat/sub-0010_space-MNI152NLin2009cAsym_T1w.nii.gz, /media/veracrypt6/projects/autofids/data/OASIS/deriv/mni_space/sub-0010/anat/sub-0010_space-MNI152NLin2009cAsym_desc-ras_afids.fcsv, /media/veracrypt6/projects/autofids/data/OASIS/deriv/mni_space/sub-0010/anat/sub-0010_registration.done
    output: /media/veracrypt6/projects/autofids/data/OASIS/deriv/features/afid-24_sub-0010_desc-coarse_features.npy
    jobid: 25
    wildcards: afid_num=24, subject=0010, train_level=coarse

[Sun Jul 26 21:11:31 2020]
Finished job 9.
35 of 97 steps (36%) done

[Sun Jul 26 21:11:31 2020]
rule featureExtract:
    input: /media/veracrypt6/projects/autofids/data/OASIS/deriv/mni_space/sub-0010/anat/sub-0010_space-MNI152NLin2009cAsym_T1w.nii.gz, /media/veracrypt6/projects/autofids/data/OASIS/deriv/mni_space/sub-0010/anat/sub-0010_space-MNI152NLin2009cAsym_desc-ras_afids.fcsv, /media/veracrypt6/projects/autofids/data/OASIS/deriv/mni_space/sub-0010/anat/sub-0010_registration.done
    output: /media/veracrypt6/projects/autofids/data/OASIS/deriv/features/afid-07_sub-0010_desc-medium_features.npy
    jobid: 40
    wildcards: afid_num=07, subject=0010, train_level=medium

[Sun Jul 26 21:11:32 2020]
Finished job 24.
36 of 97 steps (37%) done

[Sun Jul 26 21:11:32 2020]
rule featureExtract:
    input: /media/veracrypt6/projects/autofids/data/OASIS/deriv/mni_space/sub-0010/anat/sub-0010_space-MNI152NLin2009cAsym_T1w.nii.gz, /media/veracrypt6/projects/autofids/data/OASIS/deriv/mni_space/sub-0010/anat/sub-0010_space-MNI152NLin2009cAsym_desc-ras_afids.fcsv, /media/veracrypt6/projects/autofids/data/OASIS/deriv/mni_space/sub-0010/anat/sub-0010_registration.done
    output: /media/veracrypt6/projects/autofids/data/OASIS/deriv/features/afid-05_sub-0010_desc-fine_features.npy
    jobid: 70
    wildcards: afid_num=05, subject=0010, train_level=fine

[Sun Jul 26 21:11:33 2020]
Finished job 69.
37 of 97 steps (38%) done

[Sun Jul 26 21:11:33 2020]
rule featureExtract:
    input: /media/veracrypt6/projects/autofids/data/OASIS/deriv/mni_space/sub-0010/anat/sub-0010_space-MNI152NLin2009cAsym_T1w.nii.gz, /media/veracrypt6/projects/autofids/data/OASIS/deriv/mni_space/sub-0010/anat/sub-0010_space-MNI152NLin2009cAsym_desc-ras_afids.fcsv, /media/veracrypt6/projects/autofids/data/OASIS/deriv/mni_space/sub-0010/anat/sub-0010_registration.done
    output: /media/veracrypt6/projects/autofids/data/OASIS/deriv/features/afid-10_sub-0010_desc-coarse_features.npy
    jobid: 11
    wildcards: afid_num=10, subject=0010, train_level=coarse

[Sun Jul 26 21:11:33 2020]
Finished job 39.
38 of 97 steps (39%) done

[Sun Jul 26 21:11:33 2020]
rule featureExtract:
    input: /media/veracrypt6/projects/autofids/data/OASIS/deriv/mni_space/sub-0010/anat/sub-0010_space-MNI152NLin2009cAsym_T1w.nii.gz, /media/veracrypt6/projects/autofids/data/OASIS/deriv/mni_space/sub-0010/anat/sub-0010_space-MNI152NLin2009cAsym_desc-ras_afids.fcsv, /media/veracrypt6/projects/autofids/data/OASIS/deriv/mni_space/sub-0010/anat/sub-0010_registration.done
    output: /media/veracrypt6/projects/autofids/data/OASIS/deriv/features/afid-25_sub-0010_desc-coarse_features.npy
    jobid: 26
    wildcards: afid_num=25, subject=0010, train_level=coarse

[Sun Jul 26 21:11:37 2020]
Finished job 25.
39 of 97 steps (40%) done

[Sun Jul 26 21:11:37 2020]
rule featureExtract:
    input: /media/veracrypt6/projects/autofids/data/OASIS/deriv/mni_space/sub-0010/anat/sub-0010_space-MNI152NLin2009cAsym_T1w.nii.gz, /media/veracrypt6/projects/autofids/data/OASIS/deriv/mni_space/sub-0010/anat/sub-0010_space-MNI152NLin2009cAsym_desc-ras_afids.fcsv, /media/veracrypt6/projects/autofids/data/OASIS/deriv/mni_space/sub-0010/anat/sub-0010_registration.done
    output: /media/veracrypt6/projects/autofids/data/OASIS/deriv/features/afid-08_sub-0010_desc-medium_features.npy
    jobid: 41
    wildcards: afid_num=08, subject=0010, train_level=medium

[Sun Jul 26 21:11:38 2020]
Finished job 10.
40 of 97 steps (41%) done

[Sun Jul 26 21:11:38 2020]
rule featureExtract:
    input: /media/veracrypt6/projects/autofids/data/OASIS/deriv/mni_space/sub-0010/anat/sub-0010_space-MNI152NLin2009cAsym_T1w.nii.gz, /media/veracrypt6/projects/autofids/data/OASIS/deriv/mni_space/sub-0010/anat/sub-0010_space-MNI152NLin2009cAsym_desc-ras_afids.fcsv, /media/veracrypt6/projects/autofids/data/OASIS/deriv/mni_space/sub-0010/anat/sub-0010_registration.done
    output: /media/veracrypt6/projects/autofids/data/OASIS/deriv/features/afid-06_sub-0010_desc-fine_features.npy
    jobid: 71
    wildcards: afid_num=06, subject=0010, train_level=fine

[Sun Jul 26 21:11:39 2020]
Finished job 11.
41 of 97 steps (42%) done

[Sun Jul 26 21:11:39 2020]
rule featureExtract:
    input: /media/veracrypt6/projects/autofids/data/OASIS/deriv/mni_space/sub-0010/anat/sub-0010_space-MNI152NLin2009cAsym_T1w.nii.gz, /media/veracrypt6/projects/autofids/data/OASIS/deriv/mni_space/sub-0010/anat/sub-0010_space-MNI152NLin2009cAsym_desc-ras_afids.fcsv, /media/veracrypt6/projects/autofids/data/OASIS/deriv/mni_space/sub-0010/anat/sub-0010_registration.done
    output: /media/veracrypt6/projects/autofids/data/OASIS/deriv/features/afid-11_sub-0010_desc-coarse_features.npy
    jobid: 12
    wildcards: afid_num=11, subject=0010, train_level=coarse

[Sun Jul 26 21:11:40 2020]
Finished job 40.
42 of 97 steps (43%) done

[Sun Jul 26 21:11:40 2020]
rule featureExtract:
    input: /media/veracrypt6/projects/autofids/data/OASIS/deriv/mni_space/sub-0010/anat/sub-0010_space-MNI152NLin2009cAsym_T1w.nii.gz, /media/veracrypt6/projects/autofids/data/OASIS/deriv/mni_space/sub-0010/anat/sub-0010_space-MNI152NLin2009cAsym_desc-ras_afids.fcsv, /media/veracrypt6/projects/autofids/data/OASIS/deriv/mni_space/sub-0010/anat/sub-0010_registration.done
    output: /media/veracrypt6/projects/autofids/data/OASIS/deriv/features/afid-26_sub-0010_desc-coarse_features.npy
    jobid: 27
    wildcards: afid_num=26, subject=0010, train_level=coarse

[Sun Jul 26 21:11:40 2020]
Finished job 70.
43 of 97 steps (44%) done

[Sun Jul 26 21:11:40 2020]
rule featureExtract:
    input: /media/veracrypt6/projects/autofids/data/OASIS/deriv/mni_space/sub-0010/anat/sub-0010_space-MNI152NLin2009cAsym_T1w.nii.gz, /media/veracrypt6/projects/autofids/data/OASIS/deriv/mni_space/sub-0010/anat/sub-0010_space-MNI152NLin2009cAsym_desc-ras_afids.fcsv, /media/veracrypt6/projects/autofids/data/OASIS/deriv/mni_space/sub-0010/anat/sub-0010_registration.done
    output: /media/veracrypt6/projects/autofids/data/OASIS/deriv/features/afid-09_sub-0010_desc-medium_features.npy
    jobid: 42
    wildcards: afid_num=09, subject=0010, train_level=medium

[Sun Jul 26 21:11:41 2020]
Finished job 26.
44 of 97 steps (45%) done

[Sun Jul 26 21:11:41 2020]
rule featureExtract:
    input: /media/veracrypt6/projects/autofids/data/OASIS/deriv/mni_space/sub-0010/anat/sub-0010_space-MNI152NLin2009cAsym_T1w.nii.gz, /media/veracrypt6/projects/autofids/data/OASIS/deriv/mni_space/sub-0010/anat/sub-0010_space-MNI152NLin2009cAsym_desc-ras_afids.fcsv, /media/veracrypt6/projects/autofids/data/OASIS/deriv/mni_space/sub-0010/anat/sub-0010_registration.done
    output: /media/veracrypt6/projects/autofids/data/OASIS/deriv/features/afid-07_sub-0010_desc-fine_features.npy
    jobid: 72
    wildcards: afid_num=07, subject=0010, train_level=fine

[Sun Jul 26 21:11:45 2020]
Finished job 41.
45 of 97 steps (46%) done

[Sun Jul 26 21:11:45 2020]
rule featureExtract:
    input: /media/veracrypt6/projects/autofids/data/OASIS/deriv/mni_space/sub-0010/anat/sub-0010_space-MNI152NLin2009cAsym_T1w.nii.gz, /media/veracrypt6/projects/autofids/data/OASIS/deriv/mni_space/sub-0010/anat/sub-0010_space-MNI152NLin2009cAsym_desc-ras_afids.fcsv, /media/veracrypt6/projects/autofids/data/OASIS/deriv/mni_space/sub-0010/anat/sub-0010_registration.done
    output: /media/veracrypt6/projects/autofids/data/OASIS/deriv/features/afid-12_sub-0010_desc-coarse_features.npy
    jobid: 13
    wildcards: afid_num=12, subject=0010, train_level=coarse

[Sun Jul 26 21:11:46 2020]
Finished job 71.
46 of 97 steps (47%) done

[Sun Jul 26 21:11:46 2020]
rule featureExtract:
    input: /media/veracrypt6/projects/autofids/data/OASIS/deriv/mni_space/sub-0010/anat/sub-0010_space-MNI152NLin2009cAsym_T1w.nii.gz, /media/veracrypt6/projects/autofids/data/OASIS/deriv/mni_space/sub-0010/anat/sub-0010_space-MNI152NLin2009cAsym_desc-ras_afids.fcsv, /media/veracrypt6/projects/autofids/data/OASIS/deriv/mni_space/sub-0010/anat/sub-0010_registration.done
    output: /media/veracrypt6/projects/autofids/data/OASIS/deriv/features/afid-27_sub-0010_desc-coarse_features.npy
    jobid: 28
    wildcards: afid_num=27, subject=0010, train_level=coarse

[Sun Jul 26 21:11:47 2020]
Finished job 27.
47 of 97 steps (48%) done

[Sun Jul 26 21:11:47 2020]
rule featureExtract:
    input: /media/veracrypt6/projects/autofids/data/OASIS/deriv/mni_space/sub-0010/anat/sub-0010_space-MNI152NLin2009cAsym_T1w.nii.gz, /media/veracrypt6/projects/autofids/data/OASIS/deriv/mni_space/sub-0010/anat/sub-0010_space-MNI152NLin2009cAsym_desc-ras_afids.fcsv, /media/veracrypt6/projects/autofids/data/OASIS/deriv/mni_space/sub-0010/anat/sub-0010_registration.done
    output: /media/veracrypt6/projects/autofids/data/OASIS/deriv/features/afid-10_sub-0010_desc-medium_features.npy
    jobid: 43
    wildcards: afid_num=10, subject=0010, train_level=medium

[Sun Jul 26 21:11:48 2020]
Finished job 12.
48 of 97 steps (49%) done

[Sun Jul 26 21:11:48 2020]
rule featureExtract:
    input: /media/veracrypt6/projects/autofids/data/OASIS/deriv/mni_space/sub-0010/anat/sub-0010_space-MNI152NLin2009cAsym_T1w.nii.gz, /media/veracrypt6/projects/autofids/data/OASIS/deriv/mni_space/sub-0010/anat/sub-0010_space-MNI152NLin2009cAsym_desc-ras_afids.fcsv, /media/veracrypt6/projects/autofids/data/OASIS/deriv/mni_space/sub-0010/anat/sub-0010_registration.done
    output: /media/veracrypt6/projects/autofids/data/OASIS/deriv/features/afid-08_sub-0010_desc-fine_features.npy
    jobid: 73
    wildcards: afid_num=08, subject=0010, train_level=fine

[Sun Jul 26 21:11:49 2020]
Finished job 42.
49 of 97 steps (51%) done

[Sun Jul 26 21:11:49 2020]
rule featureExtract:
    input: /media/veracrypt6/projects/autofids/data/OASIS/deriv/mni_space/sub-0010/anat/sub-0010_space-MNI152NLin2009cAsym_T1w.nii.gz, /media/veracrypt6/projects/autofids/data/OASIS/deriv/mni_space/sub-0010/anat/sub-0010_space-MNI152NLin2009cAsym_desc-ras_afids.fcsv, /media/veracrypt6/projects/autofids/data/OASIS/deriv/mni_space/sub-0010/anat/sub-0010_registration.done
    output: /media/veracrypt6/projects/autofids/data/OASIS/deriv/features/afid-13_sub-0010_desc-coarse_features.npy
    jobid: 14
    wildcards: afid_num=13, subject=0010, train_level=coarse

[Sun Jul 26 21:11:49 2020]
Finished job 72.
50 of 97 steps (52%) done

[Sun Jul 26 21:11:49 2020]
rule featureExtract:
    input: /media/veracrypt6/projects/autofids/data/OASIS/deriv/mni_space/sub-0010/anat/sub-0010_space-MNI152NLin2009cAsym_T1w.nii.gz, /media/veracrypt6/projects/autofids/data/OASIS/deriv/mni_space/sub-0010/anat/sub-0010_space-MNI152NLin2009cAsym_desc-ras_afids.fcsv, /media/veracrypt6/projects/autofids/data/OASIS/deriv/mni_space/sub-0010/anat/sub-0010_registration.done
    output: /media/veracrypt6/projects/autofids/data/OASIS/deriv/features/afid-28_sub-0010_desc-coarse_features.npy
    jobid: 29
    wildcards: afid_num=28, subject=0010, train_level=coarse

[Sun Jul 26 21:11:54 2020]
Finished job 13.
51 of 97 steps (53%) done

[Sun Jul 26 21:11:54 2020]
rule featureExtract:
    input: /media/veracrypt6/projects/autofids/data/OASIS/deriv/mni_space/sub-0010/anat/sub-0010_space-MNI152NLin2009cAsym_T1w.nii.gz, /media/veracrypt6/projects/autofids/data/OASIS/deriv/mni_space/sub-0010/anat/sub-0010_space-MNI152NLin2009cAsym_desc-ras_afids.fcsv, /media/veracrypt6/projects/autofids/data/OASIS/deriv/mni_space/sub-0010/anat/sub-0010_registration.done
    output: /media/veracrypt6/projects/autofids/data/OASIS/deriv/features/afid-11_sub-0010_desc-medium_features.npy
    jobid: 44
    wildcards: afid_num=11, subject=0010, train_level=medium

[Sun Jul 26 21:11:55 2020]
Finished job 28.
52 of 97 steps (54%) done

[Sun Jul 26 21:11:55 2020]
rule featureExtract:
    input: /media/veracrypt6/projects/autofids/data/OASIS/deriv/mni_space/sub-0010/anat/sub-0010_space-MNI152NLin2009cAsym_T1w.nii.gz, /media/veracrypt6/projects/autofids/data/OASIS/deriv/mni_space/sub-0010/anat/sub-0010_space-MNI152NLin2009cAsym_desc-ras_afids.fcsv, /media/veracrypt6/projects/autofids/data/OASIS/deriv/mni_space/sub-0010/anat/sub-0010_registration.done
    output: /media/veracrypt6/projects/autofids/data/OASIS/deriv/features/afid-09_sub-0010_desc-fine_features.npy
    jobid: 74
    wildcards: afid_num=09, subject=0010, train_level=fine

[Sun Jul 26 21:11:56 2020]
Finished job 14.
53 of 97 steps (55%) done

[Sun Jul 26 21:11:56 2020]
rule featureExtract:
    input: /media/veracrypt6/projects/autofids/data/OASIS/deriv/mni_space/sub-0010/anat/sub-0010_space-MNI152NLin2009cAsym_T1w.nii.gz, /media/veracrypt6/projects/autofids/data/OASIS/deriv/mni_space/sub-0010/anat/sub-0010_space-MNI152NLin2009cAsym_desc-ras_afids.fcsv, /media/veracrypt6/projects/autofids/data/OASIS/deriv/mni_space/sub-0010/anat/sub-0010_registration.done
    output: /media/veracrypt6/projects/autofids/data/OASIS/deriv/features/afid-12_sub-0010_desc-medium_features.npy
    jobid: 45
    wildcards: afid_num=12, subject=0010, train_level=medium

[Sun Jul 26 21:11:56 2020]
Finished job 43.
54 of 97 steps (56%) done

[Sun Jul 26 21:11:56 2020]
rule featureExtract:
    input: /media/veracrypt6/projects/autofids/data/OASIS/deriv/mni_space/sub-0010/anat/sub-0010_space-MNI152NLin2009cAsym_T1w.nii.gz, /media/veracrypt6/projects/autofids/data/OASIS/deriv/mni_space/sub-0010/anat/sub-0010_space-MNI152NLin2009cAsym_desc-ras_afids.fcsv, /media/veracrypt6/projects/autofids/data/OASIS/deriv/mni_space/sub-0010/anat/sub-0010_registration.done
    output: /media/veracrypt6/projects/autofids/data/OASIS/deriv/features/afid-10_sub-0010_desc-fine_features.npy
    jobid: 75
    wildcards: afid_num=10, subject=0010, train_level=fine

[Sun Jul 26 21:11:56 2020]
Finished job 29.
55 of 97 steps (57%) done

[Sun Jul 26 21:11:56 2020]
rule featureExtract:
    input: /media/veracrypt6/projects/autofids/data/OASIS/deriv/mni_space/sub-0010/anat/sub-0010_space-MNI152NLin2009cAsym_T1w.nii.gz, /media/veracrypt6/projects/autofids/data/OASIS/deriv/mni_space/sub-0010/anat/sub-0010_space-MNI152NLin2009cAsym_desc-ras_afids.fcsv, /media/veracrypt6/projects/autofids/data/OASIS/deriv/mni_space/sub-0010/anat/sub-0010_registration.done
    output: /media/veracrypt6/projects/autofids/data/OASIS/deriv/features/afid-25_sub-0010_desc-fine_features.npy
    jobid: 90
    wildcards: afid_num=25, subject=0010, train_level=fine

[Sun Jul 26 21:11:57 2020]
Finished job 73.
56 of 97 steps (58%) done

[Sun Jul 26 21:11:57 2020]
rule featureExtract:
    input: /media/veracrypt6/projects/autofids/data/OASIS/deriv/mni_space/sub-0010/anat/sub-0010_space-MNI152NLin2009cAsym_T1w.nii.gz, /media/veracrypt6/projects/autofids/data/OASIS/deriv/mni_space/sub-0010/anat/sub-0010_space-MNI152NLin2009cAsym_desc-ras_afids.fcsv, /media/veracrypt6/projects/autofids/data/OASIS/deriv/mni_space/sub-0010/anat/sub-0010_registration.done
    output: /media/veracrypt6/projects/autofids/data/OASIS/deriv/features/afid-13_sub-0010_desc-medium_features.npy
    jobid: 46
    wildcards: afid_num=13, subject=0010, train_level=medium

[Sun Jul 26 21:12:01 2020]
Finished job 44.
57 of 97 steps (59%) done

[Sun Jul 26 21:12:01 2020]
rule featureExtract:
    input: /media/veracrypt6/projects/autofids/data/OASIS/deriv/mni_space/sub-0010/anat/sub-0010_space-MNI152NLin2009cAsym_T1w.nii.gz, /media/veracrypt6/projects/autofids/data/OASIS/deriv/mni_space/sub-0010/anat/sub-0010_space-MNI152NLin2009cAsym_desc-ras_afids.fcsv, /media/veracrypt6/projects/autofids/data/OASIS/deriv/mni_space/sub-0010/anat/sub-0010_registration.done
    output: /media/veracrypt6/projects/autofids/data/OASIS/deriv/features/afid-11_sub-0010_desc-fine_features.npy
    jobid: 76
    wildcards: afid_num=11, subject=0010, train_level=fine

[Sun Jul 26 21:12:03 2020]
Finished job 74.
58 of 97 steps (60%) done

[Sun Jul 26 21:12:03 2020]
rule featureExtract:
    input: /media/veracrypt6/projects/autofids/data/OASIS/deriv/mni_space/sub-0010/anat/sub-0010_space-MNI152NLin2009cAsym_T1w.nii.gz, /media/veracrypt6/projects/autofids/data/OASIS/deriv/mni_space/sub-0010/anat/sub-0010_space-MNI152NLin2009cAsym_desc-ras_afids.fcsv, /media/veracrypt6/projects/autofids/data/OASIS/deriv/mni_space/sub-0010/anat/sub-0010_registration.done
    output: /media/veracrypt6/projects/autofids/data/OASIS/deriv/features/afid-26_sub-0010_desc-fine_features.npy
    jobid: 91
    wildcards: afid_num=26, subject=0010, train_level=fine

[Sun Jul 26 21:12:04 2020]
Finished job 75.
59 of 97 steps (61%) done

[Sun Jul 26 21:12:04 2020]
rule featureExtract:
    input: /media/veracrypt6/projects/autofids/data/OASIS/deriv/mni_space/sub-0010/anat/sub-0010_space-MNI152NLin2009cAsym_T1w.nii.gz, /media/veracrypt6/projects/autofids/data/OASIS/deriv/mni_space/sub-0010/anat/sub-0010_space-MNI152NLin2009cAsym_desc-ras_afids.fcsv, /media/veracrypt6/projects/autofids/data/OASIS/deriv/mni_space/sub-0010/anat/sub-0010_registration.done
    output: /media/veracrypt6/projects/autofids/data/OASIS/deriv/features/afid-14_sub-0010_desc-medium_features.npy
    jobid: 47
    wildcards: afid_num=14, subject=0010, train_level=medium

[Sun Jul 26 21:12:05 2020]
Finished job 45.
60 of 97 steps (62%) done

[Sun Jul 26 21:12:05 2020]
rule featureExtract:
    input: /media/veracrypt6/projects/autofids/data/OASIS/deriv/mni_space/sub-0010/anat/sub-0010_space-MNI152NLin2009cAsym_T1w.nii.gz, /media/veracrypt6/projects/autofids/data/OASIS/deriv/mni_space/sub-0010/anat/sub-0010_space-MNI152NLin2009cAsym_desc-ras_afids.fcsv, /media/veracrypt6/projects/autofids/data/OASIS/deriv/mni_space/sub-0010/anat/sub-0010_registration.done
    output: /media/veracrypt6/projects/autofids/data/OASIS/deriv/features/afid-12_sub-0010_desc-fine_features.npy
    jobid: 77
    wildcards: afid_num=12, subject=0010, train_level=fine

[Sun Jul 26 21:12:06 2020]
Finished job 90.
61 of 97 steps (63%) done

[Sun Jul 26 21:12:06 2020]
rule featureExtract:
    input: /media/veracrypt6/projects/autofids/data/OASIS/deriv/mni_space/sub-0010/anat/sub-0010_space-MNI152NLin2009cAsym_T1w.nii.gz, /media/veracrypt6/projects/autofids/data/OASIS/deriv/mni_space/sub-0010/anat/sub-0010_space-MNI152NLin2009cAsym_desc-ras_afids.fcsv, /media/veracrypt6/projects/autofids/data/OASIS/deriv/mni_space/sub-0010/anat/sub-0010_registration.done
    output: /media/veracrypt6/projects/autofids/data/OASIS/deriv/features/afid-27_sub-0010_desc-fine_features.npy
    jobid: 92
    wildcards: afid_num=27, subject=0010, train_level=fine

[Sun Jul 26 21:12:06 2020]
Finished job 46.
62 of 97 steps (64%) done

[Sun Jul 26 21:12:06 2020]
rule featureExtract:
    input: /media/veracrypt6/projects/autofids/data/OASIS/deriv/mni_space/sub-0010/anat/sub-0010_space-MNI152NLin2009cAsym_T1w.nii.gz, /media/veracrypt6/projects/autofids/data/OASIS/deriv/mni_space/sub-0010/anat/sub-0010_space-MNI152NLin2009cAsym_desc-ras_afids.fcsv, /media/veracrypt6/projects/autofids/data/OASIS/deriv/mni_space/sub-0010/anat/sub-0010_registration.done
    output: /media/veracrypt6/projects/autofids/data/OASIS/deriv/features/afid-15_sub-0010_desc-medium_features.npy
    jobid: 48
    wildcards: afid_num=15, subject=0010, train_level=medium

[Sun Jul 26 21:12:07 2020]
Finished job 76.
63 of 97 steps (65%) done

[Sun Jul 26 21:12:07 2020]
rule featureExtract:
    input: /media/veracrypt6/projects/autofids/data/OASIS/deriv/mni_space/sub-0010/anat/sub-0010_space-MNI152NLin2009cAsym_T1w.nii.gz, /media/veracrypt6/projects/autofids/data/OASIS/deriv/mni_space/sub-0010/anat/sub-0010_space-MNI152NLin2009cAsym_desc-ras_afids.fcsv, /media/veracrypt6/projects/autofids/data/OASIS/deriv/mni_space/sub-0010/anat/sub-0010_registration.done
    output: /media/veracrypt6/projects/autofids/data/OASIS/deriv/features/afid-13_sub-0010_desc-fine_features.npy
    jobid: 78
    wildcards: afid_num=13, subject=0010, train_level=fine

[Sun Jul 26 21:12:09 2020]
Finished job 91.
64 of 97 steps (66%) done

[Sun Jul 26 21:12:09 2020]
rule featureExtract:
    input: /media/veracrypt6/projects/autofids/data/OASIS/deriv/mni_space/sub-0010/anat/sub-0010_space-MNI152NLin2009cAsym_T1w.nii.gz, /media/veracrypt6/projects/autofids/data/OASIS/deriv/mni_space/sub-0010/anat/sub-0010_space-MNI152NLin2009cAsym_desc-ras_afids.fcsv, /media/veracrypt6/projects/autofids/data/OASIS/deriv/mni_space/sub-0010/anat/sub-0010_registration.done
    output: /media/veracrypt6/projects/autofids/data/OASIS/deriv/features/afid-28_sub-0010_desc-fine_features.npy
    jobid: 93
    wildcards: afid_num=28, subject=0010, train_level=fine

[Sun Jul 26 21:12:13 2020]
Finished job 47.
65 of 97 steps (67%) done

[Sun Jul 26 21:12:13 2020]
rule featureExtract:
    input: /media/veracrypt6/projects/autofids/data/OASIS/deriv/mni_space/sub-0010/anat/sub-0010_space-MNI152NLin2009cAsym_T1w.nii.gz, /media/veracrypt6/projects/autofids/data/OASIS/deriv/mni_space/sub-0010/anat/sub-0010_space-MNI152NLin2009cAsym_desc-ras_afids.fcsv, /media/veracrypt6/projects/autofids/data/OASIS/deriv/mni_space/sub-0010/anat/sub-0010_registration.done
    output: /media/veracrypt6/projects/autofids/data/OASIS/deriv/features/afid-16_sub-0010_desc-medium_features.npy
    jobid: 49
    wildcards: afid_num=16, subject=0010, train_level=medium

[Sun Jul 26 21:12:13 2020]
Finished job 92.
66 of 97 steps (68%) done

[Sun Jul 26 21:12:13 2020]
rule featureExtract:
    input: /media/veracrypt6/projects/autofids/data/OASIS/deriv/mni_space/sub-0010/anat/sub-0010_space-MNI152NLin2009cAsym_T1w.nii.gz, /media/veracrypt6/projects/autofids/data/OASIS/deriv/mni_space/sub-0010/anat/sub-0010_space-MNI152NLin2009cAsym_desc-ras_afids.fcsv, /media/veracrypt6/projects/autofids/data/OASIS/deriv/mni_space/sub-0010/anat/sub-0010_registration.done
    output: /media/veracrypt6/projects/autofids/data/OASIS/deriv/features/afid-14_sub-0010_desc-fine_features.npy
    jobid: 79
    wildcards: afid_num=14, subject=0010, train_level=fine

[Sun Jul 26 21:12:14 2020]
Finished job 77.
67 of 97 steps (69%) done

[Sun Jul 26 21:12:14 2020]
rule featureExtract:
    input: /media/veracrypt6/projects/autofids/data/OASIS/deriv/mni_space/sub-0010/anat/sub-0010_space-MNI152NLin2009cAsym_T1w.nii.gz, /media/veracrypt6/projects/autofids/data/OASIS/deriv/mni_space/sub-0010/anat/sub-0010_space-MNI152NLin2009cAsym_desc-ras_afids.fcsv, /media/veracrypt6/projects/autofids/data/OASIS/deriv/mni_space/sub-0010/anat/sub-0010_registration.done
    output: /media/veracrypt6/projects/autofids/data/OASIS/deriv/features/afid-29_sub-0010_desc-fine_features.npy
    jobid: 94
    wildcards: afid_num=29, subject=0010, train_level=fine

Waiting at most 5 seconds for missing files.
MissingOutputException in line 45 of /home/greydon/Documents/GitHub/Auto-afids/workflow/rules/mniTransform.smk:
Job completed successfully, but some output files are missing. Missing files after 5 seconds:
/media/veracrypt6/projects/autofids/data/OASIS/deriv/features/afid-29_sub-0010_desc-fine_features.npy
This might be due to filesystem latency. If that is the case, consider to increase the wait time with --latency-wait.
  File "/home/greydon/.local/lib/python3.8/site-packages/snakemake/executors/__init__.py", line 544, in handle_job_success
  File "/home/greydon/.local/lib/python3.8/site-packages/snakemake/executors/__init__.py", line 225, in handle_job_success
[Sun Jul 26 21:12:20 2020]
Finished job 48.
68 of 97 steps (70%) done
[Sun Jul 26 21:12:20 2020]
Finished job 78.
69 of 97 steps (71%) done
[Sun Jul 26 21:12:20 2020]
Finished job 93.
70 of 97 steps (72%) done
[Sun Jul 26 21:12:20 2020]
Finished job 49.
71 of 97 steps (73%) done
[Sun Jul 26 21:12:20 2020]
Finished job 79.
72 of 97 steps (74%) done
Shutting down, this might take some time.
Exiting because a job execution failed. Look above for error message
Complete log: /home/greydon/Documents/GitHub/Auto-afids/.snakemake/log/2020-07-26T211037.746565.snakemake.log
