The flag 'directory' used in rule coarseTrain is only valid for outputs, not inputs.
Building DAG of jobs...
Using shell: /usr/bin/bash
Provided cores: 1 (use --cores to define parallelism)
Rules claiming more threads will be scaled down.
Job counts:
	count	jobs
	1	align_mni_rigid
	1	all
	96	coarseTrain
	96	featureExtract
	1	fid_tform_mni_rigid
	195

[Sun Jul 26 18:25:09 2020]
rule coarseTrain:
    input: /media/veracrypt6/projects/autofids/data/OASIS/deriv/features
    output: /media/veracrypt6/projects/autofids/data/OASIS/deriv/models/afid-02_desc-medium_model
    jobid: 103
    wildcards: afid_num=02, train_level=medium
    threads: 0
    resources: mem_mb=4000

[Sun Jul 26 18:25:09 2020]
rule coarseTrain:
    input: /media/veracrypt6/projects/autofids/data/OASIS/deriv/features
    output: /media/veracrypt6/projects/autofids/data/OASIS/deriv/models/afid-07_desc-medium_model
    jobid: 118
    wildcards: afid_num=07, train_level=medium
    threads: 0
    resources: mem_mb=4000

[Sun Jul 26 18:25:09 2020]
rule coarseTrain:
    input: /media/veracrypt6/projects/autofids/data/OASIS/deriv/features
    output: /media/veracrypt6/projects/autofids/data/OASIS/deriv/models/afid-17_desc-medium_model
    jobid: 148
    wildcards: afid_num=17, train_level=medium
    threads: 0
    resources: mem_mb=4000

[Sun Jul 26 18:25:09 2020]
rule coarseTrain:
    input: /media/veracrypt6/projects/autofids/data/OASIS/deriv/features
    output: /media/veracrypt6/projects/autofids/data/OASIS/deriv/models/afid-02_desc-fine_model
    jobid: 104
    wildcards: afid_num=02, train_level=fine
    threads: 0
    resources: mem_mb=4000

[Sun Jul 26 18:25:09 2020]
rule coarseTrain:
    input: /media/veracrypt6/projects/autofids/data/OASIS/deriv/features
    output: /media/veracrypt6/projects/autofids/data/OASIS/deriv/models/afid-07_desc-fine_model
    jobid: 119
    wildcards: afid_num=07, train_level=fine
    threads: 0
    resources: mem_mb=4000

[Sun Jul 26 18:25:09 2020]
rule coarseTrain:
    input: /media/veracrypt6/projects/autofids/data/OASIS/deriv/features
    output: /media/veracrypt6/projects/autofids/data/OASIS/deriv/models/afid-17_desc-fine_model
    jobid: 149
    wildcards: afid_num=17, train_level=fine
    threads: 0
    resources: mem_mb=4000

[Sun Jul 26 18:25:09 2020]
rule coarseTrain:
    input: /media/veracrypt6/projects/autofids/data/OASIS/deriv/features
    output: /media/veracrypt6/projects/autofids/data/OASIS/deriv/models/afid-03_desc-coarse_model
    jobid: 105
    wildcards: afid_num=03, train_level=coarse
    threads: 0
    resources: mem_mb=4000

[Sun Jul 26 18:25:09 2020]
rule coarseTrain:
    input: /media/veracrypt6/projects/autofids/data/OASIS/deriv/features
    output: /media/veracrypt6/projects/autofids/data/OASIS/deriv/models/afid-08_desc-coarse_model
    jobid: 120
    wildcards: afid_num=08, train_level=coarse
    threads: 0
    resources: mem_mb=4000

[Sun Jul 26 18:25:09 2020]
rule coarseTrain:
    input: /media/veracrypt6/projects/autofids/data/OASIS/deriv/features
    output: /media/veracrypt6/projects/autofids/data/OASIS/deriv/models/afid-18_desc-coarse_model
    jobid: 150
    wildcards: afid_num=18, train_level=coarse
    threads: 0
    resources: mem_mb=4000

[Sun Jul 26 18:25:09 2020]
rule coarseTrain:
    input: /media/veracrypt6/projects/autofids/data/OASIS/deriv/features
    output: /media/veracrypt6/projects/autofids/data/OASIS/deriv/models/afid-03_desc-medium_model
    jobid: 106
    wildcards: afid_num=03, train_level=medium
    threads: 0
    resources: mem_mb=4000

[Sun Jul 26 18:25:09 2020]
rule coarseTrain:
    input: /media/veracrypt6/projects/autofids/data/OASIS/deriv/features
    output: /media/veracrypt6/projects/autofids/data/OASIS/deriv/models/afid-08_desc-medium_model
    jobid: 121
    wildcards: afid_num=08, train_level=medium
    threads: 0
    resources: mem_mb=4000

[Sun Jul 26 18:25:09 2020]
rule coarseTrain:
    input: /media/veracrypt6/projects/autofids/data/OASIS/deriv/features
    output: /media/veracrypt6/projects/autofids/data/OASIS/deriv/models/afid-18_desc-medium_model
    jobid: 151
    wildcards: afid_num=18, train_level=medium
    threads: 0
    resources: mem_mb=4000

[Sun Jul 26 18:25:09 2020]
rule coarseTrain:
    input: /media/veracrypt6/projects/autofids/data/OASIS/deriv/features
    output: /media/veracrypt6/projects/autofids/data/OASIS/deriv/models/afid-03_desc-fine_model
    jobid: 107
    wildcards: afid_num=03, train_level=fine
    threads: 0
    resources: mem_mb=4000

[Sun Jul 26 18:25:09 2020]
rule coarseTrain:
    input: /media/veracrypt6/projects/autofids/data/OASIS/deriv/features
    output: /media/veracrypt6/projects/autofids/data/OASIS/deriv/models/afid-08_desc-fine_model
    jobid: 122
    wildcards: afid_num=08, train_level=fine
    threads: 0
    resources: mem_mb=4000

[Sun Jul 26 18:25:09 2020]
rule coarseTrain:
    input: /media/veracrypt6/projects/autofids/data/OASIS/deriv/features
    output: /media/veracrypt6/projects/autofids/data/OASIS/deriv/models/afid-18_desc-fine_model
    jobid: 152
    wildcards: afid_num=18, train_level=fine
    threads: 0
    resources: mem_mb=4000

[Sun Jul 26 18:25:09 2020]
rule coarseTrain:
    input: /media/veracrypt6/projects/autofids/data/OASIS/deriv/features
    output: /media/veracrypt6/projects/autofids/data/OASIS/deriv/models/afid-04_desc-coarse_model
    jobid: 108
    wildcards: afid_num=04, train_level=coarse
    threads: 0
    resources: mem_mb=4000

[Sun Jul 26 18:25:09 2020]
rule coarseTrain:
    input: /media/veracrypt6/projects/autofids/data/OASIS/deriv/features
    output: /media/veracrypt6/projects/autofids/data/OASIS/deriv/models/afid-09_desc-coarse_model
    jobid: 123
    wildcards: afid_num=09, train_level=coarse
    threads: 0
    resources: mem_mb=4000

[Sun Jul 26 18:25:09 2020]
rule coarseTrain:
    input: /media/veracrypt6/projects/autofids/data/OASIS/deriv/features
    output: /media/veracrypt6/projects/autofids/data/OASIS/deriv/models/afid-19_desc-coarse_model
    jobid: 153
    wildcards: afid_num=19, train_level=coarse
    threads: 0
    resources: mem_mb=4000

[Sun Jul 26 18:25:09 2020]
rule coarseTrain:
    input: /media/veracrypt6/projects/autofids/data/OASIS/deriv/features
    output: /media/veracrypt6/projects/autofids/data/OASIS/deriv/models/afid-04_desc-medium_model
    jobid: 109
    wildcards: afid_num=04, train_level=medium
    threads: 0
    resources: mem_mb=4000

[Sun Jul 26 18:25:09 2020]
rule coarseTrain:
    input: /media/veracrypt6/projects/autofids/data/OASIS/deriv/features
    output: /media/veracrypt6/projects/autofids/data/OASIS/deriv/models/afid-09_desc-medium_model
    jobid: 124
    wildcards: afid_num=09, train_level=medium
    threads: 0
    resources: mem_mb=4000

[Sun Jul 26 18:25:09 2020]
rule coarseTrain:
    input: /media/veracrypt6/projects/autofids/data/OASIS/deriv/features
    output: /media/veracrypt6/projects/autofids/data/OASIS/deriv/models/afid-19_desc-medium_model
    jobid: 154
    wildcards: afid_num=19, train_level=medium
    threads: 0
    resources: mem_mb=4000

[Sun Jul 26 18:25:09 2020]
rule coarseTrain:
    input: /media/veracrypt6/projects/autofids/data/OASIS/deriv/features
    output: /media/veracrypt6/projects/autofids/data/OASIS/deriv/models/afid-04_desc-fine_model
    jobid: 110
    wildcards: afid_num=04, train_level=fine
    threads: 0
    resources: mem_mb=4000

[Sun Jul 26 18:25:09 2020]
rule coarseTrain:
    input: /media/veracrypt6/projects/autofids/data/OASIS/deriv/features
    output: /media/veracrypt6/projects/autofids/data/OASIS/deriv/models/afid-09_desc-fine_model
    jobid: 125
    wildcards: afid_num=09, train_level=fine
    threads: 0
    resources: mem_mb=4000

[Sun Jul 26 18:25:09 2020]
rule coarseTrain:
    input: /media/veracrypt6/projects/autofids/data/OASIS/deriv/features
    output: /media/veracrypt6/projects/autofids/data/OASIS/deriv/models/afid-19_desc-fine_model
    jobid: 155
    wildcards: afid_num=19, train_level=fine
    threads: 0
    resources: mem_mb=4000

[Sun Jul 26 18:25:09 2020]
rule coarseTrain:
    input: /media/veracrypt6/projects/autofids/data/OASIS/deriv/features
    output: /media/veracrypt6/projects/autofids/data/OASIS/deriv/models/afid-05_desc-coarse_model
    jobid: 111
    wildcards: afid_num=05, train_level=coarse
    threads: 0
    resources: mem_mb=4000

[Sun Jul 26 18:25:09 2020]
rule coarseTrain:
    input: /media/veracrypt6/projects/autofids/data/OASIS/deriv/features
    output: /media/veracrypt6/projects/autofids/data/OASIS/deriv/models/afid-10_desc-coarse_model
    jobid: 126
    wildcards: afid_num=10, train_level=coarse
    threads: 0
    resources: mem_mb=4000

[Sun Jul 26 18:25:09 2020]
rule coarseTrain:
    input: /media/veracrypt6/projects/autofids/data/OASIS/deriv/features
    output: /media/veracrypt6/projects/autofids/data/OASIS/deriv/models/afid-20_desc-coarse_model
    jobid: 156
    wildcards: afid_num=20, train_level=coarse
    threads: 0
    resources: mem_mb=4000

[Sun Jul 26 18:25:09 2020]
rule coarseTrain:
    input: /media/veracrypt6/projects/autofids/data/OASIS/deriv/features
    output: /media/veracrypt6/projects/autofids/data/OASIS/deriv/models/afid-05_desc-medium_model
    jobid: 112
    wildcards: afid_num=05, train_level=medium
    threads: 0
    resources: mem_mb=4000

[Sun Jul 26 18:25:09 2020]
rule coarseTrain:
    input: /media/veracrypt6/projects/autofids/data/OASIS/deriv/features
    output: /media/veracrypt6/projects/autofids/data/OASIS/deriv/models/afid-10_desc-medium_model
    jobid: 127
    wildcards: afid_num=10, train_level=medium
    threads: 0
    resources: mem_mb=4000

[Sun Jul 26 18:25:09 2020]
rule coarseTrain:
    input: /media/veracrypt6/projects/autofids/data/OASIS/deriv/features
    output: /media/veracrypt6/projects/autofids/data/OASIS/deriv/models/afid-20_desc-medium_model
    jobid: 157
    wildcards: afid_num=20, train_level=medium
    threads: 0
    resources: mem_mb=4000

[Sun Jul 26 18:25:09 2020]
rule coarseTrain:
    input: /media/veracrypt6/projects/autofids/data/OASIS/deriv/features
    output: /media/veracrypt6/projects/autofids/data/OASIS/deriv/models/afid-05_desc-fine_model
    jobid: 113
    wildcards: afid_num=05, train_level=fine
    threads: 0
    resources: mem_mb=4000

[Sun Jul 26 18:25:09 2020]
rule coarseTrain:
    input: /media/veracrypt6/projects/autofids/data/OASIS/deriv/features
    output: /media/veracrypt6/projects/autofids/data/OASIS/deriv/models/afid-10_desc-fine_model
    jobid: 128
    wildcards: afid_num=10, train_level=fine
    threads: 0
    resources: mem_mb=4000

[Sun Jul 26 18:25:09 2020]
rule coarseTrain:
    input: /media/veracrypt6/projects/autofids/data/OASIS/deriv/features
    output: /media/veracrypt6/projects/autofids/data/OASIS/deriv/models/afid-20_desc-fine_model
    jobid: 158
    wildcards: afid_num=20, train_level=fine
    threads: 0
    resources: mem_mb=4000

[Sun Jul 26 18:25:09 2020]
rule coarseTrain:
    input: /media/veracrypt6/projects/autofids/data/OASIS/deriv/features
    output: /media/veracrypt6/projects/autofids/data/OASIS/deriv/models/afid-06_desc-coarse_model
    jobid: 114
    wildcards: afid_num=06, train_level=coarse
    threads: 0
    resources: mem_mb=4000

[Sun Jul 26 18:25:09 2020]
rule coarseTrain:
    input: /media/veracrypt6/projects/autofids/data/OASIS/deriv/features
    output: /media/veracrypt6/projects/autofids/data/OASIS/deriv/models/afid-11_desc-coarse_model
    jobid: 129
    wildcards: afid_num=11, train_level=coarse
    threads: 0
    resources: mem_mb=4000

[Sun Jul 26 18:25:09 2020]
rule coarseTrain:
    input: /media/veracrypt6/projects/autofids/data/OASIS/deriv/features
    output: /media/veracrypt6/projects/autofids/data/OASIS/deriv/models/afid-21_desc-coarse_model
    jobid: 159
    wildcards: afid_num=21, train_level=coarse
    threads: 0
    resources: mem_mb=4000

[Sun Jul 26 18:25:09 2020]
rule coarseTrain:
    input: /media/veracrypt6/projects/autofids/data/OASIS/deriv/features
    output: /media/veracrypt6/projects/autofids/data/OASIS/deriv/models/afid-06_desc-medium_model
    jobid: 115
    wildcards: afid_num=06, train_level=medium
    threads: 0
    resources: mem_mb=4000

[Sun Jul 26 18:25:09 2020]
rule coarseTrain:
    input: /media/veracrypt6/projects/autofids/data/OASIS/deriv/features
    output: /media/veracrypt6/projects/autofids/data/OASIS/deriv/models/afid-11_desc-medium_model
    jobid: 130
    wildcards: afid_num=11, train_level=medium
    threads: 0
    resources: mem_mb=4000

[Sun Jul 26 18:25:09 2020]
rule coarseTrain:
    input: /media/veracrypt6/projects/autofids/data/OASIS/deriv/features
    output: /media/veracrypt6/projects/autofids/data/OASIS/deriv/models/afid-21_desc-medium_model
    jobid: 160
    wildcards: afid_num=21, train_level=medium
    threads: 0
    resources: mem_mb=4000

[Sun Jul 26 18:25:09 2020]
rule align_mni_rigid:
    input: /media/veracrypt6/projects/autofids/data/OASIS/bids/sub-0010/anat/sub-0010_T1w.nii.gz, resources/mni_icbm152_t1_tal_nlin_asym_09c.nii.gz
    output: /media/veracrypt6/projects/autofids/data/OASIS/deriv/mni_space/sub-0010/anat/sub-0010_space-MNI152NLin2009cAsym_T1w.nii.gz, /media/veracrypt6/projects/autofids/data/OASIS/deriv/mni_space/sub-0010/anat/sub-0010_space-MNI152NLin2009cAsym_xfm.mat, /media/veracrypt6/projects/autofids/data/OASIS/deriv/mni_space/sub-0010/anat/sub-0010_space-MNI152NLin2009cAsym_desc-ras_xfm.txt, /media/veracrypt6/projects/autofids/data/OASIS/deriv/mni_space/sub-0010/anat/sub-0010_space-MNI152NLin2009cAsym_desc-ras_xfm.tfm
    jobid: 1
    wildcards: subject=0010


[Sun Jul 26 18:25:09 2020]
rule coarseTrain:
    input: /media/veracrypt6/projects/autofids/data/OASIS/deriv/features
    output: /media/veracrypt6/projects/autofids/data/OASIS/deriv/models/afid-06_desc-fine_model
    jobid: 116
    wildcards: afid_num=06, train_level=fine
    threads: 0
    resources: mem_mb=4000

[Sun Jul 26 18:25:09 2020]
rule coarseTrain:
    input: /media/veracrypt6/projects/autofids/data/OASIS/deriv/features
    output: /media/veracrypt6/projects/autofids/data/OASIS/deriv/models/afid-11_desc-fine_model
    jobid: 131
    wildcards: afid_num=11, train_level=fine
    threads: 0
    resources: mem_mb=4000

[Sun Jul 26 18:25:09 2020]
rule coarseTrain:
    input: /media/veracrypt6/projects/autofids/data/OASIS/deriv/features
    output: /media/veracrypt6/projects/autofids/data/OASIS/deriv/models/afid-21_desc-fine_model
    jobid: 161
    wildcards: afid_num=21, train_level=fine
    threads: 0
    resources: mem_mb=4000

[Sun Jul 26 18:25:09 2020]
rule coarseTrain:
    input: /media/veracrypt6/projects/autofids/data/OASIS/deriv/features
    output: /media/veracrypt6/projects/autofids/data/OASIS/deriv/models/afid-07_desc-coarse_model
    jobid: 117
    wildcards: afid_num=07, train_level=coarse
    threads: 0
    resources: mem_mb=4000

[Sun Jul 26 18:25:09 2020]
rule coarseTrain:
    input: /media/veracrypt6/projects/autofids/data/OASIS/deriv/features
    output: /media/veracrypt6/projects/autofids/data/OASIS/deriv/models/afid-12_desc-coarse_model
    jobid: 132
    wildcards: afid_num=12, train_level=coarse
    threads: 0
    resources: mem_mb=4000

[Sun Jul 26 18:25:09 2020]
rule coarseTrain:
    input: /media/veracrypt6/projects/autofids/data/OASIS/deriv/features
    output: /media/veracrypt6/projects/autofids/data/OASIS/deriv/models/afid-22_desc-coarse_model
    jobid: 162
    wildcards: afid_num=22, train_level=coarse
    threads: 0
    resources: mem_mb=4000

[Sun Jul 26 18:25:09 2020]
rule coarseTrain:
    input: /media/veracrypt6/projects/autofids/data/OASIS/deriv/features
    output: /media/veracrypt6/projects/autofids/data/OASIS/deriv/models/afid-12_desc-medium_model
    jobid: 133
    wildcards: afid_num=12, train_level=medium
    threads: 0
    resources: mem_mb=4000

[Sun Jul 26 18:25:09 2020]
rule coarseTrain:
    input: /media/veracrypt6/projects/autofids/data/OASIS/deriv/features
    output: /media/veracrypt6/projects/autofids/data/OASIS/deriv/models/afid-22_desc-medium_model
    jobid: 163
    wildcards: afid_num=22, train_level=medium
    threads: 0
    resources: mem_mb=4000

[Sun Jul 26 18:25:09 2020]
rule coarseTrain:
    input: /media/veracrypt6/projects/autofids/data/OASIS/deriv/features
    output: /media/veracrypt6/projects/autofids/data/OASIS/deriv/models/afid-27_desc-medium_model
    jobid: 178
    wildcards: afid_num=27, train_level=medium
    threads: 0
    resources: mem_mb=4000

[Sun Jul 26 18:25:09 2020]
rule coarseTrain:
    input: /media/veracrypt6/projects/autofids/data/OASIS/deriv/features
    output: /media/veracrypt6/projects/autofids/data/OASIS/deriv/models/afid-32_desc-medium_model
    jobid: 193
    wildcards: afid_num=32, train_level=medium
    threads: 0
    resources: mem_mb=4000

[Sun Jul 26 18:25:09 2020]
rule coarseTrain:
    input: /media/veracrypt6/projects/autofids/data/OASIS/deriv/features
    output: /media/veracrypt6/projects/autofids/data/OASIS/deriv/models/afid-12_desc-fine_model
    jobid: 134
    wildcards: afid_num=12, train_level=fine
    threads: 0
    resources: mem_mb=4000

[Sun Jul 26 18:25:09 2020]
rule coarseTrain:
    input: /media/veracrypt6/projects/autofids/data/OASIS/deriv/features
    output: /media/veracrypt6/projects/autofids/data/OASIS/deriv/models/afid-22_desc-fine_model
    jobid: 164
    wildcards: afid_num=22, train_level=fine
    threads: 0
    resources: mem_mb=4000

[Sun Jul 26 18:25:09 2020]
rule coarseTrain:
    input: /media/veracrypt6/projects/autofids/data/OASIS/deriv/features
    output: /media/veracrypt6/projects/autofids/data/OASIS/deriv/models/afid-27_desc-fine_model
    jobid: 179
    wildcards: afid_num=27, train_level=fine
    threads: 0
    resources: mem_mb=4000

[Sun Jul 26 18:25:09 2020]
rule coarseTrain:
    input: /media/veracrypt6/projects/autofids/data/OASIS/deriv/features
    output: /media/veracrypt6/projects/autofids/data/OASIS/deriv/models/afid-32_desc-fine_model
    jobid: 194
    wildcards: afid_num=32, train_level=fine
    threads: 0
    resources: mem_mb=4000

[Sun Jul 26 18:25:09 2020]
rule coarseTrain:
    input: /media/veracrypt6/projects/autofids/data/OASIS/deriv/features
    output: /media/veracrypt6/projects/autofids/data/OASIS/deriv/models/afid-13_desc-coarse_model
    jobid: 135
    wildcards: afid_num=13, train_level=coarse
    threads: 0
    resources: mem_mb=4000

[Sun Jul 26 18:25:09 2020]
rule coarseTrain:
    input: /media/veracrypt6/projects/autofids/data/OASIS/deriv/features
    output: /media/veracrypt6/projects/autofids/data/OASIS/deriv/models/afid-23_desc-coarse_model
    jobid: 165
    wildcards: afid_num=23, train_level=coarse
    threads: 0
    resources: mem_mb=4000

[Sun Jul 26 18:25:09 2020]
rule coarseTrain:
    input: /media/veracrypt6/projects/autofids/data/OASIS/deriv/features
    output: /media/veracrypt6/projects/autofids/data/OASIS/deriv/models/afid-28_desc-coarse_model
    jobid: 180
    wildcards: afid_num=28, train_level=coarse
    threads: 0
    resources: mem_mb=4000

[Sun Jul 26 18:25:09 2020]
rule coarseTrain:
    input: /media/veracrypt6/projects/autofids/data/OASIS/deriv/features
    output: /media/veracrypt6/projects/autofids/data/OASIS/deriv/models/afid-13_desc-medium_model
    jobid: 136
    wildcards: afid_num=13, train_level=medium
    threads: 0
    resources: mem_mb=4000

[Sun Jul 26 18:25:09 2020]
rule coarseTrain:
    input: /media/veracrypt6/projects/autofids/data/OASIS/deriv/features
    output: /media/veracrypt6/projects/autofids/data/OASIS/deriv/models/afid-23_desc-medium_model
    jobid: 166
    wildcards: afid_num=23, train_level=medium
    threads: 0
    resources: mem_mb=4000

[Sun Jul 26 18:25:09 2020]
rule coarseTrain:
    input: /media/veracrypt6/projects/autofids/data/OASIS/deriv/features
    output: /media/veracrypt6/projects/autofids/data/OASIS/deriv/models/afid-28_desc-medium_model
    jobid: 181
    wildcards: afid_num=28, train_level=medium
    threads: 0
    resources: mem_mb=4000

[Sun Jul 26 18:25:09 2020]
rule coarseTrain:
    input: /media/veracrypt6/projects/autofids/data/OASIS/deriv/features
    output: /media/veracrypt6/projects/autofids/data/OASIS/deriv/models/afid-13_desc-fine_model
    jobid: 137
    wildcards: afid_num=13, train_level=fine
    threads: 0
    resources: mem_mb=4000

[Sun Jul 26 18:25:09 2020]
rule coarseTrain:
    input: /media/veracrypt6/projects/autofids/data/OASIS/deriv/features
    output: /media/veracrypt6/projects/autofids/data/OASIS/deriv/models/afid-23_desc-fine_model
    jobid: 167
    wildcards: afid_num=23, train_level=fine
    threads: 0
    resources: mem_mb=4000

[Sun Jul 26 18:25:09 2020]
rule coarseTrain:
    input: /media/veracrypt6/projects/autofids/data/OASIS/deriv/features
    output: /media/veracrypt6/projects/autofids/data/OASIS/deriv/models/afid-28_desc-fine_model
    jobid: 182
    wildcards: afid_num=28, train_level=fine
    threads: 0
    resources: mem_mb=4000

[Sun Jul 26 18:25:09 2020]
rule coarseTrain:
    input: /media/veracrypt6/projects/autofids/data/OASIS/deriv/features
    output: /media/veracrypt6/projects/autofids/data/OASIS/deriv/models/afid-14_desc-coarse_model
    jobid: 138
    wildcards: afid_num=14, train_level=coarse
    threads: 0
    resources: mem_mb=4000

[Sun Jul 26 18:25:09 2020]
rule coarseTrain:
    input: /media/veracrypt6/projects/autofids/data/OASIS/deriv/features
    output: /media/veracrypt6/projects/autofids/data/OASIS/deriv/models/afid-24_desc-coarse_model
    jobid: 168
    wildcards: afid_num=24, train_level=coarse
    threads: 0
    resources: mem_mb=4000

[Sun Jul 26 18:25:09 2020]
rule coarseTrain:
    input: /media/veracrypt6/projects/autofids/data/OASIS/deriv/features
    output: /media/veracrypt6/projects/autofids/data/OASIS/deriv/models/afid-29_desc-coarse_model
    jobid: 183
    wildcards: afid_num=29, train_level=coarse
    threads: 0
    resources: mem_mb=4000

[Sun Jul 26 18:25:09 2020]
rule coarseTrain:
    input: /media/veracrypt6/projects/autofids/data/OASIS/deriv/features
    output: /media/veracrypt6/projects/autofids/data/OASIS/deriv/models/afid-14_desc-medium_model
    jobid: 139
    wildcards: afid_num=14, train_level=medium
    threads: 0
    resources: mem_mb=4000

[Sun Jul 26 18:25:09 2020]
rule coarseTrain:
    input: /media/veracrypt6/projects/autofids/data/OASIS/deriv/features
    output: /media/veracrypt6/projects/autofids/data/OASIS/deriv/models/afid-24_desc-medium_model
    jobid: 169
    wildcards: afid_num=24, train_level=medium
    threads: 0
    resources: mem_mb=4000

[Sun Jul 26 18:25:09 2020]
rule coarseTrain:
    input: /media/veracrypt6/projects/autofids/data/OASIS/deriv/features
    output: /media/veracrypt6/projects/autofids/data/OASIS/deriv/models/afid-29_desc-medium_model
    jobid: 184
    wildcards: afid_num=29, train_level=medium
    threads: 0
    resources: mem_mb=4000

[Sun Jul 26 18:25:09 2020]
rule coarseTrain:
    input: /media/veracrypt6/projects/autofids/data/OASIS/deriv/features
    output: /media/veracrypt6/projects/autofids/data/OASIS/deriv/models/afid-14_desc-fine_model
    jobid: 140
    wildcards: afid_num=14, train_level=fine
    threads: 0
    resources: mem_mb=4000

[Sun Jul 26 18:25:09 2020]
rule coarseTrain:
    input: /media/veracrypt6/projects/autofids/data/OASIS/deriv/features
    output: /media/veracrypt6/projects/autofids/data/OASIS/deriv/models/afid-24_desc-fine_model
    jobid: 170
    wildcards: afid_num=24, train_level=fine
    threads: 0
    resources: mem_mb=4000

[Sun Jul 26 18:25:09 2020]
rule coarseTrain:
    input: /media/veracrypt6/projects/autofids/data/OASIS/deriv/features
    output: /media/veracrypt6/projects/autofids/data/OASIS/deriv/models/afid-29_desc-fine_model
    jobid: 185
    wildcards: afid_num=29, train_level=fine
    threads: 0
    resources: mem_mb=4000

[Sun Jul 26 18:25:09 2020]
rule coarseTrain:
    input: /media/veracrypt6/projects/autofids/data/OASIS/deriv/features
    output: /media/veracrypt6/projects/autofids/data/OASIS/deriv/models/afid-15_desc-coarse_model
    jobid: 141
    wildcards: afid_num=15, train_level=coarse
    threads: 0
    resources: mem_mb=4000

[Sun Jul 26 18:25:09 2020]
rule coarseTrain:
    input: /media/veracrypt6/projects/autofids/data/OASIS/deriv/features
    output: /media/veracrypt6/projects/autofids/data/OASIS/deriv/models/afid-25_desc-coarse_model
    jobid: 171
    wildcards: afid_num=25, train_level=coarse
    threads: 0
    resources: mem_mb=4000

[Sun Jul 26 18:25:09 2020]
rule coarseTrain:
    input: /media/veracrypt6/projects/autofids/data/OASIS/deriv/features
    output: /media/veracrypt6/projects/autofids/data/OASIS/deriv/models/afid-30_desc-coarse_model
    jobid: 186
    wildcards: afid_num=30, train_level=coarse
    threads: 0
    resources: mem_mb=4000

[Sun Jul 26 18:25:09 2020]
rule coarseTrain:
    input: /media/veracrypt6/projects/autofids/data/OASIS/deriv/features
    output: /media/veracrypt6/projects/autofids/data/OASIS/deriv/models/afid-15_desc-medium_model
    jobid: 142
    wildcards: afid_num=15, train_level=medium
    threads: 0
    resources: mem_mb=4000

[Sun Jul 26 18:25:09 2020]
rule coarseTrain:
    input: /media/veracrypt6/projects/autofids/data/OASIS/deriv/features
    output: /media/veracrypt6/projects/autofids/data/OASIS/deriv/models/afid-25_desc-medium_model
    jobid: 172
    wildcards: afid_num=25, train_level=medium
    threads: 0
    resources: mem_mb=4000

[Sun Jul 26 18:25:09 2020]
rule coarseTrain:
    input: /media/veracrypt6/projects/autofids/data/OASIS/deriv/features
    output: /media/veracrypt6/projects/autofids/data/OASIS/deriv/models/afid-30_desc-medium_model
    jobid: 187
    wildcards: afid_num=30, train_level=medium
    threads: 0
    resources: mem_mb=4000

[Sun Jul 26 18:25:09 2020]
rule coarseTrain:
    input: /media/veracrypt6/projects/autofids/data/OASIS/deriv/features
    output: /media/veracrypt6/projects/autofids/data/OASIS/deriv/models/afid-15_desc-fine_model
    jobid: 143
    wildcards: afid_num=15, train_level=fine
    threads: 0
    resources: mem_mb=4000

[Sun Jul 26 18:25:09 2020]
rule coarseTrain:
    input: /media/veracrypt6/projects/autofids/data/OASIS/deriv/features
    output: /media/veracrypt6/projects/autofids/data/OASIS/deriv/models/afid-25_desc-fine_model
    jobid: 173
    wildcards: afid_num=25, train_level=fine
    threads: 0
    resources: mem_mb=4000

[Sun Jul 26 18:25:09 2020]
rule coarseTrain:
    input: /media/veracrypt6/projects/autofids/data/OASIS/deriv/features
    output: /media/veracrypt6/projects/autofids/data/OASIS/deriv/models/afid-30_desc-fine_model
    jobid: 188
    wildcards: afid_num=30, train_level=fine
    threads: 0
    resources: mem_mb=4000

[Sun Jul 26 18:25:09 2020]
rule coarseTrain:
    input: /media/veracrypt6/projects/autofids/data/OASIS/deriv/features
    output: /media/veracrypt6/projects/autofids/data/OASIS/deriv/models/afid-01_desc-coarse_model
    jobid: 99
    wildcards: afid_num=01, train_level=coarse
    threads: 0
    resources: mem_mb=4000

[Sun Jul 26 18:25:09 2020]
rule coarseTrain:
    input: /media/veracrypt6/projects/autofids/data/OASIS/deriv/features
    output: /media/veracrypt6/projects/autofids/data/OASIS/deriv/models/afid-16_desc-coarse_model
    jobid: 144
    wildcards: afid_num=16, train_level=coarse
    threads: 0
    resources: mem_mb=4000

[Sun Jul 26 18:25:09 2020]
rule coarseTrain:
    input: /media/veracrypt6/projects/autofids/data/OASIS/deriv/features
    output: /media/veracrypt6/projects/autofids/data/OASIS/deriv/models/afid-26_desc-coarse_model
    jobid: 174
    wildcards: afid_num=26, train_level=coarse
    threads: 0
    resources: mem_mb=4000

[Sun Jul 26 18:25:09 2020]
rule coarseTrain:
    input: /media/veracrypt6/projects/autofids/data/OASIS/deriv/features
    output: /media/veracrypt6/projects/autofids/data/OASIS/deriv/models/afid-31_desc-coarse_model
    jobid: 189
    wildcards: afid_num=31, train_level=coarse
    threads: 0
    resources: mem_mb=4000

[Sun Jul 26 18:25:09 2020]
rule coarseTrain:
    input: /media/veracrypt6/projects/autofids/data/OASIS/deriv/features
    output: /media/veracrypt6/projects/autofids/data/OASIS/deriv/models/afid-01_desc-medium_model
    jobid: 100
    wildcards: afid_num=01, train_level=medium
    threads: 0
    resources: mem_mb=4000

[Sun Jul 26 18:25:09 2020]
rule coarseTrain:
    input: /media/veracrypt6/projects/autofids/data/OASIS/deriv/features
    output: /media/veracrypt6/projects/autofids/data/OASIS/deriv/models/afid-16_desc-medium_model
    jobid: 145
    wildcards: afid_num=16, train_level=medium
    threads: 0
    resources: mem_mb=4000

[Sun Jul 26 18:25:09 2020]
rule coarseTrain:
    input: /media/veracrypt6/projects/autofids/data/OASIS/deriv/features
    output: /media/veracrypt6/projects/autofids/data/OASIS/deriv/models/afid-26_desc-medium_model
    jobid: 175
    wildcards: afid_num=26, train_level=medium
    threads: 0
    resources: mem_mb=4000

[Sun Jul 26 18:25:09 2020]
rule coarseTrain:
    input: /media/veracrypt6/projects/autofids/data/OASIS/deriv/features
    output: /media/veracrypt6/projects/autofids/data/OASIS/deriv/models/afid-31_desc-medium_model
    jobid: 190
    wildcards: afid_num=31, train_level=medium
    threads: 0
    resources: mem_mb=4000

[Sun Jul 26 18:25:09 2020]
rule coarseTrain:
    input: /media/veracrypt6/projects/autofids/data/OASIS/deriv/features
    output: /media/veracrypt6/projects/autofids/data/OASIS/deriv/models/afid-01_desc-fine_model
    jobid: 101
    wildcards: afid_num=01, train_level=fine
    threads: 0
    resources: mem_mb=4000

[Sun Jul 26 18:25:09 2020]
rule coarseTrain:
    input: /media/veracrypt6/projects/autofids/data/OASIS/deriv/features
    output: /media/veracrypt6/projects/autofids/data/OASIS/deriv/models/afid-16_desc-fine_model
    jobid: 146
    wildcards: afid_num=16, train_level=fine
    threads: 0
    resources: mem_mb=4000

[Sun Jul 26 18:25:09 2020]
rule coarseTrain:
    input: /media/veracrypt6/projects/autofids/data/OASIS/deriv/features
    output: /media/veracrypt6/projects/autofids/data/OASIS/deriv/models/afid-26_desc-fine_model
    jobid: 176
    wildcards: afid_num=26, train_level=fine
    threads: 0
    resources: mem_mb=4000

[Sun Jul 26 18:25:09 2020]
rule coarseTrain:
    input: /media/veracrypt6/projects/autofids/data/OASIS/deriv/features
    output: /media/veracrypt6/projects/autofids/data/OASIS/deriv/models/afid-31_desc-fine_model
    jobid: 191
    wildcards: afid_num=31, train_level=fine
    threads: 0
    resources: mem_mb=4000

[Sun Jul 26 18:25:09 2020]
rule coarseTrain:
    input: /media/veracrypt6/projects/autofids/data/OASIS/deriv/features
    output: /media/veracrypt6/projects/autofids/data/OASIS/deriv/models/afid-02_desc-coarse_model
    jobid: 102
    wildcards: afid_num=02, train_level=coarse
    threads: 0
    resources: mem_mb=4000

[Sun Jul 26 18:25:09 2020]
rule coarseTrain:
    input: /media/veracrypt6/projects/autofids/data/OASIS/deriv/features
    output: /media/veracrypt6/projects/autofids/data/OASIS/deriv/models/afid-17_desc-coarse_model
    jobid: 147
    wildcards: afid_num=17, train_level=coarse
    threads: 0
    resources: mem_mb=4000

[Sun Jul 26 18:25:09 2020]
rule coarseTrain:
    input: /media/veracrypt6/projects/autofids/data/OASIS/deriv/features
    output: /media/veracrypt6/projects/autofids/data/OASIS/deriv/models/afid-27_desc-coarse_model
    jobid: 177
    wildcards: afid_num=27, train_level=coarse
    threads: 0
    resources: mem_mb=4000

[Sun Jul 26 18:25:09 2020]
rule coarseTrain:
    input: /media/veracrypt6/projects/autofids/data/OASIS/deriv/features
    output: /media/veracrypt6/projects/autofids/data/OASIS/deriv/models/afid-32_desc-coarse_model
    jobid: 192
    wildcards: afid_num=32, train_level=coarse
    threads: 0
    resources: mem_mb=4000

[Sun Jul 26 18:25:10 2020]
Error in rule coarseTrain:
    jobid: 148
    output: /media/veracrypt6/projects/autofids/data/OASIS/deriv/models/afid-17_desc-medium_model

RuleException:
CalledProcessError in line 26 of /home/greydon/Documents/GitHub/Auto-afids/workflow/rules/modelTraining.smk:
Command 'set -euo pipefail;  /usr/bin/python3 /home/greydon/Documents/GitHub/Auto-afids/.snakemake/scripts/tmpx12tkn4p.train.py' returned non-zero exit status 1.
  File "/home/greydon/.local/lib/python3.8/site-packages/snakemake/executors/__init__.py", line 2168, in run_wrapper
  File "/home/greydon/Documents/GitHub/Auto-afids/workflow/rules/modelTraining.smk", line 26, in __rule_coarseTrain
  File "/home/greydon/.local/lib/python3.8/site-packages/snakemake/executors/__init__.py", line 529, in _callback
  File "/usr/lib/python3.8/concurrent/futures/thread.py", line 57, in run
  File "/home/greydon/.local/lib/python3.8/site-packages/snakemake/executors/__init__.py", line 515, in cached_or_run
  File "/home/greydon/.local/lib/python3.8/site-packages/snakemake/executors/__init__.py", line 2199, in run_wrapper
[Sun Jul 26 18:25:10 2020]
Error in rule coarseTrain:
    jobid: 149
    output: /media/veracrypt6/projects/autofids/data/OASIS/deriv/models/afid-17_desc-fine_model

RuleException:
CalledProcessError in line 26 of /home/greydon/Documents/GitHub/Auto-afids/workflow/rules/modelTraining.smk:
Command 'set -euo pipefail;  /usr/bin/python3 /home/greydon/Documents/GitHub/Auto-afids/.snakemake/scripts/tmprydduk_2.train.py' returned non-zero exit status 1.
  File "/home/greydon/.local/lib/python3.8/site-packages/snakemake/executors/__init__.py", line 2168, in run_wrapper
  File "/home/greydon/Documents/GitHub/Auto-afids/workflow/rules/modelTraining.smk", line 26, in __rule_coarseTrain
  File "/home/greydon/.local/lib/python3.8/site-packages/snakemake/executors/__init__.py", line 529, in _callback
  File "/usr/lib/python3.8/concurrent/futures/thread.py", line 57, in run
  File "/home/greydon/.local/lib/python3.8/site-packages/snakemake/executors/__init__.py", line 515, in cached_or_run
  File "/home/greydon/.local/lib/python3.8/site-packages/snakemake/executors/__init__.py", line 2199, in run_wrapper
[Sun Jul 26 18:25:10 2020]
Error in rule coarseTrain:
    jobid: 103
    output: /media/veracrypt6/projects/autofids/data/OASIS/deriv/models/afid-02_desc-medium_model

RuleException:
CalledProcessError in line 26 of /home/greydon/Documents/GitHub/Auto-afids/workflow/rules/modelTraining.smk:
Command 'set -euo pipefail;  /usr/bin/python3 /home/greydon/Documents/GitHub/Auto-afids/.snakemake/scripts/tmpawjfknkt.train.py' returned non-zero exit status 1.
  File "/home/greydon/.local/lib/python3.8/site-packages/snakemake/executors/__init__.py", line 2168, in run_wrapper
  File "/home/greydon/Documents/GitHub/Auto-afids/workflow/rules/modelTraining.smk", line 26, in __rule_coarseTrain
  File "/home/greydon/.local/lib/python3.8/site-packages/snakemake/executors/__init__.py", line 529, in _callback
  File "/usr/lib/python3.8/concurrent/futures/thread.py", line 57, in run
  File "/home/greydon/.local/lib/python3.8/site-packages/snakemake/executors/__init__.py", line 515, in cached_or_run
  File "/home/greydon/.local/lib/python3.8/site-packages/snakemake/executors/__init__.py", line 2199, in run_wrapper
[Sun Jul 26 18:25:10 2020]
Error in rule coarseTrain:
    jobid: 104
    output: /media/veracrypt6/projects/autofids/data/OASIS/deriv/models/afid-02_desc-fine_model

RuleException:
CalledProcessError in line 26 of /home/greydon/Documents/GitHub/Auto-afids/workflow/rules/modelTraining.smk:
Command 'set -euo pipefail;  /usr/bin/python3 /home/greydon/Documents/GitHub/Auto-afids/.snakemake/scripts/tmpcdekj6nt.train.py' returned non-zero exit status 1.
  File "/home/greydon/.local/lib/python3.8/site-packages/snakemake/executors/__init__.py", line 2168, in run_wrapper
  File "/home/greydon/Documents/GitHub/Auto-afids/workflow/rules/modelTraining.smk", line 26, in __rule_coarseTrain
  File "/home/greydon/.local/lib/python3.8/site-packages/snakemake/executors/__init__.py", line 529, in _callback
  File "/usr/lib/python3.8/concurrent/futures/thread.py", line 57, in run
  File "/home/greydon/.local/lib/python3.8/site-packages/snakemake/executors/__init__.py", line 515, in cached_or_run
  File "/home/greydon/.local/lib/python3.8/site-packages/snakemake/executors/__init__.py", line 2199, in run_wrapper
[Sun Jul 26 18:25:10 2020]
Error in rule coarseTrain:
    jobid: 118
    output: /media/veracrypt6/projects/autofids/data/OASIS/deriv/models/afid-07_desc-medium_model

RuleException:
CalledProcessError in line 26 of /home/greydon/Documents/GitHub/Auto-afids/workflow/rules/modelTraining.smk:
Command 'set -euo pipefail;  /usr/bin/python3 /home/greydon/Documents/GitHub/Auto-afids/.snakemake/scripts/tmp6tbo707h.train.py' returned non-zero exit status 1.
  File "/home/greydon/.local/lib/python3.8/site-packages/snakemake/executors/__init__.py", line 2168, in run_wrapper
  File "/home/greydon/Documents/GitHub/Auto-afids/workflow/rules/modelTraining.smk", line 26, in __rule_coarseTrain
  File "/home/greydon/.local/lib/python3.8/site-packages/snakemake/executors/__init__.py", line 529, in _callback
  File "/usr/lib/python3.8/concurrent/futures/thread.py", line 57, in run
  File "/home/greydon/.local/lib/python3.8/site-packages/snakemake/executors/__init__.py", line 515, in cached_or_run
  File "/home/greydon/.local/lib/python3.8/site-packages/snakemake/executors/__init__.py", line 2199, in run_wrapper
[Sun Jul 26 18:25:11 2020]
Error in rule coarseTrain:
    jobid: 106
    output: /media/veracrypt6/projects/autofids/data/OASIS/deriv/models/afid-03_desc-medium_model

RuleException:
CalledProcessError in line 26 of /home/greydon/Documents/GitHub/Auto-afids/workflow/rules/modelTraining.smk:
Command 'set -euo pipefail;  /usr/bin/python3 /home/greydon/Documents/GitHub/Auto-afids/.snakemake/scripts/tmp03mxuvfn.train.py' returned non-zero exit status 1.
  File "/home/greydon/.local/lib/python3.8/site-packages/snakemake/executors/__init__.py", line 2168, in run_wrapper
  File "/home/greydon/Documents/GitHub/Auto-afids/workflow/rules/modelTraining.smk", line 26, in __rule_coarseTrain
  File "/home/greydon/.local/lib/python3.8/site-packages/snakemake/executors/__init__.py", line 529, in _callback
  File "/usr/lib/python3.8/concurrent/futures/thread.py", line 57, in run
  File "/home/greydon/.local/lib/python3.8/site-packages/snakemake/executors/__init__.py", line 515, in cached_or_run
  File "/home/greydon/.local/lib/python3.8/site-packages/snakemake/executors/__init__.py", line 2199, in run_wrapper
[Sun Jul 26 18:25:11 2020]
Error in rule coarseTrain:
    jobid: 150
    output: /media/veracrypt6/projects/autofids/data/OASIS/deriv/models/afid-18_desc-coarse_model

RuleException:
CalledProcessError in line 26 of /home/greydon/Documents/GitHub/Auto-afids/workflow/rules/modelTraining.smk:
Command 'set -euo pipefail;  /usr/bin/python3 /home/greydon/Documents/GitHub/Auto-afids/.snakemake/scripts/tmpwfabjs_4.train.py' returned non-zero exit status 1.
  File "/home/greydon/.local/lib/python3.8/site-packages/snakemake/executors/__init__.py", line 2168, in run_wrapper
  File "/home/greydon/Documents/GitHub/Auto-afids/workflow/rules/modelTraining.smk", line 26, in __rule_coarseTrain
  File "/home/greydon/.local/lib/python3.8/site-packages/snakemake/executors/__init__.py", line 529, in _callback
  File "/usr/lib/python3.8/concurrent/futures/thread.py", line 57, in run
  File "/home/greydon/.local/lib/python3.8/site-packages/snakemake/executors/__init__.py", line 515, in cached_or_run
  File "/home/greydon/.local/lib/python3.8/site-packages/snakemake/executors/__init__.py", line 2199, in run_wrapper
[Sun Jul 26 18:25:11 2020]
Error in rule coarseTrain:
    jobid: 120
    output: /media/veracrypt6/projects/autofids/data/OASIS/deriv/models/afid-08_desc-coarse_model

RuleException:
CalledProcessError in line 26 of /home/greydon/Documents/GitHub/Auto-afids/workflow/rules/modelTraining.smk:
Command 'set -euo pipefail;  /usr/bin/python3 /home/greydon/Documents/GitHub/Auto-afids/.snakemake/scripts/tmppencd7gi.train.py' returned non-zero exit status 1.
  File "/home/greydon/.local/lib/python3.8/site-packages/snakemake/executors/__init__.py", line 2168, in run_wrapper
  File "/home/greydon/Documents/GitHub/Auto-afids/workflow/rules/modelTraining.smk", line 26, in __rule_coarseTrain
  File "/home/greydon/.local/lib/python3.8/site-packages/snakemake/executors/__init__.py", line 529, in _callback
  File "/usr/lib/python3.8/concurrent/futures/thread.py", line 57, in run
  File "/home/greydon/.local/lib/python3.8/site-packages/snakemake/executors/__init__.py", line 515, in cached_or_run
  File "/home/greydon/.local/lib/python3.8/site-packages/snakemake/executors/__init__.py", line 2199, in run_wrapper
[Sun Jul 26 18:25:11 2020]
Error in rule coarseTrain:
    jobid: 105
    output: /media/veracrypt6/projects/autofids/data/OASIS/deriv/models/afid-03_desc-coarse_model

RuleException:
CalledProcessError in line 26 of /home/greydon/Documents/GitHub/Auto-afids/workflow/rules/modelTraining.smk:
Command 'set -euo pipefail;  /usr/bin/python3 /home/greydon/Documents/GitHub/Auto-afids/.snakemake/scripts/tmp4vqshiae.train.py' returned non-zero exit status 1.
  File "/home/greydon/.local/lib/python3.8/site-packages/snakemake/executors/__init__.py", line 2168, in run_wrapper
  File "/home/greydon/Documents/GitHub/Auto-afids/workflow/rules/modelTraining.smk", line 26, in __rule_coarseTrain
  File "/home/greydon/.local/lib/python3.8/site-packages/snakemake/executors/__init__.py", line 529, in _callback
  File "/usr/lib/python3.8/concurrent/futures/thread.py", line 57, in run
  File "/home/greydon/.local/lib/python3.8/site-packages/snakemake/executors/__init__.py", line 515, in cached_or_run
  File "/home/greydon/.local/lib/python3.8/site-packages/snakemake/executors/__init__.py", line 2199, in run_wrapper
[Sun Jul 26 18:25:11 2020]
Error in rule coarseTrain:
    jobid: 121
    output: /media/veracrypt6/projects/autofids/data/OASIS/deriv/models/afid-08_desc-medium_model

RuleException:
CalledProcessError in line 26 of /home/greydon/Documents/GitHub/Auto-afids/workflow/rules/modelTraining.smk:
Command 'set -euo pipefail;  /usr/bin/python3 /home/greydon/Documents/GitHub/Auto-afids/.snakemake/scripts/tmpp1mgl1q6.train.py' returned non-zero exit status 1.
  File "/home/greydon/.local/lib/python3.8/site-packages/snakemake/executors/__init__.py", line 2168, in run_wrapper
  File "/home/greydon/Documents/GitHub/Auto-afids/workflow/rules/modelTraining.smk", line 26, in __rule_coarseTrain
  File "/home/greydon/.local/lib/python3.8/site-packages/snakemake/executors/__init__.py", line 529, in _callback
  File "/usr/lib/python3.8/concurrent/futures/thread.py", line 57, in run
  File "/home/greydon/.local/lib/python3.8/site-packages/snakemake/executors/__init__.py", line 515, in cached_or_run
  File "/home/greydon/.local/lib/python3.8/site-packages/snakemake/executors/__init__.py", line 2199, in run_wrapper
[Sun Jul 26 18:25:11 2020]
Error in rule coarseTrain:
    jobid: 151
    output: /media/veracrypt6/projects/autofids/data/OASIS/deriv/models/afid-18_desc-medium_model

RuleException:
CalledProcessError in line 26 of /home/greydon/Documents/GitHub/Auto-afids/workflow/rules/modelTraining.smk:
Command 'set -euo pipefail;  /usr/bin/python3 /home/greydon/Documents/GitHub/Auto-afids/.snakemake/scripts/tmpytxodvsi.train.py' returned non-zero exit status 1.
  File "/home/greydon/.local/lib/python3.8/site-packages/snakemake/executors/__init__.py", line 2168, in run_wrapper
  File "/home/greydon/Documents/GitHub/Auto-afids/workflow/rules/modelTraining.smk", line 26, in __rule_coarseTrain
  File "/home/greydon/.local/lib/python3.8/site-packages/snakemake/executors/__init__.py", line 529, in _callback
  File "/usr/lib/python3.8/concurrent/futures/thread.py", line 57, in run
  File "/home/greydon/.local/lib/python3.8/site-packages/snakemake/executors/__init__.py", line 515, in cached_or_run
  File "/home/greydon/.local/lib/python3.8/site-packages/snakemake/executors/__init__.py", line 2199, in run_wrapper
[Sun Jul 26 18:25:12 2020]
Error in rule coarseTrain:
    jobid: 107
    output: /media/veracrypt6/projects/autofids/data/OASIS/deriv/models/afid-03_desc-fine_model

RuleException:
CalledProcessError in line 26 of /home/greydon/Documents/GitHub/Auto-afids/workflow/rules/modelTraining.smk:
Command 'set -euo pipefail;  /usr/bin/python3 /home/greydon/Documents/GitHub/Auto-afids/.snakemake/scripts/tmp9umsof6r.train.py' returned non-zero exit status 1.
  File "/home/greydon/.local/lib/python3.8/site-packages/snakemake/executors/__init__.py", line 2168, in run_wrapper
  File "/home/greydon/Documents/GitHub/Auto-afids/workflow/rules/modelTraining.smk", line 26, in __rule_coarseTrain
  File "/home/greydon/.local/lib/python3.8/site-packages/snakemake/executors/__init__.py", line 529, in _callback
  File "/usr/lib/python3.8/concurrent/futures/thread.py", line 57, in run
  File "/home/greydon/.local/lib/python3.8/site-packages/snakemake/executors/__init__.py", line 515, in cached_or_run
  File "/home/greydon/.local/lib/python3.8/site-packages/snakemake/executors/__init__.py", line 2199, in run_wrapper
[Sun Jul 26 18:25:12 2020]
Error in rule coarseTrain:
    jobid: 152
    output: /media/veracrypt6/projects/autofids/data/OASIS/deriv/models/afid-18_desc-fine_model

RuleException:
CalledProcessError in line 26 of /home/greydon/Documents/GitHub/Auto-afids/workflow/rules/modelTraining.smk:
Command 'set -euo pipefail;  /usr/bin/python3 /home/greydon/Documents/GitHub/Auto-afids/.snakemake/scripts/tmpxjr9r8sj.train.py' returned non-zero exit status 1.
  File "/home/greydon/.local/lib/python3.8/site-packages/snakemake/executors/__init__.py", line 2168, in run_wrapper
  File "/home/greydon/Documents/GitHub/Auto-afids/workflow/rules/modelTraining.smk", line 26, in __rule_coarseTrain
  File "/home/greydon/.local/lib/python3.8/site-packages/snakemake/executors/__init__.py", line 529, in _callback
  File "/usr/lib/python3.8/concurrent/futures/thread.py", line 57, in run
  File "/home/greydon/.local/lib/python3.8/site-packages/snakemake/executors/__init__.py", line 515, in cached_or_run
  File "/home/greydon/.local/lib/python3.8/site-packages/snakemake/executors/__init__.py", line 2199, in run_wrapper
[Sun Jul 26 18:25:12 2020]
Error in rule coarseTrain:
    jobid: 108
    output: /media/veracrypt6/projects/autofids/data/OASIS/deriv/models/afid-04_desc-coarse_model

RuleException:
CalledProcessError in line 26 of /home/greydon/Documents/GitHub/Auto-afids/workflow/rules/modelTraining.smk:
Command 'set -euo pipefail;  /usr/bin/python3 /home/greydon/Documents/GitHub/Auto-afids/.snakemake/scripts/tmpxgtgcw0b.train.py' returned non-zero exit status 1.
  File "/home/greydon/.local/lib/python3.8/site-packages/snakemake/executors/__init__.py", line 2168, in run_wrapper
  File "/home/greydon/Documents/GitHub/Auto-afids/workflow/rules/modelTraining.smk", line 26, in __rule_coarseTrain
  File "/home/greydon/.local/lib/python3.8/site-packages/snakemake/executors/__init__.py", line 529, in _callback
  File "/usr/lib/python3.8/concurrent/futures/thread.py", line 57, in run
  File "/home/greydon/.local/lib/python3.8/site-packages/snakemake/executors/__init__.py", line 515, in cached_or_run
  File "/home/greydon/.local/lib/python3.8/site-packages/snakemake/executors/__init__.py", line 2199, in run_wrapper
[Sun Jul 26 18:25:13 2020]
Error in rule coarseTrain:
    jobid: 123
    output: /media/veracrypt6/projects/autofids/data/OASIS/deriv/models/afid-09_desc-coarse_model

RuleException:
CalledProcessError in line 26 of /home/greydon/Documents/GitHub/Auto-afids/workflow/rules/modelTraining.smk:
Command 'set -euo pipefail;  /usr/bin/python3 /home/greydon/Documents/GitHub/Auto-afids/.snakemake/scripts/tmp_8746fo5.train.py' returned non-zero exit status 1.
  File "/home/greydon/.local/lib/python3.8/site-packages/snakemake/executors/__init__.py", line 2168, in run_wrapper
  File "/home/greydon/Documents/GitHub/Auto-afids/workflow/rules/modelTraining.smk", line 26, in __rule_coarseTrain
  File "/home/greydon/.local/lib/python3.8/site-packages/snakemake/executors/__init__.py", line 529, in _callback
  File "/usr/lib/python3.8/concurrent/futures/thread.py", line 57, in run
  File "/home/greydon/.local/lib/python3.8/site-packages/snakemake/executors/__init__.py", line 515, in cached_or_run
  File "/home/greydon/.local/lib/python3.8/site-packages/snakemake/executors/__init__.py", line 2199, in run_wrapper
[Sun Jul 26 18:25:13 2020]
Error in rule coarseTrain:
    jobid: 153
    output: /media/veracrypt6/projects/autofids/data/OASIS/deriv/models/afid-19_desc-coarse_model

RuleException:
CalledProcessError in line 26 of /home/greydon/Documents/GitHub/Auto-afids/workflow/rules/modelTraining.smk:
Command 'set -euo pipefail;  /usr/bin/python3 /home/greydon/Documents/GitHub/Auto-afids/.snakemake/scripts/tmpx3df8j_y.train.py' returned non-zero exit status 1.
  File "/home/greydon/.local/lib/python3.8/site-packages/snakemake/executors/__init__.py", line 2168, in run_wrapper
  File "/home/greydon/Documents/GitHub/Auto-afids/workflow/rules/modelTraining.smk", line 26, in __rule_coarseTrain
  File "/home/greydon/.local/lib/python3.8/site-packages/snakemake/executors/__init__.py", line 529, in _callback
  File "/usr/lib/python3.8/concurrent/futures/thread.py", line 57, in run
  File "/home/greydon/.local/lib/python3.8/site-packages/snakemake/executors/__init__.py", line 515, in cached_or_run
  File "/home/greydon/.local/lib/python3.8/site-packages/snakemake/executors/__init__.py", line 2199, in run_wrapper
[Sun Jul 26 18:25:13 2020]
Finished job 119.
1 of 195 steps (0.51%) done
[Sun Jul 26 18:25:13 2020]
Error in rule coarseTrain:
    jobid: 124
    output: /media/veracrypt6/projects/autofids/data/OASIS/deriv/models/afid-09_desc-medium_model

[Sun Jul 26 18:25:13 2020]
Error in rule coarseTrain:
    jobid: 109
    output: /media/veracrypt6/projects/autofids/data/OASIS/deriv/models/afid-04_desc-medium_model

RuleException:
CalledProcessError in line 26 of /home/greydon/Documents/GitHub/Auto-afids/workflow/rules/modelTraining.smk:
Command 'set -euo pipefail;  /usr/bin/python3 /home/greydon/Documents/GitHub/Auto-afids/.snakemake/scripts/tmpzcyd50ba.train.py' returned non-zero exit status 1.
  File "/home/greydon/.local/lib/python3.8/site-packages/snakemake/executors/__init__.py", line 2168, in run_wrapper
  File "/home/greydon/Documents/GitHub/Auto-afids/workflow/rules/modelTraining.smk", line 26, in __rule_coarseTrain
  File "/home/greydon/.local/lib/python3.8/site-packages/snakemake/executors/__init__.py", line 529, in _callback
  File "/usr/lib/python3.8/concurrent/futures/thread.py", line 57, in run
  File "/home/greydon/.local/lib/python3.8/site-packages/snakemake/executors/__init__.py", line 515, in cached_or_run
  File "/home/greydon/.local/lib/python3.8/site-packages/snakemake/executors/__init__.py", line 2199, in run_wrapper
RuleException:
CalledProcessError in line 26 of /home/greydon/Documents/GitHub/Auto-afids/workflow/rules/modelTraining.smk:
Command 'set -euo pipefail;  /usr/bin/python3 /home/greydon/Documents/GitHub/Auto-afids/.snakemake/scripts/tmp9l1wenrt.train.py' returned non-zero exit status 1.
  File "/home/greydon/.local/lib/python3.8/site-packages/snakemake/executors/__init__.py", line 2168, in run_wrapper
  File "/home/greydon/Documents/GitHub/Auto-afids/workflow/rules/modelTraining.smk", line 26, in __rule_coarseTrain
  File "/home/greydon/.local/lib/python3.8/site-packages/snakemake/executors/__init__.py", line 529, in _callback
  File "/usr/lib/python3.8/concurrent/futures/thread.py", line 57, in run
  File "/home/greydon/.local/lib/python3.8/site-packages/snakemake/executors/__init__.py", line 515, in cached_or_run
  File "/home/greydon/.local/lib/python3.8/site-packages/snakemake/executors/__init__.py", line 2199, in run_wrapper
[Sun Jul 26 18:25:14 2020]
Error in rule coarseTrain:
    jobid: 154
    output: /media/veracrypt6/projects/autofids/data/OASIS/deriv/models/afid-19_desc-medium_model

RuleException:
CalledProcessError in line 26 of /home/greydon/Documents/GitHub/Auto-afids/workflow/rules/modelTraining.smk:
Command 'set -euo pipefail;  /usr/bin/python3 /home/greydon/Documents/GitHub/Auto-afids/.snakemake/scripts/tmphyb1way0.train.py' returned non-zero exit status 1.
  File "/home/greydon/.local/lib/python3.8/site-packages/snakemake/executors/__init__.py", line 2168, in run_wrapper
  File "/home/greydon/Documents/GitHub/Auto-afids/workflow/rules/modelTraining.smk", line 26, in __rule_coarseTrain
  File "/home/greydon/.local/lib/python3.8/site-packages/snakemake/executors/__init__.py", line 529, in _callback
  File "/usr/lib/python3.8/concurrent/futures/thread.py", line 57, in run
  File "/home/greydon/.local/lib/python3.8/site-packages/snakemake/executors/__init__.py", line 515, in cached_or_run
  File "/home/greydon/.local/lib/python3.8/site-packages/snakemake/executors/__init__.py", line 2199, in run_wrapper
[Sun Jul 26 18:25:14 2020]
Error in rule coarseTrain:
    jobid: 110
    output: /media/veracrypt6/projects/autofids/data/OASIS/deriv/models/afid-04_desc-fine_model

RuleException:
CalledProcessError in line 26 of /home/greydon/Documents/GitHub/Auto-afids/workflow/rules/modelTraining.smk:
Command 'set -euo pipefail;  /usr/bin/python3 /home/greydon/Documents/GitHub/Auto-afids/.snakemake/scripts/tmpzzjxt5p8.train.py' returned non-zero exit status 1.
  File "/home/greydon/.local/lib/python3.8/site-packages/snakemake/executors/__init__.py", line 2168, in run_wrapper
  File "/home/greydon/Documents/GitHub/Auto-afids/workflow/rules/modelTraining.smk", line 26, in __rule_coarseTrain
  File "/home/greydon/.local/lib/python3.8/site-packages/snakemake/executors/__init__.py", line 529, in _callback
  File "/usr/lib/python3.8/concurrent/futures/thread.py", line 57, in run
  File "/home/greydon/.local/lib/python3.8/site-packages/snakemake/executors/__init__.py", line 515, in cached_or_run
  File "/home/greydon/.local/lib/python3.8/site-packages/snakemake/executors/__init__.py", line 2199, in run_wrapper
[Sun Jul 26 18:25:14 2020]
Error in rule coarseTrain:
    jobid: 111
    output: /media/veracrypt6/projects/autofids/data/OASIS/deriv/models/afid-05_desc-coarse_model

RuleException:
CalledProcessError in line 26 of /home/greydon/Documents/GitHub/Auto-afids/workflow/rules/modelTraining.smk:
Command 'set -euo pipefail;  /usr/bin/python3 /home/greydon/Documents/GitHub/Auto-afids/.snakemake/scripts/tmpb925y9_x.train.py' returned non-zero exit status 1.
  File "/home/greydon/.local/lib/python3.8/site-packages/snakemake/executors/__init__.py", line 2168, in run_wrapper
  File "/home/greydon/Documents/GitHub/Auto-afids/workflow/rules/modelTraining.smk", line 26, in __rule_coarseTrain
  File "/home/greydon/.local/lib/python3.8/site-packages/snakemake/executors/__init__.py", line 529, in _callback
  File "/usr/lib/python3.8/concurrent/futures/thread.py", line 57, in run
  File "/home/greydon/.local/lib/python3.8/site-packages/snakemake/executors/__init__.py", line 515, in cached_or_run
  File "/home/greydon/.local/lib/python3.8/site-packages/snakemake/executors/__init__.py", line 2199, in run_wrapper
[Sun Jul 26 18:25:15 2020]
Error in rule coarseTrain:
    jobid: 125
    output: /media/veracrypt6/projects/autofids/data/OASIS/deriv/models/afid-09_desc-fine_model

RuleException:
CalledProcessError in line 26 of /home/greydon/Documents/GitHub/Auto-afids/workflow/rules/modelTraining.smk:
Command 'set -euo pipefail;  /usr/bin/python3 /home/greydon/Documents/GitHub/Auto-afids/.snakemake/scripts/tmp8occ0yik.train.py' returned non-zero exit status 1.
  File "/home/greydon/.local/lib/python3.8/site-packages/snakemake/executors/__init__.py", line 2168, in run_wrapper
  File "/home/greydon/Documents/GitHub/Auto-afids/workflow/rules/modelTraining.smk", line 26, in __rule_coarseTrain
  File "/home/greydon/.local/lib/python3.8/site-packages/snakemake/executors/__init__.py", line 529, in _callback
  File "/usr/lib/python3.8/concurrent/futures/thread.py", line 57, in run
  File "/home/greydon/.local/lib/python3.8/site-packages/snakemake/executors/__init__.py", line 515, in cached_or_run
  File "/home/greydon/.local/lib/python3.8/site-packages/snakemake/executors/__init__.py", line 2199, in run_wrapper
[Sun Jul 26 18:25:15 2020]
Error in rule coarseTrain:
    jobid: 155
    output: /media/veracrypt6/projects/autofids/data/OASIS/deriv/models/afid-19_desc-fine_model

RuleException:
CalledProcessError in line 26 of /home/greydon/Documents/GitHub/Auto-afids/workflow/rules/modelTraining.smk:
Command 'set -euo pipefail;  /usr/bin/python3 /home/greydon/Documents/GitHub/Auto-afids/.snakemake/scripts/tmpa8cel5qu.train.py' returned non-zero exit status 1.
  File "/home/greydon/.local/lib/python3.8/site-packages/snakemake/executors/__init__.py", line 2168, in run_wrapper
  File "/home/greydon/Documents/GitHub/Auto-afids/workflow/rules/modelTraining.smk", line 26, in __rule_coarseTrain
  File "/home/greydon/.local/lib/python3.8/site-packages/snakemake/executors/__init__.py", line 529, in _callback
  File "/usr/lib/python3.8/concurrent/futures/thread.py", line 57, in run
  File "/home/greydon/.local/lib/python3.8/site-packages/snakemake/executors/__init__.py", line 515, in cached_or_run
  File "/home/greydon/.local/lib/python3.8/site-packages/snakemake/executors/__init__.py", line 2199, in run_wrapper
[Sun Jul 26 18:25:15 2020]
Error in rule coarseTrain:
    jobid: 126
    output: /media/veracrypt6/projects/autofids/data/OASIS/deriv/models/afid-10_desc-coarse_model

RuleException:
CalledProcessError in line 26 of /home/greydon/Documents/GitHub/Auto-afids/workflow/rules/modelTraining.smk:
Command 'set -euo pipefail;  /usr/bin/python3 /home/greydon/Documents/GitHub/Auto-afids/.snakemake/scripts/tmp_1iryjpm.train.py' returned non-zero exit status 1.
  File "/home/greydon/.local/lib/python3.8/site-packages/snakemake/executors/__init__.py", line 2168, in run_wrapper
  File "/home/greydon/Documents/GitHub/Auto-afids/workflow/rules/modelTraining.smk", line 26, in __rule_coarseTrain
  File "/home/greydon/.local/lib/python3.8/site-packages/snakemake/executors/__init__.py", line 529, in _callback
  File "/usr/lib/python3.8/concurrent/futures/thread.py", line 57, in run
  File "/home/greydon/.local/lib/python3.8/site-packages/snakemake/executors/__init__.py", line 515, in cached_or_run
  File "/home/greydon/.local/lib/python3.8/site-packages/snakemake/executors/__init__.py", line 2199, in run_wrapper
[Sun Jul 26 18:25:15 2020]
Error in rule coarseTrain:
    jobid: 112
    output: /media/veracrypt6/projects/autofids/data/OASIS/deriv/models/afid-05_desc-medium_model

RuleException:
CalledProcessError in line 26 of /home/greydon/Documents/GitHub/Auto-afids/workflow/rules/modelTraining.smk:
Command 'set -euo pipefail;  /usr/bin/python3 /home/greydon/Documents/GitHub/Auto-afids/.snakemake/scripts/tmpuji2c_8w.train.py' returned non-zero exit status 1.
  File "/home/greydon/.local/lib/python3.8/site-packages/snakemake/executors/__init__.py", line 2168, in run_wrapper
  File "/home/greydon/Documents/GitHub/Auto-afids/workflow/rules/modelTraining.smk", line 26, in __rule_coarseTrain
  File "/home/greydon/.local/lib/python3.8/site-packages/snakemake/executors/__init__.py", line 529, in _callback
  File "/usr/lib/python3.8/concurrent/futures/thread.py", line 57, in run
  File "/home/greydon/.local/lib/python3.8/site-packages/snakemake/executors/__init__.py", line 515, in cached_or_run
  File "/home/greydon/.local/lib/python3.8/site-packages/snakemake/executors/__init__.py", line 2199, in run_wrapper
[Sun Jul 26 18:25:15 2020]
Error in rule coarseTrain:
    jobid: 156
    output: /media/veracrypt6/projects/autofids/data/OASIS/deriv/models/afid-20_desc-coarse_model

RuleException:
CalledProcessError in line 26 of /home/greydon/Documents/GitHub/Auto-afids/workflow/rules/modelTraining.smk:
Command 'set -euo pipefail;  /usr/bin/python3 /home/greydon/Documents/GitHub/Auto-afids/.snakemake/scripts/tmpxunphj5i.train.py' returned non-zero exit status 1.
  File "/home/greydon/.local/lib/python3.8/site-packages/snakemake/executors/__init__.py", line 2168, in run_wrapper
  File "/home/greydon/Documents/GitHub/Auto-afids/workflow/rules/modelTraining.smk", line 26, in __rule_coarseTrain
  File "/home/greydon/.local/lib/python3.8/site-packages/snakemake/executors/__init__.py", line 529, in _callback
  File "/usr/lib/python3.8/concurrent/futures/thread.py", line 57, in run
  File "/home/greydon/.local/lib/python3.8/site-packages/snakemake/executors/__init__.py", line 515, in cached_or_run
  File "/home/greydon/.local/lib/python3.8/site-packages/snakemake/executors/__init__.py", line 2199, in run_wrapper
[Sun Jul 26 18:25:15 2020]
Error in rule coarseTrain:
    jobid: 157
    output: /media/veracrypt6/projects/autofids/data/OASIS/deriv/models/afid-20_desc-medium_model

RuleException:
CalledProcessError in line 26 of /home/greydon/Documents/GitHub/Auto-afids/workflow/rules/modelTraining.smk:
Command 'set -euo pipefail;  /usr/bin/python3 /home/greydon/Documents/GitHub/Auto-afids/.snakemake/scripts/tmpxol_syus.train.py' returned non-zero exit status 1.
  File "/home/greydon/.local/lib/python3.8/site-packages/snakemake/executors/__init__.py", line 2168, in run_wrapper
  File "/home/greydon/Documents/GitHub/Auto-afids/workflow/rules/modelTraining.smk", line 26, in __rule_coarseTrain
  File "/home/greydon/.local/lib/python3.8/site-packages/snakemake/executors/__init__.py", line 529, in _callback
  File "/usr/lib/python3.8/concurrent/futures/thread.py", line 57, in run
  File "/home/greydon/.local/lib/python3.8/site-packages/snakemake/executors/__init__.py", line 515, in cached_or_run
  File "/home/greydon/.local/lib/python3.8/site-packages/snakemake/executors/__init__.py", line 2199, in run_wrapper
[Sun Jul 26 18:25:16 2020]
Error in rule coarseTrain:
    jobid: 128
    output: /media/veracrypt6/projects/autofids/data/OASIS/deriv/models/afid-10_desc-fine_model

RuleException:
CalledProcessError in line 26 of /home/greydon/Documents/GitHub/Auto-afids/workflow/rules/modelTraining.smk:
Command 'set -euo pipefail;  /usr/bin/python3 /home/greydon/Documents/GitHub/Auto-afids/.snakemake/scripts/tmpgrdi_onp.train.py' returned non-zero exit status 1.
  File "/home/greydon/.local/lib/python3.8/site-packages/snakemake/executors/__init__.py", line 2168, in run_wrapper
  File "/home/greydon/Documents/GitHub/Auto-afids/workflow/rules/modelTraining.smk", line 26, in __rule_coarseTrain
  File "/home/greydon/.local/lib/python3.8/site-packages/snakemake/executors/__init__.py", line 529, in _callback
  File "/usr/lib/python3.8/concurrent/futures/thread.py", line 57, in run
  File "/home/greydon/.local/lib/python3.8/site-packages/snakemake/executors/__init__.py", line 515, in cached_or_run
  File "/home/greydon/.local/lib/python3.8/site-packages/snakemake/executors/__init__.py", line 2199, in run_wrapper
[Sun Jul 26 18:25:16 2020]
Finished job 122.
2 of 195 steps (1%) done
[Sun Jul 26 18:25:16 2020]
Error in rule coarseTrain:
    jobid: 158
    output: /media/veracrypt6/projects/autofids/data/OASIS/deriv/models/afid-20_desc-fine_model

RuleException:
CalledProcessError in line 26 of /home/greydon/Documents/GitHub/Auto-afids/workflow/rules/modelTraining.smk:
Command 'set -euo pipefail;  /usr/bin/python3 /home/greydon/Documents/GitHub/Auto-afids/.snakemake/scripts/tmps7igd0ex.train.py' returned non-zero exit status 1.
  File "/home/greydon/.local/lib/python3.8/site-packages/snakemake/executors/__init__.py", line 2168, in run_wrapper
  File "/home/greydon/Documents/GitHub/Auto-afids/workflow/rules/modelTraining.smk", line 26, in __rule_coarseTrain
  File "/home/greydon/.local/lib/python3.8/site-packages/snakemake/executors/__init__.py", line 529, in _callback
  File "/usr/lib/python3.8/concurrent/futures/thread.py", line 57, in run
  File "/home/greydon/.local/lib/python3.8/site-packages/snakemake/executors/__init__.py", line 515, in cached_or_run
  File "/home/greydon/.local/lib/python3.8/site-packages/snakemake/executors/__init__.py", line 2199, in run_wrapper
[Sun Jul 26 18:25:16 2020]
Error in rule coarseTrain:
    jobid: 113
    output: /media/veracrypt6/projects/autofids/data/OASIS/deriv/models/afid-05_desc-fine_model

RuleException:
CalledProcessError in line 26 of /home/greydon/Documents/GitHub/Auto-afids/workflow/rules/modelTraining.smk:
Command 'set -euo pipefail;  /usr/bin/python3 /home/greydon/Documents/GitHub/Auto-afids/.snakemake/scripts/tmpfazfmmfq.train.py' returned non-zero exit status 1.
  File "/home/greydon/.local/lib/python3.8/site-packages/snakemake/executors/__init__.py", line 2168, in run_wrapper
  File "/home/greydon/Documents/GitHub/Auto-afids/workflow/rules/modelTraining.smk", line 26, in __rule_coarseTrain
  File "/home/greydon/.local/lib/python3.8/site-packages/snakemake/executors/__init__.py", line 529, in _callback
  File "/usr/lib/python3.8/concurrent/futures/thread.py", line 57, in run
  File "/home/greydon/.local/lib/python3.8/site-packages/snakemake/executors/__init__.py", line 515, in cached_or_run
  File "/home/greydon/.local/lib/python3.8/site-packages/snakemake/executors/__init__.py", line 2199, in run_wrapper
[Sun Jul 26 18:25:17 2020]
Error in rule coarseTrain:
    jobid: 114
    output: /media/veracrypt6/projects/autofids/data/OASIS/deriv/models/afid-06_desc-coarse_model

RuleException:
CalledProcessError in line 26 of /home/greydon/Documents/GitHub/Auto-afids/workflow/rules/modelTraining.smk:
Command 'set -euo pipefail;  /usr/bin/python3 /home/greydon/Documents/GitHub/Auto-afids/.snakemake/scripts/tmp5pyh6zu2.train.py' returned non-zero exit status 1.
  File "/home/greydon/.local/lib/python3.8/site-packages/snakemake/executors/__init__.py", line 2168, in run_wrapper
  File "/home/greydon/Documents/GitHub/Auto-afids/workflow/rules/modelTraining.smk", line 26, in __rule_coarseTrain
  File "/home/greydon/.local/lib/python3.8/site-packages/snakemake/executors/__init__.py", line 529, in _callback
  File "/usr/lib/python3.8/concurrent/futures/thread.py", line 57, in run
  File "/home/greydon/.local/lib/python3.8/site-packages/snakemake/executors/__init__.py", line 515, in cached_or_run
  File "/home/greydon/.local/lib/python3.8/site-packages/snakemake/executors/__init__.py", line 2199, in run_wrapper
[Sun Jul 26 18:25:17 2020]
Error in rule coarseTrain:
    jobid: 129
    output: /media/veracrypt6/projects/autofids/data/OASIS/deriv/models/afid-11_desc-coarse_model

RuleException:
CalledProcessError in line 26 of /home/greydon/Documents/GitHub/Auto-afids/workflow/rules/modelTraining.smk:
Command 'set -euo pipefail;  /usr/bin/python3 /home/greydon/Documents/GitHub/Auto-afids/.snakemake/scripts/tmp6uyfpc9m.train.py' returned non-zero exit status 1.
  File "/home/greydon/.local/lib/python3.8/site-packages/snakemake/executors/__init__.py", line 2168, in run_wrapper
  File "/home/greydon/Documents/GitHub/Auto-afids/workflow/rules/modelTraining.smk", line 26, in __rule_coarseTrain
  File "/home/greydon/.local/lib/python3.8/site-packages/snakemake/executors/__init__.py", line 529, in _callback
  File "/usr/lib/python3.8/concurrent/futures/thread.py", line 57, in run
  File "/home/greydon/.local/lib/python3.8/site-packages/snakemake/executors/__init__.py", line 515, in cached_or_run
  File "/home/greydon/.local/lib/python3.8/site-packages/snakemake/executors/__init__.py", line 2199, in run_wrapper
Activating singularity image /home/greydon/Documents/GitHub/Auto-afids/.snakemake/singularity/44a4f7d6cbcfe66cab33c8fbb383d328.simg
[Sun Jul 26 18:25:17 2020]
Error in rule coarseTrain:
    jobid: 159
    output: /media/veracrypt6/projects/autofids/data/OASIS/deriv/models/afid-21_desc-coarse_model

RuleException:
CalledProcessError in line 26 of /home/greydon/Documents/GitHub/Auto-afids/workflow/rules/modelTraining.smk:
Command 'set -euo pipefail;  /usr/bin/python3 /home/greydon/Documents/GitHub/Auto-afids/.snakemake/scripts/tmp3j2u6pdf.train.py' returned non-zero exit status 1.
  File "/home/greydon/.local/lib/python3.8/site-packages/snakemake/executors/__init__.py", line 2168, in run_wrapper
  File "/home/greydon/Documents/GitHub/Auto-afids/workflow/rules/modelTraining.smk", line 26, in __rule_coarseTrain
  File "/home/greydon/.local/lib/python3.8/site-packages/snakemake/executors/__init__.py", line 529, in _callback
  File "/usr/lib/python3.8/concurrent/futures/thread.py", line 57, in run
  File "/home/greydon/.local/lib/python3.8/site-packages/snakemake/executors/__init__.py", line 515, in cached_or_run
  File "/home/greydon/.local/lib/python3.8/site-packages/snakemake/executors/__init__.py", line 2199, in run_wrapper
[Sun Jul 26 18:25:17 2020]
Error in rule align_mni_rigid:
    jobid: 1
    output: /media/veracrypt6/projects/autofids/data/OASIS/deriv/mni_space/sub-0010/anat/sub-0010_space-MNI152NLin2009cAsym_T1w.nii.gz, /media/veracrypt6/projects/autofids/data/OASIS/deriv/mni_space/sub-0010/anat/sub-0010_space-MNI152NLin2009cAsym_xfm.mat, /media/veracrypt6/projects/autofids/data/OASIS/deriv/mni_space/sub-0010/anat/sub-0010_space-MNI152NLin2009cAsym_desc-ras_xfm.txt, /media/veracrypt6/projects/autofids/data/OASIS/deriv/mni_space/sub-0010/anat/sub-0010_space-MNI152NLin2009cAsym_desc-ras_xfm.tfm
    shell:
        flirt -in /media/veracrypt6/projects/autofids/data/OASIS/bids/sub-0010/anat/sub-0010_T1w.nii.gz -ref resources/mni_icbm152_t1_tal_nlin_asym_09c.nii.gz -out /media/veracrypt6/projects/autofids/data/OASIS/deriv/mni_space/sub-0010/anat/sub-0010_space-MNI152NLin2009cAsym_T1w.nii.gz -omat /media/veracrypt6/projects/autofids/data/OASIS/deriv/mni_space/sub-0010/anat/sub-0010_space-MNI152NLin2009cAsym_xfm.mat -dof 6 -coarsesearch 60 -finesearch 18 -cost mutualinfo -interp sinc &&         resources/c3d_affine_tool -ref /media/veracrypt6/projects/autofids/data/OASIS/deriv/mni_space/sub-0010/anat/sub-0010_space-MNI152NLin2009cAsym_T1w.nii.gz -src /media/veracrypt6/projects/autofids/data/OASIS/bids/sub-0010/anat/sub-0010_T1w.nii.gz /media/veracrypt6/projects/autofids/data/OASIS/deriv/mni_space/sub-0010/anat/sub-0010_space-MNI152NLin2009cAsym_xfm.mat -fsl2ras -o /media/veracrypt6/projects/autofids/data/OASIS/deriv/mni_space/sub-0010/anat/sub-0010_space-MNI152NLin2009cAsym_desc-ras_xfm.txt &&         resources/c3d_affine_tool -ref /media/veracrypt6/projects/autofids/data/OASIS/deriv/mni_space/sub-0010/anat/sub-0010_space-MNI152NLin2009cAsym_T1w.nii.gz -src /media/veracrypt6/projects/autofids/data/OASIS/bids/sub-0010/anat/sub-0010_T1w.nii.gz /media/veracrypt6/projects/autofids/data/OASIS/deriv/mni_space/sub-0010/anat/sub-0010_space-MNI152NLin2009cAsym_xfm.mat -fsl2ras -oitk /media/veracrypt6/projects/autofids/data/OASIS/deriv/mni_space/sub-0010/anat/sub-0010_space-MNI152NLin2009cAsym_desc-ras_xfm.tfm
        (one of the commands exited with non-zero exit code; note that snakemake uses bash strict mode!)

[Sun Jul 26 18:25:17 2020]
Error in rule coarseTrain:
    jobid: 115
    output: /media/veracrypt6/projects/autofids/data/OASIS/deriv/models/afid-06_desc-medium_model

RuleException:
CalledProcessError in line 26 of /home/greydon/Documents/GitHub/Auto-afids/workflow/rules/modelTraining.smk:
Command 'set -euo pipefail;  /usr/bin/python3 /home/greydon/Documents/GitHub/Auto-afids/.snakemake/scripts/tmprcvzwzb2.train.py' returned non-zero exit status 1.
  File "/home/greydon/.local/lib/python3.8/site-packages/snakemake/executors/__init__.py", line 2168, in run_wrapper
  File "/home/greydon/Documents/GitHub/Auto-afids/workflow/rules/modelTraining.smk", line 26, in __rule_coarseTrain
  File "/home/greydon/.local/lib/python3.8/site-packages/snakemake/executors/__init__.py", line 529, in _callback
  File "/usr/lib/python3.8/concurrent/futures/thread.py", line 57, in run
  File "/home/greydon/.local/lib/python3.8/site-packages/snakemake/executors/__init__.py", line 515, in cached_or_run
  File "/home/greydon/.local/lib/python3.8/site-packages/snakemake/executors/__init__.py", line 2199, in run_wrapper
[Sun Jul 26 18:25:18 2020]
Error in rule coarseTrain:
    jobid: 160
    output: /media/veracrypt6/projects/autofids/data/OASIS/deriv/models/afid-21_desc-medium_model

RuleException:
CalledProcessError in line 26 of /home/greydon/Documents/GitHub/Auto-afids/workflow/rules/modelTraining.smk:
Command 'set -euo pipefail;  /usr/bin/python3 /home/greydon/Documents/GitHub/Auto-afids/.snakemake/scripts/tmpylum_gjr.train.py' returned non-zero exit status 1.
  File "/home/greydon/.local/lib/python3.8/site-packages/snakemake/executors/__init__.py", line 2168, in run_wrapper
  File "/home/greydon/Documents/GitHub/Auto-afids/workflow/rules/modelTraining.smk", line 26, in __rule_coarseTrain
  File "/home/greydon/.local/lib/python3.8/site-packages/snakemake/executors/__init__.py", line 529, in _callback
  File "/usr/lib/python3.8/concurrent/futures/thread.py", line 57, in run
  File "/home/greydon/.local/lib/python3.8/site-packages/snakemake/executors/__init__.py", line 515, in cached_or_run
  File "/home/greydon/.local/lib/python3.8/site-packages/snakemake/executors/__init__.py", line 2199, in run_wrapper
[Sun Jul 26 18:25:18 2020]
Error in rule coarseTrain:
    jobid: 131
    output: /media/veracrypt6/projects/autofids/data/OASIS/deriv/models/afid-11_desc-fine_model

RuleException:
CalledProcessError in line 26 of /home/greydon/Documents/GitHub/Auto-afids/workflow/rules/modelTraining.smk:
Command 'set -euo pipefail;  /usr/bin/python3 /home/greydon/Documents/GitHub/Auto-afids/.snakemake/scripts/tmpvm6li528.train.py' returned non-zero exit status 1.
  File "/home/greydon/.local/lib/python3.8/site-packages/snakemake/executors/__init__.py", line 2168, in run_wrapper
  File "/home/greydon/Documents/GitHub/Auto-afids/workflow/rules/modelTraining.smk", line 26, in __rule_coarseTrain
  File "/home/greydon/.local/lib/python3.8/site-packages/snakemake/executors/__init__.py", line 529, in _callback
  File "/usr/lib/python3.8/concurrent/futures/thread.py", line 57, in run
  File "/home/greydon/.local/lib/python3.8/site-packages/snakemake/executors/__init__.py", line 515, in cached_or_run
  File "/home/greydon/.local/lib/python3.8/site-packages/snakemake/executors/__init__.py", line 2199, in run_wrapper
Terminating processes on user request, this might take some time.
[Sun Jul 26 18:25:19 2020]
Error in rule coarseTrain:
    jobid: 132
    output: /media/veracrypt6/projects/autofids/data/OASIS/deriv/models/afid-12_desc-coarse_model

RuleException:
CalledProcessError in line 26 of /home/greydon/Documents/GitHub/Auto-afids/workflow/rules/modelTraining.smk:
Command 'set -euo pipefail;  /usr/bin/python3 /home/greydon/Documents/GitHub/Auto-afids/.snakemake/scripts/tmppa76t_xa.train.py' died with <Signals.SIGINT: 2>.
  File "/home/greydon/.local/lib/python3.8/site-packages/snakemake/executors/__init__.py", line 2168, in run_wrapper
  File "/home/greydon/Documents/GitHub/Auto-afids/workflow/rules/modelTraining.smk", line 26, in __rule_coarseTrain
  File "/home/greydon/.local/lib/python3.8/site-packages/snakemake/executors/__init__.py", line 529, in _callback
  File "/usr/lib/python3.8/concurrent/futures/thread.py", line 57, in run
  File "/home/greydon/.local/lib/python3.8/site-packages/snakemake/executors/__init__.py", line 515, in cached_or_run
  File "/home/greydon/.local/lib/python3.8/site-packages/snakemake/executors/__init__.py", line 2199, in run_wrapper
[Sun Jul 26 18:25:19 2020]
Error in rule coarseTrain:
    jobid: 130
    output: /media/veracrypt6/projects/autofids/data/OASIS/deriv/models/afid-11_desc-medium_model

RuleException:
CalledProcessError in line 26 of /home/greydon/Documents/GitHub/Auto-afids/workflow/rules/modelTraining.smk:
Command 'set -euo pipefail;  /usr/bin/python3 /home/greydon/Documents/GitHub/Auto-afids/.snakemake/scripts/tmpbenypz2f.train.py' died with <Signals.SIGINT: 2>.
  File "/home/greydon/.local/lib/python3.8/site-packages/snakemake/executors/__init__.py", line 2168, in run_wrapper
  File "/home/greydon/Documents/GitHub/Auto-afids/workflow/rules/modelTraining.smk", line 26, in __rule_coarseTrain
  File "/home/greydon/.local/lib/python3.8/site-packages/snakemake/executors/__init__.py", line 529, in _callback
  File "/usr/lib/python3.8/concurrent/futures/thread.py", line 57, in run
  File "/home/greydon/.local/lib/python3.8/site-packages/snakemake/executors/__init__.py", line 515, in cached_or_run
  File "/home/greydon/.local/lib/python3.8/site-packages/snakemake/executors/__init__.py", line 2199, in run_wrapper
[Sun Jul 26 18:25:19 2020]
Error in rule coarseTrain:
    jobid: 161
    output: /media/veracrypt6/projects/autofids/data/OASIS/deriv/models/afid-21_desc-fine_model

RuleException:
CalledProcessError in line 26 of /home/greydon/Documents/GitHub/Auto-afids/workflow/rules/modelTraining.smk:
Command 'set -euo pipefail;  /usr/bin/python3 /home/greydon/Documents/GitHub/Auto-afids/.snakemake/scripts/tmp0xz2ra65.train.py' died with <Signals.SIGINT: 2>.
  File "/home/greydon/.local/lib/python3.8/site-packages/snakemake/executors/__init__.py", line 2168, in run_wrapper
  File "/home/greydon/Documents/GitHub/Auto-afids/workflow/rules/modelTraining.smk", line 26, in __rule_coarseTrain
  File "/home/greydon/.local/lib/python3.8/site-packages/snakemake/executors/__init__.py", line 529, in _callback
  File "/usr/lib/python3.8/concurrent/futures/thread.py", line 57, in run
  File "/home/greydon/.local/lib/python3.8/site-packages/snakemake/executors/__init__.py", line 515, in cached_or_run
  File "/home/greydon/.local/lib/python3.8/site-packages/snakemake/executors/__init__.py", line 2199, in run_wrapper
[Sun Jul 26 18:25:19 2020]
Error in rule coarseTrain:
    jobid: 117
    output: /media/veracrypt6/projects/autofids/data/OASIS/deriv/models/afid-07_desc-coarse_model

RuleException:
CalledProcessError in line 26 of /home/greydon/Documents/GitHub/Auto-afids/workflow/rules/modelTraining.smk:
Command 'set -euo pipefail;  /usr/bin/python3 /home/greydon/Documents/GitHub/Auto-afids/.snakemake/scripts/tmpjwrbjsr7.train.py' died with <Signals.SIGINT: 2>.
  File "/home/greydon/.local/lib/python3.8/site-packages/snakemake/executors/__init__.py", line 2168, in run_wrapper
  File "/home/greydon/Documents/GitHub/Auto-afids/workflow/rules/modelTraining.smk", line 26, in __rule_coarseTrain
  File "/home/greydon/.local/lib/python3.8/site-packages/snakemake/executors/__init__.py", line 529, in _callback
  File "/usr/lib/python3.8/concurrent/futures/thread.py", line 57, in run
  File "/home/greydon/.local/lib/python3.8/site-packages/snakemake/executors/__init__.py", line 515, in cached_or_run
  File "/home/greydon/.local/lib/python3.8/site-packages/snakemake/executors/__init__.py", line 2199, in run_wrapper
[Sun Jul 26 18:25:19 2020]
Error in rule coarseTrain:
    jobid: 127
    output: /media/veracrypt6/projects/autofids/data/OASIS/deriv/models/afid-10_desc-medium_model

RuleException:
CalledProcessError in line 26 of /home/greydon/Documents/GitHub/Auto-afids/workflow/rules/modelTraining.smk:
Command 'set -euo pipefail;  /usr/bin/python3 /home/greydon/Documents/GitHub/Auto-afids/.snakemake/scripts/tmpkgftt595.train.py' died with <Signals.SIGINT: 2>.
  File "/home/greydon/.local/lib/python3.8/site-packages/snakemake/executors/__init__.py", line 2168, in run_wrapper
  File "/home/greydon/Documents/GitHub/Auto-afids/workflow/rules/modelTraining.smk", line 26, in __rule_coarseTrain
  File "/home/greydon/.local/lib/python3.8/site-packages/snakemake/executors/__init__.py", line 529, in _callback
  File "/usr/lib/python3.8/concurrent/futures/thread.py", line 57, in run
  File "/home/greydon/.local/lib/python3.8/site-packages/snakemake/executors/__init__.py", line 515, in cached_or_run
  File "/home/greydon/.local/lib/python3.8/site-packages/snakemake/executors/__init__.py", line 2199, in run_wrapper
[Sun Jul 26 18:25:19 2020]
Error in rule coarseTrain:
    jobid: 116
    output: /media/veracrypt6/projects/autofids/data/OASIS/deriv/models/afid-06_desc-fine_model

RuleException:
CalledProcessError in line 26 of /home/greydon/Documents/GitHub/Auto-afids/workflow/rules/modelTraining.smk:
Command 'set -euo pipefail;  /usr/bin/python3 /home/greydon/Documents/GitHub/Auto-afids/.snakemake/scripts/tmpfoza7qnu.train.py' died with <Signals.SIGINT: 2>.
  File "/home/greydon/.local/lib/python3.8/site-packages/snakemake/executors/__init__.py", line 2168, in run_wrapper
  File "/home/greydon/Documents/GitHub/Auto-afids/workflow/rules/modelTraining.smk", line 26, in __rule_coarseTrain
  File "/home/greydon/.local/lib/python3.8/site-packages/snakemake/executors/__init__.py", line 529, in _callback
  File "/usr/lib/python3.8/concurrent/futures/thread.py", line 57, in run
  File "/home/greydon/.local/lib/python3.8/site-packages/snakemake/executors/__init__.py", line 515, in cached_or_run
  File "/home/greydon/.local/lib/python3.8/site-packages/snakemake/executors/__init__.py", line 2199, in run_wrapper
[Sun Jul 26 18:25:20 2020]
Error in rule coarseTrain:
    jobid: 178
    output: /media/veracrypt6/projects/autofids/data/OASIS/deriv/models/afid-27_desc-medium_model

RuleException:
CalledProcessError in line 26 of /home/greydon/Documents/GitHub/Auto-afids/workflow/rules/modelTraining.smk:
Command 'set -euo pipefail;  /usr/bin/python3 /home/greydon/Documents/GitHub/Auto-afids/.snakemake/scripts/tmpke3pbg8r.train.py' returned non-zero exit status 1.
  File "/home/greydon/.local/lib/python3.8/site-packages/snakemake/executors/__init__.py", line 2168, in run_wrapper
  File "/home/greydon/Documents/GitHub/Auto-afids/workflow/rules/modelTraining.smk", line 26, in __rule_coarseTrain
  File "/home/greydon/.local/lib/python3.8/site-packages/snakemake/executors/__init__.py", line 529, in _callback
  File "/usr/lib/python3.8/concurrent/futures/thread.py", line 57, in run
  File "/home/greydon/.local/lib/python3.8/site-packages/snakemake/executors/__init__.py", line 515, in cached_or_run
  File "/home/greydon/.local/lib/python3.8/site-packages/snakemake/executors/__init__.py", line 2199, in run_wrapper
[Sun Jul 26 18:25:20 2020]
Error in rule coarseTrain:
    jobid: 193
    output: /media/veracrypt6/projects/autofids/data/OASIS/deriv/models/afid-32_desc-medium_model

RuleException:
CalledProcessError in line 26 of /home/greydon/Documents/GitHub/Auto-afids/workflow/rules/modelTraining.smk:
Command 'set -euo pipefail;  /usr/bin/python3 /home/greydon/Documents/GitHub/Auto-afids/.snakemake/scripts/tmp8fnn0lc3.train.py' returned non-zero exit status 1.
  File "/home/greydon/.local/lib/python3.8/site-packages/snakemake/executors/__init__.py", line 2168, in run_wrapper
  File "/home/greydon/Documents/GitHub/Auto-afids/workflow/rules/modelTraining.smk", line 26, in __rule_coarseTrain
  File "/home/greydon/.local/lib/python3.8/site-packages/snakemake/executors/__init__.py", line 529, in _callback
  File "/usr/lib/python3.8/concurrent/futures/thread.py", line 57, in run
  File "/home/greydon/.local/lib/python3.8/site-packages/snakemake/executors/__init__.py", line 515, in cached_or_run
  File "/home/greydon/.local/lib/python3.8/site-packages/snakemake/executors/__init__.py", line 2199, in run_wrapper
[Sun Jul 26 18:25:20 2020]
Error in rule coarseTrain:
    jobid: 162
    output: /media/veracrypt6/projects/autofids/data/OASIS/deriv/models/afid-22_desc-coarse_model

RuleException:
CalledProcessError in line 26 of /home/greydon/Documents/GitHub/Auto-afids/workflow/rules/modelTraining.smk:
Command 'set -euo pipefail;  /usr/bin/python3 /home/greydon/Documents/GitHub/Auto-afids/.snakemake/scripts/tmph9qjnw7l.train.py' returned non-zero exit status 1.
  File "/home/greydon/.local/lib/python3.8/site-packages/snakemake/executors/__init__.py", line 2168, in run_wrapper
  File "/home/greydon/Documents/GitHub/Auto-afids/workflow/rules/modelTraining.smk", line 26, in __rule_coarseTrain
  File "/home/greydon/.local/lib/python3.8/site-packages/snakemake/executors/__init__.py", line 529, in _callback
  File "/usr/lib/python3.8/concurrent/futures/thread.py", line 57, in run
  File "/home/greydon/.local/lib/python3.8/site-packages/snakemake/executors/__init__.py", line 515, in cached_or_run
  File "/home/greydon/.local/lib/python3.8/site-packages/snakemake/executors/__init__.py", line 2199, in run_wrapper
[Sun Jul 26 18:25:20 2020]
Error in rule coarseTrain:
    jobid: 163
    output: /media/veracrypt6/projects/autofids/data/OASIS/deriv/models/afid-22_desc-medium_model

RuleException:
CalledProcessError in line 26 of /home/greydon/Documents/GitHub/Auto-afids/workflow/rules/modelTraining.smk:
Command 'set -euo pipefail;  /usr/bin/python3 /home/greydon/Documents/GitHub/Auto-afids/.snakemake/scripts/tmp4erh6z38.train.py' returned non-zero exit status 1.
  File "/home/greydon/.local/lib/python3.8/site-packages/snakemake/executors/__init__.py", line 2168, in run_wrapper
  File "/home/greydon/Documents/GitHub/Auto-afids/workflow/rules/modelTraining.smk", line 26, in __rule_coarseTrain
  File "/home/greydon/.local/lib/python3.8/site-packages/snakemake/executors/__init__.py", line 529, in _callback
  File "/usr/lib/python3.8/concurrent/futures/thread.py", line 57, in run
  File "/home/greydon/.local/lib/python3.8/site-packages/snakemake/executors/__init__.py", line 515, in cached_or_run
  File "/home/greydon/.local/lib/python3.8/site-packages/snakemake/executors/__init__.py", line 2199, in run_wrapper
[Sun Jul 26 18:25:20 2020]
Error in rule coarseTrain:
    jobid: 134
    output: /media/veracrypt6/projects/autofids/data/OASIS/deriv/models/afid-12_desc-fine_model

RuleException:
CalledProcessError in line 26 of /home/greydon/Documents/GitHub/Auto-afids/workflow/rules/modelTraining.smk:
Command 'set -euo pipefail;  /usr/bin/python3 /home/greydon/Documents/GitHub/Auto-afids/.snakemake/scripts/tmpvo1hdikc.train.py' returned non-zero exit status 1.
  File "/home/greydon/.local/lib/python3.8/site-packages/snakemake/executors/__init__.py", line 2168, in run_wrapper
  File "/home/greydon/Documents/GitHub/Auto-afids/workflow/rules/modelTraining.smk", line 26, in __rule_coarseTrain
  File "/home/greydon/.local/lib/python3.8/site-packages/snakemake/executors/__init__.py", line 529, in _callback
  File "/usr/lib/python3.8/concurrent/futures/thread.py", line 57, in run
  File "/home/greydon/.local/lib/python3.8/site-packages/snakemake/executors/__init__.py", line 515, in cached_or_run
  File "/home/greydon/.local/lib/python3.8/site-packages/snakemake/executors/__init__.py", line 2199, in run_wrapper
[Sun Jul 26 18:25:20 2020]
Error in rule coarseTrain:
    jobid: 133
    output: /media/veracrypt6/projects/autofids/data/OASIS/deriv/models/afid-12_desc-medium_model

RuleException:
CalledProcessError in line 26 of /home/greydon/Documents/GitHub/Auto-afids/workflow/rules/modelTraining.smk:
Command 'set -euo pipefail;  /usr/bin/python3 /home/greydon/Documents/GitHub/Auto-afids/.snakemake/scripts/tmpbvu72tnl.train.py' returned non-zero exit status 1.
  File "/home/greydon/.local/lib/python3.8/site-packages/snakemake/executors/__init__.py", line 2168, in run_wrapper
  File "/home/greydon/Documents/GitHub/Auto-afids/workflow/rules/modelTraining.smk", line 26, in __rule_coarseTrain
  File "/home/greydon/.local/lib/python3.8/site-packages/snakemake/executors/__init__.py", line 529, in _callback
  File "/usr/lib/python3.8/concurrent/futures/thread.py", line 57, in run
  File "/home/greydon/.local/lib/python3.8/site-packages/snakemake/executors/__init__.py", line 515, in cached_or_run
  File "/home/greydon/.local/lib/python3.8/site-packages/snakemake/executors/__init__.py", line 2199, in run_wrapper
[Sun Jul 26 18:25:21 2020]
Error in rule coarseTrain:
    jobid: 179
    output: /media/veracrypt6/projects/autofids/data/OASIS/deriv/models/afid-27_desc-fine_model

RuleException:
CalledProcessError in line 26 of /home/greydon/Documents/GitHub/Auto-afids/workflow/rules/modelTraining.smk:
Command 'set -euo pipefail;  /usr/bin/python3 /home/greydon/Documents/GitHub/Auto-afids/.snakemake/scripts/tmpx87bj7qj.train.py' returned non-zero exit status 1.
  File "/home/greydon/.local/lib/python3.8/site-packages/snakemake/executors/__init__.py", line 2168, in run_wrapper
  File "/home/greydon/Documents/GitHub/Auto-afids/workflow/rules/modelTraining.smk", line 26, in __rule_coarseTrain
  File "/home/greydon/.local/lib/python3.8/site-packages/snakemake/executors/__init__.py", line 529, in _callback
  File "/usr/lib/python3.8/concurrent/futures/thread.py", line 57, in run
  File "/home/greydon/.local/lib/python3.8/site-packages/snakemake/executors/__init__.py", line 515, in cached_or_run
  File "/home/greydon/.local/lib/python3.8/site-packages/snakemake/executors/__init__.py", line 2199, in run_wrapper
[Sun Jul 26 18:25:21 2020]
Error in rule coarseTrain:
    jobid: 135
    output: /media/veracrypt6/projects/autofids/data/OASIS/deriv/models/afid-13_desc-coarse_model

RuleException:
CalledProcessError in line 26 of /home/greydon/Documents/GitHub/Auto-afids/workflow/rules/modelTraining.smk:
Command 'set -euo pipefail;  /usr/bin/python3 /home/greydon/Documents/GitHub/Auto-afids/.snakemake/scripts/tmpdt8nciyo.train.py' returned non-zero exit status 1.
  File "/home/greydon/.local/lib/python3.8/site-packages/snakemake/executors/__init__.py", line 2168, in run_wrapper
  File "/home/greydon/Documents/GitHub/Auto-afids/workflow/rules/modelTraining.smk", line 26, in __rule_coarseTrain
  File "/home/greydon/.local/lib/python3.8/site-packages/snakemake/executors/__init__.py", line 529, in _callback
  File "/usr/lib/python3.8/concurrent/futures/thread.py", line 57, in run
  File "/home/greydon/.local/lib/python3.8/site-packages/snakemake/executors/__init__.py", line 515, in cached_or_run
  File "/home/greydon/.local/lib/python3.8/site-packages/snakemake/executors/__init__.py", line 2199, in run_wrapper
[Sun Jul 26 18:25:21 2020]
Error in rule coarseTrain:
    jobid: 194
    output: /media/veracrypt6/projects/autofids/data/OASIS/deriv/models/afid-32_desc-fine_model

RuleException:
CalledProcessError in line 26 of /home/greydon/Documents/GitHub/Auto-afids/workflow/rules/modelTraining.smk:
Command 'set -euo pipefail;  /usr/bin/python3 /home/greydon/Documents/GitHub/Auto-afids/.snakemake/scripts/tmphy30yqy1.train.py' returned non-zero exit status 1.
  File "/home/greydon/.local/lib/python3.8/site-packages/snakemake/executors/__init__.py", line 2168, in run_wrapper
  File "/home/greydon/Documents/GitHub/Auto-afids/workflow/rules/modelTraining.smk", line 26, in __rule_coarseTrain
  File "/home/greydon/.local/lib/python3.8/site-packages/snakemake/executors/__init__.py", line 529, in _callback
  File "/usr/lib/python3.8/concurrent/futures/thread.py", line 57, in run
  File "/home/greydon/.local/lib/python3.8/site-packages/snakemake/executors/__init__.py", line 515, in cached_or_run
  File "/home/greydon/.local/lib/python3.8/site-packages/snakemake/executors/__init__.py", line 2199, in run_wrapper
Cancelling snakemake on user request.
