Building DAG of jobs...
Using shell: /usr/bin/bash
Provided cores: 6
Rules claiming more threads will be scaled down.
Singularity containers: ignored
Job counts:
	count	jobs
	1	align_mni_rigid
	1	all
	32	featureExtract_coarse
	1	fid_tform_mni_rigid
	1	fsl_to_ras
	36

[Sun Jul 26 22:52:27 2020]
rule featureExtract_coarse:
    output: /media/veracrypt6/projects/autofids/data/OASIS/deriv/features/afid-01_desc-coarse_features.npy, /media/veracrypt6/projects/autofids/data/OASIS/deriv/features/afid-01_registration.done
    jobid: 3
    wildcards: afid_num=01

[Sun Jul 26 22:52:27 2020]
rule featureExtract_coarse:
    output: /media/veracrypt6/projects/autofids/data/OASIS/deriv/features/afid-07_desc-coarse_features.npy, /media/veracrypt6/projects/autofids/data/OASIS/deriv/features/afid-07_registration.done
    jobid: 9
    wildcards: afid_num=07

[Sun Jul 26 22:52:27 2020]
rule featureExtract_coarse:
    output: /media/veracrypt6/projects/autofids/data/OASIS/deriv/features/afid-14_desc-coarse_features.npy, /media/veracrypt6/projects/autofids/data/OASIS/deriv/features/afid-14_registration.done
    jobid: 16
    wildcards: afid_num=14

[Sun Jul 26 22:52:27 2020]
rule featureExtract_coarse:
    output: /media/veracrypt6/projects/autofids/data/OASIS/deriv/features/afid-22_desc-coarse_features.npy, /media/veracrypt6/projects/autofids/data/OASIS/deriv/features/afid-22_registration.done
    jobid: 24
    wildcards: afid_num=22

[Sun Jul 26 22:52:27 2020]
rule featureExtract_coarse:
    output: /media/veracrypt6/projects/autofids/data/OASIS/deriv/features/afid-29_desc-coarse_features.npy, /media/veracrypt6/projects/autofids/data/OASIS/deriv/features/afid-29_registration.done
    jobid: 31
    wildcards: afid_num=29

[Sun Jul 26 22:52:27 2020]
rule featureExtract_coarse:
    output: /media/veracrypt6/projects/autofids/data/OASIS/deriv/features/afid-08_desc-coarse_features.npy, /media/veracrypt6/projects/autofids/data/OASIS/deriv/features/afid-08_registration.done
    jobid: 10
    wildcards: afid_num=08

Touching output file /media/veracrypt6/projects/autofids/data/OASIS/deriv/features/afid-14_registration.done.
[Sun Jul 26 22:52:36 2020]
Finished job 16.
1 of 36 steps (3%) done

[Sun Jul 26 22:52:36 2020]
rule featureExtract_coarse:
    output: /media/veracrypt6/projects/autofids/data/OASIS/deriv/features/afid-15_desc-coarse_features.npy, /media/veracrypt6/projects/autofids/data/OASIS/deriv/features/afid-15_registration.done
    jobid: 17
    wildcards: afid_num=15

Touching output file /media/veracrypt6/projects/autofids/data/OASIS/deriv/features/afid-07_registration.done.
[Sun Jul 26 22:52:36 2020]
Finished job 9.
2 of 36 steps (6%) done

[Sun Jul 26 22:52:36 2020]
rule featureExtract_coarse:
    output: /media/veracrypt6/projects/autofids/data/OASIS/deriv/features/afid-23_desc-coarse_features.npy, /media/veracrypt6/projects/autofids/data/OASIS/deriv/features/afid-23_registration.done
    jobid: 25
    wildcards: afid_num=23

Touching output file /media/veracrypt6/projects/autofids/data/OASIS/deriv/features/afid-08_registration.done.
[Sun Jul 26 22:52:37 2020]
Finished job 10.
3 of 36 steps (8%) done

[Sun Jul 26 22:52:37 2020]
rule featureExtract_coarse:
    output: /media/veracrypt6/projects/autofids/data/OASIS/deriv/features/afid-30_desc-coarse_features.npy, /media/veracrypt6/projects/autofids/data/OASIS/deriv/features/afid-30_registration.done
    jobid: 32
    wildcards: afid_num=30

Touching output file /media/veracrypt6/projects/autofids/data/OASIS/deriv/features/afid-22_registration.done.
[Sun Jul 26 22:52:37 2020]
Finished job 24.
4 of 36 steps (11%) done

[Sun Jul 26 22:52:37 2020]
rule featureExtract_coarse:
    output: /media/veracrypt6/projects/autofids/data/OASIS/deriv/features/afid-09_desc-coarse_features.npy, /media/veracrypt6/projects/autofids/data/OASIS/deriv/features/afid-09_registration.done
    jobid: 11
    wildcards: afid_num=09

Touching output file /media/veracrypt6/projects/autofids/data/OASIS/deriv/features/afid-29_registration.done.
[Sun Jul 26 22:52:37 2020]
Finished job 31.
5 of 36 steps (14%) done

[Sun Jul 26 22:52:37 2020]
rule featureExtract_coarse:
    output: /media/veracrypt6/projects/autofids/data/OASIS/deriv/features/afid-16_desc-coarse_features.npy, /media/veracrypt6/projects/autofids/data/OASIS/deriv/features/afid-16_registration.done
    jobid: 18
    wildcards: afid_num=16

Touching output file /media/veracrypt6/projects/autofids/data/OASIS/deriv/features/afid-01_registration.done.
[Sun Jul 26 22:52:38 2020]
Finished job 3.
6 of 36 steps (17%) done

[Sun Jul 26 22:52:38 2020]
rule featureExtract_coarse:
    output: /media/veracrypt6/projects/autofids/data/OASIS/deriv/features/afid-24_desc-coarse_features.npy, /media/veracrypt6/projects/autofids/data/OASIS/deriv/features/afid-24_registration.done
    jobid: 26
    wildcards: afid_num=24

Touching output file /media/veracrypt6/projects/autofids/data/OASIS/deriv/features/afid-30_registration.done.
[Sun Jul 26 22:52:45 2020]
Finished job 32.
7 of 36 steps (19%) done

[Sun Jul 26 22:52:45 2020]
rule featureExtract_coarse:
    output: /media/veracrypt6/projects/autofids/data/OASIS/deriv/features/afid-31_desc-coarse_features.npy, /media/veracrypt6/projects/autofids/data/OASIS/deriv/features/afid-31_registration.done
    jobid: 33
    wildcards: afid_num=31

Touching output file /media/veracrypt6/projects/autofids/data/OASIS/deriv/features/afid-15_registration.done.
[Sun Jul 26 22:52:45 2020]
Finished job 17.
8 of 36 steps (22%) done

[Sun Jul 26 22:52:45 2020]
rule featureExtract_coarse:
    output: /media/veracrypt6/projects/autofids/data/OASIS/deriv/features/afid-02_desc-coarse_features.npy, /media/veracrypt6/projects/autofids/data/OASIS/deriv/features/afid-02_registration.done
    jobid: 4
    wildcards: afid_num=02

Touching output file /media/veracrypt6/projects/autofids/data/OASIS/deriv/features/afid-23_registration.done.
[Sun Jul 26 22:52:45 2020]
Finished job 25.
9 of 36 steps (25%) done

[Sun Jul 26 22:52:45 2020]
rule featureExtract_coarse:
    output: /media/veracrypt6/projects/autofids/data/OASIS/deriv/features/afid-10_desc-coarse_features.npy, /media/veracrypt6/projects/autofids/data/OASIS/deriv/features/afid-10_registration.done
    jobid: 12
    wildcards: afid_num=10

Touching output file /media/veracrypt6/projects/autofids/data/OASIS/deriv/features/afid-09_registration.done.
[Sun Jul 26 22:52:46 2020]
Finished job 11.
10 of 36 steps (28%) done

[Sun Jul 26 22:52:46 2020]
rule featureExtract_coarse:
    output: /media/veracrypt6/projects/autofids/data/OASIS/deriv/features/afid-17_desc-coarse_features.npy, /media/veracrypt6/projects/autofids/data/OASIS/deriv/features/afid-17_registration.done
    jobid: 19
    wildcards: afid_num=17

Touching output file /media/veracrypt6/projects/autofids/data/OASIS/deriv/features/afid-16_registration.done.
[Sun Jul 26 22:52:46 2020]
Finished job 18.
11 of 36 steps (31%) done

[Sun Jul 26 22:52:46 2020]
rule featureExtract_coarse:
    output: /media/veracrypt6/projects/autofids/data/OASIS/deriv/features/afid-25_desc-coarse_features.npy, /media/veracrypt6/projects/autofids/data/OASIS/deriv/features/afid-25_registration.done
    jobid: 27
    wildcards: afid_num=25

Touching output file /media/veracrypt6/projects/autofids/data/OASIS/deriv/features/afid-24_registration.done.
[Sun Jul 26 22:52:47 2020]
Finished job 26.
12 of 36 steps (33%) done

[Sun Jul 26 22:52:47 2020]
rule featureExtract_coarse:
    output: /media/veracrypt6/projects/autofids/data/OASIS/deriv/features/afid-32_desc-coarse_features.npy, /media/veracrypt6/projects/autofids/data/OASIS/deriv/features/afid-32_registration.done
    jobid: 34
    wildcards: afid_num=32

Touching output file /media/veracrypt6/projects/autofids/data/OASIS/deriv/features/afid-02_registration.done.
[Sun Jul 26 22:52:54 2020]
Finished job 4.
13 of 36 steps (36%) done

[Sun Jul 26 22:52:54 2020]
rule featureExtract_coarse:
    output: /media/veracrypt6/projects/autofids/data/OASIS/deriv/features/afid-03_desc-coarse_features.npy, /media/veracrypt6/projects/autofids/data/OASIS/deriv/features/afid-03_registration.done
    jobid: 5
    wildcards: afid_num=03

Touching output file /media/veracrypt6/projects/autofids/data/OASIS/deriv/features/afid-10_registration.done.
[Sun Jul 26 22:52:54 2020]
Finished job 12.
14 of 36 steps (39%) done

[Sun Jul 26 22:52:54 2020]
rule featureExtract_coarse:
    output: /media/veracrypt6/projects/autofids/data/OASIS/deriv/features/afid-11_desc-coarse_features.npy, /media/veracrypt6/projects/autofids/data/OASIS/deriv/features/afid-11_registration.done
    jobid: 13
    wildcards: afid_num=11

Terminating processes on user request, this might take some time.
[Sun Jul 26 22:52:54 2020]
Error in rule featureExtract_coarse:
    jobid: 13
    output: /media/veracrypt6/projects/autofids/data/OASIS/deriv/features/afid-11_desc-coarse_features.npy, /media/veracrypt6/projects/autofids/data/OASIS/deriv/features/afid-11_registration.done

RuleException:
CalledProcessError in line 67 of /home/greydon/Documents/GitHub/Auto-afids/workflow/rules/mniTransform.smk:
Command 'set -euo pipefail;  /usr/bin/python3 /home/greydon/Documents/GitHub/Auto-afids/.snakemake/scripts/tmpjr5f5axa.data_store.py' died with <Signals.SIGINT: 2>.
  File "/home/greydon/.local/lib/python3.8/site-packages/snakemake/executors/__init__.py", line 2168, in run_wrapper
  File "/home/greydon/Documents/GitHub/Auto-afids/workflow/rules/mniTransform.smk", line 67, in __rule_featureExtract_coarse
  File "/home/greydon/.local/lib/python3.8/site-packages/snakemake/executors/__init__.py", line 529, in _callback
  File "/usr/lib/python3.8/concurrent/futures/thread.py", line 57, in run
  File "/home/greydon/.local/lib/python3.8/site-packages/snakemake/executors/__init__.py", line 515, in cached_or_run
  File "/home/greydon/.local/lib/python3.8/site-packages/snakemake/executors/__init__.py", line 2199, in run_wrapper
[Sun Jul 26 22:52:54 2020]
Error in rule featureExtract_coarse:
    jobid: 5
    output: /media/veracrypt6/projects/autofids/data/OASIS/deriv/features/afid-03_desc-coarse_features.npy, /media/veracrypt6/projects/autofids/data/OASIS/deriv/features/afid-03_registration.done

RuleException:
CalledProcessError in line 67 of /home/greydon/Documents/GitHub/Auto-afids/workflow/rules/mniTransform.smk:
Command 'set -euo pipefail;  /usr/bin/python3 /home/greydon/Documents/GitHub/Auto-afids/.snakemake/scripts/tmpzyzm_m_y.data_store.py' died with <Signals.SIGINT: 2>.
  File "/home/greydon/.local/lib/python3.8/site-packages/snakemake/executors/__init__.py", line 2168, in run_wrapper
  File "/home/greydon/Documents/GitHub/Auto-afids/workflow/rules/mniTransform.smk", line 67, in __rule_featureExtract_coarse
  File "/home/greydon/.local/lib/python3.8/site-packages/snakemake/executors/__init__.py", line 529, in _callback
  File "/usr/lib/python3.8/concurrent/futures/thread.py", line 57, in run
  File "/home/greydon/.local/lib/python3.8/site-packages/snakemake/executors/__init__.py", line 515, in cached_or_run
  File "/home/greydon/.local/lib/python3.8/site-packages/snakemake/executors/__init__.py", line 2199, in run_wrapper
[Sun Jul 26 22:52:54 2020]
Error in rule featureExtract_coarse:
    jobid: 19
    output: /media/veracrypt6/projects/autofids/data/OASIS/deriv/features/afid-17_desc-coarse_features.npy, /media/veracrypt6/projects/autofids/data/OASIS/deriv/features/afid-17_registration.done

RuleException:
CalledProcessError in line 67 of /home/greydon/Documents/GitHub/Auto-afids/workflow/rules/mniTransform.smk:
Command 'set -euo pipefail;  /usr/bin/python3 /home/greydon/Documents/GitHub/Auto-afids/.snakemake/scripts/tmpp08kb1fo.data_store.py' died with <Signals.SIGINT: 2>.
  File "/home/greydon/.local/lib/python3.8/site-packages/snakemake/executors/__init__.py", line 2168, in run_wrapper
  File "/home/greydon/Documents/GitHub/Auto-afids/workflow/rules/mniTransform.smk", line 67, in __rule_featureExtract_coarse
  File "/home/greydon/.local/lib/python3.8/site-packages/snakemake/executors/__init__.py", line 529, in _callback
  File "/usr/lib/python3.8/concurrent/futures/thread.py", line 57, in run
  File "/home/greydon/.local/lib/python3.8/site-packages/snakemake/executors/__init__.py", line 515, in cached_or_run
  File "/home/greydon/.local/lib/python3.8/site-packages/snakemake/executors/__init__.py", line 2199, in run_wrapper
[Sun Jul 26 22:52:54 2020]
Error in rule featureExtract_coarse:
    jobid: 27
    output: /media/veracrypt6/projects/autofids/data/OASIS/deriv/features/afid-25_desc-coarse_features.npy, /media/veracrypt6/projects/autofids/data/OASIS/deriv/features/afid-25_registration.done

RuleException:
CalledProcessError in line 67 of /home/greydon/Documents/GitHub/Auto-afids/workflow/rules/mniTransform.smk:
Command 'set -euo pipefail;  /usr/bin/python3 /home/greydon/Documents/GitHub/Auto-afids/.snakemake/scripts/tmpv_dlisfw.data_store.py' died with <Signals.SIGINT: 2>.
  File "/home/greydon/.local/lib/python3.8/site-packages/snakemake/executors/__init__.py", line 2168, in run_wrapper
  File "/home/greydon/Documents/GitHub/Auto-afids/workflow/rules/mniTransform.smk", line 67, in __rule_featureExtract_coarse
  File "/home/greydon/.local/lib/python3.8/site-packages/snakemake/executors/__init__.py", line 529, in _callback
  File "/usr/lib/python3.8/concurrent/futures/thread.py", line 57, in run
  File "/home/greydon/.local/lib/python3.8/site-packages/snakemake/executors/__init__.py", line 515, in cached_or_run
  File "/home/greydon/.local/lib/python3.8/site-packages/snakemake/executors/__init__.py", line 2199, in run_wrapper
[Sun Jul 26 22:52:54 2020]
Error in rule featureExtract_coarse:
    jobid: 34
    output: /media/veracrypt6/projects/autofids/data/OASIS/deriv/features/afid-32_desc-coarse_features.npy, /media/veracrypt6/projects/autofids/data/OASIS/deriv/features/afid-32_registration.done

RuleException:
CalledProcessError in line 67 of /home/greydon/Documents/GitHub/Auto-afids/workflow/rules/mniTransform.smk:
Command 'set -euo pipefail;  /usr/bin/python3 /home/greydon/Documents/GitHub/Auto-afids/.snakemake/scripts/tmpj4fvnths.data_store.py' died with <Signals.SIGINT: 2>.
  File "/home/greydon/.local/lib/python3.8/site-packages/snakemake/executors/__init__.py", line 2168, in run_wrapper
  File "/home/greydon/Documents/GitHub/Auto-afids/workflow/rules/mniTransform.smk", line 67, in __rule_featureExtract_coarse
  File "/home/greydon/.local/lib/python3.8/site-packages/snakemake/executors/__init__.py", line 529, in _callback
  File "/usr/lib/python3.8/concurrent/futures/thread.py", line 57, in run
  File "/home/greydon/.local/lib/python3.8/site-packages/snakemake/executors/__init__.py", line 515, in cached_or_run
  File "/home/greydon/.local/lib/python3.8/site-packages/snakemake/executors/__init__.py", line 2199, in run_wrapper
[Sun Jul 26 22:52:54 2020]
Error in rule featureExtract_coarse:
    jobid: 33
    output: /media/veracrypt6/projects/autofids/data/OASIS/deriv/features/afid-31_desc-coarse_features.npy, /media/veracrypt6/projects/autofids/data/OASIS/deriv/features/afid-31_registration.done

RuleException:
CalledProcessError in line 67 of /home/greydon/Documents/GitHub/Auto-afids/workflow/rules/mniTransform.smk:
Command 'set -euo pipefail;  /usr/bin/python3 /home/greydon/Documents/GitHub/Auto-afids/.snakemake/scripts/tmpggzqsbcc.data_store.py' died with <Signals.SIGINT: 2>.
  File "/home/greydon/.local/lib/python3.8/site-packages/snakemake/executors/__init__.py", line 2168, in run_wrapper
  File "/home/greydon/Documents/GitHub/Auto-afids/workflow/rules/mniTransform.smk", line 67, in __rule_featureExtract_coarse
  File "/home/greydon/.local/lib/python3.8/site-packages/snakemake/executors/__init__.py", line 529, in _callback
  File "/usr/lib/python3.8/concurrent/futures/thread.py", line 57, in run
  File "/home/greydon/.local/lib/python3.8/site-packages/snakemake/executors/__init__.py", line 515, in cached_or_run
  File "/home/greydon/.local/lib/python3.8/site-packages/snakemake/executors/__init__.py", line 2199, in run_wrapper
Complete log: /home/greydon/Documents/GitHub/Auto-afids/.snakemake/log/2020-07-26T225227.124088.snakemake.log
