Building DAG of jobs...
Using shell: /usr/bin/bash
Provided cores: 5
Rules claiming more threads will be scaled down.
Singularity containers: ignored
Job counts:
	count	jobs
	1	align_mni_rigid
	1	all
	1	fid_tform_mni_rigid
	1	fsl_to_ras
	4

[Sun Jul 26 19:20:38 2020]
rule align_mni_rigid:
    input: /media/veracrypt6/projects/autofids/data/OASIS/bids/sub-0010/anat/sub-0010_T1w.nii.gz, resources/mni_icbm152_t1_tal_nlin_asym_09c.nii.gz
    output: /media/veracrypt6/projects/autofids/data/OASIS/deriv/mni_space/sub-0010/anat/sub-0010_space-MNI152NLin2009cAsym_T1w.nii.gz, /media/veracrypt6/projects/autofids/data/OASIS/deriv/mni_space/sub-0010/anat/sub-0010_space-MNI152NLin2009cAsym_xfm.mat
    jobid: 1
    wildcards: subject=0010

[Sun Jul 26 19:23:28 2020]
Finished job 1.
1 of 4 steps (25%) done

[Sun Jul 26 19:23:28 2020]
rule fsl_to_ras:
    input: /media/veracrypt6/projects/autofids/data/OASIS/bids/sub-0010/anat/sub-0010_T1w.nii.gz, /media/veracrypt6/projects/autofids/data/OASIS/deriv/mni_space/sub-0010/anat/sub-0010_space-MNI152NLin2009cAsym_xfm.mat
    output: /media/veracrypt6/projects/autofids/data/OASIS/deriv/mni_space/sub-0010/anat/sub-0010_space-MNI152NLin2009cAsym_desc-ras_xfm.txt, /media/veracrypt6/projects/autofids/data/OASIS/deriv/mni_space/sub-0010/anat/sub-0010_space-MNI152NLin2009cAsym_desc-ras_xfm.tfm
    jobid: 2
    wildcards: subject=0010

RuleException in line 19 of /home/greydon/Documents/GitHub/Auto-afids/workflow/rules/mniTransform.smk:
'OutputFiles' object has no attribute 'warped'
  File "/home/greydon/.local/lib/python3.8/site-packages/snakemake/executors/__init__.py", line 111, in run_jobs
  File "/home/greydon/.local/lib/python3.8/site-packages/snakemake/executors/__init__.py", line 402, in run
  File "/home/greydon/.local/lib/python3.8/site-packages/snakemake/executors/__init__.py", line 203, in _run
  File "/home/greydon/.local/lib/python3.8/site-packages/snakemake/executors/__init__.py", line 131, in _run
  File "/home/greydon/.local/lib/python3.8/site-packages/snakemake/executors/__init__.py", line 137, in printjob
