Building DAG of jobs...
Using shell: /usr/bin/bash
Provided cores: 5
Rules claiming more threads will be scaled down.
Singularity containers: ignored
Job counts:
	count	jobs
	1	align_mni_rigid
	1	all
	96	featureExtract
	1	fid_tform_mni_rigid
	99

[Sun Jul 26 18:56:02 2020]
rule align_mni_rigid:
    input: /media/veracrypt6/projects/autofids/data/OASIS/bids/sub-0010/anat/sub-0010_T1w.nii.gz, resources/mni_icbm152_t1_tal_nlin_asym_09c.nii.gz
    output: /media/veracrypt6/projects/autofids/data/OASIS/deriv/mni_space/sub-0010/anat/sub-0010_space-MNI152NLin2009cAsym_T1w.nii.gz, /media/veracrypt6/projects/autofids/data/OASIS/deriv/mni_space/sub-0010/anat/sub-0010_space-MNI152NLin2009cAsym_xfm.mat, /media/veracrypt6/projects/autofids/data/OASIS/deriv/mni_space/sub-0010/anat/sub-0010_space-MNI152NLin2009cAsym_desc-ras_xfm.txt, /media/veracrypt6/projects/autofids/data/OASIS/deriv/mni_space/sub-0010/anat/sub-0010_space-MNI152NLin2009cAsym_desc-ras_xfm.tfm
    jobid: 1
    wildcards: subject=0010

[Sun Jul 26 18:58:52 2020]
Finished job 1.
1 of 99 steps (1%) done

[Sun Jul 26 18:58:52 2020]
rule fid_tform_mni_rigid:
    input: /media/veracrypt6/projects/autofids/data/OASIS/deriv/afids/sub-0010/anat/sub-0010_space-T1w_afids.fcsv, /media/veracrypt6/projects/autofids/data/OASIS/deriv/mni_space/sub-0010/anat/sub-0010_space-MNI152NLin2009cAsym_desc-ras_xfm.txt, /media/veracrypt6/projects/autofids/data/OASIS/deriv/mni_space/sub-0010/anat/sub-0010_space-MNI152NLin2009cAsym_desc-ras_xfm.tfm, resources/dummy.fcsv
    output: /media/veracrypt6/projects/autofids/data/OASIS/deriv/mni_space/sub-0010/anat/sub-0010_space-MNI152NLin2009cAsym_desc-ras_afids.fcsv
    jobid: 2
    wildcards: subject=0010

[Sun Jul 26 18:58:52 2020]
Finished job 2.
2 of 99 steps (2%) done

[Sun Jul 26 18:58:52 2020]
rule featureExtract:
    input: /media/veracrypt6/projects/autofids/data/OASIS/deriv/mni_space/sub-0010/anat/sub-0010_space-MNI152NLin2009cAsym_T1w.nii.gz, /media/veracrypt6/projects/autofids/data/OASIS/deriv/mni_space/sub-0010/anat/sub-0010_space-MNI152NLin2009cAsym_desc-ras_afids.fcsv
    output: /media/veracrypt6/projects/autofids/data/OASIS/deriv/features/afid-30_sub-0010_desc-coarse_features.npy
    jobid: 32
    wildcards: afid_num=30, subject=0010, train_level=coarse

[Sun Jul 26 18:58:52 2020]
rule featureExtract:
    input: /media/veracrypt6/projects/autofids/data/OASIS/deriv/mni_space/sub-0010/anat/sub-0010_space-MNI152NLin2009cAsym_T1w.nii.gz, /media/veracrypt6/projects/autofids/data/OASIS/deriv/mni_space/sub-0010/anat/sub-0010_space-MNI152NLin2009cAsym_desc-ras_afids.fcsv
    output: /media/veracrypt6/projects/autofids/data/OASIS/deriv/features/afid-11_sub-0010_desc-fine_features.npy
    jobid: 77
    wildcards: afid_num=11, subject=0010, train_level=fine

[Sun Jul 26 18:58:52 2020]
rule featureExtract:
    input: /media/veracrypt6/projects/autofids/data/OASIS/deriv/mni_space/sub-0010/anat/sub-0010_space-MNI152NLin2009cAsym_T1w.nii.gz, /media/veracrypt6/projects/autofids/data/OASIS/deriv/mni_space/sub-0010/anat/sub-0010_space-MNI152NLin2009cAsym_desc-ras_afids.fcsv
    output: /media/veracrypt6/projects/autofids/data/OASIS/deriv/features/afid-01_sub-0010_desc-coarse_features.npy
    jobid: 3
    wildcards: afid_num=01, subject=0010, train_level=coarse


[Sun Jul 26 18:58:52 2020]
rule featureExtract:
    input: /media/veracrypt6/projects/autofids/data/OASIS/deriv/mni_space/sub-0010/anat/sub-0010_space-MNI152NLin2009cAsym_T1w.nii.gz, /media/veracrypt6/projects/autofids/data/OASIS/deriv/mni_space/sub-0010/anat/sub-0010_space-MNI152NLin2009cAsym_desc-ras_afids.fcsv
    output: /media/veracrypt6/projects/autofids/data/OASIS/deriv/features/afid-31_sub-0010_desc-coarse_features.npy
    jobid: 33
    wildcards: afid_num=31, subject=0010, train_level=coarse


[Sun Jul 26 18:58:52 2020]
rule featureExtract:
    input: /media/veracrypt6/projects/autofids/data/OASIS/deriv/mni_space/sub-0010/anat/sub-0010_space-MNI152NLin2009cAsym_T1w.nii.gz, /media/veracrypt6/projects/autofids/data/OASIS/deriv/mni_space/sub-0010/anat/sub-0010_space-MNI152NLin2009cAsym_desc-ras_afids.fcsv
    output: /media/veracrypt6/projects/autofids/data/OASIS/deriv/features/afid-12_sub-0010_desc-fine_features.npy
    jobid: 78
    wildcards: afid_num=12, subject=0010, train_level=fine

[Sun Jul 26 18:58:58 2020]
Finished job 78.
3 of 99 steps (3%) done

[Sun Jul 26 18:58:58 2020]
rule featureExtract:
    input: /media/veracrypt6/projects/autofids/data/OASIS/deriv/mni_space/sub-0010/anat/sub-0010_space-MNI152NLin2009cAsym_T1w.nii.gz, /media/veracrypt6/projects/autofids/data/OASIS/deriv/mni_space/sub-0010/anat/sub-0010_space-MNI152NLin2009cAsym_desc-ras_afids.fcsv
    output: /media/veracrypt6/projects/autofids/data/OASIS/deriv/features/afid-02_sub-0010_desc-coarse_features.npy
    jobid: 4
    wildcards: afid_num=02, subject=0010, train_level=coarse

[Sun Jul 26 18:58:59 2020]
Finished job 3.
4 of 99 steps (4%) done

[Sun Jul 26 18:58:59 2020]
rule featureExtract:
    input: /media/veracrypt6/projects/autofids/data/OASIS/deriv/mni_space/sub-0010/anat/sub-0010_space-MNI152NLin2009cAsym_T1w.nii.gz, /media/veracrypt6/projects/autofids/data/OASIS/deriv/mni_space/sub-0010/anat/sub-0010_space-MNI152NLin2009cAsym_desc-ras_afids.fcsv
    output: /media/veracrypt6/projects/autofids/data/OASIS/deriv/features/afid-32_sub-0010_desc-coarse_features.npy
    jobid: 34
    wildcards: afid_num=32, subject=0010, train_level=coarse

[Sun Jul 26 18:58:59 2020]
Finished job 32.
5 of 99 steps (5%) done

[Sun Jul 26 18:58:59 2020]
rule featureExtract:
    input: /media/veracrypt6/projects/autofids/data/OASIS/deriv/mni_space/sub-0010/anat/sub-0010_space-MNI152NLin2009cAsym_T1w.nii.gz, /media/veracrypt6/projects/autofids/data/OASIS/deriv/mni_space/sub-0010/anat/sub-0010_space-MNI152NLin2009cAsym_desc-ras_afids.fcsv
    output: /media/veracrypt6/projects/autofids/data/OASIS/deriv/features/afid-13_sub-0010_desc-fine_features.npy
    jobid: 79
    wildcards: afid_num=13, subject=0010, train_level=fine

[Sun Jul 26 18:59:01 2020]
Finished job 77.
6 of 99 steps (6%) done

[Sun Jul 26 18:59:01 2020]
rule featureExtract:
    input: /media/veracrypt6/projects/autofids/data/OASIS/deriv/mni_space/sub-0010/anat/sub-0010_space-MNI152NLin2009cAsym_T1w.nii.gz, /media/veracrypt6/projects/autofids/data/OASIS/deriv/mni_space/sub-0010/anat/sub-0010_space-MNI152NLin2009cAsym_desc-ras_afids.fcsv
    output: /media/veracrypt6/projects/autofids/data/OASIS/deriv/features/afid-03_sub-0010_desc-coarse_features.npy
    jobid: 5
    wildcards: afid_num=03, subject=0010, train_level=coarse

[Sun Jul 26 18:59:01 2020]
Finished job 33.
7 of 99 steps (7%) done

[Sun Jul 26 18:59:01 2020]
rule featureExtract:
    input: /media/veracrypt6/projects/autofids/data/OASIS/deriv/mni_space/sub-0010/anat/sub-0010_space-MNI152NLin2009cAsym_T1w.nii.gz, /media/veracrypt6/projects/autofids/data/OASIS/deriv/mni_space/sub-0010/anat/sub-0010_space-MNI152NLin2009cAsym_desc-ras_afids.fcsv
    output: /media/veracrypt6/projects/autofids/data/OASIS/deriv/features/afid-01_sub-0010_desc-medium_features.npy
    jobid: 35
    wildcards: afid_num=01, subject=0010, train_level=medium

[Sun Jul 26 18:59:04 2020]
Finished job 79.
8 of 99 steps (8%) done

[Sun Jul 26 18:59:04 2020]
rule featureExtract:
    input: /media/veracrypt6/projects/autofids/data/OASIS/deriv/mni_space/sub-0010/anat/sub-0010_space-MNI152NLin2009cAsym_T1w.nii.gz, /media/veracrypt6/projects/autofids/data/OASIS/deriv/mni_space/sub-0010/anat/sub-0010_space-MNI152NLin2009cAsym_desc-ras_afids.fcsv
    output: /media/veracrypt6/projects/autofids/data/OASIS/deriv/features/afid-14_sub-0010_desc-fine_features.npy
    jobid: 80
    wildcards: afid_num=14, subject=0010, train_level=fine

[Sun Jul 26 18:59:05 2020]
Finished job 34.
9 of 99 steps (9%) done

[Sun Jul 26 18:59:05 2020]
rule featureExtract:
    input: /media/veracrypt6/projects/autofids/data/OASIS/deriv/mni_space/sub-0010/anat/sub-0010_space-MNI152NLin2009cAsym_T1w.nii.gz, /media/veracrypt6/projects/autofids/data/OASIS/deriv/mni_space/sub-0010/anat/sub-0010_space-MNI152NLin2009cAsym_desc-ras_afids.fcsv
    output: /media/veracrypt6/projects/autofids/data/OASIS/deriv/features/afid-04_sub-0010_desc-coarse_features.npy
    jobid: 6
    wildcards: afid_num=04, subject=0010, train_level=coarse

[Sun Jul 26 18:59:05 2020]
Finished job 4.
10 of 99 steps (10%) done

[Sun Jul 26 18:59:05 2020]
rule featureExtract:
    input: /media/veracrypt6/projects/autofids/data/OASIS/deriv/mni_space/sub-0010/anat/sub-0010_space-MNI152NLin2009cAsym_T1w.nii.gz, /media/veracrypt6/projects/autofids/data/OASIS/deriv/mni_space/sub-0010/anat/sub-0010_space-MNI152NLin2009cAsym_desc-ras_afids.fcsv
    output: /media/veracrypt6/projects/autofids/data/OASIS/deriv/features/afid-02_sub-0010_desc-medium_features.npy
    jobid: 36
    wildcards: afid_num=02, subject=0010, train_level=medium

[Sun Jul 26 18:59:07 2020]
Finished job 5.
11 of 99 steps (11%) done

[Sun Jul 26 18:59:07 2020]
rule featureExtract:
    input: /media/veracrypt6/projects/autofids/data/OASIS/deriv/mni_space/sub-0010/anat/sub-0010_space-MNI152NLin2009cAsym_T1w.nii.gz, /media/veracrypt6/projects/autofids/data/OASIS/deriv/mni_space/sub-0010/anat/sub-0010_space-MNI152NLin2009cAsym_desc-ras_afids.fcsv
    output: /media/veracrypt6/projects/autofids/data/OASIS/deriv/features/afid-15_sub-0010_desc-fine_features.npy
    jobid: 81
    wildcards: afid_num=15, subject=0010, train_level=fine

[Sun Jul 26 18:59:08 2020]
Finished job 35.
12 of 99 steps (12%) done

[Sun Jul 26 18:59:08 2020]
rule featureExtract:
    input: /media/veracrypt6/projects/autofids/data/OASIS/deriv/mni_space/sub-0010/anat/sub-0010_space-MNI152NLin2009cAsym_T1w.nii.gz, /media/veracrypt6/projects/autofids/data/OASIS/deriv/mni_space/sub-0010/anat/sub-0010_space-MNI152NLin2009cAsym_desc-ras_afids.fcsv
    output: /media/veracrypt6/projects/autofids/data/OASIS/deriv/features/afid-05_sub-0010_desc-coarse_features.npy
    jobid: 7
    wildcards: afid_num=05, subject=0010, train_level=coarse

[Sun Jul 26 18:59:10 2020]
Finished job 80.
13 of 99 steps (13%) done

[Sun Jul 26 18:59:10 2020]
rule featureExtract:
    input: /media/veracrypt6/projects/autofids/data/OASIS/deriv/mni_space/sub-0010/anat/sub-0010_space-MNI152NLin2009cAsym_T1w.nii.gz, /media/veracrypt6/projects/autofids/data/OASIS/deriv/mni_space/sub-0010/anat/sub-0010_space-MNI152NLin2009cAsym_desc-ras_afids.fcsv
    output: /media/veracrypt6/projects/autofids/data/OASIS/deriv/features/afid-03_sub-0010_desc-medium_features.npy
    jobid: 37
    wildcards: afid_num=03, subject=0010, train_level=medium

[Sun Jul 26 18:59:12 2020]
Finished job 6.
14 of 99 steps (14%) done

[Sun Jul 26 18:59:12 2020]
rule featureExtract:
    input: /media/veracrypt6/projects/autofids/data/OASIS/deriv/mni_space/sub-0010/anat/sub-0010_space-MNI152NLin2009cAsym_T1w.nii.gz, /media/veracrypt6/projects/autofids/data/OASIS/deriv/mni_space/sub-0010/anat/sub-0010_space-MNI152NLin2009cAsym_desc-ras_afids.fcsv
    output: /media/veracrypt6/projects/autofids/data/OASIS/deriv/features/afid-16_sub-0010_desc-fine_features.npy
    jobid: 82
    wildcards: afid_num=16, subject=0010, train_level=fine

[Sun Jul 26 18:59:12 2020]
Finished job 36.
15 of 99 steps (15%) done

[Sun Jul 26 18:59:12 2020]
rule featureExtract:
    input: /media/veracrypt6/projects/autofids/data/OASIS/deriv/mni_space/sub-0010/anat/sub-0010_space-MNI152NLin2009cAsym_T1w.nii.gz, /media/veracrypt6/projects/autofids/data/OASIS/deriv/mni_space/sub-0010/anat/sub-0010_space-MNI152NLin2009cAsym_desc-ras_afids.fcsv
    output: /media/veracrypt6/projects/autofids/data/OASIS/deriv/features/afid-06_sub-0010_desc-coarse_features.npy
    jobid: 8
    wildcards: afid_num=06, subject=0010, train_level=coarse

[Sun Jul 26 18:59:13 2020]
Finished job 81.
16 of 99 steps (16%) done

[Sun Jul 26 18:59:13 2020]
rule featureExtract:
    input: /media/veracrypt6/projects/autofids/data/OASIS/deriv/mni_space/sub-0010/anat/sub-0010_space-MNI152NLin2009cAsym_T1w.nii.gz, /media/veracrypt6/projects/autofids/data/OASIS/deriv/mni_space/sub-0010/anat/sub-0010_space-MNI152NLin2009cAsym_desc-ras_afids.fcsv
    output: /media/veracrypt6/projects/autofids/data/OASIS/deriv/features/afid-04_sub-0010_desc-medium_features.npy
    jobid: 38
    wildcards: afid_num=04, subject=0010, train_level=medium

[Sun Jul 26 18:59:14 2020]
Finished job 7.
17 of 99 steps (17%) done

[Sun Jul 26 18:59:14 2020]
rule featureExtract:
    input: /media/veracrypt6/projects/autofids/data/OASIS/deriv/mni_space/sub-0010/anat/sub-0010_space-MNI152NLin2009cAsym_T1w.nii.gz, /media/veracrypt6/projects/autofids/data/OASIS/deriv/mni_space/sub-0010/anat/sub-0010_space-MNI152NLin2009cAsym_desc-ras_afids.fcsv
    output: /media/veracrypt6/projects/autofids/data/OASIS/deriv/features/afid-17_sub-0010_desc-fine_features.npy
    jobid: 83
    wildcards: afid_num=17, subject=0010, train_level=fine

[Sun Jul 26 18:59:17 2020]
Finished job 82.
18 of 99 steps (18%) done

[Sun Jul 26 18:59:17 2020]
rule featureExtract:
    input: /media/veracrypt6/projects/autofids/data/OASIS/deriv/mni_space/sub-0010/anat/sub-0010_space-MNI152NLin2009cAsym_T1w.nii.gz, /media/veracrypt6/projects/autofids/data/OASIS/deriv/mni_space/sub-0010/anat/sub-0010_space-MNI152NLin2009cAsym_desc-ras_afids.fcsv
    output: /media/veracrypt6/projects/autofids/data/OASIS/deriv/features/afid-07_sub-0010_desc-coarse_features.npy
    jobid: 9
    wildcards: afid_num=07, subject=0010, train_level=coarse

[Sun Jul 26 18:59:18 2020]
Finished job 37.
19 of 99 steps (19%) done

[Sun Jul 26 18:59:18 2020]
rule featureExtract:
    input: /media/veracrypt6/projects/autofids/data/OASIS/deriv/mni_space/sub-0010/anat/sub-0010_space-MNI152NLin2009cAsym_T1w.nii.gz, /media/veracrypt6/projects/autofids/data/OASIS/deriv/mni_space/sub-0010/anat/sub-0010_space-MNI152NLin2009cAsym_desc-ras_afids.fcsv
    output: /media/veracrypt6/projects/autofids/data/OASIS/deriv/features/afid-05_sub-0010_desc-medium_features.npy
    jobid: 39
    wildcards: afid_num=05, subject=0010, train_level=medium

[Sun Jul 26 18:59:19 2020]
Finished job 8.
20 of 99 steps (20%) done

[Sun Jul 26 18:59:19 2020]
rule featureExtract:
    input: /media/veracrypt6/projects/autofids/data/OASIS/deriv/mni_space/sub-0010/anat/sub-0010_space-MNI152NLin2009cAsym_T1w.nii.gz, /media/veracrypt6/projects/autofids/data/OASIS/deriv/mni_space/sub-0010/anat/sub-0010_space-MNI152NLin2009cAsym_desc-ras_afids.fcsv
    output: /media/veracrypt6/projects/autofids/data/OASIS/deriv/features/afid-18_sub-0010_desc-fine_features.npy
    jobid: 84
    wildcards: afid_num=18, subject=0010, train_level=fine

[Sun Jul 26 18:59:19 2020]
Finished job 83.
21 of 99 steps (21%) done

[Sun Jul 26 18:59:19 2020]
rule featureExtract:
    input: /media/veracrypt6/projects/autofids/data/OASIS/deriv/mni_space/sub-0010/anat/sub-0010_space-MNI152NLin2009cAsym_T1w.nii.gz, /media/veracrypt6/projects/autofids/data/OASIS/deriv/mni_space/sub-0010/anat/sub-0010_space-MNI152NLin2009cAsym_desc-ras_afids.fcsv
    output: /media/veracrypt6/projects/autofids/data/OASIS/deriv/features/afid-08_sub-0010_desc-coarse_features.npy
    jobid: 10
    wildcards: afid_num=08, subject=0010, train_level=coarse

[Sun Jul 26 18:59:20 2020]
Finished job 38.
22 of 99 steps (22%) done

[Sun Jul 26 18:59:20 2020]
rule featureExtract:
    input: /media/veracrypt6/projects/autofids/data/OASIS/deriv/mni_space/sub-0010/anat/sub-0010_space-MNI152NLin2009cAsym_T1w.nii.gz, /media/veracrypt6/projects/autofids/data/OASIS/deriv/mni_space/sub-0010/anat/sub-0010_space-MNI152NLin2009cAsym_desc-ras_afids.fcsv
    output: /media/veracrypt6/projects/autofids/data/OASIS/deriv/features/afid-06_sub-0010_desc-medium_features.npy
    jobid: 40
    wildcards: afid_num=06, subject=0010, train_level=medium

[Sun Jul 26 18:59:24 2020]
Finished job 39.
23 of 99 steps (23%) done

[Sun Jul 26 18:59:24 2020]
rule featureExtract:
    input: /media/veracrypt6/projects/autofids/data/OASIS/deriv/mni_space/sub-0010/anat/sub-0010_space-MNI152NLin2009cAsym_T1w.nii.gz, /media/veracrypt6/projects/autofids/data/OASIS/deriv/mni_space/sub-0010/anat/sub-0010_space-MNI152NLin2009cAsym_desc-ras_afids.fcsv
    output: /media/veracrypt6/projects/autofids/data/OASIS/deriv/features/afid-19_sub-0010_desc-fine_features.npy
    jobid: 85
    wildcards: afid_num=19, subject=0010, train_level=fine

[Sun Jul 26 18:59:25 2020]
Finished job 84.
24 of 99 steps (24%) done

[Sun Jul 26 18:59:25 2020]
rule featureExtract:
    input: /media/veracrypt6/projects/autofids/data/OASIS/deriv/mni_space/sub-0010/anat/sub-0010_space-MNI152NLin2009cAsym_T1w.nii.gz, /media/veracrypt6/projects/autofids/data/OASIS/deriv/mni_space/sub-0010/anat/sub-0010_space-MNI152NLin2009cAsym_desc-ras_afids.fcsv
    output: /media/veracrypt6/projects/autofids/data/OASIS/deriv/features/afid-09_sub-0010_desc-coarse_features.npy
    jobid: 11
    wildcards: afid_num=09, subject=0010, train_level=coarse

[Sun Jul 26 18:59:25 2020]
Finished job 9.
25 of 99 steps (25%) done

[Sun Jul 26 18:59:25 2020]
rule featureExtract:
    input: /media/veracrypt6/projects/autofids/data/OASIS/deriv/mni_space/sub-0010/anat/sub-0010_space-MNI152NLin2009cAsym_T1w.nii.gz, /media/veracrypt6/projects/autofids/data/OASIS/deriv/mni_space/sub-0010/anat/sub-0010_space-MNI152NLin2009cAsym_desc-ras_afids.fcsv
    output: /media/veracrypt6/projects/autofids/data/OASIS/deriv/features/afid-07_sub-0010_desc-medium_features.npy
    jobid: 41
    wildcards: afid_num=07, subject=0010, train_level=medium

[Sun Jul 26 18:59:26 2020]
Finished job 40.
26 of 99 steps (26%) done

[Sun Jul 26 18:59:26 2020]
rule featureExtract:
    input: /media/veracrypt6/projects/autofids/data/OASIS/deriv/mni_space/sub-0010/anat/sub-0010_space-MNI152NLin2009cAsym_T1w.nii.gz, /media/veracrypt6/projects/autofids/data/OASIS/deriv/mni_space/sub-0010/anat/sub-0010_space-MNI152NLin2009cAsym_desc-ras_afids.fcsv
    output: /media/veracrypt6/projects/autofids/data/OASIS/deriv/features/afid-20_sub-0010_desc-fine_features.npy
    jobid: 86
    wildcards: afid_num=20, subject=0010, train_level=fine

[Sun Jul 26 18:59:27 2020]
Finished job 10.
27 of 99 steps (27%) done

[Sun Jul 26 18:59:27 2020]
rule featureExtract:
    input: /media/veracrypt6/projects/autofids/data/OASIS/deriv/mni_space/sub-0010/anat/sub-0010_space-MNI152NLin2009cAsym_T1w.nii.gz, /media/veracrypt6/projects/autofids/data/OASIS/deriv/mni_space/sub-0010/anat/sub-0010_space-MNI152NLin2009cAsym_desc-ras_afids.fcsv
    output: /media/veracrypt6/projects/autofids/data/OASIS/deriv/features/afid-10_sub-0010_desc-coarse_features.npy
    jobid: 12
    wildcards: afid_num=10, subject=0010, train_level=coarse

[Sun Jul 26 18:59:30 2020]
Finished job 85.
28 of 99 steps (28%) done

[Sun Jul 26 18:59:30 2020]
rule featureExtract:
    input: /media/veracrypt6/projects/autofids/data/OASIS/deriv/mni_space/sub-0010/anat/sub-0010_space-MNI152NLin2009cAsym_T1w.nii.gz, /media/veracrypt6/projects/autofids/data/OASIS/deriv/mni_space/sub-0010/anat/sub-0010_space-MNI152NLin2009cAsym_desc-ras_afids.fcsv
    output: /media/veracrypt6/projects/autofids/data/OASIS/deriv/features/afid-08_sub-0010_desc-medium_features.npy
    jobid: 42
    wildcards: afid_num=08, subject=0010, train_level=medium

[Sun Jul 26 18:59:32 2020]
Finished job 41.
29 of 99 steps (29%) done

[Sun Jul 26 18:59:32 2020]
rule featureExtract:
    input: /media/veracrypt6/projects/autofids/data/OASIS/deriv/mni_space/sub-0010/anat/sub-0010_space-MNI152NLin2009cAsym_T1w.nii.gz, /media/veracrypt6/projects/autofids/data/OASIS/deriv/mni_space/sub-0010/anat/sub-0010_space-MNI152NLin2009cAsym_desc-ras_afids.fcsv
    output: /media/veracrypt6/projects/autofids/data/OASIS/deriv/features/afid-21_sub-0010_desc-fine_features.npy
    jobid: 87
    wildcards: afid_num=21, subject=0010, train_level=fine

[Sun Jul 26 18:59:33 2020]
Finished job 11.
30 of 99 steps (30%) done

[Sun Jul 26 18:59:33 2020]
rule featureExtract:
    input: /media/veracrypt6/projects/autofids/data/OASIS/deriv/mni_space/sub-0010/anat/sub-0010_space-MNI152NLin2009cAsym_T1w.nii.gz, /media/veracrypt6/projects/autofids/data/OASIS/deriv/mni_space/sub-0010/anat/sub-0010_space-MNI152NLin2009cAsym_desc-ras_afids.fcsv
    output: /media/veracrypt6/projects/autofids/data/OASIS/deriv/features/afid-11_sub-0010_desc-coarse_features.npy
    jobid: 13
    wildcards: afid_num=11, subject=0010, train_level=coarse

[Sun Jul 26 18:59:33 2020]
Finished job 12.
31 of 99 steps (31%) done

[Sun Jul 26 18:59:33 2020]
rule featureExtract:
    input: /media/veracrypt6/projects/autofids/data/OASIS/deriv/mni_space/sub-0010/anat/sub-0010_space-MNI152NLin2009cAsym_T1w.nii.gz, /media/veracrypt6/projects/autofids/data/OASIS/deriv/mni_space/sub-0010/anat/sub-0010_space-MNI152NLin2009cAsym_desc-ras_afids.fcsv
    output: /media/veracrypt6/projects/autofids/data/OASIS/deriv/features/afid-09_sub-0010_desc-medium_features.npy
    jobid: 43
    wildcards: afid_num=09, subject=0010, train_level=medium

[Sun Jul 26 18:59:34 2020]
Finished job 86.
32 of 99 steps (32%) done

[Sun Jul 26 18:59:34 2020]
rule featureExtract:
    input: /media/veracrypt6/projects/autofids/data/OASIS/deriv/mni_space/sub-0010/anat/sub-0010_space-MNI152NLin2009cAsym_T1w.nii.gz, /media/veracrypt6/projects/autofids/data/OASIS/deriv/mni_space/sub-0010/anat/sub-0010_space-MNI152NLin2009cAsym_desc-ras_afids.fcsv
    output: /media/veracrypt6/projects/autofids/data/OASIS/deriv/features/afid-22_sub-0010_desc-fine_features.npy
    jobid: 88
    wildcards: afid_num=22, subject=0010, train_level=fine

[Sun Jul 26 18:59:36 2020]
Finished job 42.
33 of 99 steps (33%) done

[Sun Jul 26 18:59:36 2020]
rule featureExtract:
    input: /media/veracrypt6/projects/autofids/data/OASIS/deriv/mni_space/sub-0010/anat/sub-0010_space-MNI152NLin2009cAsym_T1w.nii.gz, /media/veracrypt6/projects/autofids/data/OASIS/deriv/mni_space/sub-0010/anat/sub-0010_space-MNI152NLin2009cAsym_desc-ras_afids.fcsv
    output: /media/veracrypt6/projects/autofids/data/OASIS/deriv/features/afid-12_sub-0010_desc-coarse_features.npy
    jobid: 14
    wildcards: afid_num=12, subject=0010, train_level=coarse

[Sun Jul 26 18:59:38 2020]
Finished job 87.
34 of 99 steps (34%) done

[Sun Jul 26 18:59:38 2020]
rule featureExtract:
    input: /media/veracrypt6/projects/autofids/data/OASIS/deriv/mni_space/sub-0010/anat/sub-0010_space-MNI152NLin2009cAsym_T1w.nii.gz, /media/veracrypt6/projects/autofids/data/OASIS/deriv/mni_space/sub-0010/anat/sub-0010_space-MNI152NLin2009cAsym_desc-ras_afids.fcsv
    output: /media/veracrypt6/projects/autofids/data/OASIS/deriv/features/afid-10_sub-0010_desc-medium_features.npy
    jobid: 44
    wildcards: afid_num=10, subject=0010, train_level=medium

[Sun Jul 26 18:59:39 2020]
Finished job 43.
35 of 99 steps (35%) done

[Sun Jul 26 18:59:39 2020]
rule featureExtract:
    input: /media/veracrypt6/projects/autofids/data/OASIS/deriv/mni_space/sub-0010/anat/sub-0010_space-MNI152NLin2009cAsym_T1w.nii.gz, /media/veracrypt6/projects/autofids/data/OASIS/deriv/mni_space/sub-0010/anat/sub-0010_space-MNI152NLin2009cAsym_desc-ras_afids.fcsv
    output: /media/veracrypt6/projects/autofids/data/OASIS/deriv/features/afid-23_sub-0010_desc-fine_features.npy
    jobid: 89
    wildcards: afid_num=23, subject=0010, train_level=fine

[Sun Jul 26 18:59:39 2020]
Finished job 13.
36 of 99 steps (36%) done

[Sun Jul 26 18:59:39 2020]
rule featureExtract:
    input: /media/veracrypt6/projects/autofids/data/OASIS/deriv/mni_space/sub-0010/anat/sub-0010_space-MNI152NLin2009cAsym_T1w.nii.gz, /media/veracrypt6/projects/autofids/data/OASIS/deriv/mni_space/sub-0010/anat/sub-0010_space-MNI152NLin2009cAsym_desc-ras_afids.fcsv
    output: /media/veracrypt6/projects/autofids/data/OASIS/deriv/features/afid-13_sub-0010_desc-coarse_features.npy
    jobid: 15
    wildcards: afid_num=13, subject=0010, train_level=coarse

[Sun Jul 26 18:59:41 2020]
Finished job 14.
37 of 99 steps (37%) done

[Sun Jul 26 18:59:41 2020]
rule featureExtract:
    input: /media/veracrypt6/projects/autofids/data/OASIS/deriv/mni_space/sub-0010/anat/sub-0010_space-MNI152NLin2009cAsym_T1w.nii.gz, /media/veracrypt6/projects/autofids/data/OASIS/deriv/mni_space/sub-0010/anat/sub-0010_space-MNI152NLin2009cAsym_desc-ras_afids.fcsv
    output: /media/veracrypt6/projects/autofids/data/OASIS/deriv/features/afid-11_sub-0010_desc-medium_features.npy
    jobid: 45
    wildcards: afid_num=11, subject=0010, train_level=medium

[Sun Jul 26 18:59:41 2020]
Finished job 88.
38 of 99 steps (38%) done

[Sun Jul 26 18:59:41 2020]
rule featureExtract:
    input: /media/veracrypt6/projects/autofids/data/OASIS/deriv/mni_space/sub-0010/anat/sub-0010_space-MNI152NLin2009cAsym_T1w.nii.gz, /media/veracrypt6/projects/autofids/data/OASIS/deriv/mni_space/sub-0010/anat/sub-0010_space-MNI152NLin2009cAsym_desc-ras_afids.fcsv
    output: /media/veracrypt6/projects/autofids/data/OASIS/deriv/features/afid-24_sub-0010_desc-fine_features.npy
    jobid: 90
    wildcards: afid_num=24, subject=0010, train_level=fine

[Sun Jul 26 18:59:44 2020]
Finished job 44.
39 of 99 steps (39%) done

[Sun Jul 26 18:59:44 2020]
rule featureExtract:
    input: /media/veracrypt6/projects/autofids/data/OASIS/deriv/mni_space/sub-0010/anat/sub-0010_space-MNI152NLin2009cAsym_T1w.nii.gz, /media/veracrypt6/projects/autofids/data/OASIS/deriv/mni_space/sub-0010/anat/sub-0010_space-MNI152NLin2009cAsym_desc-ras_afids.fcsv
    output: /media/veracrypt6/projects/autofids/data/OASIS/deriv/features/afid-14_sub-0010_desc-coarse_features.npy
    jobid: 16
    wildcards: afid_num=14, subject=0010, train_level=coarse

[Sun Jul 26 18:59:45 2020]
Finished job 89.
40 of 99 steps (40%) done

[Sun Jul 26 18:59:45 2020]
rule featureExtract:
    input: /media/veracrypt6/projects/autofids/data/OASIS/deriv/mni_space/sub-0010/anat/sub-0010_space-MNI152NLin2009cAsym_T1w.nii.gz, /media/veracrypt6/projects/autofids/data/OASIS/deriv/mni_space/sub-0010/anat/sub-0010_space-MNI152NLin2009cAsym_desc-ras_afids.fcsv
    output: /media/veracrypt6/projects/autofids/data/OASIS/deriv/features/afid-12_sub-0010_desc-medium_features.npy
    jobid: 46
    wildcards: afid_num=12, subject=0010, train_level=medium

[Sun Jul 26 18:59:47 2020]
Finished job 15.
41 of 99 steps (41%) done

[Sun Jul 26 18:59:47 2020]
rule featureExtract:
    input: /media/veracrypt6/projects/autofids/data/OASIS/deriv/mni_space/sub-0010/anat/sub-0010_space-MNI152NLin2009cAsym_T1w.nii.gz, /media/veracrypt6/projects/autofids/data/OASIS/deriv/mni_space/sub-0010/anat/sub-0010_space-MNI152NLin2009cAsym_desc-ras_afids.fcsv
    output: /media/veracrypt6/projects/autofids/data/OASIS/deriv/features/afid-25_sub-0010_desc-fine_features.npy
    jobid: 91
    wildcards: afid_num=25, subject=0010, train_level=fine

[Sun Jul 26 18:59:48 2020]
Finished job 45.
42 of 99 steps (42%) done

[Sun Jul 26 18:59:48 2020]
rule featureExtract:
    input: /media/veracrypt6/projects/autofids/data/OASIS/deriv/mni_space/sub-0010/anat/sub-0010_space-MNI152NLin2009cAsym_T1w.nii.gz, /media/veracrypt6/projects/autofids/data/OASIS/deriv/mni_space/sub-0010/anat/sub-0010_space-MNI152NLin2009cAsym_desc-ras_afids.fcsv
    output: /media/veracrypt6/projects/autofids/data/OASIS/deriv/features/afid-15_sub-0010_desc-coarse_features.npy
    jobid: 17
    wildcards: afid_num=15, subject=0010, train_level=coarse

[Sun Jul 26 18:59:48 2020]
Finished job 90.
43 of 99 steps (43%) done

[Sun Jul 26 18:59:48 2020]
rule featureExtract:
    input: /media/veracrypt6/projects/autofids/data/OASIS/deriv/mni_space/sub-0010/anat/sub-0010_space-MNI152NLin2009cAsym_T1w.nii.gz, /media/veracrypt6/projects/autofids/data/OASIS/deriv/mni_space/sub-0010/anat/sub-0010_space-MNI152NLin2009cAsym_desc-ras_afids.fcsv
    output: /media/veracrypt6/projects/autofids/data/OASIS/deriv/features/afid-13_sub-0010_desc-medium_features.npy
    jobid: 47
    wildcards: afid_num=13, subject=0010, train_level=medium

[Sun Jul 26 18:59:50 2020]
Finished job 16.
44 of 99 steps (44%) done

[Sun Jul 26 18:59:50 2020]
rule featureExtract:
    input: /media/veracrypt6/projects/autofids/data/OASIS/deriv/mni_space/sub-0010/anat/sub-0010_space-MNI152NLin2009cAsym_T1w.nii.gz, /media/veracrypt6/projects/autofids/data/OASIS/deriv/mni_space/sub-0010/anat/sub-0010_space-MNI152NLin2009cAsym_desc-ras_afids.fcsv
    output: /media/veracrypt6/projects/autofids/data/OASIS/deriv/features/afid-28_sub-0010_desc-medium_features.npy
    jobid: 62
    wildcards: afid_num=28, subject=0010, train_level=medium

[Sun Jul 26 18:59:52 2020]
Finished job 46.
45 of 99 steps (45%) done

[Sun Jul 26 18:59:52 2020]
rule featureExtract:
    input: /media/veracrypt6/projects/autofids/data/OASIS/deriv/mni_space/sub-0010/anat/sub-0010_space-MNI152NLin2009cAsym_T1w.nii.gz, /media/veracrypt6/projects/autofids/data/OASIS/deriv/mni_space/sub-0010/anat/sub-0010_space-MNI152NLin2009cAsym_desc-ras_afids.fcsv
    output: /media/veracrypt6/projects/autofids/data/OASIS/deriv/features/afid-26_sub-0010_desc-fine_features.npy
    jobid: 92
    wildcards: afid_num=26, subject=0010, train_level=fine

[Sun Jul 26 18:59:54 2020]
Finished job 91.
46 of 99 steps (46%) done

[Sun Jul 26 18:59:54 2020]
rule featureExtract:
    input: /media/veracrypt6/projects/autofids/data/OASIS/deriv/mni_space/sub-0010/anat/sub-0010_space-MNI152NLin2009cAsym_T1w.nii.gz, /media/veracrypt6/projects/autofids/data/OASIS/deriv/mni_space/sub-0010/anat/sub-0010_space-MNI152NLin2009cAsym_desc-ras_afids.fcsv
    output: /media/veracrypt6/projects/autofids/data/OASIS/deriv/features/afid-16_sub-0010_desc-coarse_features.npy
    jobid: 18
    wildcards: afid_num=16, subject=0010, train_level=coarse

[Sun Jul 26 18:59:54 2020]
Finished job 17.
47 of 99 steps (47%) done

[Sun Jul 26 18:59:54 2020]
rule featureExtract:
    input: /media/veracrypt6/projects/autofids/data/OASIS/deriv/mni_space/sub-0010/anat/sub-0010_space-MNI152NLin2009cAsym_T1w.nii.gz, /media/veracrypt6/projects/autofids/data/OASIS/deriv/mni_space/sub-0010/anat/sub-0010_space-MNI152NLin2009cAsym_desc-ras_afids.fcsv
    output: /media/veracrypt6/projects/autofids/data/OASIS/deriv/features/afid-14_sub-0010_desc-medium_features.npy
    jobid: 48
    wildcards: afid_num=14, subject=0010, train_level=medium

[Sun Jul 26 18:59:54 2020]
Finished job 47.
48 of 99 steps (48%) done

[Sun Jul 26 18:59:54 2020]
rule featureExtract:
    input: /media/veracrypt6/projects/autofids/data/OASIS/deriv/mni_space/sub-0010/anat/sub-0010_space-MNI152NLin2009cAsym_T1w.nii.gz, /media/veracrypt6/projects/autofids/data/OASIS/deriv/mni_space/sub-0010/anat/sub-0010_space-MNI152NLin2009cAsym_desc-ras_afids.fcsv
    output: /media/veracrypt6/projects/autofids/data/OASIS/deriv/features/afid-29_sub-0010_desc-medium_features.npy
    jobid: 63
    wildcards: afid_num=29, subject=0010, train_level=medium

[Sun Jul 26 18:59:59 2020]
Finished job 62.
49 of 99 steps (49%) done

[Sun Jul 26 18:59:59 2020]
rule featureExtract:
    input: /media/veracrypt6/projects/autofids/data/OASIS/deriv/mni_space/sub-0010/anat/sub-0010_space-MNI152NLin2009cAsym_T1w.nii.gz, /media/veracrypt6/projects/autofids/data/OASIS/deriv/mni_space/sub-0010/anat/sub-0010_space-MNI152NLin2009cAsym_desc-ras_afids.fcsv
    output: /media/veracrypt6/projects/autofids/data/OASIS/deriv/features/afid-27_sub-0010_desc-fine_features.npy
    jobid: 93
    wildcards: afid_num=27, subject=0010, train_level=fine

[Sun Jul 26 19:00:00 2020]
Finished job 92.
50 of 99 steps (51%) done

[Sun Jul 26 19:00:00 2020]
rule featureExtract:
    input: /media/veracrypt6/projects/autofids/data/OASIS/deriv/mni_space/sub-0010/anat/sub-0010_space-MNI152NLin2009cAsym_T1w.nii.gz, /media/veracrypt6/projects/autofids/data/OASIS/deriv/mni_space/sub-0010/anat/sub-0010_space-MNI152NLin2009cAsym_desc-ras_afids.fcsv
    output: /media/veracrypt6/projects/autofids/data/OASIS/deriv/features/afid-17_sub-0010_desc-coarse_features.npy
    jobid: 19
    wildcards: afid_num=17, subject=0010, train_level=coarse

[Sun Jul 26 19:00:00 2020]
Finished job 18.
51 of 99 steps (52%) done

[Sun Jul 26 19:00:00 2020]
rule featureExtract:
    input: /media/veracrypt6/projects/autofids/data/OASIS/deriv/mni_space/sub-0010/anat/sub-0010_space-MNI152NLin2009cAsym_T1w.nii.gz, /media/veracrypt6/projects/autofids/data/OASIS/deriv/mni_space/sub-0010/anat/sub-0010_space-MNI152NLin2009cAsym_desc-ras_afids.fcsv
    output: /media/veracrypt6/projects/autofids/data/OASIS/deriv/features/afid-15_sub-0010_desc-medium_features.npy
    jobid: 49
    wildcards: afid_num=15, subject=0010, train_level=medium

[Sun Jul 26 19:00:01 2020]
Finished job 63.
52 of 99 steps (53%) done

[Sun Jul 26 19:00:01 2020]
rule featureExtract:
    input: /media/veracrypt6/projects/autofids/data/OASIS/deriv/mni_space/sub-0010/anat/sub-0010_space-MNI152NLin2009cAsym_T1w.nii.gz, /media/veracrypt6/projects/autofids/data/OASIS/deriv/mni_space/sub-0010/anat/sub-0010_space-MNI152NLin2009cAsym_desc-ras_afids.fcsv
    output: /media/veracrypt6/projects/autofids/data/OASIS/deriv/features/afid-30_sub-0010_desc-medium_features.npy
    jobid: 64
    wildcards: afid_num=30, subject=0010, train_level=medium

[Sun Jul 26 19:00:01 2020]
Finished job 48.
53 of 99 steps (54%) done

[Sun Jul 26 19:00:01 2020]
rule featureExtract:
    input: /media/veracrypt6/projects/autofids/data/OASIS/deriv/mni_space/sub-0010/anat/sub-0010_space-MNI152NLin2009cAsym_T1w.nii.gz, /media/veracrypt6/projects/autofids/data/OASIS/deriv/mni_space/sub-0010/anat/sub-0010_space-MNI152NLin2009cAsym_desc-ras_afids.fcsv
    output: /media/veracrypt6/projects/autofids/data/OASIS/deriv/features/afid-28_sub-0010_desc-fine_features.npy
    jobid: 94
    wildcards: afid_num=28, subject=0010, train_level=fine

[Sun Jul 26 19:00:05 2020]
Finished job 93.
54 of 99 steps (55%) done

[Sun Jul 26 19:00:05 2020]
rule featureExtract:
    input: /media/veracrypt6/projects/autofids/data/OASIS/deriv/mni_space/sub-0010/anat/sub-0010_space-MNI152NLin2009cAsym_T1w.nii.gz, /media/veracrypt6/projects/autofids/data/OASIS/deriv/mni_space/sub-0010/anat/sub-0010_space-MNI152NLin2009cAsym_desc-ras_afids.fcsv
    output: /media/veracrypt6/projects/autofids/data/OASIS/deriv/features/afid-18_sub-0010_desc-coarse_features.npy
    jobid: 20
    wildcards: afid_num=18, subject=0010, train_level=coarse

[Sun Jul 26 19:00:06 2020]
Finished job 49.
55 of 99 steps (56%) done

[Sun Jul 26 19:00:06 2020]
rule featureExtract:
    input: /media/veracrypt6/projects/autofids/data/OASIS/deriv/mni_space/sub-0010/anat/sub-0010_space-MNI152NLin2009cAsym_T1w.nii.gz, /media/veracrypt6/projects/autofids/data/OASIS/deriv/mni_space/sub-0010/anat/sub-0010_space-MNI152NLin2009cAsym_desc-ras_afids.fcsv
    output: /media/veracrypt6/projects/autofids/data/OASIS/deriv/features/afid-16_sub-0010_desc-medium_features.npy
    jobid: 50
    wildcards: afid_num=16, subject=0010, train_level=medium

[Sun Jul 26 19:00:07 2020]
Finished job 94.
56 of 99 steps (57%) done

[Sun Jul 26 19:00:07 2020]
rule featureExtract:
    input: /media/veracrypt6/projects/autofids/data/OASIS/deriv/mni_space/sub-0010/anat/sub-0010_space-MNI152NLin2009cAsym_T1w.nii.gz, /media/veracrypt6/projects/autofids/data/OASIS/deriv/mni_space/sub-0010/anat/sub-0010_space-MNI152NLin2009cAsym_desc-ras_afids.fcsv
    output: /media/veracrypt6/projects/autofids/data/OASIS/deriv/features/afid-31_sub-0010_desc-medium_features.npy
    jobid: 65
    wildcards: afid_num=31, subject=0010, train_level=medium

[Sun Jul 26 19:00:07 2020]
Finished job 19.
57 of 99 steps (58%) done

[Sun Jul 26 19:00:07 2020]
rule featureExtract:
    input: /media/veracrypt6/projects/autofids/data/OASIS/deriv/mni_space/sub-0010/anat/sub-0010_space-MNI152NLin2009cAsym_T1w.nii.gz, /media/veracrypt6/projects/autofids/data/OASIS/deriv/mni_space/sub-0010/anat/sub-0010_space-MNI152NLin2009cAsym_desc-ras_afids.fcsv
    output: /media/veracrypt6/projects/autofids/data/OASIS/deriv/features/afid-29_sub-0010_desc-fine_features.npy
    jobid: 95
    wildcards: afid_num=29, subject=0010, train_level=fine

Waiting at most 30 seconds for missing files.
MissingOutputException in line 35 of /home/greydon/Documents/GitHub/Auto-afids/workflow/rules/mniTransform.smk:
Job completed successfully, but some output files are missing. Missing files after 30 seconds:
/media/veracrypt6/projects/autofids/data/OASIS/deriv/features/afid-29_sub-0010_desc-fine_features.npy
This might be due to filesystem latency. If that is the case, consider to increase the wait time with --latency-wait.
  File "/home/greydon/.local/lib/python3.8/site-packages/snakemake/executors/__init__.py", line 544, in handle_job_success
  File "/home/greydon/.local/lib/python3.8/site-packages/snakemake/executors/__init__.py", line 225, in handle_job_success
[Sun Jul 26 19:00:38 2020]
Finished job 64.
58 of 99 steps (59%) done
[Sun Jul 26 19:00:38 2020]
Finished job 20.
59 of 99 steps (60%) done
[Sun Jul 26 19:00:38 2020]
Finished job 50.
60 of 99 steps (61%) done
[Sun Jul 26 19:00:38 2020]
Finished job 65.
61 of 99 steps (62%) done
Shutting down, this might take some time.
Exiting because a job execution failed. Look above for error message
Complete log: /home/greydon/Documents/GitHub/Auto-afids/.snakemake/log/2020-07-26T185602.297618.snakemake.log
