Building DAG of jobs...
MissingInputException in line 57 of /home/greydon/Documents/GitHub/Auto-afids/workflow/Snakefile:
Missing input files for rule all:
/media/veracrypt6/projects/autofids/data/OASIS/deriv/models/afid-24_desc-fine_model
/media/veracrypt6/projects/autofids/data/OASIS/deriv/models/afid-15_desc-coarse_model
/media/veracrypt6/projects/autofids/data/OASIS/deriv/models/afid-21_desc-coarse_model
/media/veracrypt6/projects/autofids/data/OASIS/deriv/models/afid-27_desc-fine_model
/media/veracrypt6/projects/autofids/data/OASIS/deriv/models/afid-21_desc-medium_model
/media/veracrypt6/projects/autofids/data/OASIS/deriv/models/afid-15_desc-fine_model
/media/veracrypt6/projects/autofids/data/OASIS/deriv/models/afid-25_desc-fine_model
/media/veracrypt6/projects/autofids/data/OASIS/deriv/models/afid-26_desc-coarse_model
/media/veracrypt6/projects/autofids/data/OASIS/deriv/models/afid-01_desc-medium_model
/media/veracrypt6/projects/autofids/data/OASIS/deriv/models/afid-13_desc-medium_model
/media/veracrypt6/projects/autofids/data/OASIS/deriv/models/afid-18_desc-coarse_model
/media/veracrypt6/projects/autofids/data/OASIS/deriv/models/afid-19_desc-coarse_model
/media/veracrypt6/projects/autofids/data/OASIS/deriv/models/afid-13_desc-coarse_model
/media/veracrypt6/projects/autofids/data/OASIS/deriv/models/afid-28_desc-medium_model
/media/veracrypt6/projects/autofids/data/OASIS/deriv/models/afid-09_desc-coarse_model
/media/veracrypt6/projects/autofids/data/OASIS/deriv/models/afid-05_desc-medium_model
/media/veracrypt6/projects/autofids/data/OASIS/deriv/models/afid-09_desc-fine_model
/media/veracrypt6/projects/autofids/data/OASIS/deriv/models/afid-13_desc-fine_model
/media/veracrypt6/projects/autofids/data/OASIS/deriv/models/afid-25_desc-coarse_model
/media/veracrypt6/projects/autofids/data/OASIS/deriv/models/afid-01_desc-coarse_model
/media/veracrypt6/projects/autofids/data/OASIS/deriv/models/afid-23_desc-coarse_model
/media/veracrypt6/projects/autofids/data/OASIS/deriv/models/afid-16_desc-medium_model
/media/veracrypt6/projects/autofids/data/OASIS/deriv/models/afid-06_desc-coarse_model
/media/veracrypt6/projects/autofids/data/OASIS/deriv/models/afid-07_desc-coarse_model
/media/veracrypt6/projects/autofids/data/OASIS/deriv/models/afid-28_desc-coarse_model
/media/veracrypt6/projects/autofids/data/OASIS/deriv/models/afid-31_desc-coarse_model
/media/veracrypt6/projects/autofids/data/OASIS/deriv/models/afid-15_desc-medium_model
/media/veracrypt6/projects/autofids/data/OASIS/deriv/models/afid-02_desc-fine_model
/media/veracrypt6/projects/autofids/data/OASIS/deriv/models/afid-03_desc-coarse_model
/media/veracrypt6/projects/autofids/data/OASIS/deriv/models/afid-06_desc-medium_model
/media/veracrypt6/projects/autofids/data/OASIS/deriv/models/afid-20_desc-coarse_model
/media/veracrypt6/projects/autofids/data/OASIS/deriv/models/afid-32_desc-coarse_model
/media/veracrypt6/projects/autofids/data/OASIS/deriv/models/afid-04_desc-fine_model
/media/veracrypt6/projects/autofids/data/OASIS/deriv/models/afid-07_desc-fine_model
/media/veracrypt6/projects/autofids/data/OASIS/deriv/models/afid-19_desc-fine_model
/media/veracrypt6/projects/autofids/data/OASIS/deriv/models/afid-02_desc-medium_model
/media/veracrypt6/projects/autofids/data/OASIS/deriv/models/afid-05_desc-fine_model
/media/veracrypt6/projects/autofids/data/OASIS/deriv/models/afid-02_desc-coarse_model
/media/veracrypt6/projects/autofids/data/OASIS/deriv/models/afid-12_desc-fine_model
/media/veracrypt6/projects/autofids/data/OASIS/deriv/models/afid-30_desc-coarse_model
/media/veracrypt6/projects/autofids/data/OASIS/deriv/models/afid-30_desc-medium_model
/media/veracrypt6/projects/autofids/data/OASIS/deriv/models/afid-06_desc-fine_model
/media/veracrypt6/projects/autofids/data/OASIS/deriv/models/afid-23_desc-fine_model
/media/veracrypt6/projects/autofids/data/OASIS/deriv/models/afid-10_desc-coarse_model
/media/veracrypt6/projects/autofids/data/OASIS/deriv/models/afid-23_desc-medium_model
/media/veracrypt6/projects/autofids/data/OASIS/deriv/models/afid-30_desc-fine_model
/media/veracrypt6/projects/autofids/data/OASIS/deriv/models/afid-22_desc-coarse_model
/media/veracrypt6/projects/autofids/data/OASIS/deriv/models/afid-20_desc-fine_model
/media/veracrypt6/projects/autofids/data/OASIS/deriv/models/afid-29_desc-coarse_model
/media/veracrypt6/projects/autofids/data/OASIS/deriv/models/afid-10_desc-fine_model
/media/veracrypt6/projects/autofids/data/OASIS/deriv/models/afid-07_desc-medium_model
/media/veracrypt6/projects/autofids/data/OASIS/deriv/models/afid-31_desc-medium_model
/media/veracrypt6/projects/autofids/data/OASIS/deriv/models/afid-03_desc-fine_model
/media/veracrypt6/projects/autofids/data/OASIS/deriv/models/afid-04_desc-coarse_model
/media/veracrypt6/projects/autofids/data/OASIS/deriv/models/afid-22_desc-medium_model
/media/veracrypt6/projects/autofids/data/OASIS/deriv/models/afid-14_desc-medium_model
/media/veracrypt6/projects/autofids/data/OASIS/deriv/models/afid-14_desc-coarse_model
/media/veracrypt6/projects/autofids/data/OASIS/deriv/models/afid-20_desc-medium_model
/media/veracrypt6/projects/autofids/data/OASIS/deriv/models/afid-04_desc-medium_model
/media/veracrypt6/projects/autofids/data/OASIS/deriv/models/afid-01_desc-fine_model
/media/veracrypt6/projects/autofids/data/OASIS/deriv/models/afid-27_desc-medium_model
/media/veracrypt6/projects/autofids/data/OASIS/deriv/models/afid-05_desc-coarse_model
/media/veracrypt6/projects/autofids/data/OASIS/deriv/models/afid-26_desc-medium_model
/media/veracrypt6/projects/autofids/data/OASIS/deriv/models/afid-03_desc-medium_model
/media/veracrypt6/projects/autofids/data/OASIS/deriv/models/afid-08_desc-fine_model
/media/veracrypt6/projects/autofids/data/OASIS/deriv/models/afid-17_desc-coarse_model
/media/veracrypt6/projects/autofids/data/OASIS/deriv/models/afid-32_desc-medium_model
/media/veracrypt6/projects/autofids/data/OASIS/deriv/models/afid-08_desc-coarse_model
/media/veracrypt6/projects/autofids/data/OASIS/deriv/models/afid-25_desc-medium_model
/media/veracrypt6/projects/autofids/data/OASIS/deriv/models/afid-29_desc-medium_model
/media/veracrypt6/projects/autofids/data/OASIS/deriv/models/afid-26_desc-fine_model
/media/veracrypt6/projects/autofids/data/OASIS/deriv/models/afid-16_desc-fine_model
/media/veracrypt6/projects/autofids/data/OASIS/deriv/models/afid-24_desc-coarse_model
/media/veracrypt6/projects/autofids/data/OASIS/deriv/models/afid-11_desc-coarse_model
/media/veracrypt6/projects/autofids/data/OASIS/deriv/models/afid-28_desc-fine_model
/media/veracrypt6/projects/autofids/data/OASIS/deriv/models/afid-29_desc-fine_model
/media/veracrypt6/projects/autofids/data/OASIS/deriv/models/afid-19_desc-medium_model
/media/veracrypt6/projects/autofids/data/OASIS/deriv/models/afid-27_desc-coarse_model
/media/veracrypt6/projects/autofids/data/OASIS/deriv/models/afid-12_desc-coarse_model
/media/veracrypt6/projects/autofids/data/OASIS/deriv/models/afid-16_desc-coarse_model
/media/veracrypt6/projects/autofids/data/OASIS/deriv/models/afid-08_desc-medium_model
/media/veracrypt6/projects/autofids/data/OASIS/deriv/models/afid-11_desc-fine_model
/media/veracrypt6/projects/autofids/data/OASIS/deriv/models/afid-09_desc-medium_model
/media/veracrypt6/projects/autofids/data/OASIS/deriv/models/afid-18_desc-medium_model
/media/veracrypt6/projects/autofids/data/OASIS/deriv/models/afid-10_desc-medium_model
/media/veracrypt6/projects/autofids/data/OASIS/deriv/models/afid-14_desc-fine_model
/media/veracrypt6/projects/autofids/data/OASIS/deriv/models/afid-32_desc-fine_model
/media/veracrypt6/projects/autofids/data/OASIS/deriv/models/afid-31_desc-fine_model
/media/veracrypt6/projects/autofids/data/OASIS/deriv/models/afid-24_desc-medium_model
/media/veracrypt6/projects/autofids/data/OASIS/deriv/models/afid-17_desc-fine_model
/media/veracrypt6/projects/autofids/data/OASIS/deriv/models/afid-22_desc-fine_model
/media/veracrypt6/projects/autofids/data/OASIS/deriv/models/afid-12_desc-medium_model
/media/veracrypt6/projects/autofids/data/OASIS/deriv/models/afid-21_desc-fine_model
/media/veracrypt6/projects/autofids/data/OASIS/deriv/models/afid-18_desc-fine_model
/media/veracrypt6/projects/autofids/data/OASIS/deriv/models/afid-11_desc-medium_model
/media/veracrypt6/projects/autofids/data/OASIS/deriv/models/afid-17_desc-medium_model
