Building DAG of jobs...
Using shell: /usr/bin/bash
Provided cores: 6
Rules claiming more threads will be scaled down.
Singularity containers: ignored
Job counts:
	count	jobs
	8	align_mni_rigid
	1	all
	8	fid_tform_mni_rigid
	8	fsl_to_ras
	25

[Tue Jul 28 22:27:40 2020]
rule align_mni_rigid:
    output: /media/veracrypt6/projects/autofids/data/OASIS/deriv/mni_space/sub-0180/anat/sub-0180_space-MNI152NLin2009cAsym_T1w.nii.gz, /media/veracrypt6/projects/autofids/data/OASIS/deriv/mni_space/sub-0180/anat/sub-0180_space-MNI152NLin2009cAsym_xfm.mat
    jobid: 23
    wildcards: subject=0180


[Tue Jul 28 22:27:40 2020]
rule align_mni_rigid:
    output: /media/veracrypt6/projects/autofids/data/OASIS/deriv/mni_space/sub-0200/anat/sub-0200_space-MNI152NLin2009cAsym_T1w.nii.gz, /media/veracrypt6/projects/autofids/data/OASIS/deriv/mni_space/sub-0200/anat/sub-0200_space-MNI152NLin2009cAsym_xfm.mat
    jobid: 24
    wildcards: subject=0200


[Tue Jul 28 22:27:40 2020]
rule align_mni_rigid:
    output: /media/veracrypt6/projects/autofids/data/OASIS/deriv/mni_space/sub-0114/anat/sub-0114_space-MNI152NLin2009cAsym_T1w.nii.gz, /media/veracrypt6/projects/autofids/data/OASIS/deriv/mni_space/sub-0114/anat/sub-0114_space-MNI152NLin2009cAsym_xfm.mat
    jobid: 19
    wildcards: subject=0114


[Tue Jul 28 22:27:40 2020]
rule align_mni_rigid:
    output: /media/veracrypt6/projects/autofids/data/OASIS/deriv/mni_space/sub-0117/anat/sub-0117_space-MNI152NLin2009cAsym_T1w.nii.gz, /media/veracrypt6/projects/autofids/data/OASIS/deriv/mni_space/sub-0117/anat/sub-0117_space-MNI152NLin2009cAsym_xfm.mat
    jobid: 20
    wildcards: subject=0117


[Tue Jul 28 22:27:40 2020]
rule align_mni_rigid:
    output: /media/veracrypt6/projects/autofids/data/OASIS/deriv/mni_space/sub-0145/anat/sub-0145_space-MNI152NLin2009cAsym_T1w.nii.gz, /media/veracrypt6/projects/autofids/data/OASIS/deriv/mni_space/sub-0145/anat/sub-0145_space-MNI152NLin2009cAsym_xfm.mat
    jobid: 21
    wildcards: subject=0145


[Tue Jul 28 22:27:40 2020]
rule align_mni_rigid:
    output: /media/veracrypt6/projects/autofids/data/OASIS/deriv/mni_space/sub-0010/anat/sub-0010_space-MNI152NLin2009cAsym_T1w.nii.gz, /media/veracrypt6/projects/autofids/data/OASIS/deriv/mni_space/sub-0010/anat/sub-0010_space-MNI152NLin2009cAsym_xfm.mat
    jobid: 17
    wildcards: subject=0010

[Tue Jul 28 22:30:08 2020]
Finished job 20.
1 of 25 steps (4%) done

[Tue Jul 28 22:30:08 2020]
rule fsl_to_ras:
    input: /media/veracrypt6/projects/autofids/data/OASIS/deriv/mni_space/sub-0117/anat/sub-0117_space-MNI152NLin2009cAsym_xfm.mat, /media/veracrypt6/projects/autofids/data/OASIS/deriv/mni_space/sub-0117/anat/sub-0117_space-MNI152NLin2009cAsym_T1w.nii.gz
    output: /media/veracrypt6/projects/autofids/data/OASIS/deriv/mni_space/sub-0117/anat/sub-0117_space-MNI152NLin2009cAsym_desc-ras_xfm.txt, /media/veracrypt6/projects/autofids/data/OASIS/deriv/mni_space/sub-0117/anat/sub-0117_space-MNI152NLin2009cAsym_desc-ras_xfm.tfm
    jobid: 12
    wildcards: subject=0117

[Tue Jul 28 22:30:09 2020]
Finished job 12.
2 of 25 steps (8%) done

[Tue Jul 28 22:30:09 2020]
rule fid_tform_mni_rigid:
    input: /media/veracrypt6/projects/autofids/data/OASIS/deriv/mni_space/sub-0117/anat/sub-0117_space-MNI152NLin2009cAsym_desc-ras_xfm.txt
    output: /media/veracrypt6/projects/autofids/data/OASIS/deriv/mni_space/sub-0117/anat/sub-0117_space-MNI152NLin2009cAsym_desc-ras_afids.fcsv, /media/veracrypt6/projects/autofids/data/OASIS/deriv/mni_space/sub-0117/anat/sub-0117_registration.done
    jobid: 4
    wildcards: subject=0117

[Tue Jul 28 22:30:09 2020]
Error in rule fid_tform_mni_rigid:
    jobid: 4
    output: /media/veracrypt6/projects/autofids/data/OASIS/deriv/mni_space/sub-0117/anat/sub-0117_space-MNI152NLin2009cAsym_desc-ras_afids.fcsv, /media/veracrypt6/projects/autofids/data/OASIS/deriv/mni_space/sub-0117/anat/sub-0117_registration.done

RuleException:
CalledProcessError in line 42 of /home/greydon/Documents/GitHub/Auto-afids/registration/workflow/rules/mniTransform.smk:
Command 'set -euo pipefail;  /usr/bin/python3 /home/greydon/Documents/GitHub/Auto-afids/registration/.snakemake/scripts/tmp07p3q16e.tform_script.py' returned non-zero exit status 1.
  File "/home/greydon/.local/lib/python3.8/site-packages/snakemake/executors/__init__.py", line 2168, in run_wrapper
  File "/home/greydon/Documents/GitHub/Auto-afids/registration/workflow/rules/mniTransform.smk", line 42, in __rule_fid_tform_mni_rigid
  File "/home/greydon/.local/lib/python3.8/site-packages/snakemake/executors/__init__.py", line 529, in _callback
  File "/usr/lib/python3.8/concurrent/futures/thread.py", line 57, in run
  File "/home/greydon/.local/lib/python3.8/site-packages/snakemake/executors/__init__.py", line 515, in cached_or_run
  File "/home/greydon/.local/lib/python3.8/site-packages/snakemake/executors/__init__.py", line 2199, in run_wrapper
[Tue Jul 28 22:30:21 2020]
Finished job 23.
3 of 25 steps (12%) done
[Tue Jul 28 22:31:18 2020]
Finished job 21.
4 of 25 steps (16%) done
[Tue Jul 28 22:31:33 2020]
Finished job 19.
5 of 25 steps (20%) done
[Tue Jul 28 22:31:43 2020]
Finished job 17.
6 of 25 steps (24%) done
[Tue Jul 28 22:31:49 2020]
Finished job 24.
7 of 25 steps (28%) done
Shutting down, this might take some time.
Exiting because a job execution failed. Look above for error message
Complete log: /home/greydon/Documents/GitHub/Auto-afids/registration/.snakemake/log/2020-07-28T222739.733526.snakemake.log
