Building DAG of jobs...
Using shell: /usr/bin/bash
Provided cores: 4
Rules claiming more threads will be scaled down.
Job counts:
	count	jobs
	8	align_mni_rigid
	1	all
	8	fid_tform_mni_rigid
	8	fsl_to_ras
	25

[Mon Aug 10 19:13:53 2020]
rule align_mni_rigid:
    output: /media/veracrypt6/projects/autofids/data/OASIS/deriv/mni_space/sub-0086/anat/sub-0086_space-MNI152NLin2009cAsym_T1w.nii.gz, /media/veracrypt6/projects/autofids/data/OASIS/deriv/mni_space/sub-0086/anat/sub-0086_space-MNI152NLin2009cAsym_xfm.mat
    jobid: 18
    wildcards: subject=0086


[Mon Aug 10 19:13:53 2020]
rule align_mni_rigid:
    output: /media/veracrypt6/projects/autofids/data/OASIS/deriv/mni_space/sub-0114/anat/sub-0114_space-MNI152NLin2009cAsym_T1w.nii.gz, /media/veracrypt6/projects/autofids/data/OASIS/deriv/mni_space/sub-0114/anat/sub-0114_space-MNI152NLin2009cAsym_xfm.mat
    jobid: 19
    wildcards: subject=0114


[Mon Aug 10 19:13:53 2020]
rule align_mni_rigid:
    output: /media/veracrypt6/projects/autofids/data/OASIS/deriv/mni_space/sub-0117/anat/sub-0117_space-MNI152NLin2009cAsym_T1w.nii.gz, /media/veracrypt6/projects/autofids/data/OASIS/deriv/mni_space/sub-0117/anat/sub-0117_space-MNI152NLin2009cAsym_xfm.mat
    jobid: 20
    wildcards: subject=0117


[Mon Aug 10 19:13:53 2020]
rule align_mni_rigid:
    output: /media/veracrypt6/projects/autofids/data/OASIS/deriv/mni_space/sub-0145/anat/sub-0145_space-MNI152NLin2009cAsym_T1w.nii.gz, /media/veracrypt6/projects/autofids/data/OASIS/deriv/mni_space/sub-0145/anat/sub-0145_space-MNI152NLin2009cAsym_xfm.mat
    jobid: 21
    wildcards: subject=0145

Terminating processes on user request, this might take some time.
[Mon Aug 10 19:14:10 2020]
[Mon Aug 10 19:14:10 2020]
Error in rule align_mni_rigid:
[Mon Aug 10 19:14:10 2020]
Error in rule align_mni_rigid:
[Mon Aug 10 19:14:10 2020]
    jobid: 18
Error in rule align_mni_rigid:
    jobid: 21
Error in rule align_mni_rigid:
    output: /media/veracrypt6/projects/autofids/data/OASIS/deriv/mni_space/sub-0086/anat/sub-0086_space-MNI152NLin2009cAsym_T1w.nii.gz, /media/veracrypt6/projects/autofids/data/OASIS/deriv/mni_space/sub-0086/anat/sub-0086_space-MNI152NLin2009cAsym_xfm.mat
    jobid: 20
    output: /media/veracrypt6/projects/autofids/data/OASIS/deriv/mni_space/sub-0145/anat/sub-0145_space-MNI152NLin2009cAsym_T1w.nii.gz, /media/veracrypt6/projects/autofids/data/OASIS/deriv/mni_space/sub-0145/anat/sub-0145_space-MNI152NLin2009cAsym_xfm.mat
    jobid: 19
    shell:
        flirt -in /media/veracrypt6/projects/autofids/data/OASIS/bids/sub-0086/anat/sub-0086_T1w.nii.gz -ref resources/mni_icbm152_t1_tal_nlin_asym_09c.nii.gz -out /media/veracrypt6/projects/autofids/data/OASIS/deriv/mni_space/sub-0086/anat/sub-0086_space-MNI152NLin2009cAsym_T1w.nii.gz -omat /media/veracrypt6/projects/autofids/data/OASIS/deriv/mni_space/sub-0086/anat/sub-0086_space-MNI152NLin2009cAsym_xfm.mat -dof 6 -coarsesearch 60 -finesearch 18 -cost mutualinfo -interp sinc
        (one of the commands exited with non-zero exit code; note that snakemake uses bash strict mode!)
    output: /media/veracrypt6/projects/autofids/data/OASIS/deriv/mni_space/sub-0117/anat/sub-0117_space-MNI152NLin2009cAsym_T1w.nii.gz, /media/veracrypt6/projects/autofids/data/OASIS/deriv/mni_space/sub-0117/anat/sub-0117_space-MNI152NLin2009cAsym_xfm.mat
    shell:
        flirt -in /media/veracrypt6/projects/autofids/data/OASIS/bids/sub-0145/anat/sub-0145_T1w.nii.gz -ref resources/mni_icbm152_t1_tal_nlin_asym_09c.nii.gz -out /media/veracrypt6/projects/autofids/data/OASIS/deriv/mni_space/sub-0145/anat/sub-0145_space-MNI152NLin2009cAsym_T1w.nii.gz -omat /media/veracrypt6/projects/autofids/data/OASIS/deriv/mni_space/sub-0145/anat/sub-0145_space-MNI152NLin2009cAsym_xfm.mat -dof 6 -coarsesearch 60 -finesearch 18 -cost mutualinfo -interp sinc
        (one of the commands exited with non-zero exit code; note that snakemake uses bash strict mode!)
    output: /media/veracrypt6/projects/autofids/data/OASIS/deriv/mni_space/sub-0114/anat/sub-0114_space-MNI152NLin2009cAsym_T1w.nii.gz, /media/veracrypt6/projects/autofids/data/OASIS/deriv/mni_space/sub-0114/anat/sub-0114_space-MNI152NLin2009cAsym_xfm.mat

    shell:
        flirt -in /media/veracrypt6/projects/autofids/data/OASIS/bids/sub-0117/anat/sub-0117_T1w.nii.gz -ref resources/mni_icbm152_t1_tal_nlin_asym_09c.nii.gz -out /media/veracrypt6/projects/autofids/data/OASIS/deriv/mni_space/sub-0117/anat/sub-0117_space-MNI152NLin2009cAsym_T1w.nii.gz -omat /media/veracrypt6/projects/autofids/data/OASIS/deriv/mni_space/sub-0117/anat/sub-0117_space-MNI152NLin2009cAsym_xfm.mat -dof 6 -coarsesearch 60 -finesearch 18 -cost mutualinfo -interp sinc
        (one of the commands exited with non-zero exit code; note that snakemake uses bash strict mode!)

    shell:
        flirt -in /media/veracrypt6/projects/autofids/data/OASIS/bids/sub-0114/anat/sub-0114_T1w.nii.gz -ref resources/mni_icbm152_t1_tal_nlin_asym_09c.nii.gz -out /media/veracrypt6/projects/autofids/data/OASIS/deriv/mni_space/sub-0114/anat/sub-0114_space-MNI152NLin2009cAsym_T1w.nii.gz -omat /media/veracrypt6/projects/autofids/data/OASIS/deriv/mni_space/sub-0114/anat/sub-0114_space-MNI152NLin2009cAsym_xfm.mat -dof 6 -coarsesearch 60 -finesearch 18 -cost mutualinfo -interp sinc
        (one of the commands exited with non-zero exit code; note that snakemake uses bash strict mode!)


Complete log: /home/greydon/Documents/GitHub/Auto-afids/registration/.snakemake/log/2020-08-10T191352.774719.snakemake.log
