Building DAG of jobs...
Using shell: /usr/bin/bash
Provided cores: 6
Rules claiming more threads will be scaled down.
Job counts:
	count	jobs
	1	all
	32	featureExtract
	33

[Tue Jul 28 20:36:30 2020]
rule featureExtract:
    output: /media/veracrypt6/projects/autofids/data/OASIS/deriv/features/afid-08_space-T1w_desc-coarse_features.hkl
    jobid: 8
    wildcards: afid_num=08

[Tue Jul 28 20:36:30 2020]
rule featureExtract:
    output: /media/veracrypt6/projects/autofids/data/OASIS/deriv/features/afid-15_space-T1w_desc-coarse_features.hkl
    jobid: 15
    wildcards: afid_num=15

[Tue Jul 28 20:36:30 2020]
rule featureExtract:
    output: /media/veracrypt6/projects/autofids/data/OASIS/deriv/features/afid-23_space-T1w_desc-coarse_features.hkl
    jobid: 23
    wildcards: afid_num=23

[Tue Jul 28 20:36:30 2020]
rule featureExtract:
    output: /media/veracrypt6/projects/autofids/data/OASIS/deriv/features/afid-30_space-T1w_desc-coarse_features.hkl
    jobid: 30
    wildcards: afid_num=30

[Tue Jul 28 20:36:30 2020]
rule featureExtract:
    output: /media/veracrypt6/projects/autofids/data/OASIS/deriv/features/afid-01_space-T1w_desc-coarse_features.hkl
    jobid: 1
    wildcards: afid_num=01


[Tue Jul 28 20:36:30 2020]
rule featureExtract:
    output: /media/veracrypt6/projects/autofids/data/OASIS/deriv/features/afid-09_space-T1w_desc-coarse_features.hkl
    jobid: 9
    wildcards: afid_num=09

[Tue Jul 28 20:39:20 2020]
Finished job 9.
1 of 33 steps (3%) done

[Tue Jul 28 20:39:20 2020]
rule featureExtract:
    output: /media/veracrypt6/projects/autofids/data/OASIS/deriv/features/afid-16_space-T1w_desc-coarse_features.hkl
    jobid: 16
    wildcards: afid_num=16

[Tue Jul 28 20:39:22 2020]
Finished job 8.
2 of 33 steps (6%) done

[Tue Jul 28 20:39:22 2020]
rule featureExtract:
    output: /media/veracrypt6/projects/autofids/data/OASIS/deriv/features/afid-24_space-T1w_desc-coarse_features.hkl
    jobid: 24
    wildcards: afid_num=24

[Tue Jul 28 20:39:57 2020]
Finished job 15.
3 of 33 steps (9%) done

[Tue Jul 28 20:39:57 2020]
rule featureExtract:
    output: /media/veracrypt6/projects/autofids/data/OASIS/deriv/features/afid-31_space-T1w_desc-coarse_features.hkl
    jobid: 31
    wildcards: afid_num=31

[Tue Jul 28 20:40:07 2020]
Finished job 30.
4 of 33 steps (12%) done

[Tue Jul 28 20:40:07 2020]
rule featureExtract:
    output: /media/veracrypt6/projects/autofids/data/OASIS/deriv/features/afid-02_space-T1w_desc-coarse_features.hkl
    jobid: 2
    wildcards: afid_num=02

[Tue Jul 28 20:40:09 2020]
Finished job 23.
5 of 33 steps (15%) done

[Tue Jul 28 20:40:09 2020]
rule featureExtract:
    output: /media/veracrypt6/projects/autofids/data/OASIS/deriv/features/afid-10_space-T1w_desc-coarse_features.hkl
    jobid: 10
    wildcards: afid_num=10

[Tue Jul 28 20:40:11 2020]
Finished job 1.
6 of 33 steps (18%) done

[Tue Jul 28 20:40:11 2020]
rule featureExtract:
    output: /media/veracrypt6/projects/autofids/data/OASIS/deriv/features/afid-17_space-T1w_desc-coarse_features.hkl
    jobid: 17
    wildcards: afid_num=17

Terminating processes on user request, this might take some time.
[Tue Jul 28 20:41:07 2020]
Error in rule featureExtract:
    jobid: 16
    output: /media/veracrypt6/projects/autofids/data/OASIS/deriv/features/afid-16_space-T1w_desc-coarse_features.hkl

RuleException:
CalledProcessError in line 20 of /home/greydon/Documents/GitHub/Auto-afids/modeling/workflow/rules/modelTraining.smk:
Command 'set -euo pipefail;  /usr/bin/python3 /home/greydon/Documents/GitHub/Auto-afids/modeling/.snakemake/scripts/tmpoq3zccgh.data_store.py' died with <Signals.SIGINT: 2>.
  File "/home/greydon/.local/lib/python3.8/site-packages/snakemake/executors/__init__.py", line 2168, in run_wrapper
  File "/home/greydon/Documents/GitHub/Auto-afids/modeling/workflow/rules/modelTraining.smk", line 20, in __rule_featureExtract
  File "/home/greydon/.local/lib/python3.8/site-packages/snakemake/executors/__init__.py", line 529, in _callback
  File "/usr/lib/python3.8/concurrent/futures/thread.py", line 57, in run
  File "/home/greydon/.local/lib/python3.8/site-packages/snakemake/executors/__init__.py", line 515, in cached_or_run
  File "/home/greydon/.local/lib/python3.8/site-packages/snakemake/executors/__init__.py", line 2199, in run_wrapper
[Tue Jul 28 20:41:08 2020]
Error in rule featureExtract:
    jobid: 10
    output: /media/veracrypt6/projects/autofids/data/OASIS/deriv/features/afid-10_space-T1w_desc-coarse_features.hkl

RuleException:
CalledProcessError in line 20 of /home/greydon/Documents/GitHub/Auto-afids/modeling/workflow/rules/modelTraining.smk:
Command 'set -euo pipefail;  /usr/bin/python3 /home/greydon/Documents/GitHub/Auto-afids/modeling/.snakemake/scripts/tmpwa3pbcp5.data_store.py' died with <Signals.SIGINT: 2>.
  File "/home/greydon/.local/lib/python3.8/site-packages/snakemake/executors/__init__.py", line 2168, in run_wrapper
  File "/home/greydon/Documents/GitHub/Auto-afids/modeling/workflow/rules/modelTraining.smk", line 20, in __rule_featureExtract
  File "/home/greydon/.local/lib/python3.8/site-packages/snakemake/executors/__init__.py", line 529, in _callback
  File "/usr/lib/python3.8/concurrent/futures/thread.py", line 57, in run
  File "/home/greydon/.local/lib/python3.8/site-packages/snakemake/executors/__init__.py", line 515, in cached_or_run
  File "/home/greydon/.local/lib/python3.8/site-packages/snakemake/executors/__init__.py", line 2199, in run_wrapper
[Tue Jul 28 20:41:08 2020]
Error in rule featureExtract:
    jobid: 24
    output: /media/veracrypt6/projects/autofids/data/OASIS/deriv/features/afid-24_space-T1w_desc-coarse_features.hkl

RuleException:
CalledProcessError in line 20 of /home/greydon/Documents/GitHub/Auto-afids/modeling/workflow/rules/modelTraining.smk:
Command 'set -euo pipefail;  /usr/bin/python3 /home/greydon/Documents/GitHub/Auto-afids/modeling/.snakemake/scripts/tmprac9ugxr.data_store.py' died with <Signals.SIGINT: 2>.
  File "/home/greydon/.local/lib/python3.8/site-packages/snakemake/executors/__init__.py", line 2168, in run_wrapper
  File "/home/greydon/Documents/GitHub/Auto-afids/modeling/workflow/rules/modelTraining.smk", line 20, in __rule_featureExtract
  File "/home/greydon/.local/lib/python3.8/site-packages/snakemake/executors/__init__.py", line 529, in _callback
  File "/usr/lib/python3.8/concurrent/futures/thread.py", line 57, in run
  File "/home/greydon/.local/lib/python3.8/site-packages/snakemake/executors/__init__.py", line 515, in cached_or_run
  File "/home/greydon/.local/lib/python3.8/site-packages/snakemake/executors/__init__.py", line 2199, in run_wrapper
[Tue Jul 28 20:41:08 2020]
Error in rule featureExtract:
    jobid: 2
    output: /media/veracrypt6/projects/autofids/data/OASIS/deriv/features/afid-02_space-T1w_desc-coarse_features.hkl

RuleException:
CalledProcessError in line 20 of /home/greydon/Documents/GitHub/Auto-afids/modeling/workflow/rules/modelTraining.smk:
Command 'set -euo pipefail;  /usr/bin/python3 /home/greydon/Documents/GitHub/Auto-afids/modeling/.snakemake/scripts/tmp1gr38vgr.data_store.py' died with <Signals.SIGINT: 2>.
  File "/home/greydon/.local/lib/python3.8/site-packages/snakemake/executors/__init__.py", line 2168, in run_wrapper
  File "/home/greydon/Documents/GitHub/Auto-afids/modeling/workflow/rules/modelTraining.smk", line 20, in __rule_featureExtract
  File "/home/greydon/.local/lib/python3.8/site-packages/snakemake/executors/__init__.py", line 529, in _callback
  File "/usr/lib/python3.8/concurrent/futures/thread.py", line 57, in run
  File "/home/greydon/.local/lib/python3.8/site-packages/snakemake/executors/__init__.py", line 515, in cached_or_run
  File "/home/greydon/.local/lib/python3.8/site-packages/snakemake/executors/__init__.py", line 2199, in run_wrapper
[Tue Jul 28 20:41:08 2020]
Error in rule featureExtract:
    jobid: 31
    output: /media/veracrypt6/projects/autofids/data/OASIS/deriv/features/afid-31_space-T1w_desc-coarse_features.hkl

RuleException:
CalledProcessError in line 20 of /home/greydon/Documents/GitHub/Auto-afids/modeling/workflow/rules/modelTraining.smk:
Command 'set -euo pipefail;  /usr/bin/python3 /home/greydon/Documents/GitHub/Auto-afids/modeling/.snakemake/scripts/tmpwepe8y0a.data_store.py' died with <Signals.SIGINT: 2>.
  File "/home/greydon/.local/lib/python3.8/site-packages/snakemake/executors/__init__.py", line 2168, in run_wrapper
  File "/home/greydon/Documents/GitHub/Auto-afids/modeling/workflow/rules/modelTraining.smk", line 20, in __rule_featureExtract
  File "/home/greydon/.local/lib/python3.8/site-packages/snakemake/executors/__init__.py", line 529, in _callback
  File "/usr/lib/python3.8/concurrent/futures/thread.py", line 57, in run
  File "/home/greydon/.local/lib/python3.8/site-packages/snakemake/executors/__init__.py", line 515, in cached_or_run
  File "/home/greydon/.local/lib/python3.8/site-packages/snakemake/executors/__init__.py", line 2199, in run_wrapper
[Tue Jul 28 20:41:08 2020]
Error in rule featureExtract:
    jobid: 17
    output: /media/veracrypt6/projects/autofids/data/OASIS/deriv/features/afid-17_space-T1w_desc-coarse_features.hkl

RuleException:
CalledProcessError in line 20 of /home/greydon/Documents/GitHub/Auto-afids/modeling/workflow/rules/modelTraining.smk:
Command 'set -euo pipefail;  /usr/bin/python3 /home/greydon/Documents/GitHub/Auto-afids/modeling/.snakemake/scripts/tmpua9rx0eu.data_store.py' died with <Signals.SIGINT: 2>.
  File "/home/greydon/.local/lib/python3.8/site-packages/snakemake/executors/__init__.py", line 2168, in run_wrapper
  File "/home/greydon/Documents/GitHub/Auto-afids/modeling/workflow/rules/modelTraining.smk", line 20, in __rule_featureExtract
  File "/home/greydon/.local/lib/python3.8/site-packages/snakemake/executors/__init__.py", line 529, in _callback
  File "/usr/lib/python3.8/concurrent/futures/thread.py", line 57, in run
  File "/home/greydon/.local/lib/python3.8/site-packages/snakemake/executors/__init__.py", line 515, in cached_or_run
  File "/home/greydon/.local/lib/python3.8/site-packages/snakemake/executors/__init__.py", line 2199, in run_wrapper
Complete log: /home/greydon/Documents/GitHub/Auto-afids/modeling/.snakemake/log/2020-07-28T203629.654750.snakemake.log
