Building DAG of jobs...
Using shell: /usr/bin/bash
Provided cores: 6
Rules claiming more threads will be scaled down.
Singularity containers: ignored
Job counts:
	count	jobs
	1	all
	23	featureExtract
	24

[Sun Jul 26 21:13:09 2020]
rule featureExtract:
    input: /media/veracrypt6/projects/autofids/data/OASIS/deriv/mni_space/sub-0010/anat/sub-0010_space-MNI152NLin2009cAsym_T1w.nii.gz, /media/veracrypt6/projects/autofids/data/OASIS/deriv/mni_space/sub-0010/anat/sub-0010_space-MNI152NLin2009cAsym_desc-ras_afids.fcsv, /media/veracrypt6/projects/autofids/data/OASIS/deriv/mni_space/sub-0010/anat/sub-0010_registration.done
    output: /media/veracrypt6/projects/autofids/data/OASIS/deriv/features/afid-21_sub-0010_desc-medium_features.npy
    jobid: 54
    wildcards: afid_num=21, subject=0010, train_level=medium

[Sun Jul 26 21:13:09 2020]
rule featureExtract:
    input: /media/veracrypt6/projects/autofids/data/OASIS/deriv/mni_space/sub-0010/anat/sub-0010_space-MNI152NLin2009cAsym_T1w.nii.gz, /media/veracrypt6/projects/autofids/data/OASIS/deriv/mni_space/sub-0010/anat/sub-0010_space-MNI152NLin2009cAsym_desc-ras_afids.fcsv, /media/veracrypt6/projects/autofids/data/OASIS/deriv/mni_space/sub-0010/anat/sub-0010_registration.done
    output: /media/veracrypt6/projects/autofids/data/OASIS/deriv/features/afid-19_sub-0010_desc-fine_features.npy
    jobid: 84
    wildcards: afid_num=19, subject=0010, train_level=fine

[Sun Jul 26 21:13:09 2020]
rule featureExtract:
    input: /media/veracrypt6/projects/autofids/data/OASIS/deriv/mni_space/sub-0010/anat/sub-0010_space-MNI152NLin2009cAsym_T1w.nii.gz, /media/veracrypt6/projects/autofids/data/OASIS/deriv/mni_space/sub-0010/anat/sub-0010_space-MNI152NLin2009cAsym_desc-ras_afids.fcsv, /media/veracrypt6/projects/autofids/data/OASIS/deriv/mni_space/sub-0010/anat/sub-0010_registration.done
    output: /media/veracrypt6/projects/autofids/data/OASIS/deriv/features/afid-22_sub-0010_desc-medium_features.npy
    jobid: 55
    wildcards: afid_num=22, subject=0010, train_level=medium

[Sun Jul 26 21:13:09 2020]
rule featureExtract:
    input: /media/veracrypt6/projects/autofids/data/OASIS/deriv/mni_space/sub-0010/anat/sub-0010_space-MNI152NLin2009cAsym_T1w.nii.gz, /media/veracrypt6/projects/autofids/data/OASIS/deriv/mni_space/sub-0010/anat/sub-0010_space-MNI152NLin2009cAsym_desc-ras_afids.fcsv, /media/veracrypt6/projects/autofids/data/OASIS/deriv/mni_space/sub-0010/anat/sub-0010_registration.done
    output: /media/veracrypt6/projects/autofids/data/OASIS/deriv/features/afid-20_sub-0010_desc-fine_features.npy
    jobid: 85
    wildcards: afid_num=20, subject=0010, train_level=fine

[Sun Jul 26 21:13:09 2020]
rule featureExtract:
    input: /media/veracrypt6/projects/autofids/data/OASIS/deriv/mni_space/sub-0010/anat/sub-0010_space-MNI152NLin2009cAsym_T1w.nii.gz, /media/veracrypt6/projects/autofids/data/OASIS/deriv/mni_space/sub-0010/anat/sub-0010_space-MNI152NLin2009cAsym_desc-ras_afids.fcsv, /media/veracrypt6/projects/autofids/data/OASIS/deriv/mni_space/sub-0010/anat/sub-0010_registration.done
    output: /media/veracrypt6/projects/autofids/data/OASIS/deriv/features/afid-23_sub-0010_desc-medium_features.npy
    jobid: 56
    wildcards: afid_num=23, subject=0010, train_level=medium

[Sun Jul 26 21:13:09 2020]
rule featureExtract:
    input: /media/veracrypt6/projects/autofids/data/OASIS/deriv/mni_space/sub-0010/anat/sub-0010_space-MNI152NLin2009cAsym_T1w.nii.gz, /media/veracrypt6/projects/autofids/data/OASIS/deriv/mni_space/sub-0010/anat/sub-0010_space-MNI152NLin2009cAsym_desc-ras_afids.fcsv, /media/veracrypt6/projects/autofids/data/OASIS/deriv/mni_space/sub-0010/anat/sub-0010_registration.done
    output: /media/veracrypt6/projects/autofids/data/OASIS/deriv/features/afid-21_sub-0010_desc-fine_features.npy
    jobid: 86
    wildcards: afid_num=21, subject=0010, train_level=fine

[Sun Jul 26 21:13:15 2020]
Finished job 86.
1 of 24 steps (4%) done

[Sun Jul 26 21:13:15 2020]
rule featureExtract:
    input: /media/veracrypt6/projects/autofids/data/OASIS/deriv/mni_space/sub-0010/anat/sub-0010_space-MNI152NLin2009cAsym_T1w.nii.gz, /media/veracrypt6/projects/autofids/data/OASIS/deriv/mni_space/sub-0010/anat/sub-0010_space-MNI152NLin2009cAsym_desc-ras_afids.fcsv, /media/veracrypt6/projects/autofids/data/OASIS/deriv/mni_space/sub-0010/anat/sub-0010_registration.done
    output: /media/veracrypt6/projects/autofids/data/OASIS/deriv/features/afid-24_sub-0010_desc-medium_features.npy
    jobid: 57
    wildcards: afid_num=24, subject=0010, train_level=medium

[Sun Jul 26 21:13:16 2020]
Finished job 55.
2 of 24 steps (8%) done

[Sun Jul 26 21:13:16 2020]
rule featureExtract:
    input: /media/veracrypt6/projects/autofids/data/OASIS/deriv/mni_space/sub-0010/anat/sub-0010_space-MNI152NLin2009cAsym_T1w.nii.gz, /media/veracrypt6/projects/autofids/data/OASIS/deriv/mni_space/sub-0010/anat/sub-0010_space-MNI152NLin2009cAsym_desc-ras_afids.fcsv, /media/veracrypt6/projects/autofids/data/OASIS/deriv/mni_space/sub-0010/anat/sub-0010_registration.done
    output: /media/veracrypt6/projects/autofids/data/OASIS/deriv/features/afid-22_sub-0010_desc-fine_features.npy
    jobid: 87
    wildcards: afid_num=22, subject=0010, train_level=fine

[Sun Jul 26 21:13:18 2020]
Finished job 85.
3 of 24 steps (12%) done

[Sun Jul 26 21:13:18 2020]
rule featureExtract:
    input: /media/veracrypt6/projects/autofids/data/OASIS/deriv/mni_space/sub-0010/anat/sub-0010_space-MNI152NLin2009cAsym_T1w.nii.gz, /media/veracrypt6/projects/autofids/data/OASIS/deriv/mni_space/sub-0010/anat/sub-0010_space-MNI152NLin2009cAsym_desc-ras_afids.fcsv, /media/veracrypt6/projects/autofids/data/OASIS/deriv/mni_space/sub-0010/anat/sub-0010_registration.done
    output: /media/veracrypt6/projects/autofids/data/OASIS/deriv/features/afid-17_sub-0010_desc-medium_features.npy
    jobid: 50
    wildcards: afid_num=17, subject=0010, train_level=medium

[Sun Jul 26 21:13:18 2020]
Finished job 56.
4 of 24 steps (17%) done

[Sun Jul 26 21:13:18 2020]
rule featureExtract:
    input: /media/veracrypt6/projects/autofids/data/OASIS/deriv/mni_space/sub-0010/anat/sub-0010_space-MNI152NLin2009cAsym_T1w.nii.gz, /media/veracrypt6/projects/autofids/data/OASIS/deriv/mni_space/sub-0010/anat/sub-0010_space-MNI152NLin2009cAsym_desc-ras_afids.fcsv, /media/veracrypt6/projects/autofids/data/OASIS/deriv/mni_space/sub-0010/anat/sub-0010_registration.done
    output: /media/veracrypt6/projects/autofids/data/OASIS/deriv/features/afid-25_sub-0010_desc-medium_features.npy
    jobid: 58
    wildcards: afid_num=25, subject=0010, train_level=medium

[Sun Jul 26 21:13:19 2020]
Finished job 84.
5 of 24 steps (21%) done

[Sun Jul 26 21:13:19 2020]
rule featureExtract:
    input: /media/veracrypt6/projects/autofids/data/OASIS/deriv/mni_space/sub-0010/anat/sub-0010_space-MNI152NLin2009cAsym_T1w.nii.gz, /media/veracrypt6/projects/autofids/data/OASIS/deriv/mni_space/sub-0010/anat/sub-0010_space-MNI152NLin2009cAsym_desc-ras_afids.fcsv, /media/veracrypt6/projects/autofids/data/OASIS/deriv/mni_space/sub-0010/anat/sub-0010_registration.done
    output: /media/veracrypt6/projects/autofids/data/OASIS/deriv/features/afid-15_sub-0010_desc-fine_features.npy
    jobid: 80
    wildcards: afid_num=15, subject=0010, train_level=fine

[Sun Jul 26 21:13:19 2020]
Finished job 54.
6 of 24 steps (25%) done

[Sun Jul 26 21:13:19 2020]
rule featureExtract:
    input: /media/veracrypt6/projects/autofids/data/OASIS/deriv/mni_space/sub-0010/anat/sub-0010_space-MNI152NLin2009cAsym_T1w.nii.gz, /media/veracrypt6/projects/autofids/data/OASIS/deriv/mni_space/sub-0010/anat/sub-0010_space-MNI152NLin2009cAsym_desc-ras_afids.fcsv, /media/veracrypt6/projects/autofids/data/OASIS/deriv/mni_space/sub-0010/anat/sub-0010_registration.done
    output: /media/veracrypt6/projects/autofids/data/OASIS/deriv/features/afid-23_sub-0010_desc-fine_features.npy
    jobid: 88
    wildcards: afid_num=23, subject=0010, train_level=fine

[Sun Jul 26 21:13:23 2020]
Finished job 57.
7 of 24 steps (29%) done

[Sun Jul 26 21:13:23 2020]
rule featureExtract:
    input: /media/veracrypt6/projects/autofids/data/OASIS/deriv/mni_space/sub-0010/anat/sub-0010_space-MNI152NLin2009cAsym_T1w.nii.gz, /media/veracrypt6/projects/autofids/data/OASIS/deriv/mni_space/sub-0010/anat/sub-0010_space-MNI152NLin2009cAsym_desc-ras_afids.fcsv, /media/veracrypt6/projects/autofids/data/OASIS/deriv/mni_space/sub-0010/anat/sub-0010_registration.done
    output: /media/veracrypt6/projects/autofids/data/OASIS/deriv/features/afid-30_sub-0010_desc-fine_features.npy
    jobid: 95
    wildcards: afid_num=30, subject=0010, train_level=fine

Waiting at most 5 seconds for missing files.
MissingOutputException in line 45 of /home/greydon/Documents/GitHub/Auto-afids/workflow/rules/mniTransform.smk:
Job completed successfully, but some output files are missing. Missing files after 5 seconds:
/media/veracrypt6/projects/autofids/data/OASIS/deriv/features/afid-30_sub-0010_desc-fine_features.npy
This might be due to filesystem latency. If that is the case, consider to increase the wait time with --latency-wait.
  File "/home/greydon/.local/lib/python3.8/site-packages/snakemake/executors/__init__.py", line 544, in handle_job_success
  File "/home/greydon/.local/lib/python3.8/site-packages/snakemake/executors/__init__.py", line 225, in handle_job_success
[Sun Jul 26 21:13:29 2020]
Finished job 87.
8 of 24 steps (33%) done
[Sun Jul 26 21:13:29 2020]
Finished job 50.
9 of 24 steps (38%) done
[Sun Jul 26 21:13:29 2020]
Finished job 58.
10 of 24 steps (42%) done
[Sun Jul 26 21:13:29 2020]
Finished job 80.
11 of 24 steps (46%) done
[Sun Jul 26 21:13:29 2020]
Finished job 88.
12 of 24 steps (50%) done
Shutting down, this might take some time.
Exiting because a job execution failed. Look above for error message
Complete log: /home/greydon/Documents/GitHub/Auto-afids/.snakemake/log/2020-07-26T211308.750637.snakemake.log
