Building DAG of jobs...
Using shell: /usr/bin/bash
Provided cores: 6
Rules claiming more threads will be scaled down.
Job counts:
	count	jobs
	1	all
	96	featureExtract
	96	modelTrain
	193

[Tue Jul 28 21:05:26 2020]
rule featureExtract:
    output: /media/veracrypt6/projects/autofids/data/OASIS/deriv/features/afid-05_space-T1w_desc-fine_features.hkl
    jobid: 15
    wildcards: afid_num=05, train_level=fine

[Tue Jul 28 21:05:26 2020]
rule featureExtract:
    output: /media/veracrypt6/projects/autofids/data/OASIS/deriv/features/afid-30_space-T1w_desc-fine_features.hkl
    jobid: 90
    wildcards: afid_num=30, train_level=fine

[Tue Jul 28 21:05:26 2020]
rule featureExtract:
    output: /media/veracrypt6/projects/autofids/data/OASIS/deriv/features/afid-06_space-T1w_desc-coarse_features.hkl
    jobid: 16
    wildcards: afid_num=06, train_level=coarse

[Tue Jul 28 21:05:26 2020]
rule featureExtract:
    output: /media/veracrypt6/projects/autofids/data/OASIS/deriv/features/afid-31_space-T1w_desc-coarse_features.hkl
    jobid: 91
    wildcards: afid_num=31, train_level=coarse

[Tue Jul 28 21:05:26 2020]
rule featureExtract:
    output: /media/veracrypt6/projects/autofids/data/OASIS/deriv/features/afid-06_space-T1w_desc-medium_features.hkl
    jobid: 17
    wildcards: afid_num=06, train_level=medium


[Tue Jul 28 21:05:26 2020]
rule featureExtract:
    output: /media/veracrypt6/projects/autofids/data/OASIS/deriv/features/afid-31_space-T1w_desc-medium_features.hkl
    jobid: 92
    wildcards: afid_num=31, train_level=medium

[Tue Jul 28 21:08:33 2020]
Finished job 90.
1 of 193 steps (0.52%) done

[Tue Jul 28 21:08:33 2020]
rule featureExtract:
    output: /media/veracrypt6/projects/autofids/data/OASIS/deriv/features/afid-06_space-T1w_desc-fine_features.hkl
    jobid: 18
    wildcards: afid_num=06, train_level=fine

[Tue Jul 28 21:08:33 2020]
Finished job 15.
2 of 193 steps (1%) done

[Tue Jul 28 21:08:33 2020]
rule featureExtract:
    output: /media/veracrypt6/projects/autofids/data/OASIS/deriv/features/afid-31_space-T1w_desc-fine_features.hkl
    jobid: 93
    wildcards: afid_num=31, train_level=fine

[Tue Jul 28 21:08:36 2020]
Finished job 17.
3 of 193 steps (2%) done

[Tue Jul 28 21:08:36 2020]
rule featureExtract:
    output: /media/veracrypt6/projects/autofids/data/OASIS/deriv/features/afid-07_space-T1w_desc-coarse_features.hkl
    jobid: 19
    wildcards: afid_num=07, train_level=coarse

[Tue Jul 28 21:09:09 2020]
Finished job 92.
4 of 193 steps (2%) done

[Tue Jul 28 21:09:09 2020]
rule featureExtract:
    output: /media/veracrypt6/projects/autofids/data/OASIS/deriv/features/afid-32_space-T1w_desc-coarse_features.hkl
    jobid: 94
    wildcards: afid_num=32, train_level=coarse

[Tue Jul 28 21:09:11 2020]
Finished job 16.
5 of 193 steps (3%) done

[Tue Jul 28 21:09:11 2020]
rule featureExtract:
    output: /media/veracrypt6/projects/autofids/data/OASIS/deriv/features/afid-07_space-T1w_desc-medium_features.hkl
    jobid: 20
    wildcards: afid_num=07, train_level=medium

[Tue Jul 28 21:09:12 2020]
Finished job 91.
6 of 193 steps (3%) done

[Tue Jul 28 21:09:12 2020]
rule featureExtract:
    output: /media/veracrypt6/projects/autofids/data/OASIS/deriv/features/afid-32_space-T1w_desc-medium_features.hkl
    jobid: 95
    wildcards: afid_num=32, train_level=medium

[Tue Jul 28 21:11:31 2020]
Finished job 93.
7 of 193 steps (4%) done

[Tue Jul 28 21:11:31 2020]
rule featureExtract:
    output: /media/veracrypt6/projects/autofids/data/OASIS/deriv/features/afid-07_space-T1w_desc-fine_features.hkl
    jobid: 21
    wildcards: afid_num=07, train_level=fine

[Tue Jul 28 21:12:04 2020]
Finished job 18.
8 of 193 steps (4%) done

[Tue Jul 28 21:12:04 2020]
rule featureExtract:
    output: /media/veracrypt6/projects/autofids/data/OASIS/deriv/features/afid-32_space-T1w_desc-fine_features.hkl
    jobid: 96
    wildcards: afid_num=32, train_level=fine

[Tue Jul 28 21:12:16 2020]
Finished job 19.
9 of 193 steps (5%) done

[Tue Jul 28 21:12:16 2020]
rule featureExtract:
    output: /media/veracrypt6/projects/autofids/data/OASIS/deriv/features/afid-08_space-T1w_desc-coarse_features.hkl
    jobid: 22
    wildcards: afid_num=08, train_level=coarse

[Tue Jul 28 21:12:33 2020]
Finished job 94.
10 of 193 steps (5%) done

[Tue Jul 28 21:12:33 2020]
rule featureExtract:
    output: /media/veracrypt6/projects/autofids/data/OASIS/deriv/features/afid-08_space-T1w_desc-medium_features.hkl
    jobid: 23
    wildcards: afid_num=08, train_level=medium

[Tue Jul 28 21:12:35 2020]
Finished job 95.
11 of 193 steps (6%) done

[Tue Jul 28 21:12:35 2020]
rule featureExtract:
    output: /media/veracrypt6/projects/autofids/data/OASIS/deriv/features/afid-08_space-T1w_desc-fine_features.hkl
    jobid: 24
    wildcards: afid_num=08, train_level=fine

[Tue Jul 28 21:12:58 2020]
Finished job 20.
12 of 193 steps (6%) done

[Tue Jul 28 21:12:58 2020]
rule featureExtract:
    output: /media/veracrypt6/projects/autofids/data/OASIS/deriv/features/afid-09_space-T1w_desc-coarse_features.hkl
    jobid: 25
    wildcards: afid_num=09, train_level=coarse

[Tue Jul 28 21:14:49 2020]
Finished job 21.
13 of 193 steps (7%) done

[Tue Jul 28 21:14:49 2020]
rule featureExtract:
    output: /media/veracrypt6/projects/autofids/data/OASIS/deriv/features/afid-09_space-T1w_desc-medium_features.hkl
    jobid: 26
    wildcards: afid_num=09, train_level=medium

[Tue Jul 28 21:14:57 2020]
Finished job 96.
14 of 193 steps (7%) done

[Tue Jul 28 21:14:57 2020]
rule featureExtract:
    output: /media/veracrypt6/projects/autofids/data/OASIS/deriv/features/afid-09_space-T1w_desc-fine_features.hkl
    jobid: 27
    wildcards: afid_num=09, train_level=fine

[Tue Jul 28 21:15:39 2020]
Finished job 22.
15 of 193 steps (8%) done

[Tue Jul 28 21:15:39 2020]
rule featureExtract:
    output: /media/veracrypt6/projects/autofids/data/OASIS/deriv/features/afid-10_space-T1w_desc-coarse_features.hkl
    jobid: 28
    wildcards: afid_num=10, train_level=coarse

[Tue Jul 28 21:16:02 2020]
Finished job 24.
16 of 193 steps (8%) done

[Tue Jul 28 21:16:02 2020]
rule featureExtract:
    output: /media/veracrypt6/projects/autofids/data/OASIS/deriv/features/afid-10_space-T1w_desc-medium_features.hkl
    jobid: 29
    wildcards: afid_num=10, train_level=medium

[Tue Jul 28 21:16:08 2020]
Finished job 23.
17 of 193 steps (9%) done

[Tue Jul 28 21:16:08 2020]
rule featureExtract:
    output: /media/veracrypt6/projects/autofids/data/OASIS/deriv/features/afid-10_space-T1w_desc-fine_features.hkl
    jobid: 30
    wildcards: afid_num=10, train_level=fine

[Tue Jul 28 21:16:23 2020]
Finished job 25.
18 of 193 steps (9%) done

[Tue Jul 28 21:16:23 2020]
rule featureExtract:
    output: /media/veracrypt6/projects/autofids/data/OASIS/deriv/features/afid-15_space-T1w_desc-fine_features.hkl
    jobid: 45
    wildcards: afid_num=15, train_level=fine

[Tue Jul 28 21:18:24 2020]
Finished job 26.
19 of 193 steps (10%) done

[Tue Jul 28 21:18:24 2020]
rule featureExtract:
    output: /media/veracrypt6/projects/autofids/data/OASIS/deriv/features/afid-20_space-T1w_desc-fine_features.hkl
    jobid: 60
    wildcards: afid_num=20, train_level=fine

[Tue Jul 28 21:18:27 2020]
Finished job 27.
20 of 193 steps (10%) done

[Tue Jul 28 21:18:27 2020]
rule featureExtract:
    output: /media/veracrypt6/projects/autofids/data/OASIS/deriv/features/afid-25_space-T1w_desc-fine_features.hkl
    jobid: 75
    wildcards: afid_num=25, train_level=fine

[Tue Jul 28 21:19:11 2020]
Finished job 30.
21 of 193 steps (11%) done

[Tue Jul 28 21:19:11 2020]
rule featureExtract:
    output: /media/veracrypt6/projects/autofids/data/OASIS/deriv/features/afid-01_space-T1w_desc-coarse_features.hkl
    jobid: 1
    wildcards: afid_num=01, train_level=coarse

[Tue Jul 28 21:19:12 2020]
Finished job 29.
22 of 193 steps (11%) done

[Tue Jul 28 21:19:12 2020]
rule featureExtract:
    output: /media/veracrypt6/projects/autofids/data/OASIS/deriv/features/afid-11_space-T1w_desc-coarse_features.hkl
    jobid: 31
    wildcards: afid_num=11, train_level=coarse

[Tue Jul 28 21:19:16 2020]
Finished job 28.
23 of 193 steps (12%) done

[Tue Jul 28 21:19:16 2020]
rule featureExtract:
    output: /media/veracrypt6/projects/autofids/data/OASIS/deriv/features/afid-16_space-T1w_desc-coarse_features.hkl
    jobid: 46
    wildcards: afid_num=16, train_level=coarse

[Tue Jul 28 21:19:55 2020]
Finished job 45.
24 of 193 steps (12%) done

[Tue Jul 28 21:19:55 2020]
rule featureExtract:
    output: /media/veracrypt6/projects/autofids/data/OASIS/deriv/features/afid-21_space-T1w_desc-coarse_features.hkl
    jobid: 61
    wildcards: afid_num=21, train_level=coarse

[Tue Jul 28 21:21:29 2020]
Finished job 75.
25 of 193 steps (13%) done

[Tue Jul 28 21:21:29 2020]
rule featureExtract:
    output: /media/veracrypt6/projects/autofids/data/OASIS/deriv/features/afid-26_space-T1w_desc-coarse_features.hkl
    jobid: 76
    wildcards: afid_num=26, train_level=coarse

[Tue Jul 28 21:21:43 2020]
Finished job 60.
26 of 193 steps (13%) done

[Tue Jul 28 21:21:43 2020]
rule featureExtract:
    output: /media/veracrypt6/projects/autofids/data/OASIS/deriv/features/afid-01_space-T1w_desc-medium_features.hkl
    jobid: 2
    wildcards: afid_num=01, train_level=medium

[Tue Jul 28 21:22:35 2020]
Finished job 1.
27 of 193 steps (14%) done

[Tue Jul 28 21:22:35 2020]
rule featureExtract:
    output: /media/veracrypt6/projects/autofids/data/OASIS/deriv/features/afid-11_space-T1w_desc-medium_features.hkl
    jobid: 32
    wildcards: afid_num=11, train_level=medium

[Tue Jul 28 21:22:37 2020]
Finished job 31.
28 of 193 steps (15%) done

[Tue Jul 28 21:22:37 2020]
rule featureExtract:
    output: /media/veracrypt6/projects/autofids/data/OASIS/deriv/features/afid-16_space-T1w_desc-medium_features.hkl
    jobid: 47
    wildcards: afid_num=16, train_level=medium

[Tue Jul 28 21:22:47 2020]
Finished job 46.
29 of 193 steps (15%) done

[Tue Jul 28 21:22:47 2020]
rule featureExtract:
    output: /media/veracrypt6/projects/autofids/data/OASIS/deriv/features/afid-21_space-T1w_desc-medium_features.hkl
    jobid: 62
    wildcards: afid_num=21, train_level=medium

[Tue Jul 28 21:23:22 2020]
Finished job 61.
30 of 193 steps (16%) done

[Tue Jul 28 21:23:22 2020]
rule featureExtract:
    output: /media/veracrypt6/projects/autofids/data/OASIS/deriv/features/afid-26_space-T1w_desc-medium_features.hkl
    jobid: 77
    wildcards: afid_num=26, train_level=medium

[Tue Jul 28 21:25:20 2020]
Finished job 76.
31 of 193 steps (16%) done

[Tue Jul 28 21:25:20 2020]
rule featureExtract:
    output: /media/veracrypt6/projects/autofids/data/OASIS/deriv/features/afid-01_space-T1w_desc-fine_features.hkl
    jobid: 3
    wildcards: afid_num=01, train_level=fine

[Tue Jul 28 21:25:32 2020]
Finished job 2.
32 of 193 steps (17%) done

[Tue Jul 28 21:25:32 2020]
rule featureExtract:
    output: /media/veracrypt6/projects/autofids/data/OASIS/deriv/features/afid-11_space-T1w_desc-fine_features.hkl
    jobid: 33
    wildcards: afid_num=11, train_level=fine

[Tue Jul 28 21:26:10 2020]
Finished job 32.
33 of 193 steps (17%) done

[Tue Jul 28 21:26:10 2020]
rule featureExtract:
    output: /media/veracrypt6/projects/autofids/data/OASIS/deriv/features/afid-16_space-T1w_desc-fine_features.hkl
    jobid: 48
    wildcards: afid_num=16, train_level=fine

[Tue Jul 28 21:26:16 2020]
Finished job 47.
34 of 193 steps (18%) done

[Tue Jul 28 21:26:16 2020]
rule featureExtract:
    output: /media/veracrypt6/projects/autofids/data/OASIS/deriv/features/afid-21_space-T1w_desc-fine_features.hkl
    jobid: 63
    wildcards: afid_num=21, train_level=fine

[Tue Jul 28 21:26:27 2020]
Finished job 62.
35 of 193 steps (18%) done

[Tue Jul 28 21:26:27 2020]
rule featureExtract:
    output: /media/veracrypt6/projects/autofids/data/OASIS/deriv/features/afid-26_space-T1w_desc-fine_features.hkl
    jobid: 78
    wildcards: afid_num=26, train_level=fine

[Tue Jul 28 21:26:54 2020]
Finished job 77.
36 of 193 steps (19%) done

[Tue Jul 28 21:26:54 2020]
rule featureExtract:
    output: /media/veracrypt6/projects/autofids/data/OASIS/deriv/features/afid-02_space-T1w_desc-coarse_features.hkl
    jobid: 4
    wildcards: afid_num=02, train_level=coarse

[Tue Jul 28 21:28:46 2020]
Finished job 3.
37 of 193 steps (19%) done

[Tue Jul 28 21:28:46 2020]
rule featureExtract:
    output: /media/veracrypt6/projects/autofids/data/OASIS/deriv/features/afid-12_space-T1w_desc-coarse_features.hkl
    jobid: 34
    wildcards: afid_num=12, train_level=coarse

[Tue Jul 28 21:28:47 2020]
Finished job 33.
38 of 193 steps (20%) done

[Tue Jul 28 21:28:47 2020]
rule featureExtract:
    output: /media/veracrypt6/projects/autofids/data/OASIS/deriv/features/afid-17_space-T1w_desc-coarse_features.hkl
    jobid: 49
    wildcards: afid_num=17, train_level=coarse

[Tue Jul 28 21:28:52 2020]
Finished job 48.
39 of 193 steps (20%) done

[Tue Jul 28 21:28:52 2020]
rule featureExtract:
    output: /media/veracrypt6/projects/autofids/data/OASIS/deriv/features/afid-22_space-T1w_desc-coarse_features.hkl
    jobid: 64
    wildcards: afid_num=22, train_level=coarse

[Tue Jul 28 21:29:14 2020]
Finished job 63.
40 of 193 steps (21%) done

[Tue Jul 28 21:29:14 2020]
rule featureExtract:
    output: /media/veracrypt6/projects/autofids/data/OASIS/deriv/features/afid-27_space-T1w_desc-coarse_features.hkl
    jobid: 79
    wildcards: afid_num=27, train_level=coarse

[Tue Jul 28 21:29:53 2020]
Finished job 78.
41 of 193 steps (21%) done

[Tue Jul 28 21:29:53 2020]
rule featureExtract:
    output: /media/veracrypt6/projects/autofids/data/OASIS/deriv/features/afid-02_space-T1w_desc-medium_features.hkl
    jobid: 5
    wildcards: afid_num=02, train_level=medium

[Tue Jul 28 21:30:41 2020]
Finished job 4.
42 of 193 steps (22%) done

[Tue Jul 28 21:30:41 2020]
rule featureExtract:
    output: /media/veracrypt6/projects/autofids/data/OASIS/deriv/features/afid-12_space-T1w_desc-medium_features.hkl
    jobid: 35
    wildcards: afid_num=12, train_level=medium

[Tue Jul 28 21:32:08 2020]
Finished job 34.
43 of 193 steps (22%) done

[Tue Jul 28 21:32:08 2020]
rule featureExtract:
    output: /media/veracrypt6/projects/autofids/data/OASIS/deriv/features/afid-17_space-T1w_desc-medium_features.hkl
    jobid: 50
    wildcards: afid_num=17, train_level=medium

[Tue Jul 28 21:32:17 2020]
Finished job 49.
44 of 193 steps (23%) done

[Tue Jul 28 21:32:17 2020]
rule featureExtract:
    output: /media/veracrypt6/projects/autofids/data/OASIS/deriv/features/afid-22_space-T1w_desc-medium_features.hkl
    jobid: 65
    wildcards: afid_num=22, train_level=medium

[Tue Jul 28 21:32:32 2020]
Finished job 64.
45 of 193 steps (23%) done

[Tue Jul 28 21:32:32 2020]
rule featureExtract:
    output: /media/veracrypt6/projects/autofids/data/OASIS/deriv/features/afid-27_space-T1w_desc-medium_features.hkl
    jobid: 80
    wildcards: afid_num=27, train_level=medium

[Tue Jul 28 21:32:55 2020]
Finished job 79.
46 of 193 steps (24%) done

[Tue Jul 28 21:32:55 2020]
rule featureExtract:
    output: /media/veracrypt6/projects/autofids/data/OASIS/deriv/features/afid-02_space-T1w_desc-fine_features.hkl
    jobid: 6
    wildcards: afid_num=02, train_level=fine

[Tue Jul 28 21:33:05 2020]
Finished job 5.
47 of 193 steps (24%) done

[Tue Jul 28 21:33:05 2020]
rule featureExtract:
    output: /media/veracrypt6/projects/autofids/data/OASIS/deriv/features/afid-12_space-T1w_desc-fine_features.hkl
    jobid: 36
    wildcards: afid_num=12, train_level=fine

[Tue Jul 28 21:34:28 2020]
Finished job 35.
48 of 193 steps (25%) done

[Tue Jul 28 21:34:28 2020]
rule featureExtract:
    output: /media/veracrypt6/projects/autofids/data/OASIS/deriv/features/afid-17_space-T1w_desc-fine_features.hkl
    jobid: 51
    wildcards: afid_num=17, train_level=fine

[Tue Jul 28 21:35:19 2020]
Finished job 50.
49 of 193 steps (25%) done

[Tue Jul 28 21:35:19 2020]
rule featureExtract:
    output: /media/veracrypt6/projects/autofids/data/OASIS/deriv/features/afid-22_space-T1w_desc-fine_features.hkl
    jobid: 66
    wildcards: afid_num=22, train_level=fine

Terminating processes on user request, this might take some time.
[Tue Jul 28 21:35:39 2020]
Error in rule featureExtract:
    jobid: 51
    output: /media/veracrypt6/projects/autofids/data/OASIS/deriv/features/afid-17_space-T1w_desc-fine_features.hkl

RuleException:
CalledProcessError in line 20 of /home/greydon/Documents/GitHub/Auto-afids/modeling/workflow/rules/modelTraining.smk:
Command 'set -euo pipefail;  /usr/bin/python3 /home/greydon/Documents/GitHub/Auto-afids/modeling/.snakemake/scripts/tmpybjzujma.data_store.py' died with <Signals.SIGINT: 2>.
  File "/home/greydon/.local/lib/python3.8/site-packages/snakemake/executors/__init__.py", line 2168, in run_wrapper
  File "/home/greydon/Documents/GitHub/Auto-afids/modeling/workflow/rules/modelTraining.smk", line 20, in __rule_featureExtract
  File "/home/greydon/.local/lib/python3.8/site-packages/snakemake/executors/__init__.py", line 529, in _callback
  File "/usr/lib/python3.8/concurrent/futures/thread.py", line 57, in run
  File "/home/greydon/.local/lib/python3.8/site-packages/snakemake/executors/__init__.py", line 515, in cached_or_run
  File "/home/greydon/.local/lib/python3.8/site-packages/snakemake/executors/__init__.py", line 2199, in run_wrapper
[Tue Jul 28 21:35:39 2020]
Error in rule featureExtract:
    jobid: 66
    output: /media/veracrypt6/projects/autofids/data/OASIS/deriv/features/afid-22_space-T1w_desc-fine_features.hkl

RuleException:
CalledProcessError in line 20 of /home/greydon/Documents/GitHub/Auto-afids/modeling/workflow/rules/modelTraining.smk:
Command 'set -euo pipefail;  /usr/bin/python3 /home/greydon/Documents/GitHub/Auto-afids/modeling/.snakemake/scripts/tmpmph2xlmr.data_store.py' died with <Signals.SIGINT: 2>.
  File "/home/greydon/.local/lib/python3.8/site-packages/snakemake/executors/__init__.py", line 2168, in run_wrapper
  File "/home/greydon/Documents/GitHub/Auto-afids/modeling/workflow/rules/modelTraining.smk", line 20, in __rule_featureExtract
  File "/home/greydon/.local/lib/python3.8/site-packages/snakemake/executors/__init__.py", line 529, in _callback
  File "/usr/lib/python3.8/concurrent/futures/thread.py", line 57, in run
  File "/home/greydon/.local/lib/python3.8/site-packages/snakemake/executors/__init__.py", line 515, in cached_or_run
  File "/home/greydon/.local/lib/python3.8/site-packages/snakemake/executors/__init__.py", line 2199, in run_wrapper
[Tue Jul 28 21:35:39 2020]
Error in rule featureExtract:
    jobid: 65
    output: /media/veracrypt6/projects/autofids/data/OASIS/deriv/features/afid-22_space-T1w_desc-medium_features.hkl

RuleException:
CalledProcessError in line 20 of /home/greydon/Documents/GitHub/Auto-afids/modeling/workflow/rules/modelTraining.smk:
Command 'set -euo pipefail;  /usr/bin/python3 /home/greydon/Documents/GitHub/Auto-afids/modeling/.snakemake/scripts/tmp7wqkjkug.data_store.py' died with <Signals.SIGINT: 2>.
  File "/home/greydon/.local/lib/python3.8/site-packages/snakemake/executors/__init__.py", line 2168, in run_wrapper
  File "/home/greydon/Documents/GitHub/Auto-afids/modeling/workflow/rules/modelTraining.smk", line 20, in __rule_featureExtract
  File "/home/greydon/.local/lib/python3.8/site-packages/snakemake/executors/__init__.py", line 529, in _callback
  File "/usr/lib/python3.8/concurrent/futures/thread.py", line 57, in run
  File "/home/greydon/.local/lib/python3.8/site-packages/snakemake/executors/__init__.py", line 515, in cached_or_run
  File "/home/greydon/.local/lib/python3.8/site-packages/snakemake/executors/__init__.py", line 2199, in run_wrapper
[Tue Jul 28 21:35:39 2020]
Error in rule featureExtract:
    jobid: 6
    output: /media/veracrypt6/projects/autofids/data/OASIS/deriv/features/afid-02_space-T1w_desc-fine_features.hkl

RuleException:
CalledProcessError in line 20 of /home/greydon/Documents/GitHub/Auto-afids/modeling/workflow/rules/modelTraining.smk:
Command 'set -euo pipefail;  /usr/bin/python3 /home/greydon/Documents/GitHub/Auto-afids/modeling/.snakemake/scripts/tmph6zqrf0_.data_store.py' died with <Signals.SIGINT: 2>.
  File "/home/greydon/.local/lib/python3.8/site-packages/snakemake/executors/__init__.py", line 2168, in run_wrapper
  File "/home/greydon/Documents/GitHub/Auto-afids/modeling/workflow/rules/modelTraining.smk", line 20, in __rule_featureExtract
  File "/home/greydon/.local/lib/python3.8/site-packages/snakemake/executors/__init__.py", line 529, in _callback
  File "/usr/lib/python3.8/concurrent/futures/thread.py", line 57, in run
  File "/home/greydon/.local/lib/python3.8/site-packages/snakemake/executors/__init__.py", line 515, in cached_or_run
  File "/home/greydon/.local/lib/python3.8/site-packages/snakemake/executors/__init__.py", line 2199, in run_wrapper
[Tue Jul 28 21:35:39 2020]
Error in rule featureExtract:
    jobid: 36
    output: /media/veracrypt6/projects/autofids/data/OASIS/deriv/features/afid-12_space-T1w_desc-fine_features.hkl

RuleException:
CalledProcessError in line 20 of /home/greydon/Documents/GitHub/Auto-afids/modeling/workflow/rules/modelTraining.smk:
Command 'set -euo pipefail;  /usr/bin/python3 /home/greydon/Documents/GitHub/Auto-afids/modeling/.snakemake/scripts/tmp76v0uw96.data_store.py' died with <Signals.SIGINT: 2>.
  File "/home/greydon/.local/lib/python3.8/site-packages/snakemake/executors/__init__.py", line 2168, in run_wrapper
  File "/home/greydon/Documents/GitHub/Auto-afids/modeling/workflow/rules/modelTraining.smk", line 20, in __rule_featureExtract
  File "/home/greydon/.local/lib/python3.8/site-packages/snakemake/executors/__init__.py", line 529, in _callback
  File "/usr/lib/python3.8/concurrent/futures/thread.py", line 57, in run
  File "/home/greydon/.local/lib/python3.8/site-packages/snakemake/executors/__init__.py", line 515, in cached_or_run
  File "/home/greydon/.local/lib/python3.8/site-packages/snakemake/executors/__init__.py", line 2199, in run_wrapper
[Tue Jul 28 21:35:39 2020]
Error in rule featureExtract:
    jobid: 80
    output: /media/veracrypt6/projects/autofids/data/OASIS/deriv/features/afid-27_space-T1w_desc-medium_features.hkl

RuleException:
CalledProcessError in line 20 of /home/greydon/Documents/GitHub/Auto-afids/modeling/workflow/rules/modelTraining.smk:
Command 'set -euo pipefail;  /usr/bin/python3 /home/greydon/Documents/GitHub/Auto-afids/modeling/.snakemake/scripts/tmpih4_yicy.data_store.py' died with <Signals.SIGINT: 2>.
  File "/home/greydon/.local/lib/python3.8/site-packages/snakemake/executors/__init__.py", line 2168, in run_wrapper
  File "/home/greydon/Documents/GitHub/Auto-afids/modeling/workflow/rules/modelTraining.smk", line 20, in __rule_featureExtract
  File "/home/greydon/.local/lib/python3.8/site-packages/snakemake/executors/__init__.py", line 529, in _callback
  File "/usr/lib/python3.8/concurrent/futures/thread.py", line 57, in run
  File "/home/greydon/.local/lib/python3.8/site-packages/snakemake/executors/__init__.py", line 515, in cached_or_run
  File "/home/greydon/.local/lib/python3.8/site-packages/snakemake/executors/__init__.py", line 2199, in run_wrapper
Complete log: /home/greydon/Documents/GitHub/Auto-afids/modeling/.snakemake/log/2020-07-28T210525.643902.snakemake.log
