Building DAG of jobs...
Using shell: /usr/bin/bash
Provided cores: 6
Rules claiming more threads will be scaled down.
Job counts:
	count	jobs
	1	all
	96	modelTrain
	97

[Tue Jul 28 22:20:12 2020]
rule modelTrain:
    input: /media/veracrypt6/projects/autofids/data/OASIS/deriv/features/afid-05_space-T1w_desc-medium_features.hkl
    output: /media/veracrypt6/projects/autofids/data/OASIS/deriv/models/afid-05_space-T1w_desc-medium_model
    jobid: 110
    wildcards: afid_num=05, train_level=medium
    threads: 4
    resources: mem_mb=4000

[Tue Jul 28 22:20:41 2020]
Finished job 110.
1 of 97 steps (1%) done

[Tue Jul 28 22:20:41 2020]
rule modelTrain:
    input: /media/veracrypt6/projects/autofids/data/OASIS/deriv/features/afid-25_space-T1w_desc-medium_features.hkl
    output: /media/veracrypt6/projects/autofids/data/OASIS/deriv/models/afid-25_space-T1w_desc-medium_model
    jobid: 170
    wildcards: afid_num=25, train_level=medium
    threads: 4
    resources: mem_mb=4000

[Tue Jul 28 22:21:11 2020]
Finished job 170.
2 of 97 steps (2%) done

[Tue Jul 28 22:21:11 2020]
rule modelTrain:
    input: /media/veracrypt6/projects/autofids/data/OASIS/deriv/features/afid-05_space-T1w_desc-fine_features.hkl
    output: /media/veracrypt6/projects/autofids/data/OASIS/deriv/models/afid-05_space-T1w_desc-fine_model
    jobid: 111
    wildcards: afid_num=05, train_level=fine
    threads: 4
    resources: mem_mb=4000

[Tue Jul 28 22:21:48 2020]
Finished job 111.
3 of 97 steps (3%) done

[Tue Jul 28 22:21:48 2020]
rule modelTrain:
    input: /media/veracrypt6/projects/autofids/data/OASIS/deriv/features/afid-25_space-T1w_desc-fine_features.hkl
    output: /media/veracrypt6/projects/autofids/data/OASIS/deriv/models/afid-25_space-T1w_desc-fine_model
    jobid: 171
    wildcards: afid_num=25, train_level=fine
    threads: 4
    resources: mem_mb=4000

Terminating processes on user request, this might take some time.
[Tue Jul 28 22:21:53 2020]
Error in rule modelTrain:
    jobid: 171
    output: /media/veracrypt6/projects/autofids/data/OASIS/deriv/models/afid-25_space-T1w_desc-fine_model

RuleException:
CalledProcessError in line 33 of /home/greydon/Documents/GitHub/Auto-afids/modeling/workflow/rules/modelTraining.smk:
Command 'set -euo pipefail;  /usr/bin/python3 /home/greydon/Documents/GitHub/Auto-afids/modeling/.snakemake/scripts/tmp3jtjmyaz.train.py' died with <Signals.SIGINT: 2>.
  File "/home/greydon/.local/lib/python3.8/site-packages/snakemake/executors/__init__.py", line 2168, in run_wrapper
  File "/home/greydon/Documents/GitHub/Auto-afids/modeling/workflow/rules/modelTraining.smk", line 33, in __rule_modelTrain
  File "/home/greydon/.local/lib/python3.8/site-packages/snakemake/executors/__init__.py", line 529, in _callback
  File "/usr/lib/python3.8/concurrent/futures/thread.py", line 57, in run
  File "/home/greydon/.local/lib/python3.8/site-packages/snakemake/executors/__init__.py", line 515, in cached_or_run
  File "/home/greydon/.local/lib/python3.8/site-packages/snakemake/executors/__init__.py", line 2199, in run_wrapper
Complete log: /home/greydon/Documents/GitHub/Auto-afids/modeling/.snakemake/log/2020-07-28T222012.109336.snakemake.log
