Building DAG of jobs...
Using shell: /usr/bin/bash
Provided cores: 6
Rules claiming more threads will be scaled down.
Singularity containers: ignored
Job counts:
	count	jobs
	1	align_mni_rigid
	1	all
	96	coarseTrain
	96	featureExtract
	1	fid_tform_mni_rigid
	1	fsl_to_ras
	196

[Sun Jul 26 21:22:26 2020]
rule coarseTrain:
    input: /media/veracrypt6/projects/autofids/data/OASIS/deriv/features/afid-10_sub-0010_desc-medium_features.npy
    output: /media/veracrypt6/projects/autofids/data/OASIS/deriv/models/afid-10_desc-medium_model
    jobid: 223
    wildcards: afid_num=10, train_level=medium
    threads: 4
    resources: mem_mb=4000

[Sun Jul 26 21:22:26 2020]
rule align_mni_rigid:
    output: /media/veracrypt6/projects/autofids/data/OASIS/deriv/mni_space/sub-0086/anat/sub-0086_space-MNI152NLin2009cAsym_T1w.nii.gz, /media/veracrypt6/projects/autofids/data/OASIS/deriv/mni_space/sub-0086/anat/sub-0086_space-MNI152NLin2009cAsym_xfm.mat
    jobid: 294
    wildcards: subject=0086

RuleException in line 1 of /home/greydon/Documents/GitHub/Auto-afids/workflow/rules/mniTransform.smk:
'Params' object has no attribute 'dof'
  File "/home/greydon/.local/lib/python3.8/site-packages/snakemake/executors/__init__.py", line 111, in run_jobs
  File "/home/greydon/.local/lib/python3.8/site-packages/snakemake/executors/__init__.py", line 402, in run
  File "/home/greydon/.local/lib/python3.8/site-packages/snakemake/executors/__init__.py", line 203, in _run
  File "/home/greydon/.local/lib/python3.8/site-packages/snakemake/executors/__init__.py", line 131, in _run
  File "/home/greydon/.local/lib/python3.8/site-packages/snakemake/executors/__init__.py", line 137, in printjob
