Building DAG of jobs...
Using shell: /usr/bin/bash
Provided cores: 6
Rules claiming more threads will be scaled down.
Job counts:
	count	jobs
	1	all
	32	featureExtract
	33

[Tue Jul 28 19:38:53 2020]
rule featureExtract:
    output: /media/veracrypt6/projects/autofids/data/OASIS/deriv/features/afid-07_space-T1w_desc-coarse_features.hkl
    jobid: 7
    wildcards: afid_num=07

[Tue Jul 28 19:38:53 2020]
rule featureExtract:
    output: /media/veracrypt6/projects/autofids/data/OASIS/deriv/features/afid-14_space-T1w_desc-coarse_features.hkl
    jobid: 14
    wildcards: afid_num=14

[Tue Jul 28 19:38:53 2020]
rule featureExtract:
    output: /media/veracrypt6/projects/autofids/data/OASIS/deriv/features/afid-22_space-T1w_desc-coarse_features.hkl
    jobid: 22
    wildcards: afid_num=22

[Tue Jul 28 19:38:53 2020]
rule featureExtract:
    output: /media/veracrypt6/projects/autofids/data/OASIS/deriv/features/afid-29_space-T1w_desc-coarse_features.hkl
    jobid: 29
    wildcards: afid_num=29

[Tue Jul 28 19:38:53 2020]
rule featureExtract:
    output: /media/veracrypt6/projects/autofids/data/OASIS/deriv/features/afid-08_space-T1w_desc-coarse_features.hkl
    jobid: 8
    wildcards: afid_num=08

[Tue Jul 28 19:38:53 2020]
rule featureExtract:
    output: /media/veracrypt6/projects/autofids/data/OASIS/deriv/features/afid-15_space-T1w_desc-coarse_features.hkl
    jobid: 15
    wildcards: afid_num=15

[Tue Jul 28 19:42:43 2020]
Finished job 15.
1 of 33 steps (3%) done

[Tue Jul 28 19:42:43 2020]
rule featureExtract:
    output: /media/veracrypt6/projects/autofids/data/OASIS/deriv/features/afid-23_space-T1w_desc-coarse_features.hkl
    jobid: 23
    wildcards: afid_num=23

[Tue Jul 28 19:42:45 2020]
Finished job 8.
2 of 33 steps (6%) done

[Tue Jul 28 19:42:47 2020]
rule featureExtract:
    output: /media/veracrypt6/projects/autofids/data/OASIS/deriv/features/afid-30_space-T1w_desc-coarse_features.hkl
    jobid: 30
    wildcards: afid_num=30

[Tue Jul 28 19:43:27 2020]
Finished job 14.
3 of 33 steps (9%) done
[Tue Jul 28 19:43:27 2020]
Finished job 22.
4 of 33 steps (12%) done
[Tue Jul 28 19:43:27 2020]
Finished job 29.
5 of 33 steps (15%) done

[Tue Jul 28 19:43:35 2020]
rule featureExtract:
    output: /media/veracrypt6/projects/autofids/data/OASIS/deriv/features/afid-01_space-T1w_desc-coarse_features.hkl
    jobid: 1
    wildcards: afid_num=01


[Tue Jul 28 19:43:35 2020]
rule featureExtract:
    output: /media/veracrypt6/projects/autofids/data/OASIS/deriv/features/afid-09_space-T1w_desc-coarse_features.hkl
    jobid: 9
    wildcards: afid_num=09


[Tue Jul 28 19:43:35 2020]
rule featureExtract:
    output: /media/veracrypt6/projects/autofids/data/OASIS/deriv/features/afid-16_space-T1w_desc-coarse_features.hkl
    jobid: 16
    wildcards: afid_num=16

[Tue Jul 28 19:43:35 2020]
Finished job 7.
6 of 33 steps (18%) done

[Tue Jul 28 19:43:35 2020]
rule featureExtract:
    output: /media/veracrypt6/projects/autofids/data/OASIS/deriv/features/afid-24_space-T1w_desc-coarse_features.hkl
    jobid: 24
    wildcards: afid_num=24

[Tue Jul 28 19:46:40 2020]
Finished job 23.
7 of 33 steps (21%) done

[Tue Jul 28 19:46:40 2020]
rule featureExtract:
    output: /media/veracrypt6/projects/autofids/data/OASIS/deriv/features/afid-31_space-T1w_desc-coarse_features.hkl
    jobid: 31
    wildcards: afid_num=31

[Tue Jul 28 19:47:10 2020]
Finished job 30.
8 of 33 steps (24%) done

[Tue Jul 28 19:47:10 2020]
rule featureExtract:
    output: /media/veracrypt6/projects/autofids/data/OASIS/deriv/features/afid-02_space-T1w_desc-coarse_features.hkl
    jobid: 2
    wildcards: afid_num=02

[Tue Jul 28 19:47:28 2020]
Finished job 1.
9 of 33 steps (27%) done

[Tue Jul 28 19:47:28 2020]
rule featureExtract:
    output: /media/veracrypt6/projects/autofids/data/OASIS/deriv/features/afid-10_space-T1w_desc-coarse_features.hkl
    jobid: 10
    wildcards: afid_num=10

[Tue Jul 28 19:47:30 2020]
Finished job 9.
10 of 33 steps (30%) done

[Tue Jul 28 19:47:31 2020]
rule featureExtract:
    output: /media/veracrypt6/projects/autofids/data/OASIS/deriv/features/afid-17_space-T1w_desc-coarse_features.hkl
    jobid: 17
    wildcards: afid_num=17

[Tue Jul 28 19:48:01 2020]
Finished job 24.
11 of 33 steps (33%) done

[Tue Jul 28 19:48:01 2020]
rule featureExtract:
    output: /media/veracrypt6/projects/autofids/data/OASIS/deriv/features/afid-25_space-T1w_desc-coarse_features.hkl
    jobid: 25
    wildcards: afid_num=25

[Tue Jul 28 19:48:01 2020]
Finished job 16.
12 of 33 steps (36%) done

[Tue Jul 28 19:48:01 2020]
rule featureExtract:
    output: /media/veracrypt6/projects/autofids/data/OASIS/deriv/features/afid-32_space-T1w_desc-coarse_features.hkl
    jobid: 32
    wildcards: afid_num=32

[Tue Jul 28 19:50:46 2020]
Finished job 31.
13 of 33 steps (39%) done

[Tue Jul 28 19:50:46 2020]
rule featureExtract:
    output: /media/veracrypt6/projects/autofids/data/OASIS/deriv/features/afid-03_space-T1w_desc-coarse_features.hkl
    jobid: 3
    wildcards: afid_num=03

[Tue Jul 28 19:50:55 2020]
Error in rule featureExtract:
    jobid: 2
    output: /media/veracrypt6/projects/autofids/data/OASIS/deriv/features/afid-02_space-T1w_desc-coarse_features.hkl

RuleException:
CalledProcessError in line 20 of /home/greydon/Documents/GitHub/Auto-afids/modeling/workflow/rules/modelTraining.smk:
Command 'set -euo pipefail;  /usr/bin/python3 /home/greydon/Documents/GitHub/Auto-afids/modeling/.snakemake/scripts/tmppf0ekaxo.data_store.py' returned non-zero exit status 1.
  File "/home/greydon/.local/lib/python3.8/site-packages/snakemake/executors/__init__.py", line 2168, in run_wrapper
  File "/home/greydon/Documents/GitHub/Auto-afids/modeling/workflow/rules/modelTraining.smk", line 20, in __rule_featureExtract
  File "/home/greydon/.local/lib/python3.8/site-packages/snakemake/executors/__init__.py", line 529, in _callback
  File "/usr/lib/python3.8/concurrent/futures/thread.py", line 57, in run
  File "/home/greydon/.local/lib/python3.8/site-packages/snakemake/executors/__init__.py", line 515, in cached_or_run
  File "/home/greydon/.local/lib/python3.8/site-packages/snakemake/executors/__init__.py", line 2199, in run_wrapper
[Tue Jul 28 19:51:18 2020]
Error in rule featureExtract:
    jobid: 17
    output: /media/veracrypt6/projects/autofids/data/OASIS/deriv/features/afid-17_space-T1w_desc-coarse_features.hkl

RuleException:
CalledProcessError in line 20 of /home/greydon/Documents/GitHub/Auto-afids/modeling/workflow/rules/modelTraining.smk:
Command 'set -euo pipefail;  /usr/bin/python3 /home/greydon/Documents/GitHub/Auto-afids/modeling/.snakemake/scripts/tmpi_v6f115.data_store.py' returned non-zero exit status 1.
  File "/home/greydon/.local/lib/python3.8/site-packages/snakemake/executors/__init__.py", line 2168, in run_wrapper
  File "/home/greydon/Documents/GitHub/Auto-afids/modeling/workflow/rules/modelTraining.smk", line 20, in __rule_featureExtract
  File "/home/greydon/.local/lib/python3.8/site-packages/snakemake/executors/__init__.py", line 529, in _callback
  File "/usr/lib/python3.8/concurrent/futures/thread.py", line 57, in run
  File "/home/greydon/.local/lib/python3.8/site-packages/snakemake/executors/__init__.py", line 515, in cached_or_run
  File "/home/greydon/.local/lib/python3.8/site-packages/snakemake/executors/__init__.py", line 2199, in run_wrapper
[Tue Jul 28 19:51:22 2020]
Error in rule featureExtract:
    jobid: 10
    output: /media/veracrypt6/projects/autofids/data/OASIS/deriv/features/afid-10_space-T1w_desc-coarse_features.hkl

RuleException:
CalledProcessError in line 20 of /home/greydon/Documents/GitHub/Auto-afids/modeling/workflow/rules/modelTraining.smk:
Command 'set -euo pipefail;  /usr/bin/python3 /home/greydon/Documents/GitHub/Auto-afids/modeling/.snakemake/scripts/tmpn5za0kuw.data_store.py' returned non-zero exit status 1.
  File "/home/greydon/.local/lib/python3.8/site-packages/snakemake/executors/__init__.py", line 2168, in run_wrapper
  File "/home/greydon/Documents/GitHub/Auto-afids/modeling/workflow/rules/modelTraining.smk", line 20, in __rule_featureExtract
  File "/home/greydon/.local/lib/python3.8/site-packages/snakemake/executors/__init__.py", line 529, in _callback
  File "/usr/lib/python3.8/concurrent/futures/thread.py", line 57, in run
  File "/home/greydon/.local/lib/python3.8/site-packages/snakemake/executors/__init__.py", line 515, in cached_or_run
  File "/home/greydon/.local/lib/python3.8/site-packages/snakemake/executors/__init__.py", line 2199, in run_wrapper
[Tue Jul 28 19:51:33 2020]
Error in rule featureExtract:
    jobid: 32
    output: /media/veracrypt6/projects/autofids/data/OASIS/deriv/features/afid-32_space-T1w_desc-coarse_features.hkl

RuleException:
CalledProcessError in line 20 of /home/greydon/Documents/GitHub/Auto-afids/modeling/workflow/rules/modelTraining.smk:
Command 'set -euo pipefail;  /usr/bin/python3 /home/greydon/Documents/GitHub/Auto-afids/modeling/.snakemake/scripts/tmpz43u1gj3.data_store.py' returned non-zero exit status 1.
  File "/home/greydon/.local/lib/python3.8/site-packages/snakemake/executors/__init__.py", line 2168, in run_wrapper
  File "/home/greydon/Documents/GitHub/Auto-afids/modeling/workflow/rules/modelTraining.smk", line 20, in __rule_featureExtract
  File "/home/greydon/.local/lib/python3.8/site-packages/snakemake/executors/__init__.py", line 529, in _callback
  File "/usr/lib/python3.8/concurrent/futures/thread.py", line 57, in run
  File "/home/greydon/.local/lib/python3.8/site-packages/snakemake/executors/__init__.py", line 515, in cached_or_run
  File "/home/greydon/.local/lib/python3.8/site-packages/snakemake/executors/__init__.py", line 2199, in run_wrapper
[Tue Jul 28 19:51:36 2020]
Error in rule featureExtract:
    jobid: 25
    output: /media/veracrypt6/projects/autofids/data/OASIS/deriv/features/afid-25_space-T1w_desc-coarse_features.hkl

RuleException:
CalledProcessError in line 20 of /home/greydon/Documents/GitHub/Auto-afids/modeling/workflow/rules/modelTraining.smk:
Command 'set -euo pipefail;  /usr/bin/python3 /home/greydon/Documents/GitHub/Auto-afids/modeling/.snakemake/scripts/tmpk6a8059t.data_store.py' returned non-zero exit status 1.
  File "/home/greydon/.local/lib/python3.8/site-packages/snakemake/executors/__init__.py", line 2168, in run_wrapper
  File "/home/greydon/Documents/GitHub/Auto-afids/modeling/workflow/rules/modelTraining.smk", line 20, in __rule_featureExtract
  File "/home/greydon/.local/lib/python3.8/site-packages/snakemake/executors/__init__.py", line 529, in _callback
  File "/usr/lib/python3.8/concurrent/futures/thread.py", line 57, in run
  File "/home/greydon/.local/lib/python3.8/site-packages/snakemake/executors/__init__.py", line 515, in cached_or_run
  File "/home/greydon/.local/lib/python3.8/site-packages/snakemake/executors/__init__.py", line 2199, in run_wrapper
[Tue Jul 28 19:52:39 2020]
Error in rule featureExtract:
    jobid: 3
    output: /media/veracrypt6/projects/autofids/data/OASIS/deriv/features/afid-03_space-T1w_desc-coarse_features.hkl

RuleException:
CalledProcessError in line 20 of /home/greydon/Documents/GitHub/Auto-afids/modeling/workflow/rules/modelTraining.smk:
Command 'set -euo pipefail;  /usr/bin/python3 /home/greydon/Documents/GitHub/Auto-afids/modeling/.snakemake/scripts/tmpiijx3co2.data_store.py' returned non-zero exit status 1.
  File "/home/greydon/.local/lib/python3.8/site-packages/snakemake/executors/__init__.py", line 2168, in run_wrapper
  File "/home/greydon/Documents/GitHub/Auto-afids/modeling/workflow/rules/modelTraining.smk", line 20, in __rule_featureExtract
  File "/home/greydon/.local/lib/python3.8/site-packages/snakemake/executors/__init__.py", line 529, in _callback
  File "/usr/lib/python3.8/concurrent/futures/thread.py", line 57, in run
  File "/home/greydon/.local/lib/python3.8/site-packages/snakemake/executors/__init__.py", line 515, in cached_or_run
  File "/home/greydon/.local/lib/python3.8/site-packages/snakemake/executors/__init__.py", line 2199, in run_wrapper
Shutting down, this might take some time.
Exiting because a job execution failed. Look above for error message
Complete log: /home/greydon/Documents/GitHub/Auto-afids/modeling/.snakemake/log/2020-07-28T193853.371669.snakemake.log
