Building DAG of jobs...
Using shell: /usr/bin/bash
Provided cores: 6
Rules claiming more threads will be scaled down.
Singularity containers: ignored
Job counts:
	count	jobs
	2	align_mni_rigid
	1	all
	32	featureExtract_coarse
	2	fid_tform_mni_rigid
	2	fsl_to_ras
	39

[Sun Jul 26 22:58:22 2020]
rule featureExtract_coarse:
    output: /media/veracrypt6/projects/autofids/data/OASIS/deriv/features/afid-06_desc-coarse_features.npy, /media/veracrypt6/projects/autofids/data/OASIS/deriv/features/afid-06_registration.done
    jobid: 8
    wildcards: afid_num=06

[Sun Jul 26 22:58:22 2020]
rule featureExtract_coarse:
    output: /media/veracrypt6/projects/autofids/data/OASIS/deriv/features/afid-13_desc-coarse_features.npy, /media/veracrypt6/projects/autofids/data/OASIS/deriv/features/afid-13_registration.done
    jobid: 15
    wildcards: afid_num=13

[Sun Jul 26 22:58:22 2020]
rule featureExtract_coarse:
    output: /media/veracrypt6/projects/autofids/data/OASIS/deriv/features/afid-21_desc-coarse_features.npy, /media/veracrypt6/projects/autofids/data/OASIS/deriv/features/afid-21_registration.done
    jobid: 23
    wildcards: afid_num=21

[Sun Jul 26 22:58:22 2020]
rule featureExtract_coarse:
    output: /media/veracrypt6/projects/autofids/data/OASIS/deriv/features/afid-28_desc-coarse_features.npy, /media/veracrypt6/projects/autofids/data/OASIS/deriv/features/afid-28_registration.done
    jobid: 30
    wildcards: afid_num=28

[Sun Jul 26 22:58:22 2020]
rule align_mni_rigid:
    output: /media/veracrypt6/projects/autofids/data/OASIS/deriv/mni_space/sub-0086/anat/sub-0086_space-MNI152NLin2009cAsym_T1w.nii.gz, /media/veracrypt6/projects/autofids/data/OASIS/deriv/mni_space/sub-0086/anat/sub-0086_space-MNI152NLin2009cAsym_xfm.mat
    jobid: 38
    wildcards: subject=0086


[Sun Jul 26 22:58:22 2020]
rule featureExtract_coarse:
    output: /media/veracrypt6/projects/autofids/data/OASIS/deriv/features/afid-01_desc-coarse_features.npy, /media/veracrypt6/projects/autofids/data/OASIS/deriv/features/afid-01_registration.done
    jobid: 3
    wildcards: afid_num=01

Touching output file /media/veracrypt6/projects/autofids/data/OASIS/deriv/features/afid-01_registration.done.
[Sun Jul 26 22:58:23 2020]
Finished job 3.
1 of 39 steps (3%) done
Touching output file /media/veracrypt6/projects/autofids/data/OASIS/deriv/features/afid-28_registration.done.
[Sun Jul 26 22:58:23 2020]
Finished job 30.
2 of 39 steps (5%) done

[Sun Jul 26 22:58:23 2020]
rule featureExtract_coarse:
    output: /media/veracrypt6/projects/autofids/data/OASIS/deriv/features/afid-07_desc-coarse_features.npy, /media/veracrypt6/projects/autofids/data/OASIS/deriv/features/afid-07_registration.done
    jobid: 9
    wildcards: afid_num=07

[Sun Jul 26 22:58:23 2020]
rule featureExtract_coarse:
    output: /media/veracrypt6/projects/autofids/data/OASIS/deriv/features/afid-14_desc-coarse_features.npy, /media/veracrypt6/projects/autofids/data/OASIS/deriv/features/afid-14_registration.done
    jobid: 16
    wildcards: afid_num=14

Touching output file /media/veracrypt6/projects/autofids/data/OASIS/deriv/features/afid-21_registration.done.
[Sun Jul 26 22:58:23 2020]
Finished job 23.
3 of 39 steps (8%) done

[Sun Jul 26 22:58:23 2020]
rule featureExtract_coarse:
    output: /media/veracrypt6/projects/autofids/data/OASIS/deriv/features/afid-22_desc-coarse_features.npy, /media/veracrypt6/projects/autofids/data/OASIS/deriv/features/afid-22_registration.done
    jobid: 24
    wildcards: afid_num=22

Touching output file /media/veracrypt6/projects/autofids/data/OASIS/deriv/features/afid-06_registration.done.
[Sun Jul 26 22:58:23 2020]
Finished job 8.
4 of 39 steps (10%) done

[Sun Jul 26 22:58:23 2020]
rule featureExtract_coarse:
    output: /media/veracrypt6/projects/autofids/data/OASIS/deriv/features/afid-29_desc-coarse_features.npy, /media/veracrypt6/projects/autofids/data/OASIS/deriv/features/afid-29_registration.done
    jobid: 31
    wildcards: afid_num=29

Touching output file /media/veracrypt6/projects/autofids/data/OASIS/deriv/features/afid-13_registration.done.
[Sun Jul 26 22:58:23 2020]
Finished job 15.
5 of 39 steps (13%) done

[Sun Jul 26 22:58:23 2020]
rule featureExtract_coarse:
    output: /media/veracrypt6/projects/autofids/data/OASIS/deriv/features/afid-08_desc-coarse_features.npy, /media/veracrypt6/projects/autofids/data/OASIS/deriv/features/afid-08_registration.done
    jobid: 10
    wildcards: afid_num=08

Touching output file /media/veracrypt6/projects/autofids/data/OASIS/deriv/features/afid-14_registration.done.
[Sun Jul 26 22:58:23 2020]
Finished job 16.
6 of 39 steps (15%) done

[Sun Jul 26 22:58:23 2020]
rule featureExtract_coarse:
    output: /media/veracrypt6/projects/autofids/data/OASIS/deriv/features/afid-15_desc-coarse_features.npy, /media/veracrypt6/projects/autofids/data/OASIS/deriv/features/afid-15_registration.done
    jobid: 17
    wildcards: afid_num=15

Touching output file /media/veracrypt6/projects/autofids/data/OASIS/deriv/features/afid-07_registration.done.
[Sun Jul 26 22:58:23 2020]
Finished job 9.
7 of 39 steps (18%) done

[Sun Jul 26 22:58:23 2020]
rule featureExtract_coarse:
    output: /media/veracrypt6/projects/autofids/data/OASIS/deriv/features/afid-23_desc-coarse_features.npy, /media/veracrypt6/projects/autofids/data/OASIS/deriv/features/afid-23_registration.done
    jobid: 25
    wildcards: afid_num=23

Touching output file /media/veracrypt6/projects/autofids/data/OASIS/deriv/features/afid-22_registration.done.
[Sun Jul 26 22:58:23 2020]
Finished job 24.
8 of 39 steps (21%) done

[Sun Jul 26 22:58:23 2020]
rule featureExtract_coarse:
    output: /media/veracrypt6/projects/autofids/data/OASIS/deriv/features/afid-30_desc-coarse_features.npy, /media/veracrypt6/projects/autofids/data/OASIS/deriv/features/afid-30_registration.done
    jobid: 32
    wildcards: afid_num=30

Touching output file /media/veracrypt6/projects/autofids/data/OASIS/deriv/features/afid-29_registration.done.
[Sun Jul 26 22:58:23 2020]
Finished job 31.
9 of 39 steps (23%) done

[Sun Jul 26 22:58:23 2020]
rule featureExtract_coarse:
    output: /media/veracrypt6/projects/autofids/data/OASIS/deriv/features/afid-09_desc-coarse_features.npy, /media/veracrypt6/projects/autofids/data/OASIS/deriv/features/afid-09_registration.done
    jobid: 11
    wildcards: afid_num=09

Touching output file /media/veracrypt6/projects/autofids/data/OASIS/deriv/features/afid-08_registration.done.
[Sun Jul 26 22:58:23 2020]
Finished job 10.
10 of 39 steps (26%) done

[Sun Jul 26 22:58:23 2020]
rule featureExtract_coarse:
    output: /media/veracrypt6/projects/autofids/data/OASIS/deriv/features/afid-16_desc-coarse_features.npy, /media/veracrypt6/projects/autofids/data/OASIS/deriv/features/afid-16_registration.done
    jobid: 18
    wildcards: afid_num=16

Touching output file /media/veracrypt6/projects/autofids/data/OASIS/deriv/features/afid-15_registration.done.
[Sun Jul 26 22:58:23 2020]
Finished job 17.
11 of 39 steps (28%) done

[Sun Jul 26 22:58:23 2020]
rule featureExtract_coarse:
    output: /media/veracrypt6/projects/autofids/data/OASIS/deriv/features/afid-24_desc-coarse_features.npy, /media/veracrypt6/projects/autofids/data/OASIS/deriv/features/afid-24_registration.done
    jobid: 26
    wildcards: afid_num=24

Touching output file /media/veracrypt6/projects/autofids/data/OASIS/deriv/features/afid-23_registration.done.
[Sun Jul 26 22:58:23 2020]
Finished job 25.
12 of 39 steps (31%) done

[Sun Jul 26 22:58:23 2020]
rule featureExtract_coarse:
    output: /media/veracrypt6/projects/autofids/data/OASIS/deriv/features/afid-31_desc-coarse_features.npy, /media/veracrypt6/projects/autofids/data/OASIS/deriv/features/afid-31_registration.done
    jobid: 33
    wildcards: afid_num=31

Touching output file /media/veracrypt6/projects/autofids/data/OASIS/deriv/features/afid-30_registration.done.
[Sun Jul 26 22:58:23 2020]
Finished job 32.
13 of 39 steps (33%) done

[Sun Jul 26 22:58:23 2020]
rule featureExtract_coarse:
    output: /media/veracrypt6/projects/autofids/data/OASIS/deriv/features/afid-02_desc-coarse_features.npy, /media/veracrypt6/projects/autofids/data/OASIS/deriv/features/afid-02_registration.done
    jobid: 4
    wildcards: afid_num=02

Touching output file /media/veracrypt6/projects/autofids/data/OASIS/deriv/features/afid-09_registration.done.
[Sun Jul 26 22:58:24 2020]
Finished job 11.
14 of 39 steps (36%) done

[Sun Jul 26 22:58:24 2020]
rule featureExtract_coarse:
    output: /media/veracrypt6/projects/autofids/data/OASIS/deriv/features/afid-10_desc-coarse_features.npy, /media/veracrypt6/projects/autofids/data/OASIS/deriv/features/afid-10_registration.done
    jobid: 12
    wildcards: afid_num=10

Touching output file /media/veracrypt6/projects/autofids/data/OASIS/deriv/features/afid-16_registration.done.
[Sun Jul 26 22:58:24 2020]
Finished job 18.
15 of 39 steps (38%) done

[Sun Jul 26 22:58:24 2020]
rule featureExtract_coarse:
    output: /media/veracrypt6/projects/autofids/data/OASIS/deriv/features/afid-17_desc-coarse_features.npy, /media/veracrypt6/projects/autofids/data/OASIS/deriv/features/afid-17_registration.done
    jobid: 19
    wildcards: afid_num=17

Touching output file /media/veracrypt6/projects/autofids/data/OASIS/deriv/features/afid-31_registration.done.
[Sun Jul 26 22:58:24 2020]
Finished job 33.
16 of 39 steps (41%) done
Touching output file /media/veracrypt6/projects/autofids/data/OASIS/deriv/features/afid-24_registration.done.
[Sun Jul 26 22:58:24 2020]
Finished job 26.
17 of 39 steps (44%) done

[Sun Jul 26 22:58:24 2020]
rule featureExtract_coarse:
    output: /media/veracrypt6/projects/autofids/data/OASIS/deriv/features/afid-25_desc-coarse_features.npy, /media/veracrypt6/projects/autofids/data/OASIS/deriv/features/afid-25_registration.done
    jobid: 27
    wildcards: afid_num=25

[Sun Jul 26 22:58:24 2020]
rule featureExtract_coarse:
    output: /media/veracrypt6/projects/autofids/data/OASIS/deriv/features/afid-32_desc-coarse_features.npy, /media/veracrypt6/projects/autofids/data/OASIS/deriv/features/afid-32_registration.done
    jobid: 34
    wildcards: afid_num=32

Touching output file /media/veracrypt6/projects/autofids/data/OASIS/deriv/features/afid-02_registration.done.
[Sun Jul 26 22:58:24 2020]
Finished job 4.
18 of 39 steps (46%) done

[Sun Jul 26 22:58:24 2020]
rule featureExtract_coarse:
    output: /media/veracrypt6/projects/autofids/data/OASIS/deriv/features/afid-03_desc-coarse_features.npy, /media/veracrypt6/projects/autofids/data/OASIS/deriv/features/afid-03_registration.done
    jobid: 5
    wildcards: afid_num=03

Touching output file /media/veracrypt6/projects/autofids/data/OASIS/deriv/features/afid-17_registration.done.
[Sun Jul 26 22:58:24 2020]
Finished job 19.
19 of 39 steps (49%) done

[Sun Jul 26 22:58:24 2020]
rule featureExtract_coarse:
    output: /media/veracrypt6/projects/autofids/data/OASIS/deriv/features/afid-11_desc-coarse_features.npy, /media/veracrypt6/projects/autofids/data/OASIS/deriv/features/afid-11_registration.done
    jobid: 13
    wildcards: afid_num=11

Touching output file /media/veracrypt6/projects/autofids/data/OASIS/deriv/features/afid-10_registration.done.
[Sun Jul 26 22:58:24 2020]
Finished job 12.
20 of 39 steps (51%) done

[Sun Jul 26 22:58:24 2020]
rule featureExtract_coarse:
    output: /media/veracrypt6/projects/autofids/data/OASIS/deriv/features/afid-18_desc-coarse_features.npy, /media/veracrypt6/projects/autofids/data/OASIS/deriv/features/afid-18_registration.done
    jobid: 20
    wildcards: afid_num=18

Touching output file /media/veracrypt6/projects/autofids/data/OASIS/deriv/features/afid-32_registration.done.
[Sun Jul 26 22:58:24 2020]
Finished job 34.
21 of 39 steps (54%) done

[Sun Jul 26 22:58:24 2020]
rule featureExtract_coarse:
    output: /media/veracrypt6/projects/autofids/data/OASIS/deriv/features/afid-26_desc-coarse_features.npy, /media/veracrypt6/projects/autofids/data/OASIS/deriv/features/afid-26_registration.done
    jobid: 28
    wildcards: afid_num=26

Touching output file /media/veracrypt6/projects/autofids/data/OASIS/deriv/features/afid-25_registration.done.
[Sun Jul 26 22:58:24 2020]
Finished job 27.
22 of 39 steps (56%) done

[Sun Jul 26 22:58:24 2020]
rule featureExtract_coarse:
    output: /media/veracrypt6/projects/autofids/data/OASIS/deriv/features/afid-04_desc-coarse_features.npy, /media/veracrypt6/projects/autofids/data/OASIS/deriv/features/afid-04_registration.done
    jobid: 6
    wildcards: afid_num=04

Touching output file /media/veracrypt6/projects/autofids/data/OASIS/deriv/features/afid-03_registration.done.
[Sun Jul 26 22:58:24 2020]
Finished job 5.
23 of 39 steps (59%) done

[Sun Jul 26 22:58:24 2020]
rule featureExtract_coarse:
    output: /media/veracrypt6/projects/autofids/data/OASIS/deriv/features/afid-12_desc-coarse_features.npy, /media/veracrypt6/projects/autofids/data/OASIS/deriv/features/afid-12_registration.done
    jobid: 14
    wildcards: afid_num=12

Touching output file /media/veracrypt6/projects/autofids/data/OASIS/deriv/features/afid-11_registration.done.
[Sun Jul 26 22:58:24 2020]
Finished job 13.
24 of 39 steps (62%) done

[Sun Jul 26 22:58:24 2020]
rule featureExtract_coarse:
    output: /media/veracrypt6/projects/autofids/data/OASIS/deriv/features/afid-19_desc-coarse_features.npy, /media/veracrypt6/projects/autofids/data/OASIS/deriv/features/afid-19_registration.done
    jobid: 21
    wildcards: afid_num=19

Touching output file /media/veracrypt6/projects/autofids/data/OASIS/deriv/features/afid-18_registration.done.
[Sun Jul 26 22:58:24 2020]
Finished job 20.
25 of 39 steps (64%) done

[Sun Jul 26 22:58:24 2020]
rule featureExtract_coarse:
    output: /media/veracrypt6/projects/autofids/data/OASIS/deriv/features/afid-27_desc-coarse_features.npy, /media/veracrypt6/projects/autofids/data/OASIS/deriv/features/afid-27_registration.done
    jobid: 29
    wildcards: afid_num=27

Touching output file /media/veracrypt6/projects/autofids/data/OASIS/deriv/features/afid-26_registration.done.
[Sun Jul 26 22:58:25 2020]
Finished job 28.
26 of 39 steps (67%) done

[Sun Jul 26 22:58:25 2020]
rule align_mni_rigid:
    output: /media/veracrypt6/projects/autofids/data/OASIS/deriv/mni_space/sub-0010/anat/sub-0010_space-MNI152NLin2009cAsym_T1w.nii.gz, /media/veracrypt6/projects/autofids/data/OASIS/deriv/mni_space/sub-0010/anat/sub-0010_space-MNI152NLin2009cAsym_xfm.mat
    jobid: 37
    wildcards: subject=0010

Touching output file /media/veracrypt6/projects/autofids/data/OASIS/deriv/features/afid-04_registration.done.
[Sun Jul 26 22:58:25 2020]
Finished job 6.
27 of 39 steps (69%) done

[Sun Jul 26 22:58:25 2020]
rule featureExtract_coarse:
    output: /media/veracrypt6/projects/autofids/data/OASIS/deriv/features/afid-05_desc-coarse_features.npy, /media/veracrypt6/projects/autofids/data/OASIS/deriv/features/afid-05_registration.done
    jobid: 7
    wildcards: afid_num=05

Touching output file /media/veracrypt6/projects/autofids/data/OASIS/deriv/features/afid-19_registration.done.
[Sun Jul 26 22:58:25 2020]
Finished job 21.
28 of 39 steps (72%) done

[Sun Jul 26 22:58:25 2020]
rule featureExtract_coarse:
    output: /media/veracrypt6/projects/autofids/data/OASIS/deriv/features/afid-20_desc-coarse_features.npy, /media/veracrypt6/projects/autofids/data/OASIS/deriv/features/afid-20_registration.done
    jobid: 22
    wildcards: afid_num=20

Touching output file /media/veracrypt6/projects/autofids/data/OASIS/deriv/features/afid-12_registration.done.
[Sun Jul 26 22:58:25 2020]
Finished job 14.
29 of 39 steps (74%) done
Touching output file /media/veracrypt6/projects/autofids/data/OASIS/deriv/features/afid-27_registration.done.
[Sun Jul 26 22:58:25 2020]
Finished job 29.
30 of 39 steps (77%) done
Touching output file /media/veracrypt6/projects/autofids/data/OASIS/deriv/features/afid-05_registration.done.
[Sun Jul 26 22:58:25 2020]
Finished job 7.
31 of 39 steps (79%) done
Touching output file /media/veracrypt6/projects/autofids/data/OASIS/deriv/features/afid-20_registration.done.
[Sun Jul 26 22:58:25 2020]
Finished job 22.
32 of 39 steps (82%) done
Terminating processes on user request, this might take some time.
[Sun Jul 26 22:58:34 2020]
Error in rule align_mni_rigid:
    jobid: 38
[Sun Jul 26 22:58:34 2020]
    output: /media/veracrypt6/projects/autofids/data/OASIS/deriv/mni_space/sub-0086/anat/sub-0086_space-MNI152NLin2009cAsym_T1w.nii.gz, /media/veracrypt6/projects/autofids/data/OASIS/deriv/mni_space/sub-0086/anat/sub-0086_space-MNI152NLin2009cAsym_xfm.mat
Error in rule align_mni_rigid:
    shell:
        flirt -in /media/veracrypt6/projects/autofids/data/OASIS/bids/sub-0086/anat/sub-0086_T1w.nii.gz -ref resources/mni_icbm152_t1_tal_nlin_asym_09c.nii.gz -out /media/veracrypt6/projects/autofids/data/OASIS/deriv/mni_space/sub-0086/anat/sub-0086_space-MNI152NLin2009cAsym_T1w.nii.gz -omat /media/veracrypt6/projects/autofids/data/OASIS/deriv/mni_space/sub-0086/anat/sub-0086_space-MNI152NLin2009cAsym_xfm.mat -dof 6 -coarsesearch 60 -finesearch 18 -cost mutualinfo -interp sinc
        (one of the commands exited with non-zero exit code; note that snakemake uses bash strict mode!)
    jobid: 37

    output: /media/veracrypt6/projects/autofids/data/OASIS/deriv/mni_space/sub-0010/anat/sub-0010_space-MNI152NLin2009cAsym_T1w.nii.gz, /media/veracrypt6/projects/autofids/data/OASIS/deriv/mni_space/sub-0010/anat/sub-0010_space-MNI152NLin2009cAsym_xfm.mat
    shell:
        flirt -in /media/veracrypt6/projects/autofids/data/OASIS/bids/sub-0010/anat/sub-0010_T1w.nii.gz -ref resources/mni_icbm152_t1_tal_nlin_asym_09c.nii.gz -out /media/veracrypt6/projects/autofids/data/OASIS/deriv/mni_space/sub-0010/anat/sub-0010_space-MNI152NLin2009cAsym_T1w.nii.gz -omat /media/veracrypt6/projects/autofids/data/OASIS/deriv/mni_space/sub-0010/anat/sub-0010_space-MNI152NLin2009cAsym_xfm.mat -dof 6 -coarsesearch 60 -finesearch 18 -cost mutualinfo -interp sinc
        (one of the commands exited with non-zero exit code; note that snakemake uses bash strict mode!)

Complete log: /home/greydon/Documents/GitHub/Auto-afids/.snakemake/log/2020-07-26T225822.212194.snakemake.log
