The flag 'directory' used in rule coarseTrain is only valid for outputs, not inputs.
Building DAG of jobs...
Using shell: /usr/bin/bash
Provided cores: 5
Rules claiming more threads will be scaled down.
Singularity containers: ignored
Job counts:
	count	jobs
	1	align_mni_rigid
	1	all
	94	coarseTrain
	96	featureExtract
	1	fid_tform_mni_rigid
	193

[Sun Jul 26 18:26:51 2020]
rule featureExtract:
    input: /media/veracrypt6/projects/autofids/data/OASIS/bids/sub-0010/anat/sub-0010_T1w.nii.gz, /media/veracrypt6/projects/autofids/data/OASIS/deriv/afids/sub-0010/anat/sub-0010_space-T1w_afids.fcsv
    output: /media/veracrypt6/projects/autofids/data/OASIS/deriv/features/afid-08_sub-0010_desc-fine_features.npy
    jobid: 74
    wildcards: afid_num=08, subject=0010, train_level=fine

[Sun Jul 26 18:26:51 2020]
rule featureExtract:
    input: /media/veracrypt6/projects/autofids/data/OASIS/bids/sub-0010/anat/sub-0010_T1w.nii.gz, /media/veracrypt6/projects/autofids/data/OASIS/deriv/afids/sub-0010/anat/sub-0010_space-T1w_afids.fcsv
    output: /media/veracrypt6/projects/autofids/data/OASIS/deriv/features/afid-09_sub-0010_desc-fine_features.npy
    jobid: 75
    wildcards: afid_num=09, subject=0010, train_level=fine

[Sun Jul 26 18:26:51 2020]
rule featureExtract:
    input: /media/veracrypt6/projects/autofids/data/OASIS/bids/sub-0010/anat/sub-0010_T1w.nii.gz, /media/veracrypt6/projects/autofids/data/OASIS/deriv/afids/sub-0010/anat/sub-0010_space-T1w_afids.fcsv
    output: /media/veracrypt6/projects/autofids/data/OASIS/deriv/features/afid-10_sub-0010_desc-fine_features.npy
    jobid: 76
    wildcards: afid_num=10, subject=0010, train_level=fine

[Sun Jul 26 18:26:51 2020]
rule featureExtract:
    input: /media/veracrypt6/projects/autofids/data/OASIS/bids/sub-0010/anat/sub-0010_T1w.nii.gz, /media/veracrypt6/projects/autofids/data/OASIS/deriv/afids/sub-0010/anat/sub-0010_space-T1w_afids.fcsv
    output: /media/veracrypt6/projects/autofids/data/OASIS/deriv/features/afid-11_sub-0010_desc-fine_features.npy
    jobid: 77
    wildcards: afid_num=11, subject=0010, train_level=fine

[Sun Jul 26 18:26:51 2020]
rule align_mni_rigid:
    input: /media/veracrypt6/projects/autofids/data/OASIS/bids/sub-0010/anat/sub-0010_T1w.nii.gz, resources/mni_icbm152_t1_tal_nlin_asym_09c.nii.gz
    output: /media/veracrypt6/projects/autofids/data/OASIS/deriv/mni_space/sub-0010/anat/sub-0010_space-MNI152NLin2009cAsym_T1w.nii.gz, /media/veracrypt6/projects/autofids/data/OASIS/deriv/mni_space/sub-0010/anat/sub-0010_space-MNI152NLin2009cAsym_xfm.mat, /media/veracrypt6/projects/autofids/data/OASIS/deriv/mni_space/sub-0010/anat/sub-0010_space-MNI152NLin2009cAsym_desc-ras_xfm.txt, /media/veracrypt6/projects/autofids/data/OASIS/deriv/mni_space/sub-0010/anat/sub-0010_space-MNI152NLin2009cAsym_desc-ras_xfm.tfm
    jobid: 1
    wildcards: subject=0010

[Sun Jul 26 18:26:57 2020]
Finished job 75.
1 of 193 steps (0.52%) done

[Sun Jul 26 18:26:57 2020]
rule featureExtract:
    input: /media/veracrypt6/projects/autofids/data/OASIS/bids/sub-0010/anat/sub-0010_T1w.nii.gz, /media/veracrypt6/projects/autofids/data/OASIS/deriv/afids/sub-0010/anat/sub-0010_space-T1w_afids.fcsv
    output: /media/veracrypt6/projects/autofids/data/OASIS/deriv/features/afid-12_sub-0010_desc-fine_features.npy
    jobid: 78
    wildcards: afid_num=12, subject=0010, train_level=fine

[Sun Jul 26 18:26:57 2020]
Finished job 76.
2 of 193 steps (1%) done

[Sun Jul 26 18:26:57 2020]
rule featureExtract:
    input: /media/veracrypt6/projects/autofids/data/OASIS/bids/sub-0010/anat/sub-0010_T1w.nii.gz, /media/veracrypt6/projects/autofids/data/OASIS/deriv/afids/sub-0010/anat/sub-0010_space-T1w_afids.fcsv
    output: /media/veracrypt6/projects/autofids/data/OASIS/deriv/features/afid-13_sub-0010_desc-fine_features.npy
    jobid: 79
    wildcards: afid_num=13, subject=0010, train_level=fine

[Sun Jul 26 18:26:58 2020]
Finished job 74.
3 of 193 steps (2%) done

[Sun Jul 26 18:26:58 2020]
rule featureExtract:
    input: /media/veracrypt6/projects/autofids/data/OASIS/bids/sub-0010/anat/sub-0010_T1w.nii.gz, /media/veracrypt6/projects/autofids/data/OASIS/deriv/afids/sub-0010/anat/sub-0010_space-T1w_afids.fcsv
    output: /media/veracrypt6/projects/autofids/data/OASIS/deriv/features/afid-14_sub-0010_desc-fine_features.npy
    jobid: 80
    wildcards: afid_num=14, subject=0010, train_level=fine

[Sun Jul 26 18:26:58 2020]
Finished job 77.
4 of 193 steps (2%) done

[Sun Jul 26 18:26:58 2020]
rule featureExtract:
    input: /media/veracrypt6/projects/autofids/data/OASIS/bids/sub-0010/anat/sub-0010_T1w.nii.gz, /media/veracrypt6/projects/autofids/data/OASIS/deriv/afids/sub-0010/anat/sub-0010_space-T1w_afids.fcsv
    output: /media/veracrypt6/projects/autofids/data/OASIS/deriv/features/afid-15_sub-0010_desc-fine_features.npy
    jobid: 81
    wildcards: afid_num=15, subject=0010, train_level=fine

[Sun Jul 26 18:27:04 2020]
Finished job 80.
5 of 193 steps (3%) done

[Sun Jul 26 18:27:04 2020]
rule featureExtract:
    input: /media/veracrypt6/projects/autofids/data/OASIS/bids/sub-0010/anat/sub-0010_T1w.nii.gz, /media/veracrypt6/projects/autofids/data/OASIS/deriv/afids/sub-0010/anat/sub-0010_space-T1w_afids.fcsv
    output: /media/veracrypt6/projects/autofids/data/OASIS/deriv/features/afid-16_sub-0010_desc-fine_features.npy
    jobid: 82
    wildcards: afid_num=16, subject=0010, train_level=fine

[Sun Jul 26 18:27:04 2020]
Finished job 81.
6 of 193 steps (3%) done

[Sun Jul 26 18:27:04 2020]
rule featureExtract:
    input: /media/veracrypt6/projects/autofids/data/OASIS/bids/sub-0010/anat/sub-0010_T1w.nii.gz, /media/veracrypt6/projects/autofids/data/OASIS/deriv/afids/sub-0010/anat/sub-0010_space-T1w_afids.fcsv
    output: /media/veracrypt6/projects/autofids/data/OASIS/deriv/features/afid-17_sub-0010_desc-fine_features.npy
    jobid: 83
    wildcards: afid_num=17, subject=0010, train_level=fine

[Sun Jul 26 18:27:06 2020]
Finished job 79.
7 of 193 steps (4%) done

[Sun Jul 26 18:27:06 2020]
rule featureExtract:
    input: /media/veracrypt6/projects/autofids/data/OASIS/bids/sub-0010/anat/sub-0010_T1w.nii.gz, /media/veracrypt6/projects/autofids/data/OASIS/deriv/afids/sub-0010/anat/sub-0010_space-T1w_afids.fcsv
    output: /media/veracrypt6/projects/autofids/data/OASIS/deriv/features/afid-18_sub-0010_desc-fine_features.npy
    jobid: 84
    wildcards: afid_num=18, subject=0010, train_level=fine

[Sun Jul 26 18:27:06 2020]
Finished job 78.
8 of 193 steps (4%) done

[Sun Jul 26 18:27:06 2020]
rule featureExtract:
    input: /media/veracrypt6/projects/autofids/data/OASIS/bids/sub-0010/anat/sub-0010_T1w.nii.gz, /media/veracrypt6/projects/autofids/data/OASIS/deriv/afids/sub-0010/anat/sub-0010_space-T1w_afids.fcsv
    output: /media/veracrypt6/projects/autofids/data/OASIS/deriv/features/afid-19_sub-0010_desc-fine_features.npy
    jobid: 85
    wildcards: afid_num=19, subject=0010, train_level=fine

[Sun Jul 26 18:27:10 2020]
Finished job 82.
9 of 193 steps (5%) done

[Sun Jul 26 18:27:10 2020]
rule featureExtract:
    input: /media/veracrypt6/projects/autofids/data/OASIS/bids/sub-0010/anat/sub-0010_T1w.nii.gz, /media/veracrypt6/projects/autofids/data/OASIS/deriv/afids/sub-0010/anat/sub-0010_space-T1w_afids.fcsv
    output: /media/veracrypt6/projects/autofids/data/OASIS/deriv/features/afid-20_sub-0010_desc-fine_features.npy
    jobid: 86
    wildcards: afid_num=20, subject=0010, train_level=fine

[Sun Jul 26 18:27:10 2020]
Finished job 83.
10 of 193 steps (5%) done

[Sun Jul 26 18:27:10 2020]
rule featureExtract:
    input: /media/veracrypt6/projects/autofids/data/OASIS/bids/sub-0010/anat/sub-0010_T1w.nii.gz, /media/veracrypt6/projects/autofids/data/OASIS/deriv/afids/sub-0010/anat/sub-0010_space-T1w_afids.fcsv
    output: /media/veracrypt6/projects/autofids/data/OASIS/deriv/features/afid-21_sub-0010_desc-fine_features.npy
    jobid: 87
    wildcards: afid_num=21, subject=0010, train_level=fine

[Sun Jul 26 18:27:13 2020]
Finished job 84.
11 of 193 steps (6%) done

[Sun Jul 26 18:27:13 2020]
rule featureExtract:
    input: /media/veracrypt6/projects/autofids/data/OASIS/bids/sub-0010/anat/sub-0010_T1w.nii.gz, /media/veracrypt6/projects/autofids/data/OASIS/deriv/afids/sub-0010/anat/sub-0010_space-T1w_afids.fcsv
    output: /media/veracrypt6/projects/autofids/data/OASIS/deriv/features/afid-22_sub-0010_desc-fine_features.npy
    jobid: 88
    wildcards: afid_num=22, subject=0010, train_level=fine

[Sun Jul 26 18:27:13 2020]
Finished job 85.
12 of 193 steps (6%) done

[Sun Jul 26 18:27:13 2020]
rule featureExtract:
    input: /media/veracrypt6/projects/autofids/data/OASIS/bids/sub-0010/anat/sub-0010_T1w.nii.gz, /media/veracrypt6/projects/autofids/data/OASIS/deriv/afids/sub-0010/anat/sub-0010_space-T1w_afids.fcsv
    output: /media/veracrypt6/projects/autofids/data/OASIS/deriv/features/afid-01_sub-0010_desc-coarse_features.npy
    jobid: 3
    wildcards: afid_num=01, subject=0010, train_level=coarse

[Sun Jul 26 18:27:14 2020]
Finished job 87.
13 of 193 steps (7%) done

[Sun Jul 26 18:27:14 2020]
rule featureExtract:
    input: /media/veracrypt6/projects/autofids/data/OASIS/bids/sub-0010/anat/sub-0010_T1w.nii.gz, /media/veracrypt6/projects/autofids/data/OASIS/deriv/afids/sub-0010/anat/sub-0010_space-T1w_afids.fcsv
    output: /media/veracrypt6/projects/autofids/data/OASIS/deriv/features/afid-15_sub-0010_desc-coarse_features.npy
    jobid: 17
    wildcards: afid_num=15, subject=0010, train_level=coarse

[Sun Jul 26 18:27:15 2020]
Finished job 86.
14 of 193 steps (7%) done

[Sun Jul 26 18:27:15 2020]
rule featureExtract:
    input: /media/veracrypt6/projects/autofids/data/OASIS/bids/sub-0010/anat/sub-0010_T1w.nii.gz, /media/veracrypt6/projects/autofids/data/OASIS/deriv/afids/sub-0010/anat/sub-0010_space-T1w_afids.fcsv
    output: /media/veracrypt6/projects/autofids/data/OASIS/deriv/features/afid-29_sub-0010_desc-coarse_features.npy
    jobid: 31
    wildcards: afid_num=29, subject=0010, train_level=coarse

[Sun Jul 26 18:27:19 2020]
Finished job 3.
15 of 193 steps (8%) done

[Sun Jul 26 18:27:19 2020]
rule featureExtract:
    input: /media/veracrypt6/projects/autofids/data/OASIS/bids/sub-0010/anat/sub-0010_T1w.nii.gz, /media/veracrypt6/projects/autofids/data/OASIS/deriv/afids/sub-0010/anat/sub-0010_space-T1w_afids.fcsv
    output: /media/veracrypt6/projects/autofids/data/OASIS/deriv/features/afid-11_sub-0010_desc-medium_features.npy
    jobid: 45
    wildcards: afid_num=11, subject=0010, train_level=medium

[Sun Jul 26 18:27:20 2020]
Finished job 88.
16 of 193 steps (8%) done

[Sun Jul 26 18:27:20 2020]
rule featureExtract:
    input: /media/veracrypt6/projects/autofids/data/OASIS/bids/sub-0010/anat/sub-0010_T1w.nii.gz, /media/veracrypt6/projects/autofids/data/OASIS/deriv/afids/sub-0010/anat/sub-0010_space-T1w_afids.fcsv
    output: /media/veracrypt6/projects/autofids/data/OASIS/deriv/features/afid-25_sub-0010_desc-medium_features.npy
    jobid: 59
    wildcards: afid_num=25, subject=0010, train_level=medium

[Sun Jul 26 18:27:20 2020]
Finished job 17.
17 of 193 steps (9%) done

[Sun Jul 26 18:27:20 2020]
rule featureExtract:
    input: /media/veracrypt6/projects/autofids/data/OASIS/bids/sub-0010/anat/sub-0010_T1w.nii.gz, /media/veracrypt6/projects/autofids/data/OASIS/deriv/afids/sub-0010/anat/sub-0010_space-T1w_afids.fcsv
    output: /media/veracrypt6/projects/autofids/data/OASIS/deriv/features/afid-23_sub-0010_desc-fine_features.npy
    jobid: 89
    wildcards: afid_num=23, subject=0010, train_level=fine

[Sun Jul 26 18:27:21 2020]
Finished job 31.
18 of 193 steps (9%) done

[Sun Jul 26 18:27:21 2020]
rule featureExtract:
    input: /media/veracrypt6/projects/autofids/data/OASIS/bids/sub-0010/anat/sub-0010_T1w.nii.gz, /media/veracrypt6/projects/autofids/data/OASIS/deriv/afids/sub-0010/anat/sub-0010_space-T1w_afids.fcsv
    output: /media/veracrypt6/projects/autofids/data/OASIS/deriv/features/afid-16_sub-0010_desc-coarse_features.npy
    jobid: 18
    wildcards: afid_num=16, subject=0010, train_level=coarse

[Sun Jul 26 18:27:25 2020]
Finished job 45.
19 of 193 steps (10%) done

[Sun Jul 26 18:27:25 2020]
rule featureExtract:
    input: /media/veracrypt6/projects/autofids/data/OASIS/bids/sub-0010/anat/sub-0010_T1w.nii.gz, /media/veracrypt6/projects/autofids/data/OASIS/deriv/afids/sub-0010/anat/sub-0010_space-T1w_afids.fcsv
    output: /media/veracrypt6/projects/autofids/data/OASIS/deriv/features/afid-30_sub-0010_desc-coarse_features.npy
    jobid: 32
    wildcards: afid_num=30, subject=0010, train_level=coarse

[Sun Jul 26 18:27:26 2020]
Finished job 89.
20 of 193 steps (10%) done

[Sun Jul 26 18:27:26 2020]
rule featureExtract:
    input: /media/veracrypt6/projects/autofids/data/OASIS/bids/sub-0010/anat/sub-0010_T1w.nii.gz, /media/veracrypt6/projects/autofids/data/OASIS/deriv/afids/sub-0010/anat/sub-0010_space-T1w_afids.fcsv
    output: /media/veracrypt6/projects/autofids/data/OASIS/deriv/features/afid-12_sub-0010_desc-medium_features.npy
    jobid: 46
    wildcards: afid_num=12, subject=0010, train_level=medium

[Sun Jul 26 18:27:26 2020]
Finished job 59.
21 of 193 steps (11%) done

[Sun Jul 26 18:27:26 2020]
rule featureExtract:
    input: /media/veracrypt6/projects/autofids/data/OASIS/bids/sub-0010/anat/sub-0010_T1w.nii.gz, /media/veracrypt6/projects/autofids/data/OASIS/deriv/afids/sub-0010/anat/sub-0010_space-T1w_afids.fcsv
    output: /media/veracrypt6/projects/autofids/data/OASIS/deriv/features/afid-26_sub-0010_desc-medium_features.npy
    jobid: 60
    wildcards: afid_num=26, subject=0010, train_level=medium

[Sun Jul 26 18:27:28 2020]
Finished job 18.
22 of 193 steps (11%) done

[Sun Jul 26 18:27:28 2020]
rule featureExtract:
    input: /media/veracrypt6/projects/autofids/data/OASIS/bids/sub-0010/anat/sub-0010_T1w.nii.gz, /media/veracrypt6/projects/autofids/data/OASIS/deriv/afids/sub-0010/anat/sub-0010_space-T1w_afids.fcsv
    output: /media/veracrypt6/projects/autofids/data/OASIS/deriv/features/afid-24_sub-0010_desc-fine_features.npy
    jobid: 90
    wildcards: afid_num=24, subject=0010, train_level=fine

[Sun Jul 26 18:27:30 2020]
Finished job 32.
23 of 193 steps (12%) done

[Sun Jul 26 18:27:30 2020]
rule featureExtract:
    input: /media/veracrypt6/projects/autofids/data/OASIS/bids/sub-0010/anat/sub-0010_T1w.nii.gz, /media/veracrypt6/projects/autofids/data/OASIS/deriv/afids/sub-0010/anat/sub-0010_space-T1w_afids.fcsv
    output: /media/veracrypt6/projects/autofids/data/OASIS/deriv/features/afid-02_sub-0010_desc-coarse_features.npy
    jobid: 4
    wildcards: afid_num=02, subject=0010, train_level=coarse

[Sun Jul 26 18:27:31 2020]
Finished job 46.
24 of 193 steps (12%) done

[Sun Jul 26 18:27:31 2020]
rule featureExtract:
    input: /media/veracrypt6/projects/autofids/data/OASIS/bids/sub-0010/anat/sub-0010_T1w.nii.gz, /media/veracrypt6/projects/autofids/data/OASIS/deriv/afids/sub-0010/anat/sub-0010_space-T1w_afids.fcsv
    output: /media/veracrypt6/projects/autofids/data/OASIS/deriv/features/afid-17_sub-0010_desc-coarse_features.npy
    jobid: 19
    wildcards: afid_num=17, subject=0010, train_level=coarse

[Sun Jul 26 18:27:33 2020]
Finished job 60.
25 of 193 steps (13%) done

[Sun Jul 26 18:27:33 2020]
rule featureExtract:
    input: /media/veracrypt6/projects/autofids/data/OASIS/bids/sub-0010/anat/sub-0010_T1w.nii.gz, /media/veracrypt6/projects/autofids/data/OASIS/deriv/afids/sub-0010/anat/sub-0010_space-T1w_afids.fcsv
    output: /media/veracrypt6/projects/autofids/data/OASIS/deriv/features/afid-31_sub-0010_desc-coarse_features.npy
    jobid: 33
    wildcards: afid_num=31, subject=0010, train_level=coarse

[Sun Jul 26 18:27:35 2020]
Finished job 90.
26 of 193 steps (13%) done

[Sun Jul 26 18:27:35 2020]
rule featureExtract:
    input: /media/veracrypt6/projects/autofids/data/OASIS/bids/sub-0010/anat/sub-0010_T1w.nii.gz, /media/veracrypt6/projects/autofids/data/OASIS/deriv/afids/sub-0010/anat/sub-0010_space-T1w_afids.fcsv
    output: /media/veracrypt6/projects/autofids/data/OASIS/deriv/features/afid-13_sub-0010_desc-medium_features.npy
    jobid: 47
    wildcards: afid_num=13, subject=0010, train_level=medium

[Sun Jul 26 18:27:35 2020]
Finished job 4.
27 of 193 steps (14%) done

[Sun Jul 26 18:27:35 2020]
rule featureExtract:
    input: /media/veracrypt6/projects/autofids/data/OASIS/bids/sub-0010/anat/sub-0010_T1w.nii.gz, /media/veracrypt6/projects/autofids/data/OASIS/deriv/afids/sub-0010/anat/sub-0010_space-T1w_afids.fcsv
    output: /media/veracrypt6/projects/autofids/data/OASIS/deriv/features/afid-27_sub-0010_desc-medium_features.npy
    jobid: 61
    wildcards: afid_num=27, subject=0010, train_level=medium

[Sun Jul 26 18:27:37 2020]
Finished job 19.
28 of 193 steps (15%) done

[Sun Jul 26 18:27:37 2020]
rule featureExtract:
    input: /media/veracrypt6/projects/autofids/data/OASIS/bids/sub-0010/anat/sub-0010_T1w.nii.gz, /media/veracrypt6/projects/autofids/data/OASIS/deriv/afids/sub-0010/anat/sub-0010_space-T1w_afids.fcsv
    output: /media/veracrypt6/projects/autofids/data/OASIS/deriv/features/afid-25_sub-0010_desc-fine_features.npy
    jobid: 91
    wildcards: afid_num=25, subject=0010, train_level=fine

[Sun Jul 26 18:27:39 2020]
Finished job 33.
29 of 193 steps (15%) done

[Sun Jul 26 18:27:39 2020]
rule featureExtract:
    input: /media/veracrypt6/projects/autofids/data/OASIS/bids/sub-0010/anat/sub-0010_T1w.nii.gz, /media/veracrypt6/projects/autofids/data/OASIS/deriv/afids/sub-0010/anat/sub-0010_space-T1w_afids.fcsv
    output: /media/veracrypt6/projects/autofids/data/OASIS/deriv/features/afid-03_sub-0010_desc-coarse_features.npy
    jobid: 5
    wildcards: afid_num=03, subject=0010, train_level=coarse

[Sun Jul 26 18:27:41 2020]
Finished job 47.
30 of 193 steps (16%) done

[Sun Jul 26 18:27:41 2020]
rule featureExtract:
    input: /media/veracrypt6/projects/autofids/data/OASIS/bids/sub-0010/anat/sub-0010_T1w.nii.gz, /media/veracrypt6/projects/autofids/data/OASIS/deriv/afids/sub-0010/anat/sub-0010_space-T1w_afids.fcsv
    output: /media/veracrypt6/projects/autofids/data/OASIS/deriv/features/afid-18_sub-0010_desc-coarse_features.npy
    jobid: 20
    wildcards: afid_num=18, subject=0010, train_level=coarse

[Sun Jul 26 18:27:42 2020]
Finished job 61.
31 of 193 steps (16%) done

[Sun Jul 26 18:27:42 2020]
rule featureExtract:
    input: /media/veracrypt6/projects/autofids/data/OASIS/bids/sub-0010/anat/sub-0010_T1w.nii.gz, /media/veracrypt6/projects/autofids/data/OASIS/deriv/afids/sub-0010/anat/sub-0010_space-T1w_afids.fcsv
    output: /media/veracrypt6/projects/autofids/data/OASIS/deriv/features/afid-32_sub-0010_desc-coarse_features.npy
    jobid: 34
    wildcards: afid_num=32, subject=0010, train_level=coarse

[Sun Jul 26 18:27:42 2020]
Finished job 91.
32 of 193 steps (17%) done

[Sun Jul 26 18:27:42 2020]
rule featureExtract:
    input: /media/veracrypt6/projects/autofids/data/OASIS/bids/sub-0010/anat/sub-0010_T1w.nii.gz, /media/veracrypt6/projects/autofids/data/OASIS/deriv/afids/sub-0010/anat/sub-0010_space-T1w_afids.fcsv
    output: /media/veracrypt6/projects/autofids/data/OASIS/deriv/features/afid-14_sub-0010_desc-medium_features.npy
    jobid: 48
    wildcards: afid_num=14, subject=0010, train_level=medium

[Sun Jul 26 18:27:46 2020]
Finished job 5.
33 of 193 steps (17%) done

[Sun Jul 26 18:27:46 2020]
rule featureExtract:
    input: /media/veracrypt6/projects/autofids/data/OASIS/bids/sub-0010/anat/sub-0010_T1w.nii.gz, /media/veracrypt6/projects/autofids/data/OASIS/deriv/afids/sub-0010/anat/sub-0010_space-T1w_afids.fcsv
    output: /media/veracrypt6/projects/autofids/data/OASIS/deriv/features/afid-28_sub-0010_desc-medium_features.npy
    jobid: 62
    wildcards: afid_num=28, subject=0010, train_level=medium

[Sun Jul 26 18:27:47 2020]
Finished job 20.
34 of 193 steps (18%) done

[Sun Jul 26 18:27:47 2020]
rule featureExtract:
    input: /media/veracrypt6/projects/autofids/data/OASIS/bids/sub-0010/anat/sub-0010_T1w.nii.gz, /media/veracrypt6/projects/autofids/data/OASIS/deriv/afids/sub-0010/anat/sub-0010_space-T1w_afids.fcsv
    output: /media/veracrypt6/projects/autofids/data/OASIS/deriv/features/afid-26_sub-0010_desc-fine_features.npy
    jobid: 92
    wildcards: afid_num=26, subject=0010, train_level=fine

[Sun Jul 26 18:27:48 2020]
Finished job 34.
35 of 193 steps (18%) done

[Sun Jul 26 18:27:48 2020]
rule featureExtract:
    input: /media/veracrypt6/projects/autofids/data/OASIS/bids/sub-0010/anat/sub-0010_T1w.nii.gz, /media/veracrypt6/projects/autofids/data/OASIS/deriv/afids/sub-0010/anat/sub-0010_space-T1w_afids.fcsv
    output: /media/veracrypt6/projects/autofids/data/OASIS/deriv/features/afid-04_sub-0010_desc-coarse_features.npy
    jobid: 6
    wildcards: afid_num=04, subject=0010, train_level=coarse

[Sun Jul 26 18:27:48 2020]
Finished job 48.
36 of 193 steps (19%) done

[Sun Jul 26 18:27:48 2020]
rule featureExtract:
    input: /media/veracrypt6/projects/autofids/data/OASIS/bids/sub-0010/anat/sub-0010_T1w.nii.gz, /media/veracrypt6/projects/autofids/data/OASIS/deriv/afids/sub-0010/anat/sub-0010_space-T1w_afids.fcsv
    output: /media/veracrypt6/projects/autofids/data/OASIS/deriv/features/afid-19_sub-0010_desc-coarse_features.npy
    jobid: 21
    wildcards: afid_num=19, subject=0010, train_level=coarse

[Sun Jul 26 18:27:53 2020]
Finished job 92.
37 of 193 steps (19%) done

[Sun Jul 26 18:27:53 2020]
rule featureExtract:
    input: /media/veracrypt6/projects/autofids/data/OASIS/bids/sub-0010/anat/sub-0010_T1w.nii.gz, /media/veracrypt6/projects/autofids/data/OASIS/deriv/afids/sub-0010/anat/sub-0010_space-T1w_afids.fcsv
    output: /media/veracrypt6/projects/autofids/data/OASIS/deriv/features/afid-01_sub-0010_desc-medium_features.npy
    jobid: 35
    wildcards: afid_num=01, subject=0010, train_level=medium

[Sun Jul 26 18:27:54 2020]
Finished job 6.
38 of 193 steps (20%) done

[Sun Jul 26 18:27:54 2020]
rule featureExtract:
    input: /media/veracrypt6/projects/autofids/data/OASIS/bids/sub-0010/anat/sub-0010_T1w.nii.gz, /media/veracrypt6/projects/autofids/data/OASIS/deriv/afids/sub-0010/anat/sub-0010_space-T1w_afids.fcsv
    output: /media/veracrypt6/projects/autofids/data/OASIS/deriv/features/afid-15_sub-0010_desc-medium_features.npy
    jobid: 49
    wildcards: afid_num=15, subject=0010, train_level=medium

[Sun Jul 26 18:27:54 2020]
Finished job 21.
39 of 193 steps (20%) done

[Sun Jul 26 18:27:54 2020]
rule featureExtract:
    input: /media/veracrypt6/projects/autofids/data/OASIS/bids/sub-0010/anat/sub-0010_T1w.nii.gz, /media/veracrypt6/projects/autofids/data/OASIS/deriv/afids/sub-0010/anat/sub-0010_space-T1w_afids.fcsv
    output: /media/veracrypt6/projects/autofids/data/OASIS/deriv/features/afid-29_sub-0010_desc-medium_features.npy
    jobid: 63
    wildcards: afid_num=29, subject=0010, train_level=medium

[Sun Jul 26 18:27:54 2020]
Finished job 62.
40 of 193 steps (21%) done

[Sun Jul 26 18:27:54 2020]
rule featureExtract:
    input: /media/veracrypt6/projects/autofids/data/OASIS/bids/sub-0010/anat/sub-0010_T1w.nii.gz, /media/veracrypt6/projects/autofids/data/OASIS/deriv/afids/sub-0010/anat/sub-0010_space-T1w_afids.fcsv
    output: /media/veracrypt6/projects/autofids/data/OASIS/deriv/features/afid-27_sub-0010_desc-fine_features.npy
    jobid: 93
    wildcards: afid_num=27, subject=0010, train_level=fine

[Sun Jul 26 18:28:00 2020]
Finished job 35.
41 of 193 steps (21%) done

[Sun Jul 26 18:28:00 2020]
rule featureExtract:
    input: /media/veracrypt6/projects/autofids/data/OASIS/bids/sub-0010/anat/sub-0010_T1w.nii.gz, /media/veracrypt6/projects/autofids/data/OASIS/deriv/afids/sub-0010/anat/sub-0010_space-T1w_afids.fcsv
    output: /media/veracrypt6/projects/autofids/data/OASIS/deriv/features/afid-05_sub-0010_desc-coarse_features.npy
    jobid: 7
    wildcards: afid_num=05, subject=0010, train_level=coarse

[Sun Jul 26 18:28:00 2020]
Finished job 93.
42 of 193 steps (22%) done

[Sun Jul 26 18:28:00 2020]
rule featureExtract:
    input: /media/veracrypt6/projects/autofids/data/OASIS/bids/sub-0010/anat/sub-0010_T1w.nii.gz, /media/veracrypt6/projects/autofids/data/OASIS/deriv/afids/sub-0010/anat/sub-0010_space-T1w_afids.fcsv
    output: /media/veracrypt6/projects/autofids/data/OASIS/deriv/features/afid-02_sub-0010_desc-medium_features.npy
    jobid: 36
    wildcards: afid_num=02, subject=0010, train_level=medium

[Sun Jul 26 18:28:01 2020]
Finished job 49.
43 of 193 steps (22%) done

[Sun Jul 26 18:28:01 2020]
rule featureExtract:
    input: /media/veracrypt6/projects/autofids/data/OASIS/bids/sub-0010/anat/sub-0010_T1w.nii.gz, /media/veracrypt6/projects/autofids/data/OASIS/deriv/afids/sub-0010/anat/sub-0010_space-T1w_afids.fcsv
    output: /media/veracrypt6/projects/autofids/data/OASIS/deriv/features/afid-16_sub-0010_desc-medium_features.npy
    jobid: 50
    wildcards: afid_num=16, subject=0010, train_level=medium

[Sun Jul 26 18:28:01 2020]
Finished job 63.
44 of 193 steps (23%) done

[Sun Jul 26 18:28:01 2020]
rule featureExtract:
    input: /media/veracrypt6/projects/autofids/data/OASIS/bids/sub-0010/anat/sub-0010_T1w.nii.gz, /media/veracrypt6/projects/autofids/data/OASIS/deriv/afids/sub-0010/anat/sub-0010_space-T1w_afids.fcsv
    output: /media/veracrypt6/projects/autofids/data/OASIS/deriv/features/afid-30_sub-0010_desc-medium_features.npy
    jobid: 64
    wildcards: afid_num=30, subject=0010, train_level=medium

[Sun Jul 26 18:28:05 2020]
Finished job 7.
45 of 193 steps (23%) done

[Sun Jul 26 18:28:05 2020]
rule featureExtract:
    input: /media/veracrypt6/projects/autofids/data/OASIS/bids/sub-0010/anat/sub-0010_T1w.nii.gz, /media/veracrypt6/projects/autofids/data/OASIS/deriv/afids/sub-0010/anat/sub-0010_space-T1w_afids.fcsv
    output: /media/veracrypt6/projects/autofids/data/OASIS/deriv/features/afid-28_sub-0010_desc-fine_features.npy
    jobid: 94
    wildcards: afid_num=28, subject=0010, train_level=fine

[Sun Jul 26 18:28:05 2020]
Finished job 36.
46 of 193 steps (24%) done

[Sun Jul 26 18:28:05 2020]
rule featureExtract:
    input: /media/veracrypt6/projects/autofids/data/OASIS/bids/sub-0010/anat/sub-0010_T1w.nii.gz, /media/veracrypt6/projects/autofids/data/OASIS/deriv/afids/sub-0010/anat/sub-0010_space-T1w_afids.fcsv
    output: /media/veracrypt6/projects/autofids/data/OASIS/deriv/features/afid-06_sub-0010_desc-coarse_features.npy
    jobid: 8
    wildcards: afid_num=06, subject=0010, train_level=coarse

[Sun Jul 26 18:28:09 2020]
Finished job 50.
47 of 193 steps (24%) done

[Sun Jul 26 18:28:09 2020]
rule featureExtract:
    input: /media/veracrypt6/projects/autofids/data/OASIS/bids/sub-0010/anat/sub-0010_T1w.nii.gz, /media/veracrypt6/projects/autofids/data/OASIS/deriv/afids/sub-0010/anat/sub-0010_space-T1w_afids.fcsv
    output: /media/veracrypt6/projects/autofids/data/OASIS/deriv/features/afid-20_sub-0010_desc-coarse_features.npy
    jobid: 22
    wildcards: afid_num=20, subject=0010, train_level=coarse

[Sun Jul 26 18:28:09 2020]
Finished job 64.
48 of 193 steps (25%) done

[Sun Jul 26 18:28:09 2020]
rule featureExtract:
    input: /media/veracrypt6/projects/autofids/data/OASIS/bids/sub-0010/anat/sub-0010_T1w.nii.gz, /media/veracrypt6/projects/autofids/data/OASIS/deriv/afids/sub-0010/anat/sub-0010_space-T1w_afids.fcsv
    output: /media/veracrypt6/projects/autofids/data/OASIS/deriv/features/afid-03_sub-0010_desc-medium_features.npy
    jobid: 37
    wildcards: afid_num=03, subject=0010, train_level=medium

[Sun Jul 26 18:28:10 2020]
Finished job 94.
49 of 193 steps (25%) done

[Sun Jul 26 18:28:10 2020]
rule featureExtract:
    input: /media/veracrypt6/projects/autofids/data/OASIS/bids/sub-0010/anat/sub-0010_T1w.nii.gz, /media/veracrypt6/projects/autofids/data/OASIS/deriv/afids/sub-0010/anat/sub-0010_space-T1w_afids.fcsv
    output: /media/veracrypt6/projects/autofids/data/OASIS/deriv/features/afid-17_sub-0010_desc-medium_features.npy
    jobid: 51
    wildcards: afid_num=17, subject=0010, train_level=medium

[Sun Jul 26 18:28:10 2020]
Finished job 8.
50 of 193 steps (26%) done

[Sun Jul 26 18:28:10 2020]
rule featureExtract:
    input: /media/veracrypt6/projects/autofids/data/OASIS/bids/sub-0010/anat/sub-0010_T1w.nii.gz, /media/veracrypt6/projects/autofids/data/OASIS/deriv/afids/sub-0010/anat/sub-0010_space-T1w_afids.fcsv
    output: /media/veracrypt6/projects/autofids/data/OASIS/deriv/features/afid-31_sub-0010_desc-medium_features.npy
    jobid: 65
    wildcards: afid_num=31, subject=0010, train_level=medium

[Sun Jul 26 18:28:15 2020]
Finished job 22.
51 of 193 steps (26%) done

[Sun Jul 26 18:28:15 2020]
rule featureExtract:
    input: /media/veracrypt6/projects/autofids/data/OASIS/bids/sub-0010/anat/sub-0010_T1w.nii.gz, /media/veracrypt6/projects/autofids/data/OASIS/deriv/afids/sub-0010/anat/sub-0010_space-T1w_afids.fcsv
    output: /media/veracrypt6/projects/autofids/data/OASIS/deriv/features/afid-29_sub-0010_desc-fine_features.npy
    jobid: 95
    wildcards: afid_num=29, subject=0010, train_level=fine

[Sun Jul 26 18:28:16 2020]
Finished job 65.
52 of 193 steps (27%) done

[Sun Jul 26 18:28:16 2020]
rule featureExtract:
    input: /media/veracrypt6/projects/autofids/data/OASIS/bids/sub-0010/anat/sub-0010_T1w.nii.gz, /media/veracrypt6/projects/autofids/data/OASIS/deriv/afids/sub-0010/anat/sub-0010_space-T1w_afids.fcsv
    output: /media/veracrypt6/projects/autofids/data/OASIS/deriv/features/afid-07_sub-0010_desc-coarse_features.npy
    jobid: 9
    wildcards: afid_num=07, subject=0010, train_level=coarse

[Sun Jul 26 18:28:17 2020]
Finished job 37.
53 of 193 steps (27%) done

[Sun Jul 26 18:28:17 2020]
rule featureExtract:
    input: /media/veracrypt6/projects/autofids/data/OASIS/bids/sub-0010/anat/sub-0010_T1w.nii.gz, /media/veracrypt6/projects/autofids/data/OASIS/deriv/afids/sub-0010/anat/sub-0010_space-T1w_afids.fcsv
    output: /media/veracrypt6/projects/autofids/data/OASIS/deriv/features/afid-21_sub-0010_desc-coarse_features.npy
    jobid: 23
    wildcards: afid_num=21, subject=0010, train_level=coarse

[Sun Jul 26 18:28:18 2020]
Finished job 51.
54 of 193 steps (28%) done

[Sun Jul 26 18:28:18 2020]
rule featureExtract:
    input: /media/veracrypt6/projects/autofids/data/OASIS/bids/sub-0010/anat/sub-0010_T1w.nii.gz, /media/veracrypt6/projects/autofids/data/OASIS/deriv/afids/sub-0010/anat/sub-0010_space-T1w_afids.fcsv
    output: /media/veracrypt6/projects/autofids/data/OASIS/deriv/features/afid-04_sub-0010_desc-medium_features.npy
    jobid: 38
    wildcards: afid_num=04, subject=0010, train_level=medium

[Sun Jul 26 18:28:20 2020]
Finished job 95.
55 of 193 steps (28%) done

[Sun Jul 26 18:28:20 2020]
rule featureExtract:
    input: /media/veracrypt6/projects/autofids/data/OASIS/bids/sub-0010/anat/sub-0010_T1w.nii.gz, /media/veracrypt6/projects/autofids/data/OASIS/deriv/afids/sub-0010/anat/sub-0010_space-T1w_afids.fcsv
    output: /media/veracrypt6/projects/autofids/data/OASIS/deriv/features/afid-18_sub-0010_desc-medium_features.npy
    jobid: 52
    wildcards: afid_num=18, subject=0010, train_level=medium

[Sun Jul 26 18:28:21 2020]
Finished job 9.
56 of 193 steps (29%) done

[Sun Jul 26 18:28:21 2020]
rule featureExtract:
    input: /media/veracrypt6/projects/autofids/data/OASIS/bids/sub-0010/anat/sub-0010_T1w.nii.gz, /media/veracrypt6/projects/autofids/data/OASIS/deriv/afids/sub-0010/anat/sub-0010_space-T1w_afids.fcsv
    output: /media/veracrypt6/projects/autofids/data/OASIS/deriv/features/afid-32_sub-0010_desc-medium_features.npy
    jobid: 66
    wildcards: afid_num=32, subject=0010, train_level=medium

[Sun Jul 26 18:28:23 2020]
Finished job 23.
57 of 193 steps (30%) done

[Sun Jul 26 18:28:23 2020]
rule featureExtract:
    input: /media/veracrypt6/projects/autofids/data/OASIS/bids/sub-0010/anat/sub-0010_T1w.nii.gz, /media/veracrypt6/projects/autofids/data/OASIS/deriv/afids/sub-0010/anat/sub-0010_space-T1w_afids.fcsv
    output: /media/veracrypt6/projects/autofids/data/OASIS/deriv/features/afid-30_sub-0010_desc-fine_features.npy
    jobid: 96
    wildcards: afid_num=30, subject=0010, train_level=fine

[Sun Jul 26 18:28:24 2020]
Finished job 38.
58 of 193 steps (30%) done

[Sun Jul 26 18:28:24 2020]
rule featureExtract:
    input: /media/veracrypt6/projects/autofids/data/OASIS/bids/sub-0010/anat/sub-0010_T1w.nii.gz, /media/veracrypt6/projects/autofids/data/OASIS/deriv/afids/sub-0010/anat/sub-0010_space-T1w_afids.fcsv
    output: /media/veracrypt6/projects/autofids/data/OASIS/deriv/features/afid-08_sub-0010_desc-coarse_features.npy
    jobid: 10
    wildcards: afid_num=08, subject=0010, train_level=coarse

[Sun Jul 26 18:28:27 2020]
Finished job 52.
59 of 193 steps (31%) done

[Sun Jul 26 18:28:27 2020]
rule featureExtract:
    input: /media/veracrypt6/projects/autofids/data/OASIS/bids/sub-0010/anat/sub-0010_T1w.nii.gz, /media/veracrypt6/projects/autofids/data/OASIS/deriv/afids/sub-0010/anat/sub-0010_space-T1w_afids.fcsv
    output: /media/veracrypt6/projects/autofids/data/OASIS/deriv/features/afid-22_sub-0010_desc-coarse_features.npy
    jobid: 24
    wildcards: afid_num=22, subject=0010, train_level=coarse

[Sun Jul 26 18:28:27 2020]
Finished job 66.
60 of 193 steps (31%) done

[Sun Jul 26 18:28:27 2020]
rule featureExtract:
    input: /media/veracrypt6/projects/autofids/data/OASIS/bids/sub-0010/anat/sub-0010_T1w.nii.gz, /media/veracrypt6/projects/autofids/data/OASIS/deriv/afids/sub-0010/anat/sub-0010_space-T1w_afids.fcsv
    output: /media/veracrypt6/projects/autofids/data/OASIS/deriv/features/afid-05_sub-0010_desc-medium_features.npy
    jobid: 39
    wildcards: afid_num=05, subject=0010, train_level=medium

[Sun Jul 26 18:28:29 2020]
Finished job 96.
61 of 193 steps (32%) done

[Sun Jul 26 18:28:29 2020]
rule featureExtract:
    input: /media/veracrypt6/projects/autofids/data/OASIS/bids/sub-0010/anat/sub-0010_T1w.nii.gz, /media/veracrypt6/projects/autofids/data/OASIS/deriv/afids/sub-0010/anat/sub-0010_space-T1w_afids.fcsv
    output: /media/veracrypt6/projects/autofids/data/OASIS/deriv/features/afid-19_sub-0010_desc-medium_features.npy
    jobid: 53
    wildcards: afid_num=19, subject=0010, train_level=medium

[Sun Jul 26 18:28:31 2020]
Finished job 10.
62 of 193 steps (32%) done

[Sun Jul 26 18:28:31 2020]
rule featureExtract:
    input: /media/veracrypt6/projects/autofids/data/OASIS/bids/sub-0010/anat/sub-0010_T1w.nii.gz, /media/veracrypt6/projects/autofids/data/OASIS/deriv/afids/sub-0010/anat/sub-0010_space-T1w_afids.fcsv
    output: /media/veracrypt6/projects/autofids/data/OASIS/deriv/features/afid-01_sub-0010_desc-fine_features.npy
    jobid: 67
    wildcards: afid_num=01, subject=0010, train_level=fine

[Sun Jul 26 18:28:32 2020]
Finished job 24.
63 of 193 steps (33%) done

[Sun Jul 26 18:28:32 2020]
rule featureExtract:
    input: /media/veracrypt6/projects/autofids/data/OASIS/bids/sub-0010/anat/sub-0010_T1w.nii.gz, /media/veracrypt6/projects/autofids/data/OASIS/deriv/afids/sub-0010/anat/sub-0010_space-T1w_afids.fcsv
    output: /media/veracrypt6/projects/autofids/data/OASIS/deriv/features/afid-31_sub-0010_desc-fine_features.npy
    jobid: 97
    wildcards: afid_num=31, subject=0010, train_level=fine

[Sun Jul 26 18:28:33 2020]
Finished job 39.
64 of 193 steps (33%) done

[Sun Jul 26 18:28:33 2020]
rule featureExtract:
    input: /media/veracrypt6/projects/autofids/data/OASIS/bids/sub-0010/anat/sub-0010_T1w.nii.gz, /media/veracrypt6/projects/autofids/data/OASIS/deriv/afids/sub-0010/anat/sub-0010_space-T1w_afids.fcsv
    output: /media/veracrypt6/projects/autofids/data/OASIS/deriv/features/afid-09_sub-0010_desc-coarse_features.npy
    jobid: 11
    wildcards: afid_num=09, subject=0010, train_level=coarse

[Sun Jul 26 18:28:34 2020]
Finished job 53.
65 of 193 steps (34%) done

[Sun Jul 26 18:28:34 2020]
rule featureExtract:
    input: /media/veracrypt6/projects/autofids/data/OASIS/bids/sub-0010/anat/sub-0010_T1w.nii.gz, /media/veracrypt6/projects/autofids/data/OASIS/deriv/afids/sub-0010/anat/sub-0010_space-T1w_afids.fcsv
    output: /media/veracrypt6/projects/autofids/data/OASIS/deriv/features/afid-23_sub-0010_desc-coarse_features.npy
    jobid: 25
    wildcards: afid_num=23, subject=0010, train_level=coarse

[Sun Jul 26 18:28:38 2020]
Finished job 97.
66 of 193 steps (34%) done

[Sun Jul 26 18:28:38 2020]
rule featureExtract:
    input: /media/veracrypt6/projects/autofids/data/OASIS/bids/sub-0010/anat/sub-0010_T1w.nii.gz, /media/veracrypt6/projects/autofids/data/OASIS/deriv/afids/sub-0010/anat/sub-0010_space-T1w_afids.fcsv
    output: /media/veracrypt6/projects/autofids/data/OASIS/deriv/features/afid-06_sub-0010_desc-medium_features.npy
    jobid: 40
    wildcards: afid_num=06, subject=0010, train_level=medium

[Sun Jul 26 18:28:38 2020]
Finished job 67.
67 of 193 steps (35%) done

[Sun Jul 26 18:28:38 2020]
rule featureExtract:
    input: /media/veracrypt6/projects/autofids/data/OASIS/bids/sub-0010/anat/sub-0010_T1w.nii.gz, /media/veracrypt6/projects/autofids/data/OASIS/deriv/afids/sub-0010/anat/sub-0010_space-T1w_afids.fcsv
    output: /media/veracrypt6/projects/autofids/data/OASIS/deriv/features/afid-20_sub-0010_desc-medium_features.npy
    jobid: 54
    wildcards: afid_num=20, subject=0010, train_level=medium

[Sun Jul 26 18:28:38 2020]
Finished job 11.
68 of 193 steps (35%) done

[Sun Jul 26 18:28:38 2020]
rule featureExtract:
    input: /media/veracrypt6/projects/autofids/data/OASIS/bids/sub-0010/anat/sub-0010_T1w.nii.gz, /media/veracrypt6/projects/autofids/data/OASIS/deriv/afids/sub-0010/anat/sub-0010_space-T1w_afids.fcsv
    output: /media/veracrypt6/projects/autofids/data/OASIS/deriv/features/afid-02_sub-0010_desc-fine_features.npy
    jobid: 68
    wildcards: afid_num=02, subject=0010, train_level=fine

[Sun Jul 26 18:28:41 2020]
Finished job 25.
69 of 193 steps (36%) done

[Sun Jul 26 18:28:41 2020]
rule featureExtract:
    input: /media/veracrypt6/projects/autofids/data/OASIS/bids/sub-0010/anat/sub-0010_T1w.nii.gz, /media/veracrypt6/projects/autofids/data/OASIS/deriv/afids/sub-0010/anat/sub-0010_space-T1w_afids.fcsv
    output: /media/veracrypt6/projects/autofids/data/OASIS/deriv/features/afid-32_sub-0010_desc-fine_features.npy
    jobid: 98
    wildcards: afid_num=32, subject=0010, train_level=fine

[Sun Jul 26 18:28:44 2020]
Finished job 54.
70 of 193 steps (36%) done

[Sun Jul 26 18:28:44 2020]
rule featureExtract:
    input: /media/veracrypt6/projects/autofids/data/OASIS/bids/sub-0010/anat/sub-0010_T1w.nii.gz, /media/veracrypt6/projects/autofids/data/OASIS/deriv/afids/sub-0010/anat/sub-0010_space-T1w_afids.fcsv
    output: /media/veracrypt6/projects/autofids/data/OASIS/deriv/features/afid-10_sub-0010_desc-coarse_features.npy
    jobid: 12
    wildcards: afid_num=10, subject=0010, train_level=coarse

[Sun Jul 26 18:28:44 2020]
Finished job 40.
71 of 193 steps (37%) done

[Sun Jul 26 18:28:44 2020]
rule featureExtract:
    input: /media/veracrypt6/projects/autofids/data/OASIS/bids/sub-0010/anat/sub-0010_T1w.nii.gz, /media/veracrypt6/projects/autofids/data/OASIS/deriv/afids/sub-0010/anat/sub-0010_space-T1w_afids.fcsv
    output: /media/veracrypt6/projects/autofids/data/OASIS/deriv/features/afid-24_sub-0010_desc-coarse_features.npy
    jobid: 26
    wildcards: afid_num=24, subject=0010, train_level=coarse

[Sun Jul 26 18:28:44 2020]
Finished job 68.
72 of 193 steps (37%) done

[Sun Jul 26 18:28:44 2020]
rule featureExtract:
    input: /media/veracrypt6/projects/autofids/data/OASIS/bids/sub-0010/anat/sub-0010_T1w.nii.gz, /media/veracrypt6/projects/autofids/data/OASIS/deriv/afids/sub-0010/anat/sub-0010_space-T1w_afids.fcsv
    output: /media/veracrypt6/projects/autofids/data/OASIS/deriv/features/afid-07_sub-0010_desc-medium_features.npy
    jobid: 41
    wildcards: afid_num=07, subject=0010, train_level=medium

[Sun Jul 26 18:28:47 2020]
Finished job 98.
73 of 193 steps (38%) done

[Sun Jul 26 18:28:47 2020]
rule featureExtract:
    input: /media/veracrypt6/projects/autofids/data/OASIS/bids/sub-0010/anat/sub-0010_T1w.nii.gz, /media/veracrypt6/projects/autofids/data/OASIS/deriv/afids/sub-0010/anat/sub-0010_space-T1w_afids.fcsv
    output: /media/veracrypt6/projects/autofids/data/OASIS/deriv/features/afid-21_sub-0010_desc-medium_features.npy
    jobid: 55
    wildcards: afid_num=21, subject=0010, train_level=medium

[Sun Jul 26 18:28:49 2020]
Finished job 12.
74 of 193 steps (38%) done

[Sun Jul 26 18:28:49 2020]
rule featureExtract:
    input: /media/veracrypt6/projects/autofids/data/OASIS/bids/sub-0010/anat/sub-0010_T1w.nii.gz, /media/veracrypt6/projects/autofids/data/OASIS/deriv/afids/sub-0010/anat/sub-0010_space-T1w_afids.fcsv
    output: /media/veracrypt6/projects/autofids/data/OASIS/deriv/features/afid-03_sub-0010_desc-fine_features.npy
    jobid: 69
    wildcards: afid_num=03, subject=0010, train_level=fine

[Sun Jul 26 18:28:51 2020]
Finished job 26.
75 of 193 steps (39%) done

[Sun Jul 26 18:28:51 2020]
rule featureExtract:
    input: /media/veracrypt6/projects/autofids/data/OASIS/bids/sub-0010/anat/sub-0010_T1w.nii.gz, /media/veracrypt6/projects/autofids/data/OASIS/deriv/afids/sub-0010/anat/sub-0010_space-T1w_afids.fcsv
    output: /media/veracrypt6/projects/autofids/data/OASIS/deriv/features/afid-11_sub-0010_desc-coarse_features.npy
    jobid: 13
    wildcards: afid_num=11, subject=0010, train_level=coarse

[Sun Jul 26 18:28:51 2020]
Finished job 41.
76 of 193 steps (39%) done

[Sun Jul 26 18:28:51 2020]
rule featureExtract:
    input: /media/veracrypt6/projects/autofids/data/OASIS/bids/sub-0010/anat/sub-0010_T1w.nii.gz, /media/veracrypt6/projects/autofids/data/OASIS/deriv/afids/sub-0010/anat/sub-0010_space-T1w_afids.fcsv
    output: /media/veracrypt6/projects/autofids/data/OASIS/deriv/features/afid-25_sub-0010_desc-coarse_features.npy
    jobid: 27
    wildcards: afid_num=25, subject=0010, train_level=coarse

[Sun Jul 26 18:28:53 2020]
Finished job 55.
77 of 193 steps (40%) done

[Sun Jul 26 18:28:53 2020]
rule featureExtract:
    input: /media/veracrypt6/projects/autofids/data/OASIS/bids/sub-0010/anat/sub-0010_T1w.nii.gz, /media/veracrypt6/projects/autofids/data/OASIS/deriv/afids/sub-0010/anat/sub-0010_space-T1w_afids.fcsv
    output: /media/veracrypt6/projects/autofids/data/OASIS/deriv/features/afid-08_sub-0010_desc-medium_features.npy
    jobid: 42
    wildcards: afid_num=08, subject=0010, train_level=medium

[Sun Jul 26 18:28:55 2020]
Finished job 69.
78 of 193 steps (40%) done

[Sun Jul 26 18:28:55 2020]
rule featureExtract:
    input: /media/veracrypt6/projects/autofids/data/OASIS/bids/sub-0010/anat/sub-0010_T1w.nii.gz, /media/veracrypt6/projects/autofids/data/OASIS/deriv/afids/sub-0010/anat/sub-0010_space-T1w_afids.fcsv
    output: /media/veracrypt6/projects/autofids/data/OASIS/deriv/features/afid-22_sub-0010_desc-medium_features.npy
    jobid: 56
    wildcards: afid_num=22, subject=0010, train_level=medium

[Sun Jul 26 18:28:57 2020]
Finished job 27.
79 of 193 steps (41%) done

[Sun Jul 26 18:28:57 2020]
rule featureExtract:
    input: /media/veracrypt6/projects/autofids/data/OASIS/bids/sub-0010/anat/sub-0010_T1w.nii.gz, /media/veracrypt6/projects/autofids/data/OASIS/deriv/afids/sub-0010/anat/sub-0010_space-T1w_afids.fcsv
    output: /media/veracrypt6/projects/autofids/data/OASIS/deriv/features/afid-04_sub-0010_desc-fine_features.npy
    jobid: 70
    wildcards: afid_num=04, subject=0010, train_level=fine

[Sun Jul 26 18:28:57 2020]
Finished job 13.
80 of 193 steps (41%) done

[Sun Jul 26 18:28:57 2020]
rule featureExtract:
    input: /media/veracrypt6/projects/autofids/data/OASIS/bids/sub-0010/anat/sub-0010_T1w.nii.gz, /media/veracrypt6/projects/autofids/data/OASIS/deriv/afids/sub-0010/anat/sub-0010_space-T1w_afids.fcsv
    output: /media/veracrypt6/projects/autofids/data/OASIS/deriv/features/afid-12_sub-0010_desc-coarse_features.npy
    jobid: 14
    wildcards: afid_num=12, subject=0010, train_level=coarse

[Sun Jul 26 18:29:00 2020]
Finished job 42.
81 of 193 steps (42%) done

[Sun Jul 26 18:29:00 2020]
rule featureExtract:
    input: /media/veracrypt6/projects/autofids/data/OASIS/bids/sub-0010/anat/sub-0010_T1w.nii.gz, /media/veracrypt6/projects/autofids/data/OASIS/deriv/afids/sub-0010/anat/sub-0010_space-T1w_afids.fcsv
    output: /media/veracrypt6/projects/autofids/data/OASIS/deriv/features/afid-26_sub-0010_desc-coarse_features.npy
    jobid: 28
    wildcards: afid_num=26, subject=0010, train_level=coarse

[Sun Jul 26 18:29:02 2020]
Finished job 56.
82 of 193 steps (42%) done

[Sun Jul 26 18:29:02 2020]
rule featureExtract:
    input: /media/veracrypt6/projects/autofids/data/OASIS/bids/sub-0010/anat/sub-0010_T1w.nii.gz, /media/veracrypt6/projects/autofids/data/OASIS/deriv/afids/sub-0010/anat/sub-0010_space-T1w_afids.fcsv
    output: /media/veracrypt6/projects/autofids/data/OASIS/deriv/features/afid-09_sub-0010_desc-medium_features.npy
    jobid: 43
    wildcards: afid_num=09, subject=0010, train_level=medium

Terminating processes on user request, this might take some time.
[Sun Jul 26 18:29:03 2020]
Error in rule align_mni_rigid:
    jobid: 1
    output: /media/veracrypt6/projects/autofids/data/OASIS/deriv/mni_space/sub-0010/anat/sub-0010_space-MNI152NLin2009cAsym_T1w.nii.gz, /media/veracrypt6/projects/autofids/data/OASIS/deriv/mni_space/sub-0010/anat/sub-0010_space-MNI152NLin2009cAsym_xfm.mat, /media/veracrypt6/projects/autofids/data/OASIS/deriv/mni_space/sub-0010/anat/sub-0010_space-MNI152NLin2009cAsym_desc-ras_xfm.txt, /media/veracrypt6/projects/autofids/data/OASIS/deriv/mni_space/sub-0010/anat/sub-0010_space-MNI152NLin2009cAsym_desc-ras_xfm.tfm
    shell:
        flirt -in /media/veracrypt6/projects/autofids/data/OASIS/bids/sub-0010/anat/sub-0010_T1w.nii.gz -ref resources/mni_icbm152_t1_tal_nlin_asym_09c.nii.gz -out /media/veracrypt6/projects/autofids/data/OASIS/deriv/mni_space/sub-0010/anat/sub-0010_space-MNI152NLin2009cAsym_T1w.nii.gz -omat /media/veracrypt6/projects/autofids/data/OASIS/deriv/mni_space/sub-0010/anat/sub-0010_space-MNI152NLin2009cAsym_xfm.mat -dof 6 -coarsesearch 60 -finesearch 18 -cost mutualinfo -interp sinc &&         resources/c3d_affine_tool -ref /media/veracrypt6/projects/autofids/data/OASIS/deriv/mni_space/sub-0010/anat/sub-0010_space-MNI152NLin2009cAsym_T1w.nii.gz -src /media/veracrypt6/projects/autofids/data/OASIS/bids/sub-0010/anat/sub-0010_T1w.nii.gz /media/veracrypt6/projects/autofids/data/OASIS/deriv/mni_space/sub-0010/anat/sub-0010_space-MNI152NLin2009cAsym_xfm.mat -fsl2ras -o /media/veracrypt6/projects/autofids/data/OASIS/deriv/mni_space/sub-0010/anat/sub-0010_space-MNI152NLin2009cAsym_desc-ras_xfm.txt &&         resources/c3d_affine_tool -ref /media/veracrypt6/projects/autofids/data/OASIS/deriv/mni_space/sub-0010/anat/sub-0010_space-MNI152NLin2009cAsym_T1w.nii.gz -src /media/veracrypt6/projects/autofids/data/OASIS/bids/sub-0010/anat/sub-0010_T1w.nii.gz /media/veracrypt6/projects/autofids/data/OASIS/deriv/mni_space/sub-0010/anat/sub-0010_space-MNI152NLin2009cAsym_xfm.mat -fsl2ras -oitk /media/veracrypt6/projects/autofids/data/OASIS/deriv/mni_space/sub-0010/anat/sub-0010_space-MNI152NLin2009cAsym_desc-ras_xfm.tfm
        (one of the commands exited with non-zero exit code; note that snakemake uses bash strict mode!)

[Sun Jul 26 18:29:03 2020]
Error in rule featureExtract:
    jobid: 14
    output: /media/veracrypt6/projects/autofids/data/OASIS/deriv/features/afid-12_sub-0010_desc-coarse_features.npy

RuleException:
CalledProcessError in line 12 of /home/greydon/Documents/GitHub/Auto-afids/workflow/rules/modelTraining.smk:
Command 'set -euo pipefail;  /usr/bin/python3 /home/greydon/Documents/GitHub/Auto-afids/.snakemake/scripts/tmpumh8l1l4.data_store.py' died with <Signals.SIGINT: 2>.
  File "/home/greydon/.local/lib/python3.8/site-packages/snakemake/executors/__init__.py", line 2168, in run_wrapper
  File "/home/greydon/Documents/GitHub/Auto-afids/workflow/rules/modelTraining.smk", line 12, in __rule_featureExtract
  File "/home/greydon/.local/lib/python3.8/site-packages/snakemake/executors/__init__.py", line 529, in _callback
  File "/usr/lib/python3.8/concurrent/futures/thread.py", line 57, in run
  File "/home/greydon/.local/lib/python3.8/site-packages/snakemake/executors/__init__.py", line 515, in cached_or_run
  File "/home/greydon/.local/lib/python3.8/site-packages/snakemake/executors/__init__.py", line 2199, in run_wrapper
[Sun Jul 26 18:29:03 2020]
Error in rule featureExtract:
    jobid: 70
    output: /media/veracrypt6/projects/autofids/data/OASIS/deriv/features/afid-04_sub-0010_desc-fine_features.npy

RuleException:
CalledProcessError in line 12 of /home/greydon/Documents/GitHub/Auto-afids/workflow/rules/modelTraining.smk:
Command 'set -euo pipefail;  /usr/bin/python3 /home/greydon/Documents/GitHub/Auto-afids/.snakemake/scripts/tmpzq_q89ug.data_store.py' died with <Signals.SIGINT: 2>.
  File "/home/greydon/.local/lib/python3.8/site-packages/snakemake/executors/__init__.py", line 2168, in run_wrapper
  File "/home/greydon/Documents/GitHub/Auto-afids/workflow/rules/modelTraining.smk", line 12, in __rule_featureExtract
  File "/home/greydon/.local/lib/python3.8/site-packages/snakemake/executors/__init__.py", line 529, in _callback
  File "/usr/lib/python3.8/concurrent/futures/thread.py", line 57, in run
  File "/home/greydon/.local/lib/python3.8/site-packages/snakemake/executors/__init__.py", line 515, in cached_or_run
  File "/home/greydon/.local/lib/python3.8/site-packages/snakemake/executors/__init__.py", line 2199, in run_wrapper
[Sun Jul 26 18:29:03 2020]
Error in rule featureExtract:
    jobid: 43
    output: /media/veracrypt6/projects/autofids/data/OASIS/deriv/features/afid-09_sub-0010_desc-medium_features.npy

RuleException:
CalledProcessError in line 12 of /home/greydon/Documents/GitHub/Auto-afids/workflow/rules/modelTraining.smk:
Command 'set -euo pipefail;  /usr/bin/python3 /home/greydon/Documents/GitHub/Auto-afids/.snakemake/scripts/tmpfedqrq3o.data_store.py' died with <Signals.SIGINT: 2>.
  File "/home/greydon/.local/lib/python3.8/site-packages/snakemake/executors/__init__.py", line 2168, in run_wrapper
  File "/home/greydon/Documents/GitHub/Auto-afids/workflow/rules/modelTraining.smk", line 12, in __rule_featureExtract
  File "/home/greydon/.local/lib/python3.8/site-packages/snakemake/executors/__init__.py", line 529, in _callback
  File "/usr/lib/python3.8/concurrent/futures/thread.py", line 57, in run
  File "/home/greydon/.local/lib/python3.8/site-packages/snakemake/executors/__init__.py", line 515, in cached_or_run
  File "/home/greydon/.local/lib/python3.8/site-packages/snakemake/executors/__init__.py", line 2199, in run_wrapper
[Sun Jul 26 18:29:03 2020]
Error in rule featureExtract:
    jobid: 28
    output: /media/veracrypt6/projects/autofids/data/OASIS/deriv/features/afid-26_sub-0010_desc-coarse_features.npy

RuleException:
CalledProcessError in line 12 of /home/greydon/Documents/GitHub/Auto-afids/workflow/rules/modelTraining.smk:
Command 'set -euo pipefail;  /usr/bin/python3 /home/greydon/Documents/GitHub/Auto-afids/.snakemake/scripts/tmptmja_ao6.data_store.py' died with <Signals.SIGINT: 2>.
  File "/home/greydon/.local/lib/python3.8/site-packages/snakemake/executors/__init__.py", line 2168, in run_wrapper
  File "/home/greydon/Documents/GitHub/Auto-afids/workflow/rules/modelTraining.smk", line 12, in __rule_featureExtract
  File "/home/greydon/.local/lib/python3.8/site-packages/snakemake/executors/__init__.py", line 529, in _callback
  File "/usr/lib/python3.8/concurrent/futures/thread.py", line 57, in run
  File "/home/greydon/.local/lib/python3.8/site-packages/snakemake/executors/__init__.py", line 515, in cached_or_run
  File "/home/greydon/.local/lib/python3.8/site-packages/snakemake/executors/__init__.py", line 2199, in run_wrapper
Complete log: /home/greydon/Documents/GitHub/Auto-afids/.snakemake/log/2020-07-26T182650.243718.snakemake.log
