Building DAG of jobs...
MissingInputException in line 57 of /home/greydon/Documents/GitHub/Auto-afids/workflow/Snakefile:
Missing input files for rule all:
/media/veracrypt6/projects/autofids/data/OASIS/deriv/features/afid-15_sub-0086_desc-medium_features.npy
/media/veracrypt6/projects/autofids/data/OASIS/deriv/features/afid-23_sub-0086_desc-fine_features.npy
/media/veracrypt6/projects/autofids/data/OASIS/deriv/features/afid-15_sub-0086_desc-fine_features.npy
/media/veracrypt6/projects/autofids/data/OASIS/deriv/features/afid-17_sub-0086_desc-fine_features.npy
/media/veracrypt6/projects/autofids/data/OASIS/deriv/features/afid-09_sub-0086_desc-medium_features.npy
/media/veracrypt6/projects/autofids/data/OASIS/deriv/features/afid-16_sub-0086_desc-medium_features.npy
/media/veracrypt6/projects/autofids/data/OASIS/deriv/features/afid-32_sub-0086_desc-medium_features.npy
/media/veracrypt6/projects/autofids/data/OASIS/deriv/features/afid-03_sub-0086_desc-fine_features.npy
/media/veracrypt6/projects/autofids/data/OASIS/deriv/features/afid-18_sub-0086_desc-fine_features.npy
/media/veracrypt6/projects/autofids/data/OASIS/deriv/features/afid-20_sub-0086_desc-fine_features.npy
/media/veracrypt6/projects/autofids/data/OASIS/deriv/features/afid-23_sub-0086_desc-medium_features.npy
/media/veracrypt6/projects/autofids/data/OASIS/deriv/features/afid-04_sub-0086_desc-fine_features.npy
/media/veracrypt6/projects/autofids/data/OASIS/deriv/features/afid-31_sub-0086_desc-medium_features.npy
/media/veracrypt6/projects/autofids/data/OASIS/deriv/features/afid-18_sub-0086_desc-medium_features.npy
/media/veracrypt6/projects/autofids/data/OASIS/deriv/features/afid-25_sub-0086_desc-fine_features.npy
/media/veracrypt6/projects/autofids/data/OASIS/deriv/features/afid-19_sub-0086_desc-fine_features.npy
/media/veracrypt6/projects/autofids/data/OASIS/deriv/features/afid-03_sub-0086_desc-medium_features.npy
/media/veracrypt6/projects/autofids/data/OASIS/deriv/features/afid-06_sub-0086_desc-medium_features.npy
/media/veracrypt6/projects/autofids/data/OASIS/deriv/features/afid-26_sub-0086_desc-medium_features.npy
/media/veracrypt6/projects/autofids/data/OASIS/deriv/features/afid-05_sub-0086_desc-fine_features.npy
/media/veracrypt6/projects/autofids/data/OASIS/deriv/features/afid-11_sub-0086_desc-fine_features.npy
/media/veracrypt6/projects/autofids/data/OASIS/deriv/features/afid-21_sub-0086_desc-fine_features.npy
/media/veracrypt6/projects/autofids/data/OASIS/deriv/features/afid-27_sub-0086_desc-fine_features.npy
/media/veracrypt6/projects/autofids/data/OASIS/deriv/features/afid-29_sub-0086_desc-fine_features.npy
/media/veracrypt6/projects/autofids/data/OASIS/deriv/features/afid-06_sub-0086_desc-fine_features.npy
/media/veracrypt6/projects/autofids/data/OASIS/deriv/features/afid-16_sub-0086_desc-fine_features.npy
/media/veracrypt6/projects/autofids/data/OASIS/deriv/features/afid-07_sub-0086_desc-fine_features.npy
/media/veracrypt6/projects/autofids/data/OASIS/deriv/features/afid-02_sub-0086_desc-medium_features.npy
/media/veracrypt6/projects/autofids/data/OASIS/deriv/features/afid-22_sub-0086_desc-fine_features.npy
/media/veracrypt6/projects/autofids/data/OASIS/deriv/features/afid-30_sub-0086_desc-fine_features.npy
/media/veracrypt6/projects/autofids/data/OASIS/deriv/features/afid-13_sub-0086_desc-medium_features.npy
/media/veracrypt6/projects/autofids/data/OASIS/deriv/features/afid-25_sub-0086_desc-medium_features.npy
/media/veracrypt6/projects/autofids/data/OASIS/deriv/features/afid-05_sub-0086_desc-medium_features.npy
/media/veracrypt6/projects/autofids/data/OASIS/deriv/features/afid-24_sub-0086_desc-fine_features.npy
/media/veracrypt6/projects/autofids/data/OASIS/deriv/features/afid-07_sub-0086_desc-medium_features.npy
/media/veracrypt6/projects/autofids/data/OASIS/deriv/features/afid-27_sub-0086_desc-medium_features.npy
/media/veracrypt6/projects/autofids/data/OASIS/deriv/features/afid-02_sub-0086_desc-fine_features.npy
/media/veracrypt6/projects/autofids/data/OASIS/deriv/features/afid-29_sub-0086_desc-medium_features.npy
/media/veracrypt6/projects/autofids/data/OASIS/deriv/features/afid-28_sub-0086_desc-medium_features.npy
/media/veracrypt6/projects/autofids/data/OASIS/deriv/features/afid-32_sub-0086_desc-fine_features.npy
/media/veracrypt6/projects/autofids/data/OASIS/deriv/features/afid-01_sub-0086_desc-fine_features.npy
/media/veracrypt6/projects/autofids/data/OASIS/deriv/features/afid-13_sub-0086_desc-fine_features.npy
/media/veracrypt6/projects/autofids/data/OASIS/deriv/features/afid-10_sub-0086_desc-medium_features.npy
/media/veracrypt6/projects/autofids/data/OASIS/deriv/features/afid-20_sub-0086_desc-medium_features.npy
/media/veracrypt6/projects/autofids/data/OASIS/deriv/features/afid-24_sub-0086_desc-medium_features.npy
/media/veracrypt6/projects/autofids/data/OASIS/deriv/features/afid-14_sub-0086_desc-medium_features.npy
/media/veracrypt6/projects/autofids/data/OASIS/deriv/features/afid-14_sub-0086_desc-fine_features.npy
/media/veracrypt6/projects/autofids/data/OASIS/deriv/features/afid-26_sub-0086_desc-fine_features.npy
/media/veracrypt6/projects/autofids/data/OASIS/deriv/features/afid-19_sub-0086_desc-medium_features.npy
/media/veracrypt6/projects/autofids/data/OASIS/deriv/features/afid-12_sub-0086_desc-medium_features.npy
/media/veracrypt6/projects/autofids/data/OASIS/deriv/features/afid-21_sub-0086_desc-medium_features.npy
/media/veracrypt6/projects/autofids/data/OASIS/deriv/features/afid-10_sub-0086_desc-fine_features.npy
/media/veracrypt6/projects/autofids/data/OASIS/deriv/features/afid-08_sub-0086_desc-fine_features.npy
/media/veracrypt6/projects/autofids/data/OASIS/deriv/features/afid-31_sub-0086_desc-fine_features.npy
/media/veracrypt6/projects/autofids/data/OASIS/deriv/features/afid-09_sub-0086_desc-fine_features.npy
/media/veracrypt6/projects/autofids/data/OASIS/deriv/features/afid-04_sub-0086_desc-medium_features.npy
/media/veracrypt6/projects/autofids/data/OASIS/deriv/features/afid-17_sub-0086_desc-medium_features.npy
/media/veracrypt6/projects/autofids/data/OASIS/deriv/features/afid-22_sub-0086_desc-medium_features.npy
/media/veracrypt6/projects/autofids/data/OASIS/deriv/features/afid-11_sub-0086_desc-medium_features.npy
/media/veracrypt6/projects/autofids/data/OASIS/deriv/features/afid-30_sub-0086_desc-medium_features.npy
/media/veracrypt6/projects/autofids/data/OASIS/deriv/features/afid-28_sub-0086_desc-fine_features.npy
/media/veracrypt6/projects/autofids/data/OASIS/deriv/features/afid-08_sub-0086_desc-medium_features.npy
/media/veracrypt6/projects/autofids/data/OASIS/deriv/features/afid-12_sub-0086_desc-fine_features.npy
/media/veracrypt6/projects/autofids/data/OASIS/deriv/features/afid-01_sub-0086_desc-medium_features.npy
